Log file open, 11/28/17 21:45:57
LogWindows: Failed to load 'aqProf.dll' (GetLastError=126)
LogWindows: File 'aqProf.dll' does not exist
LogWindows: Failed to load 'VSPerf140.dll' (GetLastError=126)
LogWindows: File 'VSPerf140.dll' does not exist
LogWindows: Failed to load 'VtuneApi.dll' (GetLastError=126)
LogWindows: File 'VtuneApi.dll' does not exist
LogWindows: Failed to load 'VtuneApi32e.dll' (GetLastError=126)
LogWindows: File 'VtuneApi32e.dll' does not exist
LogInit: Display: Running engine for game: Background_Char_M_1
LogPlatformFile: Not using cached read wrapper
LogInit: Display: RandInit(653356552) SRandInit(653356552).
LogTaskGraph: Started task graph with 5 named threads and 8 total threads with 3 sets of task threads.
LogStats: Stats thread started at 0.127866
LogD3D11RHI: Aftermath initialized
LogPluginManager: Mounting plugin Paper2D
LogPluginManager: Mounting plugin LightPropagationVolume
LogPluginManager: Mounting plugin CodeLiteSourceCodeAccess
LogPluginManager: Mounting plugin GitSourceControl
LogPluginManager: Mounting plugin KDevelopSourceCodeAccess
LogPluginManager: Mounting plugin NullSourceCodeAccess
LogPluginManager: Mounting plugin PerforceSourceControl
LogPluginManager: Mounting plugin SubversionSourceControl
LogPluginManager: Mounting plugin UObjectPlugin
LogPluginManager: Mounting plugin VisualStudioSourceCodeAccess
LogPluginManager: Mounting plugin XCodeSourceCodeAccess
LogPluginManager: Mounting plugin AssetManagerEditor
LogPluginManager: Mounting plugin AudioCapture
LogPluginManager: Mounting plugin FacialAnimation
LogPluginManager: Mounting plugin GameplayTagsEditor
LogPluginManager: Mounting plugin MobileLauncherProfileWizard
LogPluginManager: Mounting plugin PluginBrowser
LogPluginManager: Mounting plugin SpeedTreeImporter
LogPluginManager: Mounting plugin AlembicImporter
LogPluginManager: Mounting plugin CharacterAI
LogPluginManager: Mounting plugin HTML5Networking
LogPluginManager: Mounting plugin LowEntryExtStdLib
LogPluginManager: Mounting plugin AndroidMedia
LogPluginManager: Mounting plugin AvfMedia
LogPluginManager: Mounting plugin MediaPlayerEditor
LogPluginManager: Mounting plugin WmfMedia
LogPluginManager: Mounting plugin TcpMessaging
LogPluginManager: Mounting plugin UdpMessaging
LogPluginManager: Mounting plugin LevelSequenceEditor
LogPluginManager: Mounting plugin MatineeToLevelSequence
LogPluginManager: Mounting plugin OnlineSubsystemGooglePlay
LogPluginManager: Mounting plugin OnlineSubsystemIOS
LogPluginManager: Mounting plugin OnlineSubsystem
LogPluginManager: Mounting plugin OnlineSubsystemNull
LogPluginManager: Mounting plugin OnlineSubsystemUtils
LogPluginManager: Mounting plugin AndroidDeviceProfileSelector
LogPluginManager: Mounting plugin AndroidMoviePlayer
LogPluginManager: Mounting plugin AndroidPermission
LogPluginManager: Mounting plugin AppleMoviePlayer
LogPluginManager: Mounting plugin ArchVisCharacter
LogPluginManager: Mounting plugin CableComponent
LogPluginManager: Mounting plugin CustomMeshComponent
LogPluginManager: Mounting plugin ExampleDeviceProfileSelector
LogPluginManager: Mounting plugin GoogleCloudMessaging
LogPluginManager: Mounting plugin ImmediatePhysics
LogPluginManager: Mounting plugin IOSDeviceProfileSelector
LogPluginManager: Mounting plugin LinuxDeviceProfileSelector
LogPluginManager: Mounting plugin LocationServicesBPLibrary
LogPluginManager: Mounting plugin MobilePatchingUtils
LogPluginManager: Mounting plugin OculusVR
LogPluginManager: Mounting plugin PhysXVehicles
LogPluginManager: Mounting plugin ProceduralMeshComponent
LogPluginManager: Mounting plugin RuntimePhysXCooking
LogPluginManager: Mounting plugin SteamVR
LogPluginManager: Mounting plugin WindowsMoviePlayer
LogInit: Using libcurl 7.47.1
LogInit:  - built for x86_64-pc-win32
LogInit:  - supports SSL with OpenSSL/1.0.2g
LogInit:  - supports HTTP deflate (compression) using libz 1.2.8
LogInit:  - other features:
LogInit:      CURL_VERSION_SSL
LogInit:      CURL_VERSION_LIBZ
LogInit:      CURL_VERSION_IPV6
LogInit:      CURL_VERSION_ASYNCHDNS
LogInit:      CURL_VERSION_LARGEFILE
LogInit:      CURL_VERSION_IDN
LogInit:  CurlRequestOptions (configurable via config and command line):
LogInit:  - bVerifyPeer = false  - Libcurl will NOT verify peer certificate
LogInit:  - bUseHttpProxy = false  - Libcurl will NOT use HTTP proxy
LogInit:  - bDontReuseConnections = false  - Libcurl will reuse connections
LogInit:  - CertBundlePath = nullptr  - Libcurl will use whatever was configured at build time.
LogInit: Build: ++UE4+Release-4.17-CL-3658906
LogInit: Engine Version: 4.17.2-3658906+++UE4+Release-4.17
LogInit: Compatible Engine Version: 4.17.0-3573198+++UE4+Release-4.17
LogInit: Net CL: 3573198
LogDevObjectVersion: Number of dev versions registered: 16
LogDevObjectVersion:   Dev-Blueprints (B0D832E4-1F89-4F0D-ACCF-7EB736FD4AA2): 10
LogDevObjectVersion:   Dev-Build (E1C64328-A22C-4D53-A36C-8E866417BD8C): 0
LogDevObjectVersion:   Dev-Core (375EC13C-06E4-48FB-B500-84F0262A717E): 2
LogDevObjectVersion:   Dev-Editor (E4B068ED-F494-42E9-A231-DA0B2E46BB41): 20
LogDevObjectVersion:   Dev-Framework (CFFC743F-43B0-4480-9391-14DF171D2073): 28
LogDevObjectVersion:   Dev-Mobile (B02B49B5-BB20-44E9-A304-32B752E40360): 0
LogDevObjectVersion:   Dev-Networking (A4E4105C-59A1-49B5-A7C5-40C4547EDFEE): 0
LogDevObjectVersion:   Dev-Online (39C831C9-5AE6-47DC-9A44-9C173E1C8E7C): 0
LogDevObjectVersion:   Dev-Physics (78F01B33-EBEA-4F98-B9B4-84EACCB95AA2): 0
LogDevObjectVersion:   Dev-Platform (6631380F-2D4D-43E0-8009-CF276956A95A): 0
LogDevObjectVersion:   Dev-Rendering (12F88B9F-8875-4AFC-A67C-D90C383ABD29): 19
LogDevObjectVersion:   Dev-Sequencer (7B5AE74C-D270-4C10-A958-57980B212A5A): 4
LogDevObjectVersion:   Dev-VR (D7296918-1DD6-4BDD-9DE2-64A83CC13884): 0
LogDevObjectVersion:   Dev-LoadTimes (C2A15278-BFE7-4AFE-6C17-90FF531DF755): 1
LogDevObjectVersion:   Private-Geometry (6EACA3D4-40EC-4CC1-B786-8BED09428FC5): 1
LogDevObjectVersion:   Dev-AnimPhys (29E575DD-E0A3-4627-9D10-D276232CDCEA): 7
LogInit: Compiled (64-bit): Sep 22 2017 13:47:16
LogInit: Compiled with Visual C++: 19.00.24215.01
LogInit: Build Configuration: Development
LogInit: Branch Name: ++UE4+Release-4.17
LogInit: Command line:  
LogInit: Base directory: C:/Program Files/Epic Games/UE_4.17/Engine/Binaries/Win64/
LogInit: Installed Engine Build: 1
LogInit: Presizing for max 8388607 objects, including 0 objects not considered by GC, pre-allocating 0 bytes for permanent pool.
LogInit: Object subsystem initialized
[2017.11.29-04.45.58:741][  0]LogInit: Selected Device Profile: [Windows]
[2017.11.29-04.45.58:741][  0]LogInit: Applying CVar settings loaded from the selected device profile: [Windows]
[2017.11.29-04.45.58:773][  0]LogInit: Computer: LAPTOP-59HO4QPN
[2017.11.29-04.45.58:773][  0]LogInit: User: Reaper
[2017.11.29-04.45.58:773][  0]LogInit: CPU Page size=4096, Cores=2
[2017.11.29-04.45.58:773][  0]LogInit: High frequency timer resolution =2.343749 MHz
[2017.11.29-04.45.58:773][  0]LogMemory: Memory total: Physical=7.9GB (8GB approx)
[2017.11.29-04.45.58:773][  0]LogMemory: Platform Memory Stats for Windows
[2017.11.29-04.45.58:773][  0]LogMemory: Process Physical Memory: 277.79 MB used, 277.79 MB peak
[2017.11.29-04.45.58:773][  0]LogMemory: Process Virtual Memory: 275.80 MB used, 275.80 MB peak
[2017.11.29-04.45.58:773][  0]LogMemory: Physical Memory: 3438.93 MB used,  4642.97 MB free, 8081.91 MB total
[2017.11.29-04.45.58:773][  0]LogMemory: Virtual Memory: 666.70 MB used,  4642.97 MB free, 134217728.00 MB total
[2017.11.29-04.45.58:976][  0]LogInit: Using OS detected language (en-US).
[2017.11.29-04.45.58:976][  0]LogInit: Using OS detected locale (en-US).
[2017.11.29-04.45.58:979][  0]LogTextLocalizationManager: No specific localization for 'en-US' exists, so the 'en' localization will be used.
[2017.11.29-04.45.59:845][  0]LogD3D11RHI: D3D11 adapters:
[2017.11.29-04.45.59:855][  0]LogD3D11RHI:    0. 'Intel(R) HD Graphics 520' (Feature Level 11_0)
[2017.11.29-04.45.59:855][  0]LogD3D11RHI:       128/0/4040 MB DedicatedVideo/DedicatedSystem/SharedSystem, Outputs:1, VendorId:0x8086
[2017.11.29-04.45.59:856][  0]LogD3D11RHI:    1. 'Microsoft Basic Render Driver' (Feature Level 11_0)
[2017.11.29-04.45.59:856][  0]LogD3D11RHI:       0/0/4040 MB DedicatedVideo/DedicatedSystem/SharedSystem, Outputs:0, VendorId:0x1414
[2017.11.29-04.45.59:856][  0]LogD3D11RHI: Chosen D3D11 Adapter: 0
[2017.11.29-04.45.59:864][  0]LogD3D11RHI: Creating new Direct3DDevice
[2017.11.29-04.45.59:864][  0]LogD3D11RHI:     GPU DeviceId: 0x1916 (for the marketing name, search the web for "GPU Device Id")
[2017.11.29-04.45.59:864][  0]LogWindows: EnumDisplayDevices:
[2017.11.29-04.45.59:864][  0]LogWindows:    0. 'Intel(R) HD Graphics 520' (P:1 D:1)
[2017.11.29-04.45.59:864][  0]LogWindows:    1. 'Intel(R) HD Graphics 520' (P:0 D:0)
[2017.11.29-04.45.59:864][  0]LogWindows:    2. 'Intel(R) HD Graphics 520' (P:0 D:0)
[2017.11.29-04.45.59:864][  0]LogWindows: DebugString: FoundDriverCount:3 
[2017.11.29-04.45.59:864][  0]LogD3D11RHI:     Adapter Name: Intel(R) HD Graphics 520
[2017.11.29-04.45.59:864][  0]LogD3D11RHI:   Driver Version: 22.20.16.4749 (internal:22.20.16.4749, unified:22.20.16.4749)
[2017.11.29-04.45.59:864][  0]LogD3D11RHI:      Driver Date: 7-24-2017
[2017.11.29-04.45.59:864][  0]LogRHI: Texture pool is 1361 MB (70% of 1945 MB)
[2017.11.29-04.45.59:871][  0]LogD3D11RHI: Async texture creation enabled
[2017.11.29-04.45.59:879][  0]LogD3D11RHI: GPU Timing Frequency: 12.000000 (Debug: 2 0)
[2017.11.29-04.45.59:880][  0]LogShaderCompilers: Guid format shader working directory is -30 characters bigger than the processId version (../../../../../../Users/Reaper/Documents/Unreal Projects/Background_Char_M_1/Intermediate/Shaders/WorkingDirectory/11960/).
[2017.11.29-04.45.59:880][  0]LogShaderCompilers: Cleaned the shader compiler working directory 'C:/Users/Reaper/AppData/Local/Temp/UnrealShaderWorkingDir/26CC599249155061CDCB2093A09FA173/'.
[2017.11.29-04.45.59:880][  0]LogShaderCompilers: Display: Using Local Shader Compiler.
[2017.11.29-04.46.01:045][  0]LogTemp: Display: Loaded TP AllDesktopTargetPlatform
[2017.11.29-04.46.01:108][  0]LogTemp: Display: Loaded TP MacClientTargetPlatform
[2017.11.29-04.46.01:168][  0]LogTemp: Display: Loaded TP MacNoEditorTargetPlatform
[2017.11.29-04.46.01:227][  0]LogTemp: Display: Loaded TP MacServerTargetPlatform
[2017.11.29-04.46.01:289][  0]LogTemp: Display: Loaded TP MacTargetPlatform
[2017.11.29-04.46.01:355][  0]LogTemp: Display: Loaded TP WindowsClientTargetPlatform
[2017.11.29-04.46.01:415][  0]LogTemp: Display: Loaded TP WindowsNoEditorTargetPlatform
[2017.11.29-04.46.01:474][  0]LogTemp: Display: Loaded TP WindowsServerTargetPlatform
[2017.11.29-04.46.01:526][  0]LogTemp: Display: Loaded TP WindowsTargetPlatform
[2017.11.29-04.46.01:588][  0]LogTemp: Display: Loaded TP AndroidTargetPlatform
[2017.11.29-04.46.01:651][  0]LogTemp: Display: Loaded TP Android_ASTCTargetPlatform
[2017.11.29-04.46.01:713][  0]LogTemp: Display: Loaded TP Android_ATCTargetPlatform
[2017.11.29-04.46.01:769][  0]LogTemp: Display: Loaded TP Android_DXTTargetPlatform
[2017.11.29-04.46.01:828][  0]LogTemp: Display: Loaded TP Android_ETC1TargetPlatform
[2017.11.29-04.46.01:886][  0]LogTemp: Display: Loaded TP Android_ETC2TargetPlatform
[2017.11.29-04.46.01:999][  0]LogTemp: Display: Loaded TP Android_MultiTargetPlatform
[2017.11.29-04.46.02:000][  0]LogTemp: Display: Loaded TP Android_PVRTCTargetPlatform
[2017.11.29-04.46.02:045][  0]LogTemp: Display: Loaded TP HTML5TargetPlatform
[2017.11.29-04.46.02:156][  0]LogTemp: Display: Loaded TP IOSTargetPlatform
[2017.11.29-04.46.02:191][  0]LogTemp: Display: Loaded TP TVOSTargetPlatform
[2017.11.29-04.46.02:248][  0]LogTemp: Display: Loaded TP LinuxClientTargetPlatform
[2017.11.29-04.46.02:306][  0]LogTemp: Display: Loaded TP LinuxNoEditorTargetPlatform
[2017.11.29-04.46.02:366][  0]LogTemp: Display: Loaded TP LinuxServerTargetPlatform
[2017.11.29-04.46.02:423][  0]LogTemp: Display: Loaded TP LinuxTargetPlatform
[2017.11.29-04.46.02:423][  0]LogTargetPlatformManager: Display: Building Assets For Windows
[2017.11.29-04.46.03:036][  0]LogDerivedDataCache: Display: Max Cache Size: 512 MB
[2017.11.29-04.46.03:151][  0]LogDerivedDataCache: Loaded boot cache 0.12s 93MB C:/Users/Reaper/AppData/Local/UnrealEngine/4.17/DerivedDataCache/Boot.ddc.
[2017.11.29-04.46.03:151][  0]LogDerivedDataCache: Display: Loaded Boot cache: C:/Users/Reaper/AppData/Local/UnrealEngine/4.17/DerivedDataCache/Boot.ddc
[2017.11.29-04.46.03:151][  0]LogDerivedDataCache: FDerivedDataBackendGraph:  Pak pak cache file ../../../../../../Users/Reaper/Documents/Unreal Projects/Background_Char_M_1/DerivedDataCache/DDC.ddp not found, will not use a pak cache.
[2017.11.29-04.46.03:151][  0]LogDerivedDataCache: Unable to find inner node Pak for hierarchical cache Hierarchy.
[2017.11.29-04.46.03:151][  0]LogDerivedDataCache: FDerivedDataBackendGraph:  CompressedPak pak cache file ../../../../../../Users/Reaper/Documents/Unreal Projects/Background_Char_M_1/DerivedDataCache/Compressed.ddp not found, will not use a pak cache.
[2017.11.29-04.46.03:152][  0]LogDerivedDataCache: Unable to find inner node CompressedPak for hierarchical cache Hierarchy.
[2017.11.29-04.46.03:172][  0]LogDerivedDataCache: Display: Pak cache opened for reading ../../../Engine/DerivedDataCache/Compressed.ddp.
[2017.11.29-04.46.03:187][  0]LogDerivedDataCache: Using Local data cache path C:/Users/Reaper/AppData/Local/UnrealEngine/Common/DerivedDataCache: Writable
[2017.11.29-04.46.03:200][  0]LogMaterial: Verifying Global Shaders for PCD3D_SM5
[2017.11.29-04.46.03:200][  0]LogSlate: Using Freetype 2.6.0
[2017.11.29-04.46.03:201][  0]LogSlate: SlateFontCache - WITH_FREETYPE: 1, WITH_HARFBUZZ: 1
[2017.11.29-04.46.03:201][  0]LogSlate: SlateFontCache - WITH_FREETYPE: 1, WITH_HARFBUZZ: 1
[2017.11.29-04.46.03:507][  0]LogAssetRegistry: FAssetRegistry took 0.0271 seconds to start up
[2017.11.29-04.46.03:686][  0]LogInit: Selected Device Profile: [Windows]
[2017.11.29-04.46.03:870][  0]LogContentStreaming: Texture pool size is 0.00 MB
[2017.11.29-04.46.04:225][  0]LogSimplygon: Simplygon DLL not present - disabling.
[2017.11.29-04.46.04:274][  0]LogMeshReduction: Using SimplygonSwarm for distributed automatic mesh merging
[2017.11.29-04.46.04:274][  0]LogMeshReduction: Using QuadricMeshReduction for automatic static mesh reduction
[2017.11.29-04.46.04:274][  0]LogMeshReduction: No automatic skeletal mesh reduction module available
[2017.11.29-04.46.04:274][  0]LogMeshReduction: No automatic mesh merging module available
[2017.11.29-04.46.04:274][  0]LogMeshMerging: No automatic mesh merging module available
[2017.11.29-04.46.04:729][  0]LogNetVersion: Background_Char_M_1 , NetCL: 3573198, EngineNetVer: 2, GameNetVer: 0 (Checksum: 690008302)
[2017.11.29-04.46.05:078][  0]LogPackageLocalizationCache: Processed 6 localized package path(s) for 2 prioritized culture(s) in 0.125429 seconds
[2017.11.29-04.46.05:085][  0]LogUObjectArray: 35825 objects as part of root set at end of initial load.
[2017.11.29-04.46.05:085][  0]LogUObjectAllocator: 7529112 out of 0 bytes used by permanent object pool.
[2017.11.29-04.46.05:085][  0]LogUObjectArray: CloseDisregardForGC: 0/0 objects in disregard for GC pool
[2017.11.29-04.46.05:159][  0]LogInit: WinSock: version 1.1 (2.2), MaxSocks=32767, MaxUdp=65467
[2017.11.29-04.46.08:746][  0]LogTcpMessaging: Initializing TcpMessaging bridge
[2017.11.29-04.46.08:790][  0]LogUdpMessaging: Initializing bridge on interface 0.0.0.0:0 to multicast group 230.0.0.1:6666.
[2017.11.29-04.46.09:562][  0]LogMaterial: Uniform references updated for custom material expression Custom.
[2017.11.29-04.46.10:057][  0]SourceControl: Source control is disabled
[2017.11.29-04.46.10:057][  0]SourceControl: Source control is disabled
[2017.11.29-04.46.10:119][  0]SourceControl: Source control is disabled
[2017.11.29-04.46.10:175][  0]SourceControl: Source control is disabled
[2017.11.29-04.46.10:937][  0]LogAndroidPermission: UAndroidPermissionCallbackProxy::GetInstance
[2017.11.29-04.46.11:226][  0]LogOcInput: OculusInput pre-init called
[2017.11.29-04.46.11:533][  0]LogEngine: Initializing Engine...
[2017.11.29-04.46.11:534][  0]LogHMD: Failed to initialize OpenVR with code 110
[2017.11.29-04.46.11:813][  0]LogStats: UGameplayTagsManager::ConstructGameplayTagTree: Construct from data asset -  0.000 s
[2017.11.29-04.46.11:813][  0]LogStats: UGameplayTagsManager::ConstructGameplayTagTree: GameplayTagTreeChangedEvent.Broadcast -  0.000 s
[2017.11.29-04.46.11:968][  0]LogAIModule: Creating AISystem for world Untitled
[2017.11.29-04.46.11:979][  0]LogInit: XAudio2 using 'Speakers (USB Audio Device)' : 2 channels at 48 kHz using 16 bits per sample (channel mask 0x3)
[2017.11.29-04.46.11:991][  0]LogInit: FAudioDevice initialized.
[2017.11.29-04.46.12:453][  0]LogDerivedDataCache: Saved boot cache 0.46s 93MB C:/Users/Reaper/AppData/Local/UnrealEngine/4.17/DerivedDataCache/Boot.ddc.
[2017.11.29-04.46.12:473][  0]LogInit: Texture streaming: Enabled
[2017.11.29-04.46.12:618][  0]LogEngineSessionManager: EngineSessionManager initialized
[2017.11.29-04.46.12:883][  0]LogInit: Transaction tracking system initialized
[2017.11.29-04.46.13:254][  0]BlueprintLog: New page: Editor Load
[2017.11.29-04.46.14:324][  0]LocalizationService: Localization service is disabled
[2017.11.29-04.46.15:166][  0]LogConsoleResponse: Display: 
[2017.11.29-04.46.15:401][  0]LogCook: Display: Max memory allowance for cook 16384mb min free memory 0mb
[2017.11.29-04.46.15:401][  0]LogCook: Display: Mobile HDR setting 1
[2017.11.29-04.46.15:402][  0]LogGameplayTags: Display: UGameplayTagsManager::DoneAddingNativeTags. DelegateIsBound: 0
[2017.11.29-04.46.16:695][  0]LogFileCache: Scanning file cache for directory 'C:/Users/Reaper/Documents/Unreal Projects/Background_Char_M_1/Content/' took 0.01s
[2017.11.29-04.46.16:749][  0]SourceControl: Source control is disabled
[2017.11.29-04.46.16:749][  0]Cmd: MAP LOAD FILE="../../../Engine/Content/Maps/Templates/Template_Default.umap" TEMPLATE=1 SHOWPROGRESS=1 FEATURELEVEL=3
[2017.11.29-04.46.16:750][  0]LightingResults: New page: Lighting Build
[2017.11.29-04.46.16:801][  0]MapCheck: New page: Map Check
[2017.11.29-04.46.16:801][  0]LightingResults: New page: Lighting Build
[2017.11.29-04.46.17:035][  0]LogAIModule: Creating AISystem for world Untitled_1
[2017.11.29-04.46.17:042][  0]LogEditorServer: Finished looking for orphan Actors (0.000 secs)
[2017.11.29-04.46.17:063][  0]Cmd: MAP CHECKDEP NOCLEARLOG
[2017.11.29-04.46.17:119][  0]MapCheck: Map check complete: 0 Error(s), 0 Warning(s), took 55.444ms to complete.
[2017.11.29-04.46.17:119][  0]LogFileHelpers: Loading map 'Template_Default' took 0.369
[2017.11.29-04.46.17:180][  0]LogWindowsTextInputMethodSystem: Display: IME system now deactivated.
[2017.11.29-04.46.17:180][  0]LogWindowsTextInputMethodSystem: Display: IME system now deactivated.
[2017.11.29-04.46.17:288][  0]LogCollectionManager: Loaded 0 collections in 0.002237 seconds
[2017.11.29-04.46.17:391][  0]LogFileCache: Scanning file cache for directory 'C:/Users/Reaper/Documents/Unreal Projects/Background_Char_M_1/Saved/Collections/' took 0.01s
[2017.11.29-04.46.17:391][  0]LogFileCache: Scanning file cache for directory 'C:/Users/Reaper/Documents/Unreal Projects/Background_Char_M_1/Content/Developers/Reaper/Collections/' took 0.01s
[2017.11.29-04.46.17:391][  0]LogFileCache: Scanning file cache for directory 'C:/Users/Reaper/Documents/Unreal Projects/Background_Char_M_1/Content/Collections/' took 0.01s
[2017.11.29-04.46.17:391][  0]LogCollectionManager: Rebuilt the GUID cache for 0 collections in 0.000000 seconds
[2017.11.29-04.46.17:402][  0]LogContentBrowser: Native class hierarchy populated in 0.0109 seconds. Added 2411 classes and 509 folders.
[2017.11.29-04.46.17:480][  0]LogContentBrowser: Native class hierarchy updated for 'WidgetCarousel' in 0.0008 seconds. Added 0 classes and 0 folders.
[2017.11.29-04.46.17:531][  0]LogContentBrowser: Native class hierarchy updated for 'AddContentDialog' in 0.0007 seconds. Added 0 classes and 0 folders.
[2017.11.29-04.46.17:593][  0]LogContentBrowser: Native class hierarchy updated for 'SceneOutliner' in 0.0010 seconds. Added 1 classes and 2 folders.
[2017.11.29-04.46.17:635][  0]LogSlate: Took 0.000282 seconds to synchronously load lazily loaded font '../../../Engine/Content/Slate/Fonts/Roboto-Regular.ttf' (155K)
[2017.11.29-04.46.17:638][  0]LogSlate: Took 0.000266 seconds to synchronously load lazily loaded font '../../../Engine/Content/Slate/Fonts/Roboto-Bold.ttf' (160K)
[2017.11.29-04.46.17:643][  0]LogSlate: Took 0.000201 seconds to synchronously load lazily loaded font '../../../Engine/Content/Editor/Slate/Fonts/FontAwesome.ttf' (139K)
[2017.11.29-04.46.17:766][  0]LogRenderer: Reallocating scene render targets to support 856x352 Format 10 NumSamples 1 (Frame:1).
[2017.11.29-04.46.18:911][  0]LogContentBrowser: Native class hierarchy updated for 'HierarchicalLODOutliner' in 0.0009 seconds. Added 1 classes and 2 folders.
[2017.11.29-04.46.18:911][  0]LogLoad: (Engine Initialization) Total time: 22.40 seconds
[2017.11.29-04.46.18:911][  0]LogLoad: (Engine Initialization) Total Blueprint compile time: 0.00 seconds
[2017.11.29-04.46.18:911][  0]LogExternalProfiler: No external profilers were discovered.  External profiling features will not be available.
[2017.11.29-04.46.18:985][  0]LogContentStreaming: Texture pool size now 1000 MB
[2017.11.29-04.46.19:026][  0]LogSlate: Took 0.000176 seconds to synchronously load lazily loaded font '../../../Engine/Content/Slate/Fonts/Roboto-Light.ttf' (159K)
[2017.11.29-04.46.19:055][  1]LogAssetRegistry: Asset discovery search completed in 15.5704 seconds
[2017.11.29-04.46.19:057][  1]LogCollectionManager: Rebuilt the object cache for 0 collections in 0.000000 seconds (found 0 objects)
[2017.11.29-04.46.19:057][  1]LogCollectionManager: Fixed up redirectors for 0 collections in 0.000055 seconds (updated 0 objects)
[2017.11.29-04.46.25:663][313]LogSlate: Took 0.000172 seconds to synchronously load lazily loaded font '../../../Engine/Content/Slate/Fonts/Roboto-Light.ttf' (159K)
[2017.11.29-04.46.26:571][313]LogAIModule: Creating AISystem for world Background_Char_M_1
[2017.11.29-04.46.26:593][313]Cmd: MAP LOAD FILE="../../../../../../Users/Reaper/Documents/Unreal Projects/Background_Char_M_1/Content/Background_Char_M_1.umap" TEMPLATE=0 SHOWPROGRESS=1 FEATURELEVEL=3
[2017.11.29-04.46.26:593][313]LightingResults: New page: Lighting Build
[2017.11.29-04.46.26:594][313]LoadErrors: New page: Loading map: Background_Char_M_1.umap
[2017.11.29-04.46.26:594][313]MapCheck: New page: Map Check
[2017.11.29-04.46.26:595][313]LightingResults: New page: Lighting Build
[2017.11.29-04.46.26:610][313]LogEditorServer: Finished looking for orphan Actors (0.000 secs)
[2017.11.29-04.46.26:661][313]Cmd: MAP CHECKDEP NOCLEARLOG
[2017.11.29-04.46.26:717][313]MapCheck: Map check complete: 0 Error(s), 0 Warning(s), took 56.02ms to complete.
[2017.11.29-04.46.26:717][313]LogFileHelpers: Loading map 'Background_Char_M_1' took 0.125
[2017.11.29-04.46.51:629][452]Cmd: TRANSACTION UNDO
[2017.11.29-04.46.51:630][452]LogEditorTransaction: Undo Rotate Actors
[2017.11.29-04.46.51:681][452]LogSlate: Took 0.000178 seconds to synchronously load lazily loaded font '../../../Engine/Content/Slate/Fonts/Roboto-Light.ttf' (159K)
[2017.11.29-04.46.52:818][498]LogEditorViewport: Clicking on Actor (LMB): BP_Sky_Sphere_C (Sky Sphere)
[2017.11.29-04.46.56:786][648]MapCheck: New page: Map Check
[2017.11.29-04.46.56:802][648]Cmd: MAP REBUILD ALLVISIBLE
[2017.11.29-04.46.56:802][648]LogEditorServer: Rebuildmap Clear paths rebuilt
[2017.11.29-04.46.56:886][648]LogMaterial: Missing cached shader map for material FDebugViewModeMaterialProxy WorldGridMaterial, compiling. Is special engine material.
[2017.11.29-04.46.56:896][648]LogMaterial: Missing cached shader map for material FDebugViewModeMaterialProxy DefaultMaterial, compiling. 
[2017.11.29-04.46.56:903][648]LogMaterial: Missing cached shader map for material FDebugViewModeMaterialProxy MaterialInstanceDynamic_2, compiling. 
[2017.11.29-04.46.56:912][648]LogMaterial: Missing cached shader map for material FDebugViewModeMaterialProxy Bodymat, compiling. 
[2017.11.29-04.46.56:920][648]LogMaterial: Missing cached shader map for material FDebugViewModeMaterialProxy Shoesmat, compiling. 
[2017.11.29-04.46.56:929][648]LogMaterial: Missing cached shader map for material FDebugViewModeMaterialProxy Topmat, compiling. 
[2017.11.29-04.46.56:941][648]LogMaterial: Missing cached shader map for material FDebugViewModeMaterialProxy Bottommat, compiling. 
[2017.11.29-04.46.56:951][648]LogMaterial: Missing cached shader map for material FDebugViewModeMaterialProxy Hairmat, compiling. 
[2017.11.29-04.46.58:076][648]TextureStreamingBuild: Display: Compiling optional shaders took 1.198 seconds.
[2017.11.29-04.46.58:150][648]LogLevel: Display: Export Material TexCoord Scales took 0.074 seconds.
[2017.11.29-04.46.58:154][648]TextureStreamingBuild: Display: Build Texture Streaming took 0.004 seconds.
[2017.11.29-04.46.58:166][648]LightingResults: New page: Lighting Build - Nov 28, 2017, 2:46:58 PM
[2017.11.29-04.46.58:205][648]LogSwarmInterface: [OpenConnection] Registering TCP channel ...
[2017.11.29-04.46.58:293][648]LogSwarmInterface: [OpenConnection] Connecting to agent ...
[2017.11.29-04.46.58:304][648]LogSwarmInterface: [TryOpenConnection] Testing the Agent
[2017.11.29-04.46.58:816][648]LogSwarmInterface: [TryOpenConnection] Opening Connection to Agent
[2017.11.29-04.46.58:816][648]LogSwarmInterface: [TryOpenConnection] Local Process ID is 11960
[2017.11.29-04.47.01:557][648]LogStaticLightingSystem: Warning: No importance volume found, so the scene bounding box was used.  You can optimize your scene's quality and lighting build times by adding importance volumes.
[2017.11.29-04.47.01:557][648]LogStaticLightingSystem: Running Lightmass w/ ImmediateImport mode ENABLED
[2017.11.29-04.47.01:557][648]LogStaticLightingSystem: Running Lightmass w/ ImmediateProcess mode ENABLED
[2017.11.29-04.47.01:557][648]LogStaticLightingSystem: Running Lightmass w/ Sorting mode ENABLED
[2017.11.29-04.47.01:557][648]LogStaticLightingSystem: Running Lightmass w/ Mapping paddings ENABLED
[2017.11.29-04.47.01:557][648]LogStaticLightingSystem: Running Lightmass w/ Mapping debug paddings DISABLED
[2017.11.29-04.47.01:792][648]Cmd: MAP CHECK DONTDISPLAYDIALOG
[2017.11.29-04.47.01:792][648]MapCheck: New page: Background_Char_M_1 - Nov 28, 2017, 2:47:01 PM
[2017.11.29-04.47.01:793][648]MapCheck: Error: WorldSettings_1 Maps need lighting rebuilt 
[2017.11.29-04.47.01:860][648]MapCheck: Map check complete: 1 Error(s), 0 Warning(s), took 67.546ms to complete.
[2017.11.29-04.47.01:882][648]LogEditorBuildUtils: Build time 0:05
[2017.11.29-04.47.03:981][702]Job is a success!
[2017.11.29-04.47.04:288][703]LogTexture: Display: Building textures: HQ_Lightmap1_1 (AutoDXT, 256X256)
[2017.11.29-04.47.04:288][703]LogTexture: Display: Building textures: LQ_Lightmap_1_1 (DXT1, 256X256)
[2017.11.29-04.47.04:288][703]LogTexture: Display: Building textures: HQ_Lightmap1_2 (AutoDXT, 64X64)
[2017.11.29-04.47.04:288][703]LogTexture: Display: Building textures: LQ_Lightmap_1_2 (DXT1, 64X64)
[2017.11.29-04.47.04:288][703]LogTexture: Display: Building textures: ShadowMapTexture2D_0 (G8, 128X128)
[2017.11.29-04.47.04:288][703]LogTexture: Display: Building textures: ShadowMapTexture2D_1 (G8, 32X32)
[2017.11.29-04.47.04:338][703]Lightmass on LAPTOP-59HO4QPN: 1.13 sec total, 273 ms importing, 37 ms setup, 180 ms photons, 629 ms processing, 0 ms extra exporting [2/2 mappings]. Threads: 2.48 sec total, 394 ms processing.
[2017.11.29-04.47.04:349][703]LogStaticLightingSystem: Illumination: 6.10 sec (13 ms encoding lightmaps, 135 ms encoding shadowmaps)
[2017.11.29-04.47.04:349][703]LogStaticLightingSystem: Lightmap texture memory:  0.1 MB (0.1 MB streaming, 0.0 MB non-streaming), 4 textures
[2017.11.29-04.47.04:349][703]LogStaticLightingSystem: Shadowmap texture memory: 0.0 MB (0.0 MB streaming, 0.0 MB non-streaming), 2 textures
[2017.11.29-04.47.04:564][703]DumpUnbuiltLightIteractions
[2017.11.29-04.47.04:564][703]Lights with unbuilt interactions: 0
[2017.11.29-04.47.04:564][703]
[2017.11.29-04.47.04:565][703]Primitives with unbuilt interactions: 0
[2017.11.29-04.47.04:608][704]Cmd: MAP CHECK NOTIFYRESULTS
[2017.11.29-04.47.04:608][704]MapCheck: New page: Background_Char_M_1 - Nov 28, 2017, 2:47:04 PM
[2017.11.29-04.47.04:673][704]MapCheck: Map check complete: 0 Error(s), 0 Warning(s), took 65.394ms to complete.
[2017.11.29-04.47.09:661][897]Cmd: SELECT NONE
[2017.11.29-04.47.13:343][952]LogSavePackage: Save=37.84ms
[2017.11.29-04.47.13:343][952]LogSavePackage: Moving '../../../../../../Users/Reaper/Documents/Unreal Projects/Background_Char_M_1/Saved/Background_Char_M_16AE1C73C468787B55F4EB2AEE6DF0AD2.tmp' to '../../../../../../Users/Reaper/Documents/Unreal Projects/Background_Char_M_1/Content/Background_Char_M_1.umap'
[2017.11.29-04.47.13:348][952]LogSavePackage: Display: Finished SavePackage ../../../../../../Users/Reaper/Documents/Unreal Projects/Background_Char_M_1/Content/Background_Char_M_1.umap
[2017.11.29-04.47.13:379][952]LogFileHelpers: Saving map 'Background_Char_M_1' took 0.161
[2017.11.29-04.47.13:452][952]LogSavePackage: Save=17.10ms
[2017.11.29-04.47.13:452][952]LogSavePackage: Moving '../../../../../../Users/Reaper/Documents/Unreal Projects/Background_Char_M_1/Saved/Background_Char_M_1_BuiltData5814CF58406D2C3B84904C98EFE1A21D.tmp' to '../../../../../../Users/Reaper/Documents/Unreal Projects/Background_Char_M_1/Content/Background_Char_M_1_BuiltData.uasset'
[2017.11.29-04.47.13:456][952]LogSavePackage: Display: Finished SavePackage ../../../../../../Users/Reaper/Documents/Unreal Projects/Background_Char_M_1/Content/Background_Char_M_1_BuiltData.uasset
[2017.11.29-04.47.13:545][952]LogWindowsTextInputMethodSystem: Display: IME system now deactivated.
[2017.11.29-04.47.13:545][952]LogWindowsTextInputMethodSystem: Display: IME system now deactivated.
[2017.11.29-04.47.13:733][953]Cmd: QUIT_EDITOR
[2017.11.29-04.47.13:765][953]LogExit: Preparing to exit.
[2017.11.29-04.47.14:961][953]LogDirectoryWatcher: A directory notification for 'C:/Users/Reaper/Documents/Unreal Projects/Background_Char_M_1/Content/' was aborted.
[2017.11.29-04.47.14:981][953]LogExit: Editor shut down
[2017.11.29-04.47.14:983][953]LogExit: Transaction tracking system shut down
[2017.11.29-04.47.15:165][953]LogDirectoryWatcher: A directory notification for '../../../Engine/Content/' was aborted.
[2017.11.29-04.47.15:165][953]LogDirectoryWatcher: A directory notification for '../../../../../../Users/Reaper/Documents/Unreal Projects/Background_Char_M_1/Content/' was aborted.
[2017.11.29-04.47.15:165][953]LogDirectoryWatcher: A directory notification for '../../../Engine/Plugins/2D/Paper2D/Content/' was aborted.
[2017.11.29-04.47.15:165][953]LogDirectoryWatcher: A directory notification for '../../../Engine/Plugins/Marketplace/LowEntryExtStdLib/Content/' was aborted.
[2017.11.29-04.47.15:165][953]LogDirectoryWatcher: A directory notification for '../../../Engine/Plugins/Runtime/Oculus/OculusVR/Content/' was aborted.
[2017.11.29-04.47.15:165][953]LogDirectoryWatcher: A directory notification for '../../../Engine/Plugins/Runtime/Steam/SteamVR/Content/' was aborted.
[2017.11.29-04.47.15:215][953]LogExit: Object subsystem successfully closed.
[2017.11.29-04.47.15:231][953]LogD3D11RHI: Shutdown
[2017.11.29-04.47.15:231][953]LogD3D11RHI: CleanupD3DDevice
[2017.11.29-04.47.15:247][953]LogD3D11RHI: ~FD3D11DynamicRHI
[2017.11.29-04.47.15:267][953]LogModuleManager: Shutting down and abandoning module HierarchicalLODUtilities (536)
[2017.11.29-04.47.15:267][953]LogModuleManager: Shutting down and abandoning module HierarchicalLODOutliner (534)
[2017.11.29-04.47.15:267][953]LogModuleManager: Shutting down and abandoning module SceneOutliner (532)
[2017.11.29-04.47.15:267][953]LogModuleManager: Shutting down and abandoning module AddContentDialog (530)
[2017.11.29-04.47.15:267][953]LogDirectoryWatcher: A directory notification for 'C:/Program Files/Epic Games/UE_4.17/FeaturePacks/' was aborted.
[2017.11.29-04.47.15:268][953]LogModuleManager: Shutting down and abandoning module WidgetCarousel (529)
[2017.11.29-04.47.15:268][953]LogModuleManager: Shutting down and abandoning module EditorWidgets (526)
[2017.11.29-04.47.15:268][953]LogModuleManager: Shutting down and abandoning module CollectionManager (524)
[2017.11.29-04.47.15:269][953]LogDirectoryWatcher: A directory notification for 'C:/Users/Reaper/Documents/Unreal Projects/Background_Char_M_1/Content/Collections/' was aborted.
[2017.11.29-04.47.15:269][953]LogDirectoryWatcher: A directory notification for 'C:/Users/Reaper/Documents/Unreal Projects/Background_Char_M_1/Content/Developers/Reaper/Collections/' was aborted.
[2017.11.29-04.47.15:269][953]LogDirectoryWatcher: A directory notification for 'C:/Users/Reaper/Documents/Unreal Projects/Background_Char_M_1/Saved/Collections/' was aborted.
[2017.11.29-04.47.15:269][953]LogModuleManager: Shutting down and abandoning module StatsViewer (522)
[2017.11.29-04.47.15:269][953]LogModuleManager: Shutting down and abandoning module FoliageEdit (520)
[2017.11.29-04.47.15:269][953]LogModuleManager: Shutting down and abandoning module LandscapeEditor (518)
[2017.11.29-04.47.15:269][953]LogModuleManager: Shutting down and abandoning module MeshPaintMode (516)
[2017.11.29-04.47.15:269][953]LogModuleManager: Shutting down and abandoning module SceneDepthPickerMode (514)
[2017.11.29-04.47.15:269][953]LogModuleManager: Shutting down and abandoning module ActorPickerMode (512)
[2017.11.29-04.47.15:269][953]LogModuleManager: Shutting down and abandoning module GeometryMode (510)
[2017.11.29-04.47.15:269][953]LogModuleManager: Shutting down and abandoning module TextureAlignMode (508)
[2017.11.29-04.47.15:269][953]LogModuleManager: Shutting down and abandoning module BspMode (506)
[2017.11.29-04.47.15:269][953]LogModuleManager: Shutting down and abandoning module PIEPreviewDeviceProfileSelector (504)
[2017.11.29-04.47.15:269][953]LogModuleManager: Shutting down and abandoning module HardwareSurvey (502)
[2017.11.29-04.47.15:269][953]LogModuleManager: Shutting down and abandoning module SequenceRecorderSections (500)
[2017.11.29-04.47.15:269][953]LogModuleManager: Shutting down and abandoning module AutomationWorker (498)
[2017.11.29-04.47.15:269][953]LogModuleManager: Shutting down and abandoning module MatineeToLevelSequence (496)
[2017.11.29-04.47.15:269][953]LogModuleManager: Shutting down and abandoning module LevelSequenceEditor (494)
[2017.11.29-04.47.15:269][953]LogModuleManager: Shutting down and abandoning module PlacementMode (493)
[2017.11.29-04.47.15:270][953]LogModuleManager: Shutting down and abandoning module WmfMediaFactory (490)
[2017.11.29-04.47.15:270][953]LogModuleManager: Shutting down and abandoning module WmfMediaEditor (488)
[2017.11.29-04.47.15:270][953]LogModuleManager: Shutting down and abandoning module AvfMediaFactory (486)
[2017.11.29-04.47.15:270][953]LogModuleManager: Shutting down and abandoning module AvfMediaEditor (484)
[2017.11.29-04.47.15:270][953]LogModuleManager: Shutting down and abandoning module AndroidMediaFactory (482)
[2017.11.29-04.47.15:270][953]LogModuleManager: Shutting down and abandoning module Media (481)
[2017.11.29-04.47.15:270][953]LogModuleManager: Shutting down and abandoning module AndroidMediaEditor (478)
[2017.11.29-04.47.15:270][953]LogModuleManager: Shutting down and abandoning module CharacterAI (476)
[2017.11.29-04.47.15:270][953]LogModuleManager: Shutting down and abandoning module AudioCapture (474)
[2017.11.29-04.47.15:270][953]LogModuleManager: Shutting down and abandoning module SequenceRecorder (473)
[2017.11.29-04.47.15:270][953]LogModuleManager: Shutting down and abandoning module SmartSnapping (470)
[2017.11.29-04.47.15:270][953]LogModuleManager: Shutting down and abandoning module SessionServices (468)
[2017.11.29-04.47.15:270][953]LogModuleManager: Shutting down and abandoning module ViewportSnapping (466)
[2017.11.29-04.47.15:270][953]LogModuleManager: Shutting down and abandoning module ViewportInteraction (464)
[2017.11.29-04.47.15:270][953]LogModuleManager: Shutting down and abandoning module ClothPainter (462)
[2017.11.29-04.47.15:270][953]LogModuleManager: Shutting down and abandoning module LogVisualizer (460)
[2017.11.29-04.47.15:270][953]LogModuleManager: Shutting down and abandoning module IntroTutorials (458)
[2017.11.29-04.47.15:270][953]LogModuleManager: Shutting down and abandoning module GameProjectGeneration (457)
[2017.11.29-04.47.15:270][953]LogModuleManager: Shutting down and abandoning module IOSPlatformEditor (454)
[2017.11.29-04.47.15:270][953]LogModuleManager: Shutting down and abandoning module HTML5PlatformEditor (452)
[2017.11.29-04.47.15:270][953]LogModuleManager: Shutting down and abandoning module AndroidPlatformEditor (450)
[2017.11.29-04.47.15:270][953]LogModuleManager: Shutting down and abandoning module AndroidDeviceDetection (449)
[2017.11.29-04.47.15:812][953]LogModuleManager: Shutting down and abandoning module WindowsPlatformEditor (446)
[2017.11.29-04.47.15:812][953]LogModuleManager: Shutting down and abandoning module IOSRuntimeSettings (444)
[2017.11.29-04.47.15:812][953]LogModuleManager: Shutting down and abandoning module AndroidRuntimeSettings (442)
[2017.11.29-04.47.15:812][953]LogModuleManager: Shutting down and abandoning module InputBindingEditor (440)
[2017.11.29-04.47.15:812][953]LogModuleManager: Shutting down and abandoning module MergeActors (438)
[2017.11.29-04.47.15:812][953]LogModuleManager: Shutting down and abandoning module SizeMap (436)
[2017.11.29-04.47.15:812][953]LogModuleManager: Shutting down and abandoning module TreeMap (434)
[2017.11.29-04.47.15:812][953]LogModuleManager: Shutting down and abandoning module ReferenceViewer (432)
[2017.11.29-04.47.15:812][953]LogModuleManager: Shutting down and abandoning module LocalizationDashboard (430)
[2017.11.29-04.47.15:812][953]LogModuleManager: Shutting down and abandoning module LocalizationService (429)
[2017.11.29-04.47.15:812][953]LogModuleManager: Shutting down and abandoning module HardwareTargeting (426)
[2017.11.29-04.47.15:812][953]LogModuleManager: Shutting down and abandoning module DeviceProfileEditor (424)
[2017.11.29-04.47.15:812][953]LogModuleManager: Shutting down and abandoning module UndoHistory (422)
[2017.11.29-04.47.15:812][953]LogModuleManager: Shutting down and abandoning module XmlParser (420)
[2017.11.29-04.47.15:812][953]LogModuleManager: Shutting down and abandoning module Blutility (418)
[2017.11.29-04.47.15:812][953]LogModuleManager: Shutting down and abandoning module ProjectSettingsViewer (416)
[2017.11.29-04.47.15:812][953]LogModuleManager: Shutting down and abandoning module ProjectTargetPlatformEditor (415)
[2017.11.29-04.47.15:812][953]LogModuleManager: Shutting down and abandoning module EditorSettingsViewer (412)
[2017.11.29-04.47.15:812][953]LogModuleManager: Shutting down and abandoning module SettingsEditor (410)
[2017.11.29-04.47.15:812][953]LogModuleManager: Shutting down and abandoning module ProjectLauncher (408)
[2017.11.29-04.47.15:812][953]LogModuleManager: Shutting down and abandoning module SessionFrontend (406)
[2017.11.29-04.47.15:812][953]LogModuleManager: Shutting down and abandoning module ProfilerClient (404)
[2017.11.29-04.47.15:812][953]LogModuleManager: Shutting down and abandoning module DeviceManager (402)
[2017.11.29-04.47.15:812][953]LogModuleManager: Shutting down and abandoning module TargetDeviceServices (401)
[2017.11.29-04.47.15:867][953]LogModuleManager: Shutting down and abandoning module AutomationController (398)
[2017.11.29-04.47.15:867][953]LogModuleManager: Shutting down and abandoning module AutomationWindow (396)
[2017.11.29-04.47.15:867][953]LogModuleManager: Shutting down and abandoning module Layers (394)
[2017.11.29-04.47.15:867][953]LogModuleManager: Shutting down and abandoning module ComponentVisualizers (392)
[2017.11.29-04.47.15:867][953]LogModuleManager: Shutting down and abandoning module DetailCustomizations (390)
[2017.11.29-04.47.15:867][953]LogModuleManager: Shutting down and abandoning module PackagesDialog (388)
[2017.11.29-04.47.15:867][953]LogModuleManager: Shutting down and abandoning module Persona (386)
[2017.11.29-04.47.15:867][953]LogModuleManager: Shutting down and abandoning module AdvancedPreviewScene (385)
[2017.11.29-04.47.15:867][953]LogModuleManager: Shutting down and abandoning module AnimGraph (383)
[2017.11.29-04.47.15:867][953]LogModuleManager: Shutting down and abandoning module Kismet (380)
[2017.11.29-04.47.15:868][953]LogModuleManager: Shutting down and abandoning module ClassViewer (378)
[2017.11.29-04.47.15:868][953]LogModuleManager: Shutting down and abandoning module Toolbox (376)
[2017.11.29-04.47.15:868][953]LogModuleManager: Shutting down and abandoning module ModuleUI (374)
[2017.11.29-04.47.15:868][953]LogModuleManager: Shutting down and abandoning module MovieSceneTools (372)
[2017.11.29-04.47.15:869][953]LogModuleManager: Shutting down and abandoning module OutputLog (370)
[2017.11.29-04.47.15:869][953]LogModuleManager: Shutting down and abandoning module GammaUI (368)
[2017.11.29-04.47.15:869][953]LogModuleManager: Shutting down and abandoning module Documentation (366)
[2017.11.29-04.47.15:869][953]LogModuleManager: Shutting down and abandoning module MovieSceneTracks (364)
[2017.11.29-04.47.15:869][953]LogModuleManager: Shutting down and abandoning module MovieScene (362)
[2017.11.29-04.47.15:869][953]LogModuleManager: Shutting down and abandoning module Niagara (360)
[2017.11.29-04.47.15:869][953]LogModuleManager: Shutting down and abandoning module NiagaraEditor (359)
[2017.11.29-04.47.15:869][953]LogModuleManager: Shutting down and abandoning module StreamingPauseRendering (356)
[2017.11.29-04.47.15:869][953]LogModuleManager: Shutting down and abandoning module LauncherPlatform (354)
[2017.11.29-04.47.15:869][953]LogModuleManager: Shutting down and abandoning module AnalyticsET (352)
[2017.11.29-04.47.15:869][953]LogModuleManager: Shutting down and abandoning module PortalServices (350)
[2017.11.29-04.47.15:869][953]LogModuleManager: Shutting down and abandoning module PortalRpc (348)
[2017.11.29-04.47.15:869][953]LogModuleManager: Shutting down and abandoning module MessagingRpc (346)
[2017.11.29-04.47.15:869][953]LogModuleManager: Shutting down and abandoning module AIModule (344)
[2017.11.29-04.47.15:869][953]LogModuleManager: Shutting down and abandoning module GameplayDebugger (343)
[2017.11.29-04.47.15:870][953]LogModuleManager: Shutting down and abandoning module AITestSuite (341)
[2017.11.29-04.47.15:870][953]LogModuleManager: Shutting down and abandoning module ProfilerService (338)
[2017.11.29-04.47.15:931][953]LogModuleManager: Shutting down and abandoning module TaskGraph (336)
[2017.11.29-04.47.15:931][953]LogModuleManager: Shutting down and abandoning module SteamVRController (334)
[2017.11.29-04.47.15:931][953]LogModuleManager: Shutting down and abandoning module ProceduralMeshComponentEditor (332)
[2017.11.29-04.47.15:931][953]LogModuleManager: Shutting down and abandoning module ProceduralMeshComponent (330)
[2017.11.29-04.47.15:931][953]LogModuleManager: Shutting down and abandoning module OculusInput (328)
[2017.11.29-04.47.15:931][953]LogModuleManager: Shutting down and abandoning module MobilePatchingUtils (326)
[2017.11.29-04.47.15:931][953]LogModuleManager: Shutting down and abandoning module CustomMeshComponent (324)
[2017.11.29-04.47.15:931][953]LogModuleManager: Shutting down and abandoning module CableComponent (322)
[2017.11.29-04.47.15:931][953]LogModuleManager: Shutting down and abandoning module ArchVisCharacter (320)
[2017.11.29-04.47.15:931][953]LogModuleManager: Shutting down and abandoning module AndroidPermission (318)
[2017.11.29-04.47.15:931][953]LogModuleManager: Shutting down and abandoning module MediaPlayerEditor (314)
[2017.11.29-04.47.15:931][953]LogModuleManager: Shutting down and abandoning module LowEntryExtendedStandardLibraryEditor (312)
[2017.11.29-04.47.15:931][953]LogModuleManager: Shutting down and abandoning module HTML5Networking (310)
[2017.11.29-04.47.15:931][953]LogModuleManager: Shutting down and abandoning module AlembicImporter (308)
[2017.11.29-04.47.15:931][953]LogModuleManager: Shutting down and abandoning module AlembicLibrary (307)
[2017.11.29-04.47.15:931][953]LogModuleManager: Shutting down and abandoning module GeometryCache (306)
[2017.11.29-04.47.15:931][953]LogModuleManager: Shutting down and abandoning module GeometryCacheEd (305)
[2017.11.29-04.47.15:931][953]LogModuleManager: Shutting down and abandoning module SpeedTreeImporter (300)
[2017.11.29-04.47.15:931][953]LogModuleManager: Shutting down and abandoning module PluginBrowser (298)
[2017.11.29-04.47.15:932][953]LogModuleManager: Shutting down and abandoning module MobileLauncherProfileWizard (296)
[2017.11.29-04.47.15:932][953]LogModuleManager: Shutting down and abandoning module VisualStudioSourceCodeAccess (294)
[2017.11.29-04.47.15:932][953]LogModuleManager: Shutting down and abandoning module DesktopPlatform (293)
[2017.11.29-04.47.15:932][953]LogModuleManager: Shutting down and abandoning module UObjectPlugin (290)
[2017.11.29-04.47.15:932][953]LogModuleManager: Shutting down and abandoning module SubversionSourceControl (288)
[2017.11.29-04.47.15:932][953]LogModuleManager: Shutting down and abandoning module PerforceSourceControl (286)
[2017.11.29-04.47.15:932][953]LogModuleManager: Shutting down and abandoning module GitSourceControl (284)
[2017.11.29-04.47.15:932][953]LogModuleManager: Shutting down and abandoning module SourceControl (283)
[2017.11.29-04.47.15:932][953]LogModuleManager: Shutting down and abandoning module LightPropagationVolumeEditor (280)
[2017.11.29-04.47.15:932][953]LogModuleManager: Shutting down and abandoning module PaperTiledImporter (278)
[2017.11.29-04.47.15:932][953]LogModuleManager: Shutting down and abandoning module PaperSpriteSheetImporter (276)
[2017.11.29-04.47.15:932][953]LogModuleManager: Shutting down and abandoning module Paper2DEditor (274)
[2017.11.29-04.47.15:932][953]LogModuleManager: Shutting down and abandoning module MeshPaint (273)
[2017.11.29-04.47.15:932][953]LogModuleManager: Shutting down and abandoning module LevelEditor (271)
[2017.11.29-04.47.15:933][953]LogModuleManager: Shutting down and abandoning module PixelInspectorModule (270)
[2017.11.29-04.47.15:933][953]LogModuleManager: Shutting down and abandoning module MainFrame (268)
[2017.11.29-04.47.15:933][953]LogModuleManager: Shutting down and abandoning module HotReload (267)
[2017.11.29-04.47.15:934][953]LogModuleManager: Shutting down and abandoning module RuntimePhysXCooking (262)
[2017.11.29-04.47.15:934][953]LogModuleManager: Shutting down and abandoning module PhysXVehiclesEditor (260)
[2017.11.29-04.47.15:934][953]LogModuleManager: Shutting down and abandoning module PhysXVehicles (258)
[2017.11.29-04.47.15:934][953]LogModuleManager: Shutting down and abandoning module OculusEditor (256)
[2017.11.29-04.47.15:934][953]LogModuleManager: Shutting down and abandoning module LocationServicesBPLibrary (254)
[2017.11.29-04.47.15:934][953]LogModuleManager: Shutting down and abandoning module ImmediatePhysicsEditor (252)
[2017.11.29-04.47.15:934][953]LogModuleManager: Shutting down and abandoning module ImmediatePhysics (250)
[2017.11.29-04.47.15:934][953]LogModuleManager: Shutting down and abandoning module UdpMessaging (248)
[2017.11.29-04.47.16:034][953]LogModuleManager: Shutting down and abandoning module TcpMessaging (246)
[2017.11.29-04.47.16:135][953]LogModuleManager: Shutting down and abandoning module LowEntryExtendedStandardLibrary (244)
[2017.11.29-04.47.16:135][953]LogModuleManager: Shutting down and abandoning module GameplayTagsEditor (242)
[2017.11.29-04.47.16:135][953]LogModuleManager: Shutting down and abandoning module FacialAnimationEditor (240)
[2017.11.29-04.47.16:135][953]LogModuleManager: Shutting down and abandoning module FacialAnimation (238)
[2017.11.29-04.47.16:135][953]LogModuleManager: Shutting down and abandoning module AssetManagerEditor (236)
[2017.11.29-04.47.16:135][953]LogModuleManager: Shutting down and abandoning module GraphEditor (235)
[2017.11.29-04.47.16:135][953]LogModuleManager: Shutting down and abandoning module ContentBrowser (233)
[2017.11.29-04.47.16:136][953]LogModuleManager: Shutting down and abandoning module LightPropagationVolumeRuntime (230)
[2017.11.29-04.47.16:136][953]LogModuleManager: Shutting down and abandoning module Paper2D (228)
[2017.11.29-04.47.16:136][953]LogModuleManager: Shutting down and abandoning module WindowsMoviePlayer (226)
[2017.11.29-04.47.16:136][953]LogModuleManager: Shutting down and abandoning module WmfMedia (224)
[2017.11.29-04.47.16:137][953]LogModuleManager: Shutting down and abandoning module PacketHandler (222)
[2017.11.29-04.47.16:137][953]LogModuleManager: Shutting down and abandoning module ClothingSystemEditor (220)
[2017.11.29-04.47.16:137][953]LogModuleManager: Shutting down and abandoning module ClothingSystemRuntime (218)
[2017.11.29-04.47.16:137][953]LogModuleManager: Shutting down and abandoning module Overlay (216)
[2017.11.29-04.47.16:137][953]LogModuleManager: Shutting down and abandoning module OverlayEditor (215)
[2017.11.29-04.47.16:137][953]LogModuleManager: Shutting down and abandoning module MediaAssets (212)
[2017.11.29-04.47.16:137][953]LogModuleManager: Shutting down and abandoning module VREditor (210)
[2017.11.29-04.47.16:137][953]LogModuleManager: Shutting down and abandoning module StringTableEditor (208)
[2017.11.29-04.47.16:137][953]LogModuleManager: Shutting down and abandoning module GameplayTasksEditor (206)
[2017.11.29-04.47.16:137][953]LogModuleManager: Shutting down and abandoning module BehaviorTreeEditor (204)
[2017.11.29-04.47.16:137][953]LogModuleManager: Shutting down and abandoning module FunctionalTesting (202)
[2017.11.29-04.47.16:137][953]LogModuleManager: Shutting down and abandoning module CollisionAnalyzer (200)
[2017.11.29-04.47.16:137][953]LogModuleManager: Shutting down and abandoning module WorkspaceMenuStructure (199)
[2017.11.29-04.47.16:137][953]LogModuleManager: Shutting down and abandoning module UMG (196)
[2017.11.29-04.47.16:137][953]LogModuleManager: Shutting down and abandoning module UMGEditor (195)
[2017.11.29-04.47.16:137][953]LogModuleManager: Shutting down and abandoning module Sequencer (194)
[2017.11.29-04.47.16:137][953]LogModuleManager: Shutting down and abandoning module MessageLog (191)
[2017.11.29-04.47.16:137][953]LogModuleManager: Shutting down and abandoning module SlateReflector (186)
[2017.11.29-04.47.16:137][953]LogModuleManager: Shutting down and abandoning module Slate (184)
[2017.11.29-04.47.16:137][953]LogModuleManager: Shutting down and abandoning module EditorStyle (182)
[2017.11.29-04.47.16:140][953]LogModuleManager: Shutting down and abandoning module MRMesh (180)
[2017.11.29-04.47.16:140][953]LogModuleManager: Shutting down and abandoning module SourceCodeAccess (178)
[2017.11.29-04.47.16:140][953]LogModuleManager: Shutting down and abandoning module HeadMountedDisplay (176)
[2017.11.29-04.47.16:140][953]LogModuleManager: Shutting down and abandoning module XAudio2 (174)
[2017.11.29-04.47.16:140][953]LogModuleManager: Shutting down and abandoning module Networking (172)
[2017.11.29-04.47.16:140][953]LogModuleManager: Shutting down and abandoning module Core (168)
[2017.11.29-04.47.16:140][953]LogModuleManager: Shutting down and abandoning module KismetCompiler (164)
[2017.11.29-04.47.16:140][953]LogModuleManager: Shutting down and abandoning module LevelSequence (162)
[2017.11.29-04.47.16:140][953]LogModuleManager: Shutting down and abandoning module MeshUtilities (160)
[2017.11.29-04.47.16:140][953]LogModuleManager: Shutting down and abandoning module MeshMergeUtilities (159)
[2017.11.29-04.47.16:140][953]LogModuleManager: Shutting down and abandoning module MeshReductionInterface (158)
[2017.11.29-04.47.16:140][953]LogModuleManager: Shutting down and abandoning module SimplygonSwarm (157)
[2017.11.29-04.47.16:140][953]LogModuleManager: Shutting down and abandoning module SimplygonMeshReduction (155)
[2017.11.29-04.47.16:140][953]LogModuleManager: Shutting down and abandoning module QuadricMeshReduction (153)
[2017.11.29-04.47.16:140][953]LogModuleManager: Shutting down and abandoning module MaterialBaking (149)
[2017.11.29-04.47.16:140][953]LogModuleManager: Shutting down and abandoning module DirectoryWatcher (146)
[2017.11.29-04.47.16:141][953]LogModuleManager: Shutting down and abandoning module DerivedDataCache (144)
[2017.11.29-04.47.16:359][953]LogDerivedDataCache: Shutdown
[2017.11.29-04.47.16:359][953]LogModuleManager: Shutting down and abandoning module TargetPlatform (142)
[2017.11.29-04.47.16:359][953]LogModuleManager: Shutting down and abandoning module VulkanShaderFormat (141)
[2017.11.29-04.47.16:359][953]LogModuleManager: Shutting down and abandoning module ShaderFormatVectorVM (139)
[2017.11.29-04.47.16:359][953]LogModuleManager: Shutting down and abandoning module ShaderFormatOpenGL (137)
[2017.11.29-04.47.16:359][953]LogModuleManager: Shutting down and abandoning module ShaderFormatD3D (135)
[2017.11.29-04.47.16:359][953]LogModuleManager: Shutting down and abandoning module MetalShaderFormat (133)
[2017.11.29-04.47.16:359][953]LogModuleManager: Shutting down and abandoning module TextureFormatUncompressed (131)
[2017.11.29-04.47.16:359][953]LogModuleManager: Shutting down and abandoning module TextureFormatPVR (129)
[2017.11.29-04.47.16:359][953]LogModuleManager: Shutting down and abandoning module TextureFormatDXT (127)
[2017.11.29-04.47.16:359][953]LogModuleManager: Shutting down and abandoning module TextureFormatIntelISPCTexComp (125)
[2017.11.29-04.47.16:359][953]LogModuleManager: Shutting down and abandoning module TextureFormatASTC (123)
[2017.11.29-04.47.16:359][953]LogModuleManager: Shutting down and abandoning module ImageWrapper (122)
[2017.11.29-04.47.16:359][953]LogModuleManager: Shutting down and abandoning module TextureFormatAndroid (119)
[2017.11.29-04.47.16:360][953]LogModuleManager: Shutting down and abandoning module AudioFormatOpus (117)
[2017.11.29-04.47.16:360][953]LogModuleManager: Shutting down and abandoning module AudioFormatOgg (115)
[2017.11.29-04.47.16:360][953]LogModuleManager: Shutting down and abandoning module AudioFormatADPCM (113)
[2017.11.29-04.47.16:360][953]LogModuleManager: Shutting down and abandoning module LinuxTargetPlatform (111)
[2017.11.29-04.47.16:360][953]LogModuleManager: Shutting down and abandoning module LinuxServerTargetPlatform (109)
[2017.11.29-04.47.16:360][953]LogModuleManager: Shutting down and abandoning module LinuxNoEditorTargetPlatform (107)
[2017.11.29-04.47.16:360][953]LogModuleManager: Shutting down and abandoning module LinuxClientTargetPlatform (105)
[2017.11.29-04.47.16:360][953]LogModuleManager: Shutting down and abandoning module TVOSTargetPlatform (103)
[2017.11.29-04.47.16:360][953]LogModuleManager: Shutting down and abandoning module Messaging (101)
[2017.11.29-04.47.16:360][953]LogModuleManager: Shutting down and abandoning module IOSTargetPlatform (99)
[2017.11.29-04.47.16:360][953]LogModuleManager: Shutting down and abandoning module HTML5TargetPlatform (97)
[2017.11.29-04.47.16:360][953]LogModuleManager: Shutting down and abandoning module Android_PVRTCTargetPlatform (95)
[2017.11.29-04.47.16:360][953]LogModuleManager: Shutting down and abandoning module Android_MultiTargetPlatform (93)
[2017.11.29-04.47.16:360][953]LogModuleManager: Shutting down and abandoning module Android_ETC2TargetPlatform (91)
[2017.11.29-04.47.16:360][953]LogModuleManager: Shutting down and abandoning module Android_ETC1TargetPlatform (89)
[2017.11.29-04.47.16:360][953]LogModuleManager: Shutting down and abandoning module Android_DXTTargetPlatform (87)
[2017.11.29-04.47.16:360][953]LogModuleManager: Shutting down and abandoning module Android_ATCTargetPlatform (85)
[2017.11.29-04.47.16:360][953]LogModuleManager: Shutting down and abandoning module Android_ASTCTargetPlatform (83)
[2017.11.29-04.47.16:360][953]LogModuleManager: Shutting down and abandoning module AndroidTargetPlatform (81)
[2017.11.29-04.47.16:360][953]LogModuleManager: Shutting down and abandoning module WindowsTargetPlatform (79)
[2017.11.29-04.47.16:360][953]LogModuleManager: Shutting down and abandoning module WindowsServerTargetPlatform (77)
[2017.11.29-04.47.16:360][953]LogModuleManager: Shutting down and abandoning module WindowsNoEditorTargetPlatform (75)
[2017.11.29-04.47.16:360][953]LogModuleManager: Shutting down and abandoning module WindowsClientTargetPlatform (73)
[2017.11.29-04.47.16:360][953]LogModuleManager: Shutting down and abandoning module MacTargetPlatform (71)
[2017.11.29-04.47.16:360][953]LogModuleManager: Shutting down and abandoning module MacServerTargetPlatform (69)
[2017.11.29-04.47.16:360][953]LogModuleManager: Shutting down and abandoning module MacNoEditorTargetPlatform (67)
[2017.11.29-04.47.16:360][953]LogModuleManager: Shutting down and abandoning module MacClientTargetPlatform (65)
[2017.11.29-04.47.16:360][953]LogModuleManager: Shutting down and abandoning module AllDesktopTargetPlatform (63)
[2017.11.29-04.47.16:360][953]LogModuleManager: Shutting down and abandoning module InputCore (60)
[2017.11.29-04.47.16:360][953]LogModuleManager: Shutting down and abandoning module Settings (58)
[2017.11.29-04.47.16:360][953]LogModuleManager: Shutting down and abandoning module PhysXCooking (56)
[2017.11.29-04.47.16:360][953]LogModuleManager: Shutting down and abandoning module SteamVR (54)
[2017.11.29-04.47.16:360][953]LogModuleManager: Shutting down and abandoning module OculusHMD (52)
[2017.11.29-04.47.16:360][953]LogModuleManager: Shutting down and abandoning module ExampleDeviceProfileSelector (50)
[2017.11.29-04.47.16:360][953]LogModuleManager: Shutting down and abandoning module OnlineBlueprintSupport (48)
[2017.11.29-04.47.16:360][953]LogModuleManager: Shutting down and abandoning module OnlineSubsystem (44)
[2017.11.29-04.47.16:360][953]LogOnline: Display: Unloading online subsystem: NULL
[2017.11.29-04.47.16:360][953]LogModuleManager: Shutting down and abandoning module XMPP (43)
[2017.11.29-04.47.16:361][953]LogModuleManager: Shutting down and abandoning module HTTP (41)
[2017.11.29-04.47.16:361][953]LogHttp: Display: Http module shutting down, but needs to wait on 1 outstanding Http requests:
[2017.11.29-04.47.16:361][953]LogHttp: Display: 	verb=[POST] url=[https://datarouter.ol.epicgames.com/datarouter/api/v1/public/data?SessionID=%7BE7040BE2-43C4-0B5E-7B4A-E482C205CE31%7D&AppID=UEEditor.Rocket.Release&AppVersion=4.17.2-3658906%2B%2B%2BUE4%2BRelease-4.17&UserID=e66b016b4b8d93fb09d116b30eb46d8c%7C106165e623734435a8a780e61779b206%7Ce6f1d241-7deb-4200-b96c-db511ad94999&AppEnvironment=datacollector-binary&UploadType=eteventstream] status=Processing
[2017.11.29-04.47.16:389][953]LogModuleManager: Shutting down and abandoning module SSL (40)
[2017.11.29-04.47.16:391][953]LogModuleManager: Shutting down and abandoning module AnimationModifiers (36)
[2017.11.29-04.47.16:391][953]LogModuleManager: Shutting down and abandoning module PropertyEditor (35)
[2017.11.29-04.47.16:391][953]LogModuleManager: Shutting down and abandoning module AudioEditor (32)
[2017.11.29-04.47.16:391][953]LogModuleManager: Shutting down and abandoning module TextureCompressor (30)
[2017.11.29-04.47.16:391][953]LogModuleManager: Shutting down and abandoning module ShaderCore (28)
[2017.11.29-04.47.16:391][953]LogModuleManager: Shutting down and abandoning module Landscape (26)
[2017.11.29-04.47.16:391][953]LogModuleManager: Shutting down and abandoning module SlateRHIRenderer (24)
[2017.11.29-04.47.16:392][953]LogModuleManager: Shutting down and abandoning module OpenGLDrv (22)
[2017.11.29-04.47.16:392][953]LogModuleManager: Shutting down and abandoning module D3D11RHI (20)
[2017.11.29-04.47.16:392][953]LogModuleManager: Shutting down and abandoning module AnimGraphRuntime (18)
[2017.11.29-04.47.16:392][953]LogModuleManager: Shutting down and abandoning module Renderer (16)
[2017.11.29-04.47.16:392][953]LogModuleManager: Shutting down and abandoning module Engine (14)
[2017.11.29-04.47.16:392][953]LogModuleManager: Shutting down and abandoning module CoreUObject (12)
[2017.11.29-04.47.16:392][953]LogModuleManager: Shutting down and abandoning module NetworkFile (10)
[2017.11.29-04.47.16:392][953]LogModuleManager: Shutting down and abandoning module CookedIterativeFile (8)
[2017.11.29-04.47.16:392][953]LogModuleManager: Shutting down and abandoning module StreamingFile (6)
[2017.11.29-04.47.16:392][953]LogModuleManager: Shutting down and abandoning module SandboxFile (4)
[2017.11.29-04.47.16:392][953]LogModuleManager: Shutting down and abandoning module PakFile (2)
[2017.11.29-04.47.16:394][953]LogExit: Exiting.
[2017.11.29-04.47.16:409][953]Log file closed, 11/28/17 21:47:16
