Log file open, 10/25/17 14:19:26
LogWindows: LoadLibraryWithSearchPaths failed for file aqProf.dll. GetLastError=0
LogWindows: LoadLibraryWithSearchPaths failed for file VSPerf140.dll. GetLastError=0
LogWindows: LoadLibraryWithSearchPaths failed for file VtuneApi.dll. GetLastError=0
LogWindows: LoadLibraryWithSearchPaths failed for file VtuneApi32e.dll. GetLastError=0
LogInit: Display: Running engine for game: Main_Character
LogPlatformFile: Not using cached read wrapper
LogInit: Display: RandInit(-243090611) SRandInit(-243090611).
LogTaskGraph: Started task graph with 5 named threads and 8 total threads with 3 sets of task threads.
LogStats: Stats thread started at 0.132882
LogD3D11RHI: Aftermath initialized
LogPluginManager: Mounting plugin Paper2D
LogPluginManager: Mounting plugin LightPropagationVolume
LogPluginManager: Mounting plugin CodeLiteSourceCodeAccess
LogPluginManager: Mounting plugin GitSourceControl
LogPluginManager: Mounting plugin KDevelopSourceCodeAccess
LogPluginManager: Mounting plugin NullSourceCodeAccess
LogPluginManager: Mounting plugin PerforceSourceControl
LogPluginManager: Mounting plugin SubversionSourceControl
LogPluginManager: Mounting plugin UObjectPlugin
LogPluginManager: Mounting plugin VisualStudioSourceCodeAccess
LogPluginManager: Mounting plugin XCodeSourceCodeAccess
LogPluginManager: Mounting plugin AssetManagerEditor
LogPluginManager: Mounting plugin AudioCapture
LogPluginManager: Mounting plugin FacialAnimation
LogPluginManager: Mounting plugin GameplayTagsEditor
LogPluginManager: Mounting plugin MobileLauncherProfileWizard
LogPluginManager: Mounting plugin PluginBrowser
LogPluginManager: Mounting plugin SpeedTreeImporter
LogPluginManager: Mounting plugin AlembicImporter
LogPluginManager: Mounting plugin CharacterAI
LogPluginManager: Mounting plugin HTML5Networking
LogPluginManager: Mounting plugin AndroidMedia
LogPluginManager: Mounting plugin AvfMedia
LogPluginManager: Mounting plugin MediaPlayerEditor
LogPluginManager: Mounting plugin WmfMedia
LogPluginManager: Mounting plugin TcpMessaging
LogPluginManager: Mounting plugin UdpMessaging
LogPluginManager: Mounting plugin LevelSequenceEditor
LogPluginManager: Mounting plugin MatineeToLevelSequence
LogPluginManager: Mounting plugin OnlineSubsystemGooglePlay
LogPluginManager: Mounting plugin OnlineSubsystemIOS
LogPluginManager: Mounting plugin OnlineSubsystem
LogPluginManager: Mounting plugin OnlineSubsystemNull
LogPluginManager: Mounting plugin OnlineSubsystemUtils
LogPluginManager: Mounting plugin AndroidDeviceProfileSelector
LogPluginManager: Mounting plugin AndroidMoviePlayer
LogPluginManager: Mounting plugin AndroidPermission
LogPluginManager: Mounting plugin AppleMoviePlayer
LogPluginManager: Mounting plugin ArchVisCharacter
LogPluginManager: Mounting plugin CableComponent
LogPluginManager: Mounting plugin CustomMeshComponent
LogPluginManager: Mounting plugin ExampleDeviceProfileSelector
LogPluginManager: Mounting plugin GoogleCloudMessaging
LogPluginManager: Mounting plugin ImmediatePhysics
LogPluginManager: Mounting plugin IOSDeviceProfileSelector
LogPluginManager: Mounting plugin LinuxDeviceProfileSelector
LogPluginManager: Mounting plugin LocationServicesBPLibrary
LogPluginManager: Mounting plugin MobilePatchingUtils
LogPluginManager: Mounting plugin OculusVR
LogPluginManager: Mounting plugin PhysXVehicles
LogPluginManager: Mounting plugin ProceduralMeshComponent
LogPluginManager: Mounting plugin RuntimePhysXCooking
LogPluginManager: Mounting plugin SteamVR
LogPluginManager: Mounting plugin WindowsMoviePlayer
LogInit: Using libcurl 7.47.1
LogInit:  - built for x86_64-pc-win32
LogInit:  - supports SSL with OpenSSL/1.0.2g
LogInit:  - supports HTTP deflate (compression) using libz 1.2.8
LogInit:  - other features:
LogInit:      CURL_VERSION_SSL
LogInit:      CURL_VERSION_LIBZ
LogInit:      CURL_VERSION_IPV6
LogInit:      CURL_VERSION_ASYNCHDNS
LogInit:      CURL_VERSION_LARGEFILE
LogInit:      CURL_VERSION_IDN
LogInit:  CurlRequestOptions (configurable via config and command line):
LogInit:  - bVerifyPeer = false  - Libcurl will NOT verify peer certificate
LogInit:  - bUseHttpProxy = false  - Libcurl will NOT use HTTP proxy
LogInit:  - bDontReuseConnections = false  - Libcurl will reuse connections
LogInit:  - CertBundlePath = nullptr  - Libcurl will use whatever was configured at build time.
LogInit: Build: ++UE4+Release-4.17-CL-3586342
LogInit: Engine Version: 4.17.1-3586342+++UE4+Release-4.17
LogInit: Compatible Engine Version: 4.17.0-3573198+++UE4+Release-4.17
LogInit: Net CL: 3573198
LogDevObjectVersion: Number of dev versions registered: 16
LogDevObjectVersion:   Dev-Blueprints (B0D832E4-1F89-4F0D-ACCF-7EB736FD4AA2): 10
LogDevObjectVersion:   Dev-Build (E1C64328-A22C-4D53-A36C-8E866417BD8C): 0
LogDevObjectVersion:   Dev-Core (375EC13C-06E4-48FB-B500-84F0262A717E): 2
LogDevObjectVersion:   Dev-Editor (E4B068ED-F494-42E9-A231-DA0B2E46BB41): 20
LogDevObjectVersion:   Dev-Framework (CFFC743F-43B0-4480-9391-14DF171D2073): 28
LogDevObjectVersion:   Dev-Mobile (B02B49B5-BB20-44E9-A304-32B752E40360): 0
LogDevObjectVersion:   Dev-Networking (A4E4105C-59A1-49B5-A7C5-40C4547EDFEE): 0
LogDevObjectVersion:   Dev-Online (39C831C9-5AE6-47DC-9A44-9C173E1C8E7C): 0
LogDevObjectVersion:   Dev-Physics (78F01B33-EBEA-4F98-B9B4-84EACCB95AA2): 0
LogDevObjectVersion:   Dev-Platform (6631380F-2D4D-43E0-8009-CF276956A95A): 0
LogDevObjectVersion:   Dev-Rendering (12F88B9F-8875-4AFC-A67C-D90C383ABD29): 19
LogDevObjectVersion:   Dev-Sequencer (7B5AE74C-D270-4C10-A958-57980B212A5A): 4
LogDevObjectVersion:   Dev-VR (D7296918-1DD6-4BDD-9DE2-64A83CC13884): 0
LogDevObjectVersion:   Dev-LoadTimes (C2A15278-BFE7-4AFE-6C17-90FF531DF755): 1
LogDevObjectVersion:   Private-Geometry (6EACA3D4-40EC-4CC1-B786-8BED09428FC5): 1
LogDevObjectVersion:   Dev-AnimPhys (29E575DD-E0A3-4627-9D10-D276232CDCEA): 7
LogInit: Compiled (64-bit): Aug 15 2017 02:05:26
LogInit: Compiled with Visual C++: 19.00.24215.01
LogInit: Build Configuration: Development
LogInit: Branch Name: ++UE4+Release-4.17
LogInit: Command line:  
LogInit: Base directory: C:/Program Files/Epic Games/UE_4.17/Engine/Binaries/Win64/
LogInit: Installed Engine Build: 1
LogInit: Presizing for max 8388607 objects, including 0 objects not considered by GC, pre-allocating 0 bytes for permanent pool.
LogInit: Object subsystem initialized
[2017.10.25-20.19.27:177][  0]LogInit: Selected Device Profile: [Windows]
[2017.10.25-20.19.27:177][  0]LogInit: Applying CVar settings loaded from the selected device profile: [Windows]
[2017.10.25-20.19.27:192][  0]LogInit: Computer: LAPTOP-59HO4QPN
[2017.10.25-20.19.27:192][  0]LogInit: User: Reaper
[2017.10.25-20.19.27:192][  0]LogInit: CPU Page size=4096, Cores=2
[2017.10.25-20.19.27:192][  0]LogInit: High frequency timer resolution =2.343748 MHz
[2017.10.25-20.19.27:192][  0]LogMemory: Memory total: Physical=7.9GB (8GB approx)
[2017.10.25-20.19.27:192][  0]LogMemory: Platform Memory Stats for Windows
[2017.10.25-20.19.27:192][  0]LogMemory: Process Physical Memory: 277.24 MB used, 277.24 MB peak
[2017.10.25-20.19.27:192][  0]LogMemory: Process Virtual Memory: 275.72 MB used, 275.72 MB peak
[2017.10.25-20.19.27:192][  0]LogMemory: Physical Memory: 4182.72 MB used,  3899.19 MB free, 8081.91 MB total
[2017.10.25-20.19.27:192][  0]LogMemory: Virtual Memory: 652.51 MB used,  3899.19 MB free, 134217728.00 MB total
[2017.10.25-20.19.27:525][  0]LogInit: Using OS detected language (en-US).
[2017.10.25-20.19.27:525][  0]LogInit: Using OS detected locale (en-US).
[2017.10.25-20.19.27:531][  0]LogTextLocalizationManager: No specific localization for 'en-US' exists, so the 'en' localization will be used.
[2017.10.25-20.19.28:537][  0]LogD3D11RHI: D3D11 adapters:
[2017.10.25-20.19.28:548][  0]LogD3D11RHI:    0. 'Intel(R) HD Graphics 520' (Feature Level 11_0)
[2017.10.25-20.19.28:548][  0]LogD3D11RHI:       128/0/4040 MB DedicatedVideo/DedicatedSystem/SharedSystem, Outputs:1, VendorId:0x8086
[2017.10.25-20.19.28:550][  0]LogD3D11RHI:    1. 'Microsoft Basic Render Driver' (Feature Level 11_0)
[2017.10.25-20.19.28:550][  0]LogD3D11RHI:       0/0/4040 MB DedicatedVideo/DedicatedSystem/SharedSystem, Outputs:0, VendorId:0x1414
[2017.10.25-20.19.28:550][  0]LogD3D11RHI: Chosen D3D11 Adapter: 0
[2017.10.25-20.19.28:557][  0]LogD3D11RHI: Creating new Direct3DDevice
[2017.10.25-20.19.28:557][  0]LogD3D11RHI:     GPU DeviceId: 0x1916 (for the marketing name, search the web for "GPU Device Id")
[2017.10.25-20.19.28:557][  0]LogWindows: EnumDisplayDevices:
[2017.10.25-20.19.28:558][  0]LogWindows:    0. 'Intel(R) HD Graphics 520' (P:1 D:1)
[2017.10.25-20.19.28:558][  0]LogWindows:    1. 'Intel(R) HD Graphics 520' (P:0 D:0)
[2017.10.25-20.19.28:558][  0]LogWindows:    2. 'Intel(R) HD Graphics 520' (P:0 D:0)
[2017.10.25-20.19.28:558][  0]LogWindows: DebugString: FoundDriverCount:3 
[2017.10.25-20.19.28:558][  0]LogD3D11RHI:     Adapter Name: Intel(R) HD Graphics 520
[2017.10.25-20.19.28:558][  0]LogD3D11RHI:   Driver Version: 21.20.16.4542 (internal:21.20.16.4542, unified:21.20.16.4542)
[2017.10.25-20.19.28:558][  0]LogD3D11RHI:      Driver Date: 10-24-2016
[2017.10.25-20.19.28:558][  0]LogRHI: Texture pool is 1361 MB (70% of 1945 MB)
[2017.10.25-20.19.28:566][  0]LogD3D11RHI: Async texture creation enabled
[2017.10.25-20.19.28:573][  0]LogD3D11RHI: GPU Timing Frequency: 12.000000 (Debug: 2 0)
[2017.10.25-20.19.28:576][  0]LogShaderCompilers: Guid format shader working directory is -24 characters bigger than the processId version (../../../../../../Users/Reaper/Documents/Unreal Projects/Main_Character/Intermediate/Shaders/WorkingDirectory/8640/).
[2017.10.25-20.19.28:576][  0]LogShaderCompilers: Cleaned the shader compiler working directory 'C:/Users/Reaper/AppData/Local/Temp/UnrealShaderWorkingDir/FB7354434F901C4CE97651ABF257F03C/'.
[2017.10.25-20.19.28:576][  0]LogShaderCompilers: Display: Using Local Shader Compiler.
[2017.10.25-20.19.29:892][  0]LogTemp: Display: Loaded TP AllDesktopTargetPlatform
[2017.10.25-20.19.29:984][  0]LogTemp: Display: Loaded TP MacClientTargetPlatform
[2017.10.25-20.19.30:073][  0]LogTemp: Display: Loaded TP MacNoEditorTargetPlatform
[2017.10.25-20.19.30:165][  0]LogTemp: Display: Loaded TP MacServerTargetPlatform
[2017.10.25-20.19.30:265][  0]LogTemp: Display: Loaded TP MacTargetPlatform
[2017.10.25-20.19.30:365][  0]LogTemp: Display: Loaded TP WindowsClientTargetPlatform
[2017.10.25-20.19.30:459][  0]LogTemp: Display: Loaded TP WindowsNoEditorTargetPlatform
[2017.10.25-20.19.30:548][  0]LogTemp: Display: Loaded TP WindowsServerTargetPlatform
[2017.10.25-20.19.30:632][  0]LogTemp: Display: Loaded TP WindowsTargetPlatform
[2017.10.25-20.19.30:720][  0]LogTemp: Display: Loaded TP AndroidTargetPlatform
[2017.10.25-20.19.30:807][  0]LogTemp: Display: Loaded TP Android_ASTCTargetPlatform
[2017.10.25-20.19.30:897][  0]LogTemp: Display: Loaded TP Android_ATCTargetPlatform
[2017.10.25-20.19.30:990][  0]LogTemp: Display: Loaded TP Android_DXTTargetPlatform
[2017.10.25-20.19.31:079][  0]LogTemp: Display: Loaded TP Android_ETC1TargetPlatform
[2017.10.25-20.19.31:168][  0]LogTemp: Display: Loaded TP Android_ETC2TargetPlatform
[2017.10.25-20.19.31:343][  0]LogTemp: Display: Loaded TP Android_MultiTargetPlatform
[2017.10.25-20.19.31:343][  0]LogTemp: Display: Loaded TP Android_PVRTCTargetPlatform
[2017.10.25-20.19.31:422][  0]LogTemp: Display: Loaded TP HTML5TargetPlatform
[2017.10.25-20.19.31:571][  0]LogTemp: Display: Loaded TP IOSTargetPlatform
[2017.10.25-20.19.31:620][  0]LogTemp: Display: Loaded TP TVOSTargetPlatform
[2017.10.25-20.19.31:712][  0]LogTemp: Display: Loaded TP LinuxClientTargetPlatform
[2017.10.25-20.19.31:800][  0]LogTemp: Display: Loaded TP LinuxNoEditorTargetPlatform
[2017.10.25-20.19.31:892][  0]LogTemp: Display: Loaded TP LinuxServerTargetPlatform
[2017.10.25-20.19.31:980][  0]LogTemp: Display: Loaded TP LinuxTargetPlatform
[2017.10.25-20.19.31:980][  0]LogTargetPlatformManager: Display: Building Assets For Windows
[2017.10.25-20.19.32:831][  0]LogDerivedDataCache: Display: Max Cache Size: 512 MB
[2017.10.25-20.19.32:954][  0]LogDerivedDataCache: Loaded boot cache 0.12s 93MB C:/Users/Reaper/AppData/Local/UnrealEngine/4.17/DerivedDataCache/Boot.ddc.
[2017.10.25-20.19.32:954][  0]LogDerivedDataCache: Display: Loaded Boot cache: C:/Users/Reaper/AppData/Local/UnrealEngine/4.17/DerivedDataCache/Boot.ddc
[2017.10.25-20.19.32:955][  0]LogDerivedDataCache: FDerivedDataBackendGraph:  Pak pak cache file ../../../../../../Users/Reaper/Documents/Unreal Projects/Main_Character/DerivedDataCache/DDC.ddp not found, will not use a pak cache.
[2017.10.25-20.19.32:955][  0]LogDerivedDataCache: Unable to find inner node Pak for hierarchical cache Hierarchy.
[2017.10.25-20.19.32:955][  0]LogDerivedDataCache: FDerivedDataBackendGraph:  CompressedPak pak cache file ../../../../../../Users/Reaper/Documents/Unreal Projects/Main_Character/DerivedDataCache/Compressed.ddp not found, will not use a pak cache.
[2017.10.25-20.19.32:955][  0]LogDerivedDataCache: Unable to find inner node CompressedPak for hierarchical cache Hierarchy.
[2017.10.25-20.19.32:975][  0]LogDerivedDataCache: Display: Pak cache opened for reading ../../../Engine/DerivedDataCache/Compressed.ddp.
[2017.10.25-20.19.32:989][  0]LogDerivedDataCache: Using Local data cache path C:/Users/Reaper/AppData/Local/UnrealEngine/Common/DerivedDataCache: Writable
[2017.10.25-20.19.33:005][  0]LogMaterial: Verifying Global Shaders for PCD3D_SM5
[2017.10.25-20.19.33:005][  0]LogSlate: Using Freetype 2.6.0
[2017.10.25-20.19.33:007][  0]LogSlate: SlateFontCache - WITH_FREETYPE: 1, WITH_HARFBUZZ: 1
[2017.10.25-20.19.33:007][  0]LogSlate: SlateFontCache - WITH_FREETYPE: 1, WITH_HARFBUZZ: 1
[2017.10.25-20.19.37:461][  0]LogAssetRegistry: FAssetRegistry took 0.1464 seconds to start up
[2017.10.25-20.19.39:780][  0]LogInit: Selected Device Profile: [Windows]
[2017.10.25-20.19.40:404][  0]LogConfig: Warning: Failed to saved backup for config[GameplayTagsList]
[2017.10.25-20.19.40:424][  0]LogConfig: Warning: Failed to saved backup for config[GameplayTags]
[2017.10.25-20.19.45:254][  0]LogContentStreaming: Texture pool size is 0.00 MB
[2017.10.25-20.19.48:646][  0]LogSimplygon: Simplygon DLL not present - disabling.
[2017.10.25-20.19.48:781][  0]LogMeshReduction: Using SimplygonSwarm for distributed automatic mesh merging
[2017.10.25-20.19.48:808][  0]LogMeshReduction: Using QuadricMeshReduction for automatic static mesh reduction
[2017.10.25-20.19.48:809][  0]LogMeshReduction: No automatic skeletal mesh reduction module available
[2017.10.25-20.19.48:809][  0]LogMeshReduction: No automatic mesh merging module available
[2017.10.25-20.19.48:809][  0]LogMeshMerging: No automatic mesh merging module available
[2017.10.25-20.19.55:909][  0]LogNetVersion: Main_Character , NetCL: 3573198, EngineNetVer: 2, GameNetVer: 0 (Checksum: 4159326360)
[2017.10.25-20.19.59:486][  0]LogAssetRegistry: Error: Failed to open file for write ../../../../../../Users/Reaper/Documents/Unreal Projects/Main_Character/Intermediate/AssetRegistryCache/5a627529.bin
[2017.10.25-20.19.59:576][  0]LogAssetRegistry: Error: Failed to open file for write ../../../../../../Users/Reaper/Documents/Unreal Projects/Main_Character/Intermediate/AssetRegistryCache/1d5167fa.bin
[2017.10.25-20.19.59:604][  0]LogAssetRegistry: Error: Failed to open file for write ../../../../../../Users/Reaper/Documents/Unreal Projects/Main_Character/Intermediate/AssetRegistryCache/94c5d5a7.bin
[2017.10.25-20.19.59:646][  0]LogFileManager: Warning: MoveFile was unable to move '../../../../../../Users/Reaper/Documents/Unreal Projects/Main_Character/Intermediate/AssetRegistryCache/f0d5030c.bin.tmp' to '../../../../../../Users/Reaper/Documents/Unreal Projects/Main_Character/Intermediate/AssetRegistryCache/f0d5030c.bin', retrying in .5s...
[2017.10.25-20.20.00:146][  0]LogFileManager: Warning: MoveFile was unable to move '../../../../../../Users/Reaper/Documents/Unreal Projects/Main_Character/Intermediate/AssetRegistryCache/f0d5030c.bin.tmp' to '../../../../../../Users/Reaper/Documents/Unreal Projects/Main_Character/Intermediate/AssetRegistryCache/f0d5030c.bin', retrying in .5s...
[2017.10.25-20.20.00:647][  0]LogFileManager: Warning: MoveFile was unable to move '../../../../../../Users/Reaper/Documents/Unreal Projects/Main_Character/Intermediate/AssetRegistryCache/f0d5030c.bin.tmp' to '../../../../../../Users/Reaper/Documents/Unreal Projects/Main_Character/Intermediate/AssetRegistryCache/f0d5030c.bin', retrying in .5s...
[2017.10.25-20.20.01:147][  0]LogFileManager: Warning: MoveFile was unable to move '../../../../../../Users/Reaper/Documents/Unreal Projects/Main_Character/Intermediate/AssetRegistryCache/f0d5030c.bin.tmp' to '../../../../../../Users/Reaper/Documents/Unreal Projects/Main_Character/Intermediate/AssetRegistryCache/f0d5030c.bin', retrying in .5s...
[2017.10.25-20.20.01:649][  0]LogFileManager: Warning: MoveFile was unable to move '../../../../../../Users/Reaper/Documents/Unreal Projects/Main_Character/Intermediate/AssetRegistryCache/f0d5030c.bin.tmp' to '../../../../../../Users/Reaper/Documents/Unreal Projects/Main_Character/Intermediate/AssetRegistryCache/f0d5030c.bin', retrying in .5s...
[2017.10.25-20.20.02:150][  0]LogFileManager: Warning: MoveFile was unable to move '../../../../../../Users/Reaper/Documents/Unreal Projects/Main_Character/Intermediate/AssetRegistryCache/f0d5030c.bin.tmp' to '../../../../../../Users/Reaper/Documents/Unreal Projects/Main_Character/Intermediate/AssetRegistryCache/f0d5030c.bin', retrying in .5s...
[2017.10.25-20.20.02:652][  0]LogFileManager: Warning: MoveFile was unable to move '../../../../../../Users/Reaper/Documents/Unreal Projects/Main_Character/Intermediate/AssetRegistryCache/f0d5030c.bin.tmp' to '../../../../../../Users/Reaper/Documents/Unreal Projects/Main_Character/Intermediate/AssetRegistryCache/f0d5030c.bin', retrying in .5s...
[2017.10.25-20.20.03:152][  0]LogFileManager: Warning: MoveFile was unable to move '../../../../../../Users/Reaper/Documents/Unreal Projects/Main_Character/Intermediate/AssetRegistryCache/f0d5030c.bin.tmp' to '../../../../../../Users/Reaper/Documents/Unreal Projects/Main_Character/Intermediate/AssetRegistryCache/f0d5030c.bin', retrying in .5s...
[2017.10.25-20.20.03:653][  0]LogFileManager: Warning: MoveFile was unable to move '../../../../../../Users/Reaper/Documents/Unreal Projects/Main_Character/Intermediate/AssetRegistryCache/f0d5030c.bin.tmp' to '../../../../../../Users/Reaper/Documents/Unreal Projects/Main_Character/Intermediate/AssetRegistryCache/f0d5030c.bin', retrying in .5s...
[2017.10.25-20.20.04:155][  0]LogFileManager: Warning: MoveFile was unable to move '../../../../../../Users/Reaper/Documents/Unreal Projects/Main_Character/Intermediate/AssetRegistryCache/f0d5030c.bin.tmp' to '../../../../../../Users/Reaper/Documents/Unreal Projects/Main_Character/Intermediate/AssetRegistryCache/f0d5030c.bin', retrying in .5s...
[2017.10.25-20.20.04:655][  0]LogFileManager: Error: Error moving file '../../../../../../Users/Reaper/Documents/Unreal Projects/Main_Character/Intermediate/AssetRegistryCache/f0d5030c.bin.tmp' to '../../../../../../Users/Reaper/Documents/Unreal Projects/Main_Character/Intermediate/AssetRegistryCache/f0d5030c.bin'.
[2017.10.25-20.20.04:678][  0]LogPackageLocalizationCache: Processed 5 localized package path(s) for 2 prioritized culture(s) in 5.262136 seconds
[2017.10.25-20.20.04:685][  0]LogUObjectArray: 35825 objects as part of root set at end of initial load.
[2017.10.25-20.20.04:685][  0]LogUObjectAllocator: 7529112 out of 0 bytes used by permanent object pool.
[2017.10.25-20.20.04:685][  0]LogUObjectArray: CloseDisregardForGC: 0/0 objects in disregard for GC pool
[2017.10.25-20.20.04:792][  0]LogInit: WinSock: version 1.1 (2.2), MaxSocks=32767, MaxUdp=65467
