Log file open, 10/27/17 18:12:25
LogWindows: LoadLibraryWithSearchPaths failed for file aqProf.dll. GetLastError=0
LogWindows: LoadLibraryWithSearchPaths failed for file VSPerf140.dll. GetLastError=0
LogWindows: LoadLibraryWithSearchPaths failed for file VtuneApi.dll. GetLastError=0
LogWindows: LoadLibraryWithSearchPaths failed for file VtuneApi32e.dll. GetLastError=0
LogInit: Display: Running engine for game: Main_Character
LogPlatformFile: Not using cached read wrapper
LogInit: Display: RandInit(-568169087) SRandInit(-568169086).
LogTaskGraph: Started task graph with 5 named threads and 8 total threads with 3 sets of task threads.
LogStats: Stats thread started at 0.135011
LogD3D11RHI: Aftermath initialized
LogPluginManager: Mounting plugin Paper2D
LogPluginManager: Mounting plugin LightPropagationVolume
LogPluginManager: Mounting plugin CodeLiteSourceCodeAccess
LogPluginManager: Mounting plugin GitSourceControl
LogPluginManager: Mounting plugin KDevelopSourceCodeAccess
LogPluginManager: Mounting plugin NullSourceCodeAccess
LogPluginManager: Mounting plugin PerforceSourceControl
LogPluginManager: Mounting plugin SubversionSourceControl
LogPluginManager: Mounting plugin UObjectPlugin
LogPluginManager: Mounting plugin VisualStudioSourceCodeAccess
LogPluginManager: Mounting plugin XCodeSourceCodeAccess
LogPluginManager: Mounting plugin AssetManagerEditor
LogPluginManager: Mounting plugin AudioCapture
LogPluginManager: Mounting plugin FacialAnimation
LogPluginManager: Mounting plugin GameplayTagsEditor
LogPluginManager: Mounting plugin MobileLauncherProfileWizard
LogPluginManager: Mounting plugin PluginBrowser
LogPluginManager: Mounting plugin SpeedTreeImporter
LogPluginManager: Mounting plugin AlembicImporter
LogPluginManager: Mounting plugin CharacterAI
LogPluginManager: Mounting plugin HTML5Networking
LogPluginManager: Mounting plugin AndroidMedia
LogPluginManager: Mounting plugin AvfMedia
LogPluginManager: Mounting plugin MediaPlayerEditor
LogPluginManager: Mounting plugin WmfMedia
LogPluginManager: Mounting plugin TcpMessaging
LogPluginManager: Mounting plugin UdpMessaging
LogPluginManager: Mounting plugin LevelSequenceEditor
LogPluginManager: Mounting plugin MatineeToLevelSequence
LogPluginManager: Mounting plugin OnlineSubsystemGooglePlay
LogPluginManager: Mounting plugin OnlineSubsystemIOS
LogPluginManager: Mounting plugin OnlineSubsystem
LogPluginManager: Mounting plugin OnlineSubsystemNull
LogPluginManager: Mounting plugin OnlineSubsystemUtils
LogPluginManager: Mounting plugin AndroidDeviceProfileSelector
LogPluginManager: Mounting plugin AndroidMoviePlayer
LogPluginManager: Mounting plugin AndroidPermission
LogPluginManager: Mounting plugin AppleMoviePlayer
LogPluginManager: Mounting plugin ArchVisCharacter
LogPluginManager: Mounting plugin CableComponent
LogPluginManager: Mounting plugin CustomMeshComponent
LogPluginManager: Mounting plugin ExampleDeviceProfileSelector
LogPluginManager: Mounting plugin GoogleCloudMessaging
LogPluginManager: Mounting plugin ImmediatePhysics
LogPluginManager: Mounting plugin IOSDeviceProfileSelector
LogPluginManager: Mounting plugin LinuxDeviceProfileSelector
LogPluginManager: Mounting plugin LocationServicesBPLibrary
LogPluginManager: Mounting plugin MobilePatchingUtils
LogPluginManager: Mounting plugin OculusVR
LogPluginManager: Mounting plugin PhysXVehicles
LogPluginManager: Mounting plugin ProceduralMeshComponent
LogPluginManager: Mounting plugin RuntimePhysXCooking
LogPluginManager: Mounting plugin SteamVR
LogPluginManager: Mounting plugin WindowsMoviePlayer
LogInit: Using libcurl 7.47.1
LogInit:  - built for x86_64-pc-win32
LogInit:  - supports SSL with OpenSSL/1.0.2g
LogInit:  - supports HTTP deflate (compression) using libz 1.2.8
LogInit:  - other features:
LogInit:      CURL_VERSION_SSL
LogInit:      CURL_VERSION_LIBZ
LogInit:      CURL_VERSION_IPV6
LogInit:      CURL_VERSION_ASYNCHDNS
LogInit:      CURL_VERSION_LARGEFILE
LogInit:      CURL_VERSION_IDN
LogInit:  CurlRequestOptions (configurable via config and command line):
LogInit:  - bVerifyPeer = false  - Libcurl will NOT verify peer certificate
LogInit:  - bUseHttpProxy = false  - Libcurl will NOT use HTTP proxy
LogInit:  - bDontReuseConnections = false  - Libcurl will reuse connections
LogInit:  - CertBundlePath = nullptr  - Libcurl will use whatever was configured at build time.
LogInit: Build: ++UE4+Release-4.17-CL-3586342
LogInit: Engine Version: 4.17.1-3586342+++UE4+Release-4.17
LogInit: Compatible Engine Version: 4.17.0-3573198+++UE4+Release-4.17
LogInit: Net CL: 3573198
LogDevObjectVersion: Number of dev versions registered: 16
LogDevObjectVersion:   Dev-Blueprints (B0D832E4-1F89-4F0D-ACCF-7EB736FD4AA2): 10
LogDevObjectVersion:   Dev-Build (E1C64328-A22C-4D53-A36C-8E866417BD8C): 0
LogDevObjectVersion:   Dev-Core (375EC13C-06E4-48FB-B500-84F0262A717E): 2
LogDevObjectVersion:   Dev-Editor (E4B068ED-F494-42E9-A231-DA0B2E46BB41): 20
LogDevObjectVersion:   Dev-Framework (CFFC743F-43B0-4480-9391-14DF171D2073): 28
LogDevObjectVersion:   Dev-Mobile (B02B49B5-BB20-44E9-A304-32B752E40360): 0
LogDevObjectVersion:   Dev-Networking (A4E4105C-59A1-49B5-A7C5-40C4547EDFEE): 0
LogDevObjectVersion:   Dev-Online (39C831C9-5AE6-47DC-9A44-9C173E1C8E7C): 0
LogDevObjectVersion:   Dev-Physics (78F01B33-EBEA-4F98-B9B4-84EACCB95AA2): 0
LogDevObjectVersion:   Dev-Platform (6631380F-2D4D-43E0-8009-CF276956A95A): 0
LogDevObjectVersion:   Dev-Rendering (12F88B9F-8875-4AFC-A67C-D90C383ABD29): 19
LogDevObjectVersion:   Dev-Sequencer (7B5AE74C-D270-4C10-A958-57980B212A5A): 4
LogDevObjectVersion:   Dev-VR (D7296918-1DD6-4BDD-9DE2-64A83CC13884): 0
LogDevObjectVersion:   Dev-LoadTimes (C2A15278-BFE7-4AFE-6C17-90FF531DF755): 1
LogDevObjectVersion:   Private-Geometry (6EACA3D4-40EC-4CC1-B786-8BED09428FC5): 1
LogDevObjectVersion:   Dev-AnimPhys (29E575DD-E0A3-4627-9D10-D276232CDCEA): 7
LogInit: Compiled (64-bit): Aug 15 2017 02:05:26
LogInit: Compiled with Visual C++: 19.00.24215.01
LogInit: Build Configuration: Development
LogInit: Branch Name: ++UE4+Release-4.17
LogInit: Command line:  
LogInit: Base directory: C:/Program Files/Epic Games/UE_4.17/Engine/Binaries/Win64/
LogInit: Installed Engine Build: 1
LogInit: Presizing for max 8388607 objects, including 0 objects not considered by GC, pre-allocating 0 bytes for permanent pool.
LogInit: Object subsystem initialized
[2017.10.28-00.12.27:395][  0]LogInit: Selected Device Profile: [Windows]
[2017.10.28-00.12.27:395][  0]LogInit: Applying CVar settings loaded from the selected device profile: [Windows]
[2017.10.28-00.12.27:430][  0]LogInit: Computer: LAPTOP-59HO4QPN
[2017.10.28-00.12.27:430][  0]LogInit: User: Reaper
[2017.10.28-00.12.27:430][  0]LogInit: CPU Page size=4096, Cores=2
[2017.10.28-00.12.27:430][  0]LogInit: High frequency timer resolution =2.343748 MHz
[2017.10.28-00.12.27:430][  0]LogMemory: Memory total: Physical=7.9GB (8GB approx)
[2017.10.28-00.12.27:430][  0]LogMemory: Platform Memory Stats for Windows
[2017.10.28-00.12.27:430][  0]LogMemory: Process Physical Memory: 279.10 MB used, 279.10 MB peak
[2017.10.28-00.12.27:430][  0]LogMemory: Process Virtual Memory: 275.71 MB used, 275.71 MB peak
[2017.10.28-00.12.27:430][  0]LogMemory: Physical Memory: 3473.13 MB used,  4608.78 MB free, 8081.91 MB total
[2017.10.28-00.12.27:430][  0]LogMemory: Virtual Memory: 652.51 MB used,  4608.78 MB free, 134217728.00 MB total
[2017.10.28-00.12.28:013][  0]LogInit: Using OS detected language (en-US).
[2017.10.28-00.12.28:013][  0]LogInit: Using OS detected locale (en-US).
[2017.10.28-00.12.28:116][  0]LogTextLocalizationManager: No specific localization for 'en-US' exists, so the 'en' localization will be used.
[2017.10.28-00.12.31:313][  0]LogD3D11RHI: D3D11 adapters:
[2017.10.28-00.12.31:323][  0]LogD3D11RHI:    0. 'Intel(R) HD Graphics 520' (Feature Level 11_0)
[2017.10.28-00.12.31:323][  0]LogD3D11RHI:       128/0/4040 MB DedicatedVideo/DedicatedSystem/SharedSystem, Outputs:1, VendorId:0x8086
[2017.10.28-00.12.31:326][  0]LogD3D11RHI:    1. 'Microsoft Basic Render Driver' (Feature Level 11_0)
[2017.10.28-00.12.31:326][  0]LogD3D11RHI:       0/0/4040 MB DedicatedVideo/DedicatedSystem/SharedSystem, Outputs:0, VendorId:0x1414
[2017.10.28-00.12.31:326][  0]LogD3D11RHI: Chosen D3D11 Adapter: 0
[2017.10.28-00.12.31:332][  0]LogD3D11RHI: Creating new Direct3DDevice
[2017.10.28-00.12.31:332][  0]LogD3D11RHI:     GPU DeviceId: 0x1916 (for the marketing name, search the web for "GPU Device Id")
[2017.10.28-00.12.31:332][  0]LogWindows: EnumDisplayDevices:
[2017.10.28-00.12.31:332][  0]LogWindows:    0. 'Intel(R) HD Graphics 520' (P:1 D:1)
[2017.10.28-00.12.31:333][  0]LogWindows:    1. 'Intel(R) HD Graphics 520' (P:0 D:0)
[2017.10.28-00.12.31:333][  0]LogWindows:    2. 'Intel(R) HD Graphics 520' (P:0 D:0)
[2017.10.28-00.12.31:333][  0]LogWindows: DebugString: FoundDriverCount:3 
[2017.10.28-00.12.31:333][  0]LogD3D11RHI:     Adapter Name: Intel(R) HD Graphics 520
[2017.10.28-00.12.31:333][  0]LogD3D11RHI:   Driver Version: 21.20.16.4542 (internal:21.20.16.4542, unified:21.20.16.4542)
[2017.10.28-00.12.31:333][  0]LogD3D11RHI:      Driver Date: 10-24-2016
[2017.10.28-00.12.31:333][  0]LogRHI: Texture pool is 1361 MB (70% of 1945 MB)
[2017.10.28-00.12.31:341][  0]LogD3D11RHI: Async texture creation enabled
[2017.10.28-00.12.31:349][  0]LogD3D11RHI: GPU Timing Frequency: 12.000000 (Debug: 2 0)
[2017.10.28-00.12.31:350][  0]LogShaderCompilers: Guid format shader working directory is -24 characters bigger than the processId version (../../../../../../Users/Reaper/Documents/Unreal Projects/Main_Character/Intermediate/Shaders/WorkingDirectory/5396/).
[2017.10.28-00.12.31:351][  0]LogShaderCompilers: Cleaned the shader compiler working directory 'C:/Users/Reaper/AppData/Local/Temp/UnrealShaderWorkingDir/769EC6934356FA39A98D68ABA1E0C115/'.
[2017.10.28-00.12.31:351][  0]LogShaderCompilers: Display: Using Local Shader Compiler.
[2017.10.28-00.12.33:652][  0]LogTemp: Display: Loaded TP AllDesktopTargetPlatform
[2017.10.28-00.12.33:768][  0]LogTemp: Display: Loaded TP MacClientTargetPlatform
[2017.10.28-00.12.33:903][  0]LogTemp: Display: Loaded TP MacNoEditorTargetPlatform
[2017.10.28-00.12.34:048][  0]LogTemp: Display: Loaded TP MacServerTargetPlatform
[2017.10.28-00.12.34:188][  0]LogTemp: Display: Loaded TP MacTargetPlatform
[2017.10.28-00.12.34:305][  0]LogTemp: Display: Loaded TP WindowsClientTargetPlatform
[2017.10.28-00.12.34:441][  0]LogTemp: Display: Loaded TP WindowsNoEditorTargetPlatform
[2017.10.28-00.12.34:553][  0]LogTemp: Display: Loaded TP WindowsServerTargetPlatform
[2017.10.28-00.12.34:673][  0]LogTemp: Display: Loaded TP WindowsTargetPlatform
[2017.10.28-00.12.34:798][  0]LogTemp: Display: Loaded TP AndroidTargetPlatform
[2017.10.28-00.12.34:914][  0]LogTemp: Display: Loaded TP Android_ASTCTargetPlatform
[2017.10.28-00.12.35:035][  0]LogTemp: Display: Loaded TP Android_ATCTargetPlatform
[2017.10.28-00.12.35:236][  0]LogTemp: Display: Loaded TP Android_DXTTargetPlatform
[2017.10.28-00.12.35:370][  0]LogTemp: Display: Loaded TP Android_ETC1TargetPlatform
[2017.10.28-00.12.35:636][  0]LogTemp: Display: Loaded TP Android_ETC2TargetPlatform
[2017.10.28-00.12.36:036][  0]LogTemp: Display: Loaded TP Android_MultiTargetPlatform
[2017.10.28-00.12.36:036][  0]LogTemp: Display: Loaded TP Android_PVRTCTargetPlatform
[2017.10.28-00.12.36:216][  0]LogTemp: Display: Loaded TP HTML5TargetPlatform
[2017.10.28-00.12.36:499][  0]LogTemp: Display: Loaded TP IOSTargetPlatform
[2017.10.28-00.12.36:550][  0]LogTemp: Display: Loaded TP TVOSTargetPlatform
[2017.10.28-00.12.36:668][  0]LogTemp: Display: Loaded TP LinuxClientTargetPlatform
[2017.10.28-00.12.36:784][  0]LogTemp: Display: Loaded TP LinuxNoEditorTargetPlatform
[2017.10.28-00.12.36:919][  0]LogTemp: Display: Loaded TP LinuxServerTargetPlatform
[2017.10.28-00.12.37:054][  0]LogTemp: Display: Loaded TP LinuxTargetPlatform
[2017.10.28-00.12.37:054][  0]LogTargetPlatformManager: Display: Building Assets For Windows
[2017.10.28-00.12.38:726][  0]LogDerivedDataCache: Display: Max Cache Size: 512 MB
[2017.10.28-00.12.40:250][  0]LogDerivedDataCache: Loaded boot cache 1.52s 93MB C:/Users/Reaper/AppData/Local/UnrealEngine/4.17/DerivedDataCache/Boot.ddc.
[2017.10.28-00.12.40:250][  0]LogDerivedDataCache: Display: Loaded Boot cache: C:/Users/Reaper/AppData/Local/UnrealEngine/4.17/DerivedDataCache/Boot.ddc
[2017.10.28-00.12.40:250][  0]LogDerivedDataCache: FDerivedDataBackendGraph:  Pak pak cache file ../../../../../../Users/Reaper/Documents/Unreal Projects/Main_Character/DerivedDataCache/DDC.ddp not found, will not use a pak cache.
[2017.10.28-00.12.40:250][  0]LogDerivedDataCache: Unable to find inner node Pak for hierarchical cache Hierarchy.
[2017.10.28-00.12.40:250][  0]LogDerivedDataCache: FDerivedDataBackendGraph:  CompressedPak pak cache file ../../../../../../Users/Reaper/Documents/Unreal Projects/Main_Character/DerivedDataCache/Compressed.ddp not found, will not use a pak cache.
[2017.10.28-00.12.40:250][  0]LogDerivedDataCache: Unable to find inner node CompressedPak for hierarchical cache Hierarchy.
[2017.10.28-00.12.40:270][  0]LogDerivedDataCache: Display: Pak cache opened for reading ../../../Engine/DerivedDataCache/Compressed.ddp.
[2017.10.28-00.12.40:283][  0]LogDerivedDataCache: Using Local data cache path C:/Users/Reaper/AppData/Local/UnrealEngine/Common/DerivedDataCache: Writable
[2017.10.28-00.12.40:295][  0]LogMaterial: Verifying Global Shaders for PCD3D_SM5
[2017.10.28-00.12.40:295][  0]LogSlate: Using Freetype 2.6.0
[2017.10.28-00.12.40:333][  0]LogSlate: SlateFontCache - WITH_FREETYPE: 1, WITH_HARFBUZZ: 1
[2017.10.28-00.12.40:333][  0]LogSlate: SlateFontCache - WITH_FREETYPE: 1, WITH_HARFBUZZ: 1
[2017.10.28-00.12.44:974][  0]LogAssetRegistry: FAssetRegistry took 0.0271 seconds to start up
[2017.10.28-00.12.45:177][  0]LogInit: Selected Device Profile: [Windows]
[2017.10.28-00.12.46:183][  0]LogSimplygon: Simplygon DLL not present - disabling.
[2017.10.28-00.12.46:284][  0]LogMeshReduction: Using SimplygonSwarm for distributed automatic mesh merging
[2017.10.28-00.12.46:284][  0]LogMeshReduction: Using QuadricMeshReduction for automatic static mesh reduction
[2017.10.28-00.12.46:284][  0]LogMeshReduction: No automatic skeletal mesh reduction module available
[2017.10.28-00.12.46:284][  0]LogMeshReduction: No automatic mesh merging module available
[2017.10.28-00.12.46:284][  0]LogMeshMerging: No automatic mesh merging module available
[2017.10.28-00.12.46:306][  0]LogContentStreaming: Texture pool size is 0.00 MB
[2017.10.28-00.12.46:964][  0]LogNetVersion: Main_Character , NetCL: 3573198, EngineNetVer: 2, GameNetVer: 0 (Checksum: 4159326360)
[2017.10.28-00.12.47:393][  0]LogPackageLocalizationCache: Processed 5 localized package path(s) for 2 prioritized culture(s) in 0.123660 seconds
[2017.10.28-00.12.47:400][  0]LogUObjectArray: 35825 objects as part of root set at end of initial load.
[2017.10.28-00.12.47:400][  0]LogUObjectAllocator: 7529104 out of 0 bytes used by permanent object pool.
[2017.10.28-00.12.47:400][  0]LogUObjectArray: CloseDisregardForGC: 0/0 objects in disregard for GC pool
[2017.10.28-00.12.47:528][  0]LogInit: WinSock: version 1.1 (2.2), MaxSocks=32767, MaxUdp=65467
[2017.10.28-00.13.16:455][  0]LogTcpMessaging: Initializing TcpMessaging bridge
[2017.10.28-00.13.16:559][  0]LogUdpMessaging: Initializing bridge on interface 0.0.0.0:0 to multicast group 230.0.0.1:6666.
[2017.10.28-00.13.18:293][  0]LogMaterial: Uniform references updated for custom material expression Custom.
[2017.10.28-00.13.19:269][  0]SourceControl: Source control is disabled
[2017.10.28-00.13.19:269][  0]SourceControl: Source control is disabled
[2017.10.28-00.13.19:424][  0]SourceControl: Source control is disabled
[2017.10.28-00.13.19:566][  0]SourceControl: Source control is disabled
[2017.10.28-00.13.21:383][  0]LogAndroidPermission: UAndroidPermissionCallbackProxy::GetInstance
[2017.10.28-00.13.22:046][  0]LogOcInput: OculusInput pre-init called
[2017.10.28-00.13.22:650][  0]LogEngine: Initializing Engine...
[2017.10.28-00.13.22:653][  0]LogHMD: Failed to initialize OpenVR with code 110
[2017.10.28-00.13.22:968][  0]LogStats: UGameplayTagsManager::ConstructGameplayTagTree: Construct from data asset -  0.000 s
[2017.10.28-00.13.22:968][  0]LogStats: UGameplayTagsManager::ConstructGameplayTagTree: GameplayTagTreeChangedEvent.Broadcast -  0.000 s
[2017.10.28-00.13.23:257][  0]LogAIModule: Creating AISystem for world Untitled
[2017.10.28-00.13.23:269][  0]LogInit: XAudio2 using 'Speaker/HP (Realtek High Definition Audio)' : 2 channels at 48 kHz using 32 bits per sample (channel mask 0x3)
[2017.10.28-00.13.23:292][  0]LogInit: FAudioDevice initialized.
[2017.10.28-00.13.23:565][  0]LogDerivedDataCache: Saved boot cache 0.27s 93MB C:/Users/Reaper/AppData/Local/UnrealEngine/4.17/DerivedDataCache/Boot.ddc.
[2017.10.28-00.13.23:579][  0]LogInit: Texture streaming: Enabled
[2017.10.28-00.13.23:843][  0]LogEngineSessionManager: EngineSessionManager initialized
[2017.10.28-00.13.24:462][  0]LogInit: Transaction tracking system initialized
[2017.10.28-00.13.25:273][  0]BlueprintLog: New page: Editor Load
[2017.10.28-00.13.27:458][  0]LocalizationService: Localization service is disabled
[2017.10.28-00.13.29:609][  0]LogConsoleResponse: Display: 
[2017.10.28-00.13.30:457][  0]LogCook: Display: Max memory allowance for cook 16384mb min free memory 0mb
[2017.10.28-00.13.30:457][  0]LogCook: Display: Mobile HDR setting 1
[2017.10.28-00.13.30:457][  0]LogGameplayTags: Display: UGameplayTagsManager::DoneAddingNativeTags. DelegateIsBound: 0
[2017.10.28-00.13.30:832][  0]LogFileCache: Scanning file cache for directory 'C:/Users/Reaper/Documents/Unreal Projects/Main_Character/Content/' took 0.03s
[2017.10.28-00.13.33:991][  0]SourceControl: Source control is disabled
[2017.10.28-00.13.33:992][  0]Cmd: MAP LOAD FILE="../../../Engine/Content/Maps/Templates/Template_Default.umap" TEMPLATE=1 SHOWPROGRESS=1 FEATURELEVEL=3
[2017.10.28-00.13.34:013][  0]LightingResults: New page: Lighting Build
[2017.10.28-00.13.34:096][  0]MapCheck: New page: Map Check
[2017.10.28-00.13.34:096][  0]LightingResults: New page: Lighting Build
[2017.10.28-00.13.34:541][  0]LogAIModule: Creating AISystem for world Untitled_1
[2017.10.28-00.13.34:549][  0]LogEditorServer: Finished looking for orphan Actors (0.000 secs)
[2017.10.28-00.13.34:581][  0]Cmd: MAP CHECKDEP NOCLEARLOG
[2017.10.28-00.13.34:740][  0]MapCheck: Map check complete: 0 Error(s), 0 Warning(s), took 158.866ms to complete.
[2017.10.28-00.13.34:740][  0]LogFileHelpers: Loading map 'Template_Default' took 0.749
[2017.10.28-00.13.34:854][  0]LogWindowsTextInputMethodSystem: Display: IME system now deactivated.
[2017.10.28-00.13.34:854][  0]LogWindowsTextInputMethodSystem: Display: IME system now deactivated.
[2017.10.28-00.13.35:015][  0]LogCollectionManager: Loaded 0 collections in 0.003862 seconds
[2017.10.28-00.13.35:185][  0]LogFileCache: Scanning file cache for directory 'C:/Users/Reaper/Documents/Unreal Projects/Main_Character/Saved/Collections/' took 0.01s
[2017.10.28-00.13.35:185][  0]LogFileCache: Scanning file cache for directory 'C:/Users/Reaper/Documents/Unreal Projects/Main_Character/Content/Developers/Reaper/Collections/' took 0.01s
[2017.10.28-00.13.35:185][  0]LogFileCache: Scanning file cache for directory 'C:/Users/Reaper/Documents/Unreal Projects/Main_Character/Content/Collections/' took 0.01s
[2017.10.28-00.13.35:185][  0]LogCollectionManager: Rebuilt the GUID cache for 0 collections in 0.000001 seconds
[2017.10.28-00.13.35:198][  0]LogContentBrowser: Native class hierarchy populated in 0.0129 seconds. Added 2386 classes and 500 folders.
[2017.10.28-00.13.35:351][  0]LogContentBrowser: Native class hierarchy updated for 'WidgetCarousel' in 0.0007 seconds. Added 0 classes and 0 folders.
[2017.10.28-00.13.35:476][  0]LogContentBrowser: Native class hierarchy updated for 'AddContentDialog' in 0.0013 seconds. Added 0 classes and 0 folders.
[2017.10.28-00.13.35:585][  0]LogContentBrowser: Native class hierarchy updated for 'SceneOutliner' in 0.0008 seconds. Added 1 classes and 2 folders.
[2017.10.28-00.13.35:642][  0]LogSlate: Took 0.000481 seconds to synchronously load lazily loaded font '../../../Engine/Content/Slate/Fonts/Roboto-Regular.ttf' (155K)
[2017.10.28-00.13.35:645][  0]LogSlate: Took 0.000413 seconds to synchronously load lazily loaded font '../../../Engine/Content/Slate/Fonts/Roboto-Bold.ttf' (160K)
[2017.10.28-00.13.35:652][  0]LogSlate: Took 0.000383 seconds to synchronously load lazily loaded font '../../../Engine/Content/Editor/Slate/Fonts/FontAwesome.ttf' (139K)
[2017.10.28-00.13.35:792][  0]LogRenderer: Reallocating scene render targets to support 840x388 Format 9 NumSamples 1 (Frame:1).
[2017.10.28-00.13.36:483][  0]LogContentBrowser: Native class hierarchy updated for 'HierarchicalLODOutliner' in 0.0009 seconds. Added 1 classes and 2 folders.
[2017.10.28-00.13.36:483][  0]LogLoad: (Engine Initialization) Total time: 73.78 seconds
[2017.10.28-00.13.36:483][  0]LogLoad: (Engine Initialization) Total Blueprint compile time: 0.00 seconds
[2017.10.28-00.13.36:483][  0]LogExternalProfiler: No external profilers were discovered.  External profiling features will not be available.
[2017.10.28-00.13.36:515][  0]LogContentStreaming: Texture pool size now 400 MB
[2017.10.28-00.13.36:553][  1]LogAssetRegistry: Asset discovery search completed in 51.6013 seconds
[2017.10.28-00.13.36:556][  1]LogCollectionManager: Rebuilt the object cache for 0 collections in 0.000001 seconds (found 0 objects)
[2017.10.28-00.13.36:556][  1]LogCollectionManager: Fixed up redirectors for 0 collections in 0.000087 seconds (updated 0 objects)
[2017.10.28-00.13.40:534][322]LogSlate: Took 0.000537 seconds to synchronously load lazily loaded font '../../../Engine/Content/Slate/Fonts/Roboto-Light.ttf' (159K)
[2017.10.28-00.13.42:785][511]LogSlate: Took 0.000318 seconds to synchronously load lazily loaded font '../../../Engine/Content/Slate/Fonts/Roboto-Light.ttf' (159K)
[2017.10.28-00.13.44:155][511]LogAIModule: Creating AISystem for world Main_Character
[2017.10.28-00.13.44:180][511]Cmd: MAP LOAD FILE="../../../../../../Users/Reaper/Documents/Unreal Projects/Main_Character/Content/Main_Character.umap" TEMPLATE=0 SHOWPROGRESS=1 FEATURELEVEL=3
[2017.10.28-00.13.44:181][511]LightingResults: New page: Lighting Build
[2017.10.28-00.13.44:181][511]LoadErrors: New page: Loading map: Main_Character.umap
[2017.10.28-00.13.44:182][511]MapCheck: New page: Map Check
[2017.10.28-00.13.44:182][511]LightingResults: New page: Lighting Build
[2017.10.28-00.13.44:198][511]LogEditorServer: Finished looking for orphan Actors (0.000 secs)
[2017.10.28-00.13.44:235][511]Cmd: MAP CHECKDEP NOCLEARLOG
[2017.10.28-00.13.44:408][511]MapCheck: Map check complete: 0 Error(s), 0 Warning(s), took 172.713ms to complete.
[2017.10.28-00.13.44:410][511]LogFileHelpers: Loading map 'Main_Character' took 0.230
[2017.10.28-00.14.04:057][ 54]Cmd: TRANSACTION UNDO
[2017.10.28-00.14.04:058][ 54]LogEditorTransaction: Undo Create Actors
[2017.10.28-00.14.04:093][ 54]LogSlate: Took 0.000479 seconds to synchronously load lazily loaded font '../../../Engine/Content/Slate/Fonts/Roboto-Light.ttf' (159K)
[2017.10.28-00.14.07:760][305]Cmd: TRANSACTION UNDO
[2017.10.28-00.14.07:760][305]LogEditorTransaction: Undo Create Actors
[2017.10.28-00.14.21:084][243]Cmd: TRANSACTION UNDO
[2017.10.28-00.14.21:084][243]LogEditorTransaction: Undo Move Actors
[2017.10.28-00.14.25:369][527]Cmd: TRANSACTION UNDO
[2017.10.28-00.14.25:369][527]LogEditorTransaction: Undo Move Actors
[2017.10.28-00.14.32:622][ 46]Cmd: TRANSACTION UNDO
[2017.10.28-00.14.32:622][ 46]LogEditorTransaction: Undo Move Actors
[2017.10.28-00.14.33:053][ 68]Cmd: TRANSACTION UNDO
[2017.10.28-00.14.33:053][ 68]LogEditorTransaction: Undo Move Actors
[2017.10.28-00.14.33:616][108]Cmd: TRANSACTION UNDO
[2017.10.28-00.14.33:616][108]LogEditorTransaction: Undo Move Actors
[2017.10.28-00.14.34:191][148]Cmd: TRANSACTION UNDO
[2017.10.28-00.14.34:191][148]LogEditorTransaction: Undo Create Actors
[2017.10.28-00.14.48:120][151]LogEditorViewport: Clicking on Actor (LMB): BP_Sky_Sphere_C (Sky Sphere)
[2017.10.28-00.14.50:982][326]MapCheck: New page: Map Check
[2017.10.28-00.14.51:000][326]Cmd: MAP REBUILD ALLVISIBLE
[2017.10.28-00.14.51:001][326]LogEditorServer: Rebuildmap Clear paths rebuilt
[2017.10.28-00.14.51:170][326]LogMaterial: Missing cached shader map for material FDebugViewModeMaterialProxy WorldGridMaterial, compiling. Is special engine material.
[2017.10.28-00.14.51:181][326]LogMaterial: Missing cached shader map for material FDebugViewModeMaterialProxy DefaultMaterial, compiling. 
[2017.10.28-00.14.51:187][326]LogMaterial: Missing cached shader map for material FDebugViewModeMaterialProxy MaterialInstanceDynamic_2, compiling. 
[2017.10.28-00.14.51:198][326]LogMaterial: Missing cached shader map for material FDebugViewModeMaterialProxy Bodymat, compiling. 
[2017.10.28-00.14.51:206][326]LogMaterial: Missing cached shader map for material FDebugViewModeMaterialProxy Topmat, compiling. 
[2017.10.28-00.14.51:215][326]LogMaterial: Missing cached shader map for material FDebugViewModeMaterialProxy Shoesmat, compiling. 
[2017.10.28-00.14.51:224][326]LogMaterial: Missing cached shader map for material FDebugViewModeMaterialProxy Hairmat, compiling. 
[2017.10.28-00.14.51:234][326]LogMaterial: Missing cached shader map for material FDebugViewModeMaterialProxy Bottommat, compiling. 
[2017.10.28-00.14.52:593][326]TextureStreamingBuild: Display: Compiling optional shaders took 1.431 seconds.
[2017.10.28-00.14.52:660][326]LogLevel: Display: Export Material TexCoord Scales took 0.067 seconds.
[2017.10.28-00.14.52:665][326]TextureStreamingBuild: Display: Build Texture Streaming took 0.005 seconds.
[2017.10.28-00.14.52:676][326]LightingResults: New page: Lighting Build - Oct 27, 2017, 12:14:52 PM
[2017.10.28-00.14.52:812][326]LogSwarmInterface: [OpenConnection] Registering TCP channel ...
[2017.10.28-00.14.52:971][326]LogSwarmInterface: [OpenConnection] Connecting to agent ...
[2017.10.28-00.14.52:983][326]LogSwarmInterface: [TryOpenConnection] Testing the Agent
[2017.10.28-00.14.55:065][326]LogSwarmInterface: [TryOpenConnection] Opening Connection to Agent
[2017.10.28-00.14.55:065][326]LogSwarmInterface: [TryOpenConnection] Local Process ID is 5396
[2017.10.28-00.14.59:299][326]LogStaticLightingSystem: Warning: No importance volume found, so the scene bounding box was used.  You can optimize your scene's quality and lighting build times by adding importance volumes.
[2017.10.28-00.14.59:299][326]LogStaticLightingSystem: Running Lightmass w/ ImmediateImport mode ENABLED
[2017.10.28-00.14.59:299][326]LogStaticLightingSystem: Running Lightmass w/ ImmediateProcess mode ENABLED
[2017.10.28-00.14.59:299][326]LogStaticLightingSystem: Running Lightmass w/ Sorting mode ENABLED
[2017.10.28-00.14.59:299][326]LogStaticLightingSystem: Running Lightmass w/ Mapping paddings ENABLED
[2017.10.28-00.14.59:299][326]LogStaticLightingSystem: Running Lightmass w/ Mapping debug paddings DISABLED
[2017.10.28-00.14.59:736][326]Cmd: MAP CHECK DONTDISPLAYDIALOG
[2017.10.28-00.14.59:737][326]MapCheck: New page: Main_Character - Oct 27, 2017, 12:14:59 PM
[2017.10.28-00.14.59:903][326]MapCheck: Map check complete: 0 Error(s), 0 Warning(s), took 166.287ms to complete.
[2017.10.28-00.14.59:926][326]LogEditorBuildUtils: Build time 0:08
[2017.10.28-00.15.02:251][398]Job is a success!
[2017.10.28-00.15.02:465][399]LogTexture: Display: Building textures: SkyOcclusion0_1 (AutoDXT, 256X128)
[2017.10.28-00.15.02:465][399]LogTexture: Display: Building textures: HQ_Lightmap1_1 (AutoDXT, 256X256)
[2017.10.28-00.15.02:465][399]LogTexture: Display: Building textures: LQ_Lightmap_1_1 (DXT1, 256X256)
[2017.10.28-00.15.02:465][399]LogTexture: Display: Building textures: SkyOcclusion0_2 (AutoDXT, 64X32)
[2017.10.28-00.15.02:465][399]LogTexture: Display: Building textures: HQ_Lightmap1_2 (AutoDXT, 64X64)
[2017.10.28-00.15.02:465][399]LogTexture: Display: Building textures: LQ_Lightmap_1_2 (DXT1, 64X64)
[2017.10.28-00.15.02:465][399]LogTexture: Display: Building textures: ShadowMapTexture2D_0 (G8, 128X128)
[2017.10.28-00.15.02:465][399]LogTexture: Display: Building textures: ShadowMapTexture2D_1 (G8, 32X32)
[2017.10.28-00.15.02:537][399]Lightmass on LAPTOP-59HO4QPN: 829 ms total, 216 ms importing, 12 ms setup, 137 ms photons, 443 ms processing, 0 ms extra exporting [2/2 mappings]. Threads: 1.73 sec total, 331 ms processing.
[2017.10.28-00.15.02:580][399]LogStaticLightingSystem: Illumination: 9.87 sec (26 ms encoding lightmaps, 76 ms encoding shadowmaps)
[2017.10.28-00.15.02:580][399]LogStaticLightingSystem: Lightmap texture memory:  0.2 MB (0.2 MB streaming, 0.0 MB non-streaming), 4 textures
[2017.10.28-00.15.02:580][399]LogStaticLightingSystem: Shadowmap texture memory: 0.0 MB (0.0 MB streaming, 0.0 MB non-streaming), 2 textures
[2017.10.28-00.15.03:306][399]DumpUnbuiltLightIteractions
[2017.10.28-00.15.03:306][399]Lights with unbuilt interactions: 0
[2017.10.28-00.15.03:306][399]
[2017.10.28-00.15.03:306][399]Primitives with unbuilt interactions: 0
[2017.10.28-00.15.03:488][400]Cmd: MAP CHECK NOTIFYRESULTS
[2017.10.28-00.15.03:488][400]MapCheck: New page: Main_Character - Oct 27, 2017, 12:15:03 PM
[2017.10.28-00.15.03:654][400]MapCheck: Map check complete: 0 Error(s), 0 Warning(s), took 165.556ms to complete.
[2017.10.28-00.15.13:963][  9]Cmd: SELECT NONE
[2017.10.28-00.15.21:445][481]LogContentBrowser: Native class hierarchy updated for 'MaterialEditor' in 0.0008 seconds. Added 1 classes and 0 folders.
[2017.10.28-00.15.21:449][481]LogMaterial: Missing cached shader map for material Bottommat, compiling. 
[2017.10.28-00.15.21:640][481]LogMaterial: Missing cached shader map for material Bottommat, compiling. 
[2017.10.28-00.15.21:712][481]LogMaterial: Missing cached shader map for material Bottommat, compiling. 
[2017.10.28-00.15.21:811][481]LogMaterial: Missing cached shader map for material FMatExpressionPreview MaterialExpressionTextureSample_0, compiling. 
[2017.10.28-00.15.21:820][481]LogMaterial: Missing cached shader map for material FMatExpressionPreview MaterialExpressionTextureSample_1, compiling. 
[2017.10.28-00.15.21:827][481]LogMaterial: Missing cached shader map for material FMatExpressionPreview MaterialExpressionTextureSample_2, compiling. 
[2017.10.28-00.15.21:835][481]LogMaterial: Missing cached shader map for material FMatExpressionPreview MaterialExpressionTextureSample_3, compiling. 
[2017.10.28-00.15.21:843][481]LogMaterial: Missing cached shader map for material FMatExpressionPreview MaterialExpressionTextureSample_4, compiling. 
[2017.10.28-00.15.21:866][481]LogSlate: Took 0.000614 seconds to synchronously load lazily loaded font '../../../Engine/Content/Editor/Slate/Fonts/Roboto-BoldCondensed.ttf' (158K)
[2017.10.28-00.15.49:006][770]LogMaterial: Missing cached shader map for material Bottommat, compiling. 
[2017.10.28-00.16.11:361][698]LogMaterial: Missing cached shader map for material Bottommat, compiling. 
[2017.10.28-00.16.15:593][921]LogMaterialEditor: Applying material Bottommat
[2017.10.28-00.16.16:647][921]LogMaterial: Missing cached shader map for material Bottommat, compiling. 
[2017.10.28-00.16.16:850][921]LogMaterial: Missing cached shader map for material Bottommat, compiling. 
[2017.10.28-00.16.17:014][921]LogMaterial: Missing cached shader map for material Bottommat, compiling. 
[2017.10.28-00.16.17:198][921]LogMaterial: Missing cached shader map for material FDebugViewModeMaterialProxy Bottommat, compiling. 
[2017.10.28-00.16.26:937][921]TextureStreamingBuild: Display: Compiling optional shaders took 9.750 seconds.
[2017.10.28-00.16.48:177][266]LogEditorViewport: Clicking on Actor (LMB): SkyLight (SkyLight)
[2017.10.28-00.16.51:447][459]Cmd: TRANSACTION UNDO
[2017.10.28-00.16.51:447][459]LogEditorTransaction: Undo Move Actors
[2017.10.28-00.16.51:473][459]LogMaterial: Missing cached shader map for material Bottommat, compiling. 
[2017.10.28-00.16.55:764][690]LogEditorViewport: Clicking on Actor (LMB): BP_Sky_Sphere_C (Sky Sphere)
[2017.10.28-00.17.21:464][146]LogEditorViewport: Clicking on Actor (LMB): StaticMeshActor (Floor)
[2017.10.28-00.17.22:926][224]Cmd: SELECT NONE
[2017.10.28-00.17.37:639][894]MaterialEditorStats: Base pass shader: 91 instructions
[2017.10.28-00.17.37:639][894]MaterialEditorStats: Vertex shader: 31 instructions
[2017.10.28-00.17.37:639][894]MaterialEditorStats: Texture samplers: 4/16
[2017.10.28-00.17.37:639][894]MaterialEditorStats: User interpolators: 2/4 Scalars (1/4 Vectors) (TexCoords: 2, Custom: 0)
[2017.10.28-00.18.27:000][609]LogMaterial: Missing cached shader map for material Bottommat, compiling. 
[2017.10.28-00.18.27:068][609]LogMaterial: Missing cached shader map for material FMatExpressionPreview MaterialExpressionTextureSample_2, compiling. 
[2017.10.28-00.18.40:238][160]LogMaterial: Missing cached shader map for material Bottommat, compiling. 
[2017.10.28-00.18.40:387][160]LogMaterial: Missing cached shader map for material FMatExpressionPreview MaterialExpressionTextureSample_1, compiling. 
[2017.10.28-00.18.43:477][283]LogMaterialEditor: Applying material Bottommat
[2017.10.28-00.18.44:518][283]LogMaterial: Missing cached shader map for material Bottommat, compiling. 
[2017.10.28-00.18.44:732][283]LogMaterial: Missing cached shader map for material Bottommat, compiling. 
[2017.10.28-00.18.44:897][283]LogMaterial: Missing cached shader map for material Bottommat, compiling. 
[2017.10.28-00.18.45:067][283]LogMaterial: Missing cached shader map for material FDebugViewModeMaterialProxy Bottommat, compiling. 
[2017.10.28-00.18.55:145][283]TextureStreamingBuild: Display: Compiling optional shaders took 10.089 seconds.
[2017.10.28-00.19.09:406][906]LogMaterial: Missing cached shader map for material Topmat, compiling. 
[2017.10.28-00.19.09:630][906]LogMaterial: Missing cached shader map for material Topmat, compiling. 
[2017.10.28-00.19.09:746][906]LogMaterial: Missing cached shader map for material Topmat, compiling. 
[2017.10.28-00.19.09:883][906]LogMaterial: Missing cached shader map for material FMatExpressionPreview MaterialExpressionTextureSample_0, compiling. 
[2017.10.28-00.19.09:891][906]LogMaterial: Missing cached shader map for material FMatExpressionPreview MaterialExpressionTextureSample_1, compiling. 
[2017.10.28-00.19.09:899][906]LogMaterial: Missing cached shader map for material FMatExpressionPreview MaterialExpressionTextureSample_2, compiling. 
[2017.10.28-00.19.09:907][906]LogMaterial: Missing cached shader map for material FMatExpressionPreview MaterialExpressionTextureSample_3, compiling. 
[2017.10.28-00.19.09:914][906]LogMaterial: Missing cached shader map for material FMatExpressionPreview MaterialExpressionTextureSample_4, compiling. 
[2017.10.28-00.19.56:251][486]MaterialEditorStats: Base pass shader: 99 instructions
[2017.10.28-00.19.56:251][486]MaterialEditorStats: Vertex shader: 31 instructions
[2017.10.28-00.19.56:251][486]MaterialEditorStats: Texture samplers: 6/16
[2017.10.28-00.19.56:251][486]MaterialEditorStats: User interpolators: 2/4 Scalars (1/4 Vectors) (TexCoords: 2, Custom: 0)
[2017.10.28-00.20.16:733][127]MaterialEditorStats: Base pass shader: 99 instructions
[2017.10.28-00.20.16:733][127]MaterialEditorStats: Vertex shader: 33 instructions
[2017.10.28-00.20.16:733][127]MaterialEditorStats: Texture samplers: 7/16
[2017.10.28-00.20.16:733][127]MaterialEditorStats: User interpolators: 2/4 Scalars (1/4 Vectors) (TexCoords: 2, Custom: 0)
[2017.10.28-00.21.22:529][114]LogMaterial: Missing cached shader map for material PreviewMaterial_0, compiling. 
[2017.10.28-00.21.22:680][114]LogMaterial: Missing cached shader map for material PreviewMaterial_0, compiling. 
[2017.10.28-00.21.22:751][114]LogMaterial: Missing cached shader map for material PreviewMaterial_0, compiling. 
[2017.10.28-00.21.22:844][114]LogMaterial: Missing cached shader map for material FMatExpressionPreview MaterialExpressionTextureSample_0, compiling. 
[2017.10.28-00.21.22:850][114]LogMaterial: Missing cached shader map for material FMatExpressionPreview MaterialExpressionTextureSample_1, compiling. 
[2017.10.28-00.21.22:859][114]LogMaterial: Missing cached shader map for material FMatExpressionPreview MaterialExpressionTextureSample_2, compiling. 
[2017.10.28-00.21.22:867][114]LogMaterial: Missing cached shader map for material FMatExpressionPreview MaterialExpressionTextureSample_3, compiling. 
[2017.10.28-00.21.22:874][114]LogMaterial: Missing cached shader map for material FMatExpressionPreview MaterialExpressionTextureSample_4, compiling. 
[2017.10.28-00.21.58:076][ 83]MaterialEditorStats: Base pass shader: 99 instructions
[2017.10.28-00.21.58:076][ 83]MaterialEditorStats: Vertex shader: 31 instructions
[2017.10.28-00.21.58:076][ 83]MaterialEditorStats: Texture samplers: 6/16
[2017.10.28-00.21.58:076][ 83]MaterialEditorStats: User interpolators: 2/4 Scalars (1/4 Vectors) (TexCoords: 2, Custom: 0)
[2017.10.28-00.22.14:257][215]Cmd: TRANSACTION UNDO
[2017.10.28-00.22.14:257][215]LogEditorTransaction: Undo Move Actors
[2017.10.28-00.22.14:286][215]LogMaterial: Missing cached shader map for material PreviewMaterial_0, compiling. 
[2017.10.28-00.22.14:712][230]Cmd: TRANSACTION UNDO
[2017.10.28-00.22.14:713][230]LogEditorTransaction: Undo Move Actors
[2017.10.28-00.22.14:721][230]LogMaterial: Missing cached shader map for material PreviewMaterial_0, compiling. 
[2017.10.28-00.22.15:226][256]Cmd: TRANSACTION UNDO
[2017.10.28-00.22.15:227][256]LogEditorTransaction: Undo Move Actors
[2017.10.28-00.22.15:245][256]LogMaterial: Missing cached shader map for material PreviewMaterial_0, compiling. 
[2017.10.28-00.22.15:696][278]Cmd: TRANSACTION UNDO
[2017.10.28-00.22.15:696][278]LogEditorTransaction: Undo Move Actors
[2017.10.28-00.22.15:708][278]LogMaterial: Missing cached shader map for material PreviewMaterial_0, compiling. 
[2017.10.28-00.22.16:828][341]Cmd: TRANSACTION UNDO
[2017.10.28-00.22.16:828][341]LogEditorTransaction: Undo Move Actors
[2017.10.28-00.22.16:842][341]LogMaterial: Missing cached shader map for material PreviewMaterial_0, compiling. 
[2017.10.28-00.22.17:380][368]Cmd: TRANSACTION UNDO
[2017.10.28-00.22.17:380][368]LogEditorTransaction: Undo Create Actors
[2017.10.28-00.22.17:394][368]LogMaterial: Missing cached shader map for material PreviewMaterial_0, compiling. 
[2017.10.28-00.22.39:804][934]Cmd: TRANSACTION UNDO
[2017.10.28-00.22.39:804][934]LogEditorTransaction: Undo Create Pin Link
[2017.10.28-00.22.39:820][934]LogMaterial: Missing cached shader map for material Bottommat, compiling. 
[2017.10.28-00.22.39:940][934]LogMaterial: Missing cached shader map for material PreviewMaterial_0, compiling. 
[2017.10.28-00.22.40:050][934]Cmd: TRANSACTION UNDO
[2017.10.28-00.22.40:050][934]LogEditorTransaction: Undo Create Pin Link
[2017.10.28-00.22.40:057][934]LogMaterial: Missing cached shader map for material Bottommat, compiling. 
[2017.10.28-00.22.40:168][934]LogMaterial: Missing cached shader map for material PreviewMaterial_0, compiling. 
[2017.10.28-00.22.40:273][934]Cmd: TRANSACTION UNDO
[2017.10.28-00.22.40:273][934]LogEditorTransaction: Undo Select None
[2017.10.28-00.22.40:327][934]LogMaterial: Missing cached shader map for material PreviewMaterial_0, compiling. 
[2017.10.28-00.22.40:432][934]Cmd: TRANSACTION UNDO
[2017.10.28-00.22.40:432][934]LogEditorTransaction: Undo Clicking on Actors
[2017.10.28-00.22.40:452][934]LogMaterial: Missing cached shader map for material PreviewMaterial_0, compiling. 
[2017.10.28-00.22.40:558][934]Cmd: TRANSACTION UNDO
[2017.10.28-00.22.40:558][934]LogEditorTransaction: Undo Clicking on Actors
[2017.10.28-00.22.40:583][934]LogMaterial: Missing cached shader map for material PreviewMaterial_0, compiling. 
[2017.10.28-00.22.40:688][934]Cmd: TRANSACTION UNDO
[2017.10.28-00.22.40:688][934]LogEditorTransaction: Undo Move Actors
[2017.10.28-00.22.40:696][934]LogMaterial: Missing cached shader map for material PreviewMaterial_0, compiling. 
[2017.10.28-00.22.40:802][934]Cmd: TRANSACTION UNDO
[2017.10.28-00.22.40:803][934]LogEditorTransaction: Undo Clicking on Actors
[2017.10.28-00.22.40:810][934]LogMaterial: Missing cached shader map for material PreviewMaterial_0, compiling. 
[2017.10.28-00.22.42:167][ 20]Cmd: TRANSACTION UNDO
[2017.10.28-00.22.42:167][ 20]LogEditorTransaction: Undo Break Pin Links
[2017.10.28-00.22.42:177][ 20]LogMaterial: Missing cached shader map for material Bottommat, compiling. 
[2017.10.28-00.22.42:292][ 20]LogMaterial: Missing cached shader map for material PreviewMaterial_0, compiling. 
[2017.10.28-00.22.42:398][ 20]Cmd: TRANSACTION UNDO
[2017.10.28-00.22.42:398][ 20]LogEditorTransaction: Undo Break Pin Links
[2017.10.28-00.22.42:405][ 20]LogMaterial: Missing cached shader map for material Bottommat, compiling. 
[2017.10.28-00.22.42:521][ 20]LogMaterial: Missing cached shader map for material PreviewMaterial_0, compiling. 
[2017.10.28-00.22.42:630][ 20]Cmd: TRANSACTION UNDO
[2017.10.28-00.22.42:630][ 20]LogEditorTransaction: Undo Select None
[2017.10.28-00.22.42:650][ 20]LogMaterial: Missing cached shader map for material PreviewMaterial_0, compiling. 
[2017.10.28-00.23.11:058][556]MaterialEditorStats: Base pass shader: 99 instructions
[2017.10.28-00.23.11:058][556]MaterialEditorStats: Vertex shader: 31 instructions
[2017.10.28-00.23.11:058][556]MaterialEditorStats: Texture samplers: 6/16
[2017.10.28-00.23.11:058][556]MaterialEditorStats: User interpolators: 2/4 Scalars (1/4 Vectors) (TexCoords: 2, Custom: 0)
[2017.10.28-00.24.05:732][418]LogMaterial: Missing cached shader map for material PreviewMaterial_1, compiling. 
[2017.10.28-00.24.05:879][418]LogMaterial: Missing cached shader map for material PreviewMaterial_1, compiling. 
[2017.10.28-00.24.05:959][418]LogMaterial: Missing cached shader map for material PreviewMaterial_1, compiling. 
[2017.10.28-00.24.06:061][418]LogMaterial: Missing cached shader map for material FMatExpressionPreview MaterialExpressionTextureSample_0, compiling. 
[2017.10.28-00.24.06:069][418]LogMaterial: Missing cached shader map for material FMatExpressionPreview MaterialExpressionTextureSample_1, compiling. 
[2017.10.28-00.24.06:076][418]LogMaterial: Missing cached shader map for material FMatExpressionPreview MaterialExpressionTextureSample_2, compiling. 
[2017.10.28-00.24.06:085][418]LogMaterial: Missing cached shader map for material FMatExpressionPreview MaterialExpressionTextureSample_3, compiling. 
[2017.10.28-00.24.06:093][418]LogMaterial: Missing cached shader map for material FMatExpressionPreview MaterialExpressionTextureSample_4, compiling. 
[2017.10.28-00.25.00:840][633]Cmd: TRANSACTION UNDO
[2017.10.28-00.25.00:840][633]LogEditorTransaction: Undo Create Actors
[2017.10.28-00.25.34:077][167]LogSavePackage: Save=30.90ms
[2017.10.28-00.25.34:077][167]LogSavePackage: Moving '../../../../../../Users/Reaper/Documents/Unreal Projects/Main_Character/Saved/Main_Character_Auto19A3C56B84A34F5D884145FA290403D8A.tmp' to '../../../../../../Users/Reaper/Documents/Unreal Projects/Main_Character/Saved/Autosaves/Game/Main_Character_Auto1.umap'
[2017.10.28-00.25.34:081][167]LogSavePackage: Display: Finished SavePackage ../../../../../../Users/Reaper/Documents/Unreal Projects/Main_Character/Saved/Autosaves/Game/Main_Character_Auto1.umap
[2017.10.28-00.25.34:084][167]LogFileHelpers: Editor autosave (incl. sublevels) for '/Game/Main_Character' took 0.084
[2017.10.28-00.25.34:085][167]LogFileHelpers: Editor autosave (incl. sublevels) for all levels took 0.084
[2017.10.28-00.25.34:092][167]OBJ SavePackage: Generating thumbnails for [0] asset(s) in package [/Game/Main_Character_BuiltData] ([1] browsable assets)...
[2017.10.28-00.25.34:092][167]OBJ SavePackage: Finished generating thumbnails for package [/Game/Main_Character_BuiltData]
[2017.10.28-00.25.34:115][167]LogSavePackage: Save=7.72ms
[2017.10.28-00.25.34:115][167]LogSavePackage: Moving '../../../../../../Users/Reaper/Documents/Unreal Projects/Main_Character/Saved/Main_Character_BuiltData_Auto1A655B49A45F8AE83CB94E8BC29620B1A.tmp' to '../../../../../../Users/Reaper/Documents/Unreal Projects/Main_Character/Saved/Autosaves/Game/Main_Character_BuiltData_Auto1.uasset'
[2017.10.28-00.25.34:119][167]LogSavePackage: Display: Finished SavePackage ../../../../../../Users/Reaper/Documents/Unreal Projects/Main_Character/Saved/Autosaves/Game/Main_Character_BuiltData_Auto1.uasset
[2017.10.28-00.25.34:122][167]OBJ SavePackage: Generating thumbnails for [1] asset(s) in package [/Game/Materials/Bottommat] ([1] browsable assets)...
[2017.10.28-00.25.34:139][167]OBJ SavePackage:     Rendered thumbnail for [Material /Game/Materials/Bottommat.Bottommat]
[2017.10.28-00.25.34:139][167]OBJ SavePackage: Finished generating thumbnails for package [/Game/Materials/Bottommat]
[2017.10.28-00.25.34:167][167]LogSavePackage: Save=12.78ms
[2017.10.28-00.25.34:167][167]LogSavePackage: Moving '../../../../../../Users/Reaper/Documents/Unreal Projects/Main_Character/Saved/Bottommat_Auto12CEE1CD84A347A80B485B9977E1EFE04.tmp' to '../../../../../../Users/Reaper/Documents/Unreal Projects/Main_Character/Saved/Autosaves/Game/Materials/Bottommat_Auto1.uasset'
[2017.10.28-00.25.34:216][167]LogSavePackage: Display: Finished SavePackage ../../../../../../Users/Reaper/Documents/Unreal Projects/Main_Character/Saved/Autosaves/Game/Materials/Bottommat_Auto1.uasset
[2017.10.28-00.25.34:216][167]LogFileHelpers: Auto-saving content packages took 0.127
[2017.10.28-00.26.08:824][560]Cmd: QUIT_EDITOR
[2017.10.28-00.26.08:845][560]LogWindowsTextInputMethodSystem: Display: IME system now deactivated.
[2017.10.28-00.26.08:845][560]LogWindowsTextInputMethodSystem: Display: IME system now deactivated.
[2017.10.28-00.26.08:863][560]LogExit: Preparing to exit.
[2017.10.28-00.26.09:969][560]LogDirectoryWatcher: A directory notification for 'C:/Users/Reaper/Documents/Unreal Projects/Main_Character/Content/' was aborted.
[2017.10.28-00.26.10:008][560]LogExit: Editor shut down
[2017.10.28-00.26.10:014][560]LogExit: Transaction tracking system shut down
[2017.10.28-00.26.10:138][560]LogDirectoryWatcher: A directory notification for '../../../Engine/Content/' was aborted.
[2017.10.28-00.26.10:138][560]LogDirectoryWatcher: A directory notification for '../../../../../../Users/Reaper/Documents/Unreal Projects/Main_Character/Content/' was aborted.
[2017.10.28-00.26.10:138][560]LogDirectoryWatcher: A directory notification for '../../../Engine/Plugins/2D/Paper2D/Content/' was aborted.
[2017.10.28-00.26.10:138][560]LogDirectoryWatcher: A directory notification for '../../../Engine/Plugins/Runtime/Oculus/OculusVR/Content/' was aborted.
[2017.10.28-00.26.10:138][560]LogDirectoryWatcher: A directory notification for '../../../Engine/Plugins/Runtime/Steam/SteamVR/Content/' was aborted.
[2017.10.28-00.26.10:181][560]LogExit: Object subsystem successfully closed.
[2017.10.28-00.26.10:202][560]LogD3D11RHI: Shutdown
[2017.10.28-00.26.10:202][560]LogD3D11RHI: CleanupD3DDevice
[2017.10.28-00.26.10:217][560]LogD3D11RHI: ~FD3D11DynamicRHI
[2017.10.28-00.26.10:259][560]LogModuleManager: Shutting down and abandoning module MaterialEditor (534)
[2017.10.28-00.26.10:259][560]LogModuleManager: Shutting down and abandoning module HierarchicalLODUtilities (532)
[2017.10.28-00.26.10:259][560]LogModuleManager: Shutting down and abandoning module HierarchicalLODOutliner (530)
[2017.10.28-00.26.10:259][560]LogModuleManager: Shutting down and abandoning module SceneOutliner (528)
[2017.10.28-00.26.10:259][560]LogModuleManager: Shutting down and abandoning module AddContentDialog (526)
[2017.10.28-00.26.10:259][560]LogDirectoryWatcher: A directory notification for 'C:/Program Files/Epic Games/UE_4.17/FeaturePacks/' was aborted.
[2017.10.28-00.26.10:260][560]LogModuleManager: Shutting down and abandoning module WidgetCarousel (525)
[2017.10.28-00.26.10:260][560]LogModuleManager: Shutting down and abandoning module EditorWidgets (522)
[2017.10.28-00.26.10:260][560]LogModuleManager: Shutting down and abandoning module CollectionManager (520)
[2017.10.28-00.26.10:260][560]LogDirectoryWatcher: A directory notification for 'C:/Users/Reaper/Documents/Unreal Projects/Main_Character/Content/Collections/' was aborted.
[2017.10.28-00.26.10:261][560]LogDirectoryWatcher: A directory notification for 'C:/Users/Reaper/Documents/Unreal Projects/Main_Character/Content/Developers/Reaper/Collections/' was aborted.
[2017.10.28-00.26.10:261][560]LogDirectoryWatcher: A directory notification for 'C:/Users/Reaper/Documents/Unreal Projects/Main_Character/Saved/Collections/' was aborted.
[2017.10.28-00.26.10:261][560]LogModuleManager: Shutting down and abandoning module StatsViewer (518)
[2017.10.28-00.26.10:261][560]LogModuleManager: Shutting down and abandoning module FoliageEdit (516)
[2017.10.28-00.26.10:261][560]LogModuleManager: Shutting down and abandoning module LandscapeEditor (514)
[2017.10.28-00.26.10:261][560]LogModuleManager: Shutting down and abandoning module MeshPaintMode (512)
[2017.10.28-00.26.10:261][560]LogModuleManager: Shutting down and abandoning module SceneDepthPickerMode (510)
[2017.10.28-00.26.10:261][560]LogModuleManager: Shutting down and abandoning module ActorPickerMode (508)
[2017.10.28-00.26.10:261][560]LogModuleManager: Shutting down and abandoning module GeometryMode (506)
[2017.10.28-00.26.10:261][560]LogModuleManager: Shutting down and abandoning module TextureAlignMode (504)
[2017.10.28-00.26.10:261][560]LogModuleManager: Shutting down and abandoning module BspMode (502)
[2017.10.28-00.26.10:261][560]LogModuleManager: Shutting down and abandoning module PIEPreviewDeviceProfileSelector (500)
[2017.10.28-00.26.10:261][560]LogModuleManager: Shutting down and abandoning module HardwareSurvey (498)
[2017.10.28-00.26.10:261][560]LogModuleManager: Shutting down and abandoning module SequenceRecorderSections (496)
[2017.10.28-00.26.10:261][560]LogModuleManager: Shutting down and abandoning module AutomationWorker (494)
[2017.10.28-00.26.10:261][560]LogModuleManager: Shutting down and abandoning module MatineeToLevelSequence (492)
[2017.10.28-00.26.10:261][560]LogModuleManager: Shutting down and abandoning module LevelSequenceEditor (490)
[2017.10.28-00.26.10:262][560]LogModuleManager: Shutting down and abandoning module PlacementMode (489)
[2017.10.28-00.26.10:262][560]LogModuleManager: Shutting down and abandoning module WmfMediaFactory (486)
[2017.10.28-00.26.10:262][560]LogModuleManager: Shutting down and abandoning module WmfMediaEditor (484)
[2017.10.28-00.26.10:262][560]LogModuleManager: Shutting down and abandoning module AvfMediaFactory (482)
[2017.10.28-00.26.10:262][560]LogModuleManager: Shutting down and abandoning module AvfMediaEditor (480)
[2017.10.28-00.26.10:262][560]LogModuleManager: Shutting down and abandoning module AndroidMediaFactory (478)
[2017.10.28-00.26.10:262][560]LogModuleManager: Shutting down and abandoning module Media (477)
[2017.10.28-00.26.10:262][560]LogModuleManager: Shutting down and abandoning module AndroidMediaEditor (474)
[2017.10.28-00.26.10:262][560]LogModuleManager: Shutting down and abandoning module CharacterAI (472)
[2017.10.28-00.26.10:262][560]LogModuleManager: Shutting down and abandoning module AudioCapture (470)
[2017.10.28-00.26.10:262][560]LogModuleManager: Shutting down and abandoning module SequenceRecorder (469)
[2017.10.28-00.26.10:262][560]LogModuleManager: Shutting down and abandoning module SmartSnapping (466)
[2017.10.28-00.26.10:262][560]LogModuleManager: Shutting down and abandoning module SessionServices (464)
[2017.10.28-00.26.10:262][560]LogModuleManager: Shutting down and abandoning module ViewportSnapping (462)
[2017.10.28-00.26.10:262][560]LogModuleManager: Shutting down and abandoning module ViewportInteraction (460)
[2017.10.28-00.26.10:262][560]LogModuleManager: Shutting down and abandoning module ClothPainter (458)
[2017.10.28-00.26.10:262][560]LogModuleManager: Shutting down and abandoning module LogVisualizer (456)
[2017.10.28-00.26.10:262][560]LogModuleManager: Shutting down and abandoning module IntroTutorials (454)
[2017.10.28-00.26.10:262][560]LogModuleManager: Shutting down and abandoning module GameProjectGeneration (453)
[2017.10.28-00.26.10:262][560]LogModuleManager: Shutting down and abandoning module IOSPlatformEditor (450)
[2017.10.28-00.26.10:263][560]LogModuleManager: Shutting down and abandoning module HTML5PlatformEditor (448)
[2017.10.28-00.26.10:263][560]LogModuleManager: Shutting down and abandoning module AndroidPlatformEditor (446)
[2017.10.28-00.26.10:263][560]LogModuleManager: Shutting down and abandoning module AndroidDeviceDetection (445)
[2017.10.28-00.26.10:744][560]LogModuleManager: Shutting down and abandoning module WindowsPlatformEditor (442)
[2017.10.28-00.26.10:744][560]LogModuleManager: Shutting down and abandoning module IOSRuntimeSettings (440)
[2017.10.28-00.26.10:744][560]LogModuleManager: Shutting down and abandoning module AndroidRuntimeSettings (438)
[2017.10.28-00.26.10:744][560]LogModuleManager: Shutting down and abandoning module InputBindingEditor (436)
[2017.10.28-00.26.10:744][560]LogModuleManager: Shutting down and abandoning module MergeActors (434)
[2017.10.28-00.26.10:744][560]LogModuleManager: Shutting down and abandoning module SizeMap (432)
[2017.10.28-00.26.10:744][560]LogModuleManager: Shutting down and abandoning module TreeMap (430)
[2017.10.28-00.26.10:744][560]LogModuleManager: Shutting down and abandoning module ReferenceViewer (428)
[2017.10.28-00.26.10:744][560]LogModuleManager: Shutting down and abandoning module LocalizationDashboard (426)
[2017.10.28-00.26.10:745][560]LogModuleManager: Shutting down and abandoning module LocalizationService (425)
[2017.10.28-00.26.10:745][560]LogModuleManager: Shutting down and abandoning module HardwareTargeting (422)
[2017.10.28-00.26.10:745][560]LogModuleManager: Shutting down and abandoning module DeviceProfileEditor (420)
[2017.10.28-00.26.10:745][560]LogModuleManager: Shutting down and abandoning module UndoHistory (418)
[2017.10.28-00.26.10:745][560]LogModuleManager: Shutting down and abandoning module XmlParser (416)
[2017.10.28-00.26.10:745][560]LogModuleManager: Shutting down and abandoning module Blutility (414)
[2017.10.28-00.26.10:745][560]LogModuleManager: Shutting down and abandoning module ProjectSettingsViewer (412)
[2017.10.28-00.26.10:745][560]LogModuleManager: Shutting down and abandoning module ProjectTargetPlatformEditor (411)
[2017.10.28-00.26.10:745][560]LogModuleManager: Shutting down and abandoning module EditorSettingsViewer (408)
[2017.10.28-00.26.10:745][560]LogModuleManager: Shutting down and abandoning module SettingsEditor (406)
[2017.10.28-00.26.10:745][560]LogModuleManager: Shutting down and abandoning module ProjectLauncher (404)
[2017.10.28-00.26.10:745][560]LogModuleManager: Shutting down and abandoning module SessionFrontend (402)
[2017.10.28-00.26.10:745][560]LogModuleManager: Shutting down and abandoning module ProfilerClient (400)
[2017.10.28-00.26.10:745][560]LogModuleManager: Shutting down and abandoning module DeviceManager (398)
[2017.10.28-00.26.10:745][560]LogModuleManager: Shutting down and abandoning module TargetDeviceServices (397)
[2017.10.28-00.26.10:797][560]LogModuleManager: Shutting down and abandoning module AutomationController (394)
[2017.10.28-00.26.10:797][560]LogModuleManager: Shutting down and abandoning module AutomationWindow (392)
[2017.10.28-00.26.10:797][560]LogModuleManager: Shutting down and abandoning module Layers (390)
[2017.10.28-00.26.10:797][560]LogModuleManager: Shutting down and abandoning module ComponentVisualizers (388)
[2017.10.28-00.26.10:797][560]LogModuleManager: Shutting down and abandoning module DetailCustomizations (386)
[2017.10.28-00.26.10:797][560]LogModuleManager: Shutting down and abandoning module PackagesDialog (384)
[2017.10.28-00.26.10:797][560]LogModuleManager: Shutting down and abandoning module Persona (382)
[2017.10.28-00.26.10:797][560]LogModuleManager: Shutting down and abandoning module AdvancedPreviewScene (381)
[2017.10.28-00.26.10:797][560]LogModuleManager: Shutting down and abandoning module AnimGraph (379)
[2017.10.28-00.26.10:797][560]LogModuleManager: Shutting down and abandoning module Kismet (376)
[2017.10.28-00.26.10:798][560]LogModuleManager: Shutting down and abandoning module ClassViewer (374)
[2017.10.28-00.26.10:798][560]LogModuleManager: Shutting down and abandoning module Toolbox (372)
[2017.10.28-00.26.10:798][560]LogModuleManager: Shutting down and abandoning module ModuleUI (370)
[2017.10.28-00.26.10:798][560]LogModuleManager: Shutting down and abandoning module MovieSceneTools (368)
[2017.10.28-00.26.10:798][560]LogModuleManager: Shutting down and abandoning module OutputLog (366)
[2017.10.28-00.26.10:798][560]LogModuleManager: Shutting down and abandoning module GammaUI (364)
[2017.10.28-00.26.10:798][560]LogModuleManager: Shutting down and abandoning module Documentation (362)
[2017.10.28-00.26.10:798][560]LogModuleManager: Shutting down and abandoning module MovieSceneTracks (360)
[2017.10.28-00.26.10:798][560]LogModuleManager: Shutting down and abandoning module MovieScene (358)
[2017.10.28-00.26.10:798][560]LogModuleManager: Shutting down and abandoning module Niagara (356)
[2017.10.28-00.26.10:798][560]LogModuleManager: Shutting down and abandoning module NiagaraEditor (355)
[2017.10.28-00.26.10:798][560]LogModuleManager: Shutting down and abandoning module StreamingPauseRendering (352)
[2017.10.28-00.26.10:798][560]LogModuleManager: Shutting down and abandoning module LauncherPlatform (350)
[2017.10.28-00.26.10:798][560]LogModuleManager: Shutting down and abandoning module AnalyticsET (348)
[2017.10.28-00.26.10:798][560]LogModuleManager: Shutting down and abandoning module PortalServices (346)
[2017.10.28-00.26.10:798][560]LogModuleManager: Shutting down and abandoning module PortalRpc (344)
[2017.10.28-00.26.10:798][560]LogModuleManager: Shutting down and abandoning module MessagingRpc (342)
[2017.10.28-00.26.10:798][560]LogModuleManager: Shutting down and abandoning module AIModule (340)
[2017.10.28-00.26.10:798][560]LogModuleManager: Shutting down and abandoning module GameplayDebugger (339)
[2017.10.28-00.26.10:798][560]LogModuleManager: Shutting down and abandoning module AITestSuite (337)
[2017.10.28-00.26.10:798][560]LogModuleManager: Shutting down and abandoning module ProfilerService (334)
[2017.10.28-00.26.10:888][560]LogModuleManager: Shutting down and abandoning module TaskGraph (332)
[2017.10.28-00.26.10:889][560]LogModuleManager: Shutting down and abandoning module SteamVRController (330)
[2017.10.28-00.26.10:889][560]LogModuleManager: Shutting down and abandoning module ProceduralMeshComponentEditor (328)
[2017.10.28-00.26.10:889][560]LogModuleManager: Shutting down and abandoning module ProceduralMeshComponent (326)
[2017.10.28-00.26.10:889][560]LogModuleManager: Shutting down and abandoning module OculusInput (324)
[2017.10.28-00.26.10:889][560]LogModuleManager: Shutting down and abandoning module MobilePatchingUtils (322)
[2017.10.28-00.26.10:889][560]LogModuleManager: Shutting down and abandoning module CustomMeshComponent (320)
[2017.10.28-00.26.10:889][560]LogModuleManager: Shutting down and abandoning module CableComponent (318)
[2017.10.28-00.26.10:889][560]LogModuleManager: Shutting down and abandoning module ArchVisCharacter (316)
[2017.10.28-00.26.10:889][560]LogModuleManager: Shutting down and abandoning module AndroidPermission (314)
[2017.10.28-00.26.10:889][560]LogModuleManager: Shutting down and abandoning module MediaPlayerEditor (310)
[2017.10.28-00.26.10:889][560]LogModuleManager: Shutting down and abandoning module HTML5Networking (308)
[2017.10.28-00.26.10:889][560]LogModuleManager: Shutting down and abandoning module AlembicImporter (306)
[2017.10.28-00.26.10:889][560]LogModuleManager: Shutting down and abandoning module AlembicLibrary (305)
[2017.10.28-00.26.10:889][560]LogModuleManager: Shutting down and abandoning module GeometryCache (304)
[2017.10.28-00.26.10:889][560]LogModuleManager: Shutting down and abandoning module GeometryCacheEd (303)
[2017.10.28-00.26.10:889][560]LogModuleManager: Shutting down and abandoning module SpeedTreeImporter (298)
[2017.10.28-00.26.10:889][560]LogModuleManager: Shutting down and abandoning module PluginBrowser (296)
[2017.10.28-00.26.10:889][560]LogModuleManager: Shutting down and abandoning module MobileLauncherProfileWizard (294)
[2017.10.28-00.26.10:889][560]LogModuleManager: Shutting down and abandoning module VisualStudioSourceCodeAccess (292)
[2017.10.28-00.26.10:889][560]LogModuleManager: Shutting down and abandoning module DesktopPlatform (291)
[2017.10.28-00.26.10:889][560]LogModuleManager: Shutting down and abandoning module UObjectPlugin (288)
[2017.10.28-00.26.10:889][560]LogModuleManager: Shutting down and abandoning module SubversionSourceControl (286)
[2017.10.28-00.26.10:889][560]LogModuleManager: Shutting down and abandoning module PerforceSourceControl (284)
[2017.10.28-00.26.10:889][560]LogModuleManager: Shutting down and abandoning module GitSourceControl (282)
[2017.10.28-00.26.10:889][560]LogModuleManager: Shutting down and abandoning module SourceControl (281)
[2017.10.28-00.26.10:889][560]LogModuleManager: Shutting down and abandoning module LightPropagationVolumeEditor (278)
[2017.10.28-00.26.10:889][560]LogModuleManager: Shutting down and abandoning module PaperTiledImporter (276)
[2017.10.28-00.26.10:889][560]LogModuleManager: Shutting down and abandoning module PaperSpriteSheetImporter (274)
[2017.10.28-00.26.10:889][560]LogModuleManager: Shutting down and abandoning module Paper2DEditor (272)
[2017.10.28-00.26.10:889][560]LogModuleManager: Shutting down and abandoning module MeshPaint (271)
[2017.10.28-00.26.10:889][560]LogModuleManager: Shutting down and abandoning module LevelEditor (269)
[2017.10.28-00.26.10:890][560]LogModuleManager: Shutting down and abandoning module PixelInspectorModule (268)
[2017.10.28-00.26.10:890][560]LogModuleManager: Shutting down and abandoning module MainFrame (266)
[2017.10.28-00.26.10:890][560]LogModuleManager: Shutting down and abandoning module HotReload (265)
[2017.10.28-00.26.10:891][560]LogModuleManager: Shutting down and abandoning module RuntimePhysXCooking (260)
[2017.10.28-00.26.10:891][560]LogModuleManager: Shutting down and abandoning module PhysXVehiclesEditor (258)
[2017.10.28-00.26.10:891][560]LogModuleManager: Shutting down and abandoning module PhysXVehicles (256)
[2017.10.28-00.26.10:891][560]LogModuleManager: Shutting down and abandoning module OculusEditor (254)
[2017.10.28-00.26.10:891][560]LogModuleManager: Shutting down and abandoning module LocationServicesBPLibrary (252)
[2017.10.28-00.26.10:891][560]LogModuleManager: Shutting down and abandoning module ImmediatePhysicsEditor (250)
[2017.10.28-00.26.10:891][560]LogModuleManager: Shutting down and abandoning module ImmediatePhysics (248)
[2017.10.28-00.26.10:891][560]LogModuleManager: Shutting down and abandoning module UdpMessaging (246)
[2017.10.28-00.26.10:992][560]LogModuleManager: Shutting down and abandoning module TcpMessaging (244)
[2017.10.28-00.26.11:092][560]LogModuleManager: Shutting down and abandoning module GameplayTagsEditor (242)
[2017.10.28-00.26.11:092][560]LogModuleManager: Shutting down and abandoning module FacialAnimationEditor (240)
[2017.10.28-00.26.11:092][560]LogModuleManager: Shutting down and abandoning module FacialAnimation (238)
[2017.10.28-00.26.11:092][560]LogModuleManager: Shutting down and abandoning module AssetManagerEditor (236)
[2017.10.28-00.26.11:092][560]LogModuleManager: Shutting down and abandoning module GraphEditor (235)
[2017.10.28-00.26.11:092][560]LogModuleManager: Shutting down and abandoning module ContentBrowser (233)
[2017.10.28-00.26.11:093][560]LogModuleManager: Shutting down and abandoning module LightPropagationVolumeRuntime (230)
[2017.10.28-00.26.11:093][560]LogModuleManager: Shutting down and abandoning module Paper2D (228)
[2017.10.28-00.26.11:093][560]LogModuleManager: Shutting down and abandoning module WindowsMoviePlayer (226)
[2017.10.28-00.26.11:093][560]LogModuleManager: Shutting down and abandoning module WmfMedia (224)
[2017.10.28-00.26.11:093][560]LogModuleManager: Shutting down and abandoning module PacketHandler (222)
[2017.10.28-00.26.11:093][560]LogModuleManager: Shutting down and abandoning module ClothingSystemEditor (220)
[2017.10.28-00.26.11:093][560]LogModuleManager: Shutting down and abandoning module ClothingSystemRuntime (218)
[2017.10.28-00.26.11:093][560]LogModuleManager: Shutting down and abandoning module Overlay (216)
[2017.10.28-00.26.11:093][560]LogModuleManager: Shutting down and abandoning module OverlayEditor (215)
[2017.10.28-00.26.11:093][560]LogModuleManager: Shutting down and abandoning module MediaAssets (212)
[2017.10.28-00.26.11:093][560]LogModuleManager: Shutting down and abandoning module VREditor (210)
[2017.10.28-00.26.11:093][560]LogModuleManager: Shutting down and abandoning module StringTableEditor (208)
[2017.10.28-00.26.11:093][560]LogModuleManager: Shutting down and abandoning module GameplayTasksEditor (206)
[2017.10.28-00.26.11:093][560]LogModuleManager: Shutting down and abandoning module BehaviorTreeEditor (204)
[2017.10.28-00.26.11:093][560]LogModuleManager: Shutting down and abandoning module FunctionalTesting (202)
[2017.10.28-00.26.11:093][560]LogModuleManager: Shutting down and abandoning module CollisionAnalyzer (200)
[2017.10.28-00.26.11:093][560]LogModuleManager: Shutting down and abandoning module WorkspaceMenuStructure (199)
[2017.10.28-00.26.11:094][560]LogModuleManager: Shutting down and abandoning module UMG (196)
[2017.10.28-00.26.11:094][560]LogModuleManager: Shutting down and abandoning module UMGEditor (195)
[2017.10.28-00.26.11:094][560]LogModuleManager: Shutting down and abandoning module Sequencer (194)
[2017.10.28-00.26.11:094][560]LogModuleManager: Shutting down and abandoning module MessageLog (191)
[2017.10.28-00.26.11:094][560]LogModuleManager: Shutting down and abandoning module SlateReflector (186)
[2017.10.28-00.26.11:094][560]LogModuleManager: Shutting down and abandoning module Slate (184)
[2017.10.28-00.26.11:094][560]LogModuleManager: Shutting down and abandoning module EditorStyle (182)
[2017.10.28-00.26.11:099][560]LogModuleManager: Shutting down and abandoning module MRMesh (180)
[2017.10.28-00.26.11:099][560]LogModuleManager: Shutting down and abandoning module SourceCodeAccess (178)
[2017.10.28-00.26.11:099][560]LogModuleManager: Shutting down and abandoning module HeadMountedDisplay (176)
[2017.10.28-00.26.11:099][560]LogModuleManager: Shutting down and abandoning module XAudio2 (174)
[2017.10.28-00.26.11:099][560]LogModuleManager: Shutting down and abandoning module Networking (172)
[2017.10.28-00.26.11:099][560]LogModuleManager: Shutting down and abandoning module Core (168)
[2017.10.28-00.26.11:099][560]LogModuleManager: Shutting down and abandoning module KismetCompiler (164)
[2017.10.28-00.26.11:099][560]LogModuleManager: Shutting down and abandoning module LevelSequence (162)
[2017.10.28-00.26.11:099][560]LogModuleManager: Shutting down and abandoning module MeshUtilities (160)
[2017.10.28-00.26.11:099][560]LogModuleManager: Shutting down and abandoning module MeshMergeUtilities (159)
[2017.10.28-00.26.11:099][560]LogModuleManager: Shutting down and abandoning module MeshReductionInterface (158)
[2017.10.28-00.26.11:099][560]LogModuleManager: Shutting down and abandoning module SimplygonSwarm (157)
[2017.10.28-00.26.11:099][560]LogModuleManager: Shutting down and abandoning module SimplygonMeshReduction (155)
[2017.10.28-00.26.11:099][560]LogModuleManager: Shutting down and abandoning module QuadricMeshReduction (153)
[2017.10.28-00.26.11:099][560]LogModuleManager: Shutting down and abandoning module MaterialBaking (149)
[2017.10.28-00.26.11:099][560]LogModuleManager: Shutting down and abandoning module DirectoryWatcher (146)
[2017.10.28-00.26.11:100][560]LogModuleManager: Shutting down and abandoning module DerivedDataCache (144)
[2017.10.28-00.26.11:112][560]LogDerivedDataCache: Shutdown
[2017.10.28-00.26.11:112][560]LogModuleManager: Shutting down and abandoning module TargetPlatform (142)
[2017.10.28-00.26.11:112][560]LogModuleManager: Shutting down and abandoning module VulkanShaderFormat (141)
[2017.10.28-00.26.11:112][560]LogModuleManager: Shutting down and abandoning module ShaderFormatVectorVM (139)
[2017.10.28-00.26.11:112][560]LogModuleManager: Shutting down and abandoning module ShaderFormatOpenGL (137)
[2017.10.28-00.26.11:112][560]LogModuleManager: Shutting down and abandoning module ShaderFormatD3D (135)
[2017.10.28-00.26.11:112][560]LogModuleManager: Shutting down and abandoning module MetalShaderFormat (133)
[2017.10.28-00.26.11:112][560]LogModuleManager: Shutting down and abandoning module TextureFormatUncompressed (131)
[2017.10.28-00.26.11:112][560]LogModuleManager: Shutting down and abandoning module TextureFormatPVR (129)
[2017.10.28-00.26.11:112][560]LogModuleManager: Shutting down and abandoning module TextureFormatDXT (127)
[2017.10.28-00.26.11:112][560]LogModuleManager: Shutting down and abandoning module TextureFormatIntelISPCTexComp (125)
[2017.10.28-00.26.11:112][560]LogModuleManager: Shutting down and abandoning module TextureFormatASTC (123)
[2017.10.28-00.26.11:112][560]LogModuleManager: Shutting down and abandoning module ImageWrapper (122)
[2017.10.28-00.26.11:112][560]LogModuleManager: Shutting down and abandoning module TextureFormatAndroid (119)
[2017.10.28-00.26.11:112][560]LogModuleManager: Shutting down and abandoning module AudioFormatOpus (117)
[2017.10.28-00.26.11:112][560]LogModuleManager: Shutting down and abandoning module AudioFormatOgg (115)
[2017.10.28-00.26.11:112][560]LogModuleManager: Shutting down and abandoning module AudioFormatADPCM (113)
[2017.10.28-00.26.11:112][560]LogModuleManager: Shutting down and abandoning module LinuxTargetPlatform (111)
[2017.10.28-00.26.11:112][560]LogModuleManager: Shutting down and abandoning module LinuxServerTargetPlatform (109)
[2017.10.28-00.26.11:112][560]LogModuleManager: Shutting down and abandoning module LinuxNoEditorTargetPlatform (107)
[2017.10.28-00.26.11:112][560]LogModuleManager: Shutting down and abandoning module LinuxClientTargetPlatform (105)
[2017.10.28-00.26.11:112][560]LogModuleManager: Shutting down and abandoning module TVOSTargetPlatform (103)
[2017.10.28-00.26.11:112][560]LogModuleManager: Shutting down and abandoning module Messaging (101)
[2017.10.28-00.26.11:112][560]LogModuleManager: Shutting down and abandoning module IOSTargetPlatform (99)
[2017.10.28-00.26.11:112][560]LogModuleManager: Shutting down and abandoning module HTML5TargetPlatform (97)
[2017.10.28-00.26.11:112][560]LogModuleManager: Shutting down and abandoning module Android_PVRTCTargetPlatform (95)
[2017.10.28-00.26.11:112][560]LogModuleManager: Shutting down and abandoning module Android_MultiTargetPlatform (93)
[2017.10.28-00.26.11:112][560]LogModuleManager: Shutting down and abandoning module Android_ETC2TargetPlatform (91)
[2017.10.28-00.26.11:112][560]LogModuleManager: Shutting down and abandoning module Android_ETC1TargetPlatform (89)
[2017.10.28-00.26.11:112][560]LogModuleManager: Shutting down and abandoning module Android_DXTTargetPlatform (87)
[2017.10.28-00.26.11:112][560]LogModuleManager: Shutting down and abandoning module Android_ATCTargetPlatform (85)
[2017.10.28-00.26.11:112][560]LogModuleManager: Shutting down and abandoning module Android_ASTCTargetPlatform (83)
[2017.10.28-00.26.11:112][560]LogModuleManager: Shutting down and abandoning module AndroidTargetPlatform (81)
[2017.10.28-00.26.11:112][560]LogModuleManager: Shutting down and abandoning module WindowsTargetPlatform (79)
[2017.10.28-00.26.11:112][560]LogModuleManager: Shutting down and abandoning module WindowsServerTargetPlatform (77)
[2017.10.28-00.26.11:112][560]LogModuleManager: Shutting down and abandoning module WindowsNoEditorTargetPlatform (75)
[2017.10.28-00.26.11:112][560]LogModuleManager: Shutting down and abandoning module WindowsClientTargetPlatform (73)
[2017.10.28-00.26.11:112][560]LogModuleManager: Shutting down and abandoning module MacTargetPlatform (71)
[2017.10.28-00.26.11:112][560]LogModuleManager: Shutting down and abandoning module MacServerTargetPlatform (69)
[2017.10.28-00.26.11:112][560]LogModuleManager: Shutting down and abandoning module MacNoEditorTargetPlatform (67)
[2017.10.28-00.26.11:113][560]LogModuleManager: Shutting down and abandoning module MacClientTargetPlatform (65)
[2017.10.28-00.26.11:113][560]LogModuleManager: Shutting down and abandoning module AllDesktopTargetPlatform (63)
[2017.10.28-00.26.11:113][560]LogModuleManager: Shutting down and abandoning module InputCore (60)
[2017.10.28-00.26.11:113][560]LogModuleManager: Shutting down and abandoning module Settings (58)
[2017.10.28-00.26.11:113][560]LogModuleManager: Shutting down and abandoning module PhysXCooking (56)
[2017.10.28-00.26.11:113][560]LogModuleManager: Shutting down and abandoning module SteamVR (54)
[2017.10.28-00.26.11:113][560]LogModuleManager: Shutting down and abandoning module OculusHMD (52)
[2017.10.28-00.26.11:113][560]LogModuleManager: Shutting down and abandoning module ExampleDeviceProfileSelector (50)
[2017.10.28-00.26.11:113][560]LogModuleManager: Shutting down and abandoning module OnlineBlueprintSupport (48)
[2017.10.28-00.26.11:113][560]LogModuleManager: Shutting down and abandoning module OnlineSubsystem (44)
[2017.10.28-00.26.11:113][560]LogOnline: Display: Unloading online subsystem: NULL
[2017.10.28-00.26.11:113][560]LogModuleManager: Shutting down and abandoning module XMPP (43)
[2017.10.28-00.26.11:113][560]LogModuleManager: Shutting down and abandoning module HTTP (41)
[2017.10.28-00.26.11:113][560]LogHttp: Display: Http module shutting down, but needs to wait on 1 outstanding Http requests:
[2017.10.28-00.26.11:113][560]LogHttp: Display: 	verb=[POST] url=[https://datarouter.ol.epicgames.com/datarouter/api/v1/public/data?SessionID=%7B2A8E9829-4815-3DF1-447D-66A667A6120A%7D&AppID=UEEditor.Rocket.Release&AppVersion=4.17.1-3586342%2B%2B%2BUE4%2BRelease-4.17&UserID=e66b016b4b8d93fb09d116b30eb46d8c%7C106165e623734435a8a780e61779b206%7Ce6f1d241-7deb-4200-b96c-db511ad94999&AppEnvironment=datacollector-binary&UploadType=eteventstream] status=Processing
[2017.10.28-00.26.11:123][560]LogModuleManager: Shutting down and abandoning module SSL (40)
[2017.10.28-00.26.11:125][560]LogModuleManager: Shutting down and abandoning module AnimationModifiers (36)
[2017.10.28-00.26.11:125][560]LogModuleManager: Shutting down and abandoning module PropertyEditor (35)
[2017.10.28-00.26.11:125][560]LogModuleManager: Shutting down and abandoning module AudioEditor (32)
[2017.10.28-00.26.11:125][560]LogModuleManager: Shutting down and abandoning module TextureCompressor (30)
[2017.10.28-00.26.11:125][560]LogModuleManager: Shutting down and abandoning module ShaderCore (28)
[2017.10.28-00.26.11:125][560]LogModuleManager: Shutting down and abandoning module Landscape (26)
[2017.10.28-00.26.11:125][560]LogModuleManager: Shutting down and abandoning module SlateRHIRenderer (24)
[2017.10.28-00.26.11:126][560]LogModuleManager: Shutting down and abandoning module OpenGLDrv (22)
[2017.10.28-00.26.11:126][560]LogModuleManager: Shutting down and abandoning module D3D11RHI (20)
[2017.10.28-00.26.11:126][560]LogModuleManager: Shutting down and abandoning module AnimGraphRuntime (18)
[2017.10.28-00.26.11:126][560]LogModuleManager: Shutting down and abandoning module Renderer (16)
[2017.10.28-00.26.11:126][560]LogModuleManager: Shutting down and abandoning module Engine (14)
[2017.10.28-00.26.11:126][560]LogModuleManager: Shutting down and abandoning module CoreUObject (12)
[2017.10.28-00.26.11:126][560]LogModuleManager: Shutting down and abandoning module NetworkFile (10)
[2017.10.28-00.26.11:126][560]LogModuleManager: Shutting down and abandoning module CookedIterativeFile (8)
[2017.10.28-00.26.11:126][560]LogModuleManager: Shutting down and abandoning module StreamingFile (6)
[2017.10.28-00.26.11:126][560]LogModuleManager: Shutting down and abandoning module SandboxFile (4)
[2017.10.28-00.26.11:126][560]LogModuleManager: Shutting down and abandoning module PakFile (2)
[2017.10.28-00.26.11:128][560]LogExit: Exiting.
[2017.10.28-00.26.11:137][560]Log file closed, 10/27/17 18:26:11
