Log file open, 11/06/17 14:30:32
LogWindows: Failed to load 'aqProf.dll' (GetLastError=126)
LogWindows: File 'aqProf.dll' does not exist
LogWindows: Failed to load 'VtuneApi.dll' (GetLastError=126)
LogWindows: File 'VtuneApi.dll' does not exist
LogWindows: Failed to load 'VtuneApi32e.dll' (GetLastError=126)
LogWindows: File 'VtuneApi32e.dll' does not exist
LogInit: Display: Running engine for game: TeamPain
LogPlatformFile: Not using cached read wrapper
LogInit: Display: RandInit(806153266) SRandInit(806153266).
LogTaskGraph: Started task graph with 5 named threads and 14 total threads with 3 sets of task threads.
LogStats: Stats thread started at 0.157963
LogD3D11RHI: Aftermath initialized
LogPluginManager: Mounting plugin Paper2D
LogPluginManager: Mounting plugin LightPropagationVolume
LogPluginManager: Mounting plugin CodeLiteSourceCodeAccess
LogPluginManager: Mounting plugin GitSourceControl
LogPluginManager: Mounting plugin KDevelopSourceCodeAccess
LogPluginManager: Mounting plugin NullSourceCodeAccess
LogPluginManager: Mounting plugin PerforceSourceControl
LogPluginManager: Mounting plugin SubversionSourceControl
LogPluginManager: Mounting plugin UObjectPlugin
LogPluginManager: Mounting plugin VisualStudioSourceCodeAccess
LogPluginManager: Mounting plugin XCodeSourceCodeAccess
LogPluginManager: Mounting plugin AssetManagerEditor
LogPluginManager: Mounting plugin AudioCapture
LogPluginManager: Mounting plugin FacialAnimation
LogPluginManager: Mounting plugin GameplayTagsEditor
LogPluginManager: Mounting plugin MobileLauncherProfileWizard
LogPluginManager: Mounting plugin PluginBrowser
LogPluginManager: Mounting plugin SpeedTreeImporter
LogPluginManager: Mounting plugin AlembicImporter
LogPluginManager: Mounting plugin CharacterAI
LogPluginManager: Mounting plugin HTML5Networking
LogPluginManager: Mounting plugin AndroidMedia
LogPluginManager: Mounting plugin AvfMedia
LogPluginManager: Mounting plugin MediaPlayerEditor
LogPluginManager: Mounting plugin WmfMedia
LogPluginManager: Mounting plugin TcpMessaging
LogPluginManager: Mounting plugin UdpMessaging
LogPluginManager: Mounting plugin LevelSequenceEditor
LogPluginManager: Mounting plugin MatineeToLevelSequence
LogPluginManager: Mounting plugin OnlineSubsystemGooglePlay
LogPluginManager: Mounting plugin OnlineSubsystemIOS
LogPluginManager: Mounting plugin OnlineSubsystem
LogPluginManager: Mounting plugin OnlineSubsystemNull
LogPluginManager: Mounting plugin OnlineSubsystemUtils
LogPluginManager: Mounting plugin AndroidDeviceProfileSelector
LogPluginManager: Mounting plugin AndroidMoviePlayer
LogPluginManager: Mounting plugin AndroidPermission
LogPluginManager: Mounting plugin AppleMoviePlayer
LogPluginManager: Mounting plugin ArchVisCharacter
LogPluginManager: Mounting plugin CableComponent
LogPluginManager: Mounting plugin CustomMeshComponent
LogPluginManager: Mounting plugin ExampleDeviceProfileSelector
LogPluginManager: Mounting plugin GoogleCloudMessaging
LogPluginManager: Mounting plugin ImmediatePhysics
LogPluginManager: Mounting plugin IOSDeviceProfileSelector
LogPluginManager: Mounting plugin LinuxDeviceProfileSelector
LogPluginManager: Mounting plugin LocationServicesBPLibrary
LogPluginManager: Mounting plugin MobilePatchingUtils
LogPluginManager: Mounting plugin OculusVR
LogPluginManager: Mounting plugin PhysXVehicles
LogPluginManager: Mounting plugin ProceduralMeshComponent
LogPluginManager: Mounting plugin RuntimePhysXCooking
LogPluginManager: Mounting plugin SteamVR
LogPluginManager: Mounting plugin WindowsMoviePlayer
LogInit: Using libcurl 7.47.1
LogInit:  - built for x86_64-pc-win32
LogInit:  - supports SSL with OpenSSL/1.0.2g
LogInit:  - supports HTTP deflate (compression) using libz 1.2.8
LogInit:  - other features:
LogInit:      CURL_VERSION_SSL
LogInit:      CURL_VERSION_LIBZ
LogInit:      CURL_VERSION_IPV6
LogInit:      CURL_VERSION_ASYNCHDNS
LogInit:      CURL_VERSION_LARGEFILE
LogInit:      CURL_VERSION_IDN
LogInit:  CurlRequestOptions (configurable via config and command line):
LogInit:  - bVerifyPeer = false  - Libcurl will NOT verify peer certificate
LogInit:  - bUseHttpProxy = false  - Libcurl will NOT use HTTP proxy
LogInit:  - bDontReuseConnections = false  - Libcurl will reuse connections
LogInit:  - CertBundlePath = nullptr  - Libcurl will use whatever was configured at build time.
LogInit: Build: ++UE4+Release-4.17-CL-3658906
LogInit: Engine Version: 4.17.2-3658906+++UE4+Release-4.17
LogInit: Compatible Engine Version: 4.17.0-3573198+++UE4+Release-4.17
LogInit: Net CL: 3573198
LogDevObjectVersion: Number of dev versions registered: 16
LogDevObjectVersion:   Dev-Blueprints (B0D832E4-1F89-4F0D-ACCF-7EB736FD4AA2): 10
LogDevObjectVersion:   Dev-Build (E1C64328-A22C-4D53-A36C-8E866417BD8C): 0
LogDevObjectVersion:   Dev-Core (375EC13C-06E4-48FB-B500-84F0262A717E): 2
LogDevObjectVersion:   Dev-Editor (E4B068ED-F494-42E9-A231-DA0B2E46BB41): 20
LogDevObjectVersion:   Dev-Framework (CFFC743F-43B0-4480-9391-14DF171D2073): 28
LogDevObjectVersion:   Dev-Mobile (B02B49B5-BB20-44E9-A304-32B752E40360): 0
LogDevObjectVersion:   Dev-Networking (A4E4105C-59A1-49B5-A7C5-40C4547EDFEE): 0
LogDevObjectVersion:   Dev-Online (39C831C9-5AE6-47DC-9A44-9C173E1C8E7C): 0
LogDevObjectVersion:   Dev-Physics (78F01B33-EBEA-4F98-B9B4-84EACCB95AA2): 0
LogDevObjectVersion:   Dev-Platform (6631380F-2D4D-43E0-8009-CF276956A95A): 0
LogDevObjectVersion:   Dev-Rendering (12F88B9F-8875-4AFC-A67C-D90C383ABD29): 19
LogDevObjectVersion:   Dev-Sequencer (7B5AE74C-D270-4C10-A958-57980B212A5A): 4
LogDevObjectVersion:   Dev-VR (D7296918-1DD6-4BDD-9DE2-64A83CC13884): 0
LogDevObjectVersion:   Dev-LoadTimes (C2A15278-BFE7-4AFE-6C17-90FF531DF755): 1
LogDevObjectVersion:   Private-Geometry (6EACA3D4-40EC-4CC1-B786-8BED09428FC5): 1
LogDevObjectVersion:   Dev-AnimPhys (29E575DD-E0A3-4627-9D10-D276232CDCEA): 7
LogInit: Compiled (64-bit): Sep 22 2017 13:47:16
LogInit: Compiled with Visual C++: 19.00.24215.01
LogInit: Build Configuration: Development
LogInit: Branch Name: ++UE4+Release-4.17
LogInit: Command line:  
LogInit: Base directory: C:/Program Files/Epic Games/UE_4.17/Engine/Binaries/Win64/
LogInit: Installed Engine Build: 1
LogInit: Presizing for max 8388607 objects, including 0 objects not considered by GC, pre-allocating 0 bytes for permanent pool.
LogInit: Object subsystem initialized
[2017.11.06-21.30.32:842][  0]LogInit: Selected Device Profile: [Windows]
[2017.11.06-21.30.32:842][  0]LogInit: Applying CVar settings loaded from the selected device profile: [Windows]
[2017.11.06-21.30.32:853][  0]LogInit: Computer: eae-d-035
[2017.11.06-21.30.32:853][  0]LogInit: User: u1121191
[2017.11.06-21.30.32:853][  0]LogInit: CPU Page size=4096, Cores=4
[2017.11.06-21.30.32:853][  0]LogInit: High frequency timer resolution =3.513590 MHz
[2017.11.06-21.30.32:853][  0]LogMemory: Memory total: Physical=31.9GB (32GB approx)
[2017.11.06-21.30.32:853][  0]LogMemory: Platform Memory Stats for Windows
[2017.11.06-21.30.32:853][  0]LogMemory: Process Physical Memory: 278.61 MB used, 278.61 MB peak
[2017.11.06-21.30.32:853][  0]LogMemory: Process Virtual Memory: 274.36 MB used, 274.36 MB peak
[2017.11.06-21.30.32:853][  0]LogMemory: Physical Memory: 5536.93 MB used,  27107.72 MB free, 32644.64 MB total
[2017.11.06-21.30.32:853][  0]LogMemory: Virtual Memory: 669.05 MB used,  27107.72 MB free, 134217728.00 MB total
[2017.11.06-21.30.32:981][  0]LogInit: Using OS detected language (en-US).
[2017.11.06-21.30.32:981][  0]LogInit: Using OS detected locale (en-US).
[2017.11.06-21.30.32:983][  0]LogTextLocalizationManager: No specific localization for 'en-US' exists, so the 'en' localization will be used.
[2017.11.06-21.30.33:549][  0]LogD3D11RHI: D3D11 adapters:
[2017.11.06-21.30.33:585][  0]LogD3D11RHI:    0. 'NVIDIA GeForce GTX 1070' (Feature Level 11_0)
[2017.11.06-21.30.33:585][  0]LogD3D11RHI:       8081/0/16322 MB DedicatedVideo/DedicatedSystem/SharedSystem, Outputs:1, VendorId:0x10de
[2017.11.06-21.30.33:590][  0]LogD3D11RHI:    1. 'Intel(R) HD Graphics 4600' (Feature Level 11_0)
[2017.11.06-21.30.33:590][  0]LogD3D11RHI:       112/0/2048 MB DedicatedVideo/DedicatedSystem/SharedSystem, Outputs:0, VendorId:0x8086
[2017.11.06-21.30.33:591][  0]LogD3D11RHI:    2. 'Microsoft Basic Render Driver' (Feature Level 11_0)
[2017.11.06-21.30.33:591][  0]LogD3D11RHI:       0/0/16322 MB DedicatedVideo/DedicatedSystem/SharedSystem, Outputs:0, VendorId:0x1414
[2017.11.06-21.30.33:591][  0]LogD3D11RHI: Chosen D3D11 Adapter: 0
[2017.11.06-21.30.33:597][  0]LogD3D11RHI: Creating new Direct3DDevice
[2017.11.06-21.30.33:597][  0]LogD3D11RHI:     GPU DeviceId: 0x1b81 (for the marketing name, search the web for "GPU Device Id")
[2017.11.06-21.30.33:597][  0]LogWindows: EnumDisplayDevices:
[2017.11.06-21.30.33:597][  0]LogWindows:    0. 'NVIDIA GeForce GTX 1070' (P:1 D:1)
[2017.11.06-21.30.33:597][  0]LogWindows:    1. 'NVIDIA GeForce GTX 1070' (P:0 D:0)
[2017.11.06-21.30.33:597][  0]LogWindows:    2. 'NVIDIA GeForce GTX 1070' (P:0 D:0)
[2017.11.06-21.30.33:597][  0]LogWindows:    3. 'NVIDIA GeForce GTX 1070' (P:0 D:0)
[2017.11.06-21.30.33:597][  0]LogWindows:    4. 'Intel(R) HD Graphics 4600' (P:0 D:0)
[2017.11.06-21.30.33:597][  0]LogWindows:    5. 'Intel(R) HD Graphics 4600' (P:0 D:0)
[2017.11.06-21.30.33:597][  0]LogWindows:    6. 'Intel(R) HD Graphics 4600' (P:0 D:0)
[2017.11.06-21.30.33:597][  0]LogWindows: DebugString: PrimaryIsNotTheChoosenAdapter PrimaryIsNotTheChoosenAdapter PrimaryIsNotTheChoosenAdapter FoundDriverCount:4 
[2017.11.06-21.30.33:598][  0]LogD3D11RHI:     Adapter Name: NVIDIA GeForce GTX 1070
[2017.11.06-21.30.33:598][  0]LogD3D11RHI:   Driver Version: 384.76 (internal:22.21.13.8476, unified:384.76)
[2017.11.06-21.30.33:598][  0]LogD3D11RHI:      Driver Date: 6-27-2017
[2017.11.06-21.30.33:598][  0]LogRHI: Texture pool is 1361 MB (70% of 1945 MB)
[2017.11.06-21.30.33:619][  0]LogD3D11RHI: Async texture creation enabled
[2017.11.06-21.30.33:629][  0]LogD3D11RHI: GPU Timing Frequency: 1000.000000 (Debug: 2 1)
[2017.11.06-21.30.33:677][  0]LogShaderCompilers: Guid format shader working directory is -27 characters bigger than the processId version (../../../../../../Users/u1121191/Documents/GitHub/EAE3660-TeamPain/TeamPain/Intermediate/Shaders/WorkingDirectory/25984/).
[2017.11.06-21.30.33:677][  0]LogShaderCompilers: Cleaned the shader compiler working directory 'C:/Users/u1121191/AppData/Local/Temp/UnrealShaderWorkingDir/D6D784214026263E4DEFE29FA08BEA73/'.
[2017.11.06-21.30.33:677][  0]LogShaderCompilers: Display: Using Local Shader Compiler.
[2017.11.06-21.30.34:440][  0]LogTemp: Display: Loaded TP AllDesktopTargetPlatform
[2017.11.06-21.30.34:481][  0]LogTemp: Display: Loaded TP MacClientTargetPlatform
[2017.11.06-21.30.34:522][  0]LogTemp: Display: Loaded TP MacNoEditorTargetPlatform
[2017.11.06-21.30.34:562][  0]LogTemp: Display: Loaded TP MacServerTargetPlatform
[2017.11.06-21.30.34:604][  0]LogTemp: Display: Loaded TP MacTargetPlatform
[2017.11.06-21.30.34:647][  0]LogTemp: Display: Loaded TP WindowsClientTargetPlatform
[2017.11.06-21.30.34:688][  0]LogTemp: Display: Loaded TP WindowsNoEditorTargetPlatform
[2017.11.06-21.30.34:729][  0]LogTemp: Display: Loaded TP WindowsServerTargetPlatform
[2017.11.06-21.30.34:764][  0]LogTemp: Display: Loaded TP WindowsTargetPlatform
[2017.11.06-21.30.34:804][  0]LogTemp: Display: Loaded TP AndroidTargetPlatform
[2017.11.06-21.30.34:843][  0]LogTemp: Display: Loaded TP Android_ASTCTargetPlatform
[2017.11.06-21.30.34:883][  0]LogTemp: Display: Loaded TP Android_ATCTargetPlatform
[2017.11.06-21.30.34:924][  0]LogTemp: Display: Loaded TP Android_DXTTargetPlatform
[2017.11.06-21.30.34:964][  0]LogTemp: Display: Loaded TP Android_ETC1TargetPlatform
[2017.11.06-21.30.35:003][  0]LogTemp: Display: Loaded TP Android_ETC2TargetPlatform
[2017.11.06-21.30.35:082][  0]LogTemp: Display: Loaded TP Android_MultiTargetPlatform
[2017.11.06-21.30.35:082][  0]LogTemp: Display: Loaded TP Android_PVRTCTargetPlatform
[2017.11.06-21.30.35:114][  0]LogTemp: Display: Loaded TP HTML5TargetPlatform
[2017.11.06-21.30.35:192][  0]LogTemp: Display: Loaded TP IOSTargetPlatform
[2017.11.06-21.30.35:216][  0]LogTemp: Display: Loaded TP TVOSTargetPlatform
[2017.11.06-21.30.35:256][  0]LogTemp: Display: Loaded TP LinuxClientTargetPlatform
[2017.11.06-21.30.35:295][  0]LogTemp: Display: Loaded TP LinuxNoEditorTargetPlatform
[2017.11.06-21.30.35:335][  0]LogTemp: Display: Loaded TP LinuxServerTargetPlatform
[2017.11.06-21.30.35:375][  0]LogTemp: Display: Loaded TP LinuxTargetPlatform
[2017.11.06-21.30.35:375][  0]LogTargetPlatformManager: Display: Building Assets For Windows
[2017.11.06-21.30.35:755][  0]LogDerivedDataCache: Display: Max Cache Size: 512 MB
[2017.11.06-21.30.35:848][  0]LogDerivedDataCache: Loaded boot cache 0.09s 93MB C:/Users/u1121191/AppData/Local/UnrealEngine/4.17/DerivedDataCache/Boot.ddc.
[2017.11.06-21.30.35:848][  0]LogDerivedDataCache: Display: Loaded Boot cache: C:/Users/u1121191/AppData/Local/UnrealEngine/4.17/DerivedDataCache/Boot.ddc
[2017.11.06-21.30.35:848][  0]LogDerivedDataCache: FDerivedDataBackendGraph:  Pak pak cache file ../../../../../../Users/u1121191/Documents/GitHub/EAE3660-TeamPain/TeamPain/DerivedDataCache/DDC.ddp not found, will not use a pak cache.
[2017.11.06-21.30.35:848][  0]LogDerivedDataCache: Unable to find inner node Pak for hierarchical cache Hierarchy.
[2017.11.06-21.30.35:848][  0]LogDerivedDataCache: FDerivedDataBackendGraph:  CompressedPak pak cache file ../../../../../../Users/u1121191/Documents/GitHub/EAE3660-TeamPain/TeamPain/DerivedDataCache/Compressed.ddp not found, will not use a pak cache.
[2017.11.06-21.30.35:848][  0]LogDerivedDataCache: Unable to find inner node CompressedPak for hierarchical cache Hierarchy.
[2017.11.06-21.30.35:862][  0]LogDerivedDataCache: Display: Pak cache opened for reading ../../../Engine/DerivedDataCache/Compressed.ddp.
[2017.11.06-21.30.35:874][  0]LogDerivedDataCache: Using Local data cache path C:/Users/u1121191/AppData/Local/UnrealEngine/Common/DerivedDataCache: Writable
[2017.11.06-21.30.35:882][  0]LogMaterial: Verifying Global Shaders for PCD3D_SM5
[2017.11.06-21.30.35:882][  0]LogSlate: Using Freetype 2.6.0
[2017.11.06-21.30.35:883][  0]LogSlate: SlateFontCache - WITH_FREETYPE: 1, WITH_HARFBUZZ: 1
[2017.11.06-21.30.35:883][  0]LogSlate: SlateFontCache - WITH_FREETYPE: 1, WITH_HARFBUZZ: 1
[2017.11.06-21.30.36:104][  0]LogAssetRegistry: FAssetRegistry took 0.0254 seconds to start up
[2017.11.06-21.30.36:202][  0]LogInit: Selected Device Profile: [Windows]
[2017.11.06-21.30.36:326][  0]LogContentStreaming: Texture pool size is 0.00 MB
[2017.11.06-21.30.36:571][  0]LogSimplygon: Simplygon DLL not present - disabling.
[2017.11.06-21.30.36:602][  0]LogMeshReduction: Using SimplygonSwarm for distributed automatic mesh merging
[2017.11.06-21.30.36:602][  0]LogMeshReduction: Using QuadricMeshReduction for automatic static mesh reduction
[2017.11.06-21.30.36:602][  0]LogMeshReduction: No automatic skeletal mesh reduction module available
[2017.11.06-21.30.36:602][  0]LogMeshReduction: No automatic mesh merging module available
[2017.11.06-21.30.36:602][  0]LogMeshMerging: No automatic mesh merging module available
[2017.11.06-21.30.36:900][  0]LogNetVersion: TeamPain , NetCL: 3573198, EngineNetVer: 2, GameNetVer: 0 (Checksum: 1519948437)
[2017.11.06-21.30.37:081][  0]LogPackageLocalizationCache: Processed 5 localized package path(s) for 2 prioritized culture(s) in 0.046529 seconds
[2017.11.06-21.30.37:087][  0]LogUObjectArray: 35825 objects as part of root set at end of initial load.
[2017.11.06-21.30.37:087][  0]LogUObjectAllocator: 7529112 out of 0 bytes used by permanent object pool.
[2017.11.06-21.30.37:087][  0]LogUObjectArray: CloseDisregardForGC: 0/0 objects in disregard for GC pool
[2017.11.06-21.30.37:136][  0]LogInit: WinSock: version 1.1 (2.2), MaxSocks=32767, MaxUdp=65467
[2017.11.06-21.30.39:189][  0]LogTcpMessaging: Initializing TcpMessaging bridge
[2017.11.06-21.30.39:222][  0]LogUdpMessaging: Initializing bridge on interface 0.0.0.0:0 to multicast group 230.0.0.1:6666.
[2017.11.06-21.30.39:744][  0]LogMaterial: Uniform references updated for custom material expression Custom.
[2017.11.06-21.30.40:071][  0]SourceControl: Source control is disabled
[2017.11.06-21.30.40:071][  0]SourceControl: Source control is disabled
[2017.11.06-21.30.40:111][  0]SourceControl: Source control is disabled
[2017.11.06-21.30.40:149][  0]SourceControl: Source control is disabled
[2017.11.06-21.30.40:618][  0]LogAndroidPermission: UAndroidPermissionCallbackProxy::GetInstance
[2017.11.06-21.30.40:813][  0]LogOcInput: OculusInput pre-init called
[2017.11.06-21.30.41:027][  0]LogEngine: Initializing Engine...
[2017.11.06-21.30.41:028][  0]LogHMD: Failed to initialize OpenVR with code 110
[2017.11.06-21.30.41:214][  0]LogStats: UGameplayTagsManager::ConstructGameplayTagTree: Construct from data asset -  0.000 s
[2017.11.06-21.30.41:214][  0]LogStats: UGameplayTagsManager::ConstructGameplayTagTree: GameplayTagTreeChangedEvent.Broadcast -  0.000 s
[2017.11.06-21.30.41:339][  0]LogAIModule: Creating AISystem for world Untitled
[2017.11.06-21.30.41:348][  0]LogInit: XAudio2 using 'DELL UZ2315H-4 (NVIDIA High Definition Audio)' : 2 channels at 48 kHz using 16 bits per sample (channel mask 0x3)
[2017.11.06-21.30.41:387][  0]LogInit: FAudioDevice initialized.
[2017.11.06-21.30.41:462][  0]LogDerivedDataCache: Saved boot cache 0.08s 93MB C:/Users/u1121191/AppData/Local/UnrealEngine/4.17/DerivedDataCache/Boot.ddc.
[2017.11.06-21.30.41:476][  0]LogInit: Texture streaming: Enabled
[2017.11.06-21.30.41:568][  0]LogEngineSessionManager: EngineSessionManager initialized
[2017.11.06-21.30.41:742][  0]LogInit: Transaction tracking system initialized
[2017.11.06-21.30.41:987][  0]BlueprintLog: New page: Editor Load
[2017.11.06-21.30.42:700][  0]LocalizationService: Localization service is disabled
[2017.11.06-21.30.43:252][  0]LogConsoleResponse: Display: 
[2017.11.06-21.30.43:408][  0]LogCook: Display: Max memory allowance for cook 16384mb min free memory 0mb
[2017.11.06-21.30.43:408][  0]LogCook: Display: Mobile HDR setting 1
[2017.11.06-21.30.43:408][  0]LogGameplayTags: Display: UGameplayTagsManager::DoneAddingNativeTags. DelegateIsBound: 0
[2017.11.06-21.30.43:530][  0]LogFileCache: Scanning file cache for directory 'C:/Users/u1121191/Documents/GitHub/EAE3660-TeamPain/TeamPain/Content/' took 0.02s
[2017.11.06-21.30.44:253][  0]SourceControl: Source control is disabled
[2017.11.06-21.30.44:253][  0]Cmd: MAP LOAD FILE="../../../../../../Users/u1121191/Documents/GitHub/EAE3660-TeamPain/TeamPain/Content/Apartment.umap" TEMPLATE=0 SHOWPROGRESS=1 FEATURELEVEL=3
[2017.11.06-21.30.44:254][  0]LightingResults: New page: Lighting Build
[2017.11.06-21.30.44:287][  0]MapCheck: New page: Map Check
[2017.11.06-21.30.44:287][  0]LightingResults: New page: Lighting Build
[2017.11.06-21.30.45:174][  0]LogAIModule: Creating AISystem for world Apartment
[2017.11.06-21.30.45:187][  0]LogEditorServer: Finished looking for orphan Actors (0.000 secs)
[2017.11.06-21.30.45:199][  0]Cmd: MAP CHECKDEP NOCLEARLOG
[2017.11.06-21.30.45:261][  0]MapCheck: Map check complete: 0 Error(s), 0 Warning(s), took 62.713ms to complete.
[2017.11.06-21.30.45:261][  0]LogFileHelpers: Loading map 'Apartment' took 1.008
[2017.11.06-21.30.45:389][  0]LogCollectionManager: Loaded 0 collections in 0.001479 seconds
[2017.11.06-21.30.45:458][  0]LogFileCache: Scanning file cache for directory 'C:/Users/u1121191/Documents/GitHub/EAE3660-TeamPain/TeamPain/Saved/Collections/' took 0.01s
[2017.11.06-21.30.45:458][  0]LogFileCache: Scanning file cache for directory 'C:/Users/u1121191/Documents/GitHub/EAE3660-TeamPain/TeamPain/Content/Developers/u1121191/Collections/' took 0.01s
[2017.11.06-21.30.45:458][  0]LogFileCache: Scanning file cache for directory 'C:/Users/u1121191/Documents/GitHub/EAE3660-TeamPain/TeamPain/Content/Collections/' took 0.01s
[2017.11.06-21.30.45:458][  0]LogCollectionManager: Rebuilt the GUID cache for 0 collections in 0.000001 seconds
[2017.11.06-21.30.45:466][  0]LogContentBrowser: Native class hierarchy populated in 0.0074 seconds. Added 2386 classes and 500 folders.
[2017.11.06-21.30.45:518][  0]LogContentBrowser: Native class hierarchy updated for 'WidgetCarousel' in 0.0005 seconds. Added 0 classes and 0 folders.
[2017.11.06-21.30.45:553][  0]LogContentBrowser: Native class hierarchy updated for 'AddContentDialog' in 0.0005 seconds. Added 0 classes and 0 folders.
[2017.11.06-21.30.45:589][  0]LogContentBrowser: Native class hierarchy updated for 'SceneOutliner' in 0.0006 seconds. Added 1 classes and 2 folders.
[2017.11.06-21.30.45:651][  0]LogSlate: Took 0.000233 seconds to synchronously load lazily loaded font '../../../Engine/Content/Slate/Fonts/Roboto-Regular.ttf' (155K)
[2017.11.06-21.30.45:653][  0]LogSlate: Took 0.000174 seconds to synchronously load lazily loaded font '../../../Engine/Content/Slate/Fonts/Roboto-Bold.ttf' (160K)
[2017.11.06-21.30.45:742][  0]LogRenderer: Reallocating scene render targets to support 1056x576 Format 10 NumSamples 1 (Frame:1).
[2017.11.06-21.30.45:930][  0]LogContentBrowser: Native class hierarchy updated for 'HierarchicalLODOutliner' in 0.0006 seconds. Added 1 classes and 2 folders.
[2017.11.06-21.30.45:930][  0]LogLoad: (Engine Initialization) Total time: 14.54 seconds
[2017.11.06-21.30.45:930][  0]LogLoad: (Engine Initialization) Total Blueprint compile time: 0.00 seconds
[2017.11.06-21.30.45:931][  0]LogExternalProfiler: Found external profiler: VSPerf
[2017.11.06-21.30.45:931][  0]LogExternalProfiler: Using external profiler: VSPerf
[2017.11.06-21.30.45:940][  0]LogWindowsTextInputMethodSystem: Display: IME system now deactivated.
[2017.11.06-21.30.45:960][  0]LogContentStreaming: Texture pool size now 1000 MB
[2017.11.06-21.30.46:002][  1]LogAssetRegistry: Asset discovery search completed in 9.9194 seconds
[2017.11.06-21.30.46:003][  1]LogCollectionManager: Rebuilt the object cache for 0 collections in 0.000000 seconds (found 0 objects)
[2017.11.06-21.30.46:003][  1]LogCollectionManager: Fixed up redirectors for 0 collections in 0.000030 seconds (updated 0 objects)
[2017.11.06-21.30.46:970][102]LogSlate: Took 0.000236 seconds to synchronously load lazily loaded font '../../../Engine/Content/Slate/Fonts/Roboto-Light.ttf' (159K)
[2017.11.06-21.30.54:941][ 48]LogSlate: Took 0.000177 seconds to synchronously load lazily loaded font '../../../Engine/Content/Editor/Slate/Fonts/FontAwesome.ttf' (139K)
[2017.11.06-21.30.54:956][ 48]LogSlate: Took 0.000137 seconds to synchronously load lazily loaded font '../../../Engine/Content/Slate/Fonts/Roboto-Light.ttf' (159K)
[2017.11.06-21.31.09:040][594]LogSlate: Took 0.000125 seconds to synchronously load lazily loaded font '../../../Engine/Content/Slate/Fonts/Roboto-Light.ttf' (159K)
[2017.11.06-21.31.09:054][594]LogFactory: FactoryCreateFile: StaticMesh with FbxFactory (0 0 E:/FinalProduct/typingsequence.fbx)
[2017.11.06-21.31.09:076][594]LogFbx: ItemName: GlobalSettings, ItemCount : 1
[2017.11.06-21.31.09:076][594]LogFbx: ItemName: AnimationStack, ItemCount : 1
[2017.11.06-21.31.09:076][594]LogFbx: ItemName: AnimationLayer, ItemCount : 1
[2017.11.06-21.31.09:076][594]LogFbx: ItemName: NodeAttribute, ItemCount : 67
[2017.11.06-21.31.09:076][594]LogFbx: ItemName: Model, ItemCount : 69
[2017.11.06-21.31.09:076][594]LogFbx: ItemName: Geometry, ItemCount : 2
[2017.11.06-21.31.09:076][594]LogFbx: ItemName: Material, ItemCount : 2
[2017.11.06-21.31.09:076][594]LogFbx: ItemName: AnimationCurveNode, ItemCount : 304
[2017.11.06-21.31.09:076][594]LogFbx: ItemName: AnimationCurve, ItemCount : 159
[2017.11.06-21.31.09:076][594]LogFbx: ItemName: Pose, ItemCount : 2
[2017.11.06-21.31.09:076][594]LogFbx: ItemName: Deformer, ItemCount : 106
[2017.11.06-21.31.09:080][594]LogFbx: Loading FBX Scene from E:/FinalProduct/typingsequence.fbx
[2017.11.06-21.31.09:128][594]LogFbx: FBX Scene Loaded Succesfully
[2017.11.06-21.31.12:742][594]LogFbx: Loading FBX Scene from E:/FinalProduct/typingsequence.fbx
[2017.11.06-21.31.12:791][594]LogFbx: FBX Scene Loaded Succesfully
[2017.11.06-21.31.12:794][594]LogFbx: =================================================
[2017.11.06-21.31.12:795][594]LogFbx: Dumping Node START [Beta_Joints] 
[2017.11.06-21.31.12:795][594]LogFbx: 	Total Deformer Count 469548608.
[2017.11.06-21.31.12:795][594]LogFbx: 		[Node 1]  (Type Skin).
[2017.11.06-21.31.12:795][594]LogFbx: =================================================
[2017.11.06-21.31.12:795][594]LogFbx: 	Attribute () Type (4).
[2017.11.06-21.31.12:795][594]LogFbx: 		[Node Attribute Child 1] Beta_Joints (Type Mesh).
[2017.11.06-21.31.12:795][594]LogFbx: Dumping Node END [Beta_Joints]
[2017.11.06-21.31.12:795][594]LogFbx: =================================================
[2017.11.06-21.31.12:795][594]LogFbx: Dumping Node START [Beta_Surface] 
[2017.11.06-21.31.12:795][594]LogFbx: 	Total Deformer Count 1882913216.
[2017.11.06-21.31.12:795][594]LogFbx: 		[Node 1]  (Type Skin).
[2017.11.06-21.31.12:795][594]LogFbx: =================================================
[2017.11.06-21.31.12:795][594]LogFbx: 	Attribute () Type (4).
[2017.11.06-21.31.12:795][594]LogFbx: 		[Node Attribute Child 1] Beta_Surface (Type Mesh).
[2017.11.06-21.31.12:795][594]LogFbx: Dumping Node END [Beta_Surface]
[2017.11.06-21.31.12:796][594]LogFbx: =================================================
[2017.11.06-21.31.12:796][594]LogFbx: Dumping Node START [Beta_Joints] 
[2017.11.06-21.31.12:796][594]LogFbx: 	Total Deformer Count 469548608.
[2017.11.06-21.31.12:796][594]LogFbx: 		[Node 1]  (Type Skin).
[2017.11.06-21.31.12:796][594]LogFbx: =================================================
[2017.11.06-21.31.12:796][594]LogFbx: 	Attribute () Type (4).
[2017.11.06-21.31.12:796][594]LogFbx: 		[Node Attribute Child 1] Beta_Joints (Type Mesh).
[2017.11.06-21.31.12:796][594]LogFbx: Dumping Node END [Beta_Joints]
[2017.11.06-21.31.12:796][594]LogFbx: =================================================
[2017.11.06-21.31.12:796][594]LogFbx: Dumping Node START [Beta_Surface] 
[2017.11.06-21.31.12:796][594]LogFbx: 	Total Deformer Count 1882912736.
[2017.11.06-21.31.12:796][594]LogFbx: 		[Node 1]  (Type Skin).
[2017.11.06-21.31.12:796][594]LogFbx: =================================================
[2017.11.06-21.31.12:796][594]LogFbx: 	Attribute () Type (4).
[2017.11.06-21.31.12:796][594]LogFbx: 		[Node Attribute Child 1] Beta_Surface (Type Mesh).
[2017.11.06-21.31.12:796][594]LogFbx: Dumping Node END [Beta_Surface]
[2017.11.06-21.31.12:796][594]LogFbx: Valid bind pose for Pose (skinCluster1) - Beta_Joints
[2017.11.06-21.31.12:796][594]LogFbx: Valid bind pose for Pose (skinCluster2) - Beta_Joints
[2017.11.06-21.31.12:803][594]LogFbx: Triangulating skeletal mesh Beta_Joints
[2017.11.06-21.31.14:636][594]LogFbx: Triangulating skeletal mesh Beta_Surface
[2017.11.06-21.31.17:326][594]LogFbx: Warning: Bones digested - 67  Depth of hierarchy - 12
[2017.11.06-21.31.18:049][594]LogSlate: Took 0.000126 seconds to synchronously load lazily loaded font '../../../Engine/Content/Slate/Fonts/Roboto-Regular.ttf' (155K)
[2017.11.06-21.31.18:224][594]LogSkeletalMesh: Section 0: 12473 vertices, 37 active bones
[2017.11.06-21.31.18:226][594]LogSkeletalMesh: Section 1: 15839 vertices, 50 active bones
[2017.11.06-21.31.18:284][594]LogSkeletalMesh: Section 0: Material=0, 20840 triangles
[2017.11.06-21.31.18:285][594]LogSkeletalMesh: Section 1: Material=1, 28272 triangles
[2017.11.06-21.31.18:303][594]LogLinker: Can't find file '/Game/Character/typingsequence_PhysicsAsset'
[2017.11.06-21.31.18:303][594]LogLinker: Can't find file '/Game/Character/typingsequence_PhysicsAsset'
[2017.11.06-21.31.18:311][594]LogFbx: =================================================
[2017.11.06-21.31.18:311][594]LogFbx: Dumping Node START [Beta_Joints] 
[2017.11.06-21.31.18:311][594]LogFbx: 	Total Deformer Count 1810684800.
[2017.11.06-21.31.18:311][594]LogFbx: 		[Node 1]  (Type Skin).
[2017.11.06-21.31.18:311][594]LogFbx: =================================================
[2017.11.06-21.31.18:311][594]LogFbx: 	Attribute () Type (4).
[2017.11.06-21.31.18:311][594]LogFbx: 		[Node Attribute Child 1] Beta_Joints (Type Mesh).
[2017.11.06-21.31.18:311][594]LogFbx: Dumping Node END [Beta_Joints]
[2017.11.06-21.31.18:311][594]LogFbx: =================================================
[2017.11.06-21.31.18:311][594]LogFbx: Dumping Node START [Beta_Surface] 
[2017.11.06-21.31.18:311][594]LogFbx: 	Total Deformer Count 141816064.
[2017.11.06-21.31.18:311][594]LogFbx: 		[Node 1]  (Type Skin).
[2017.11.06-21.31.18:311][594]LogFbx: =================================================
[2017.11.06-21.31.18:311][594]LogFbx: 	Attribute () Type (4).
[2017.11.06-21.31.18:311][594]LogFbx: 		[Node Attribute Child 1] Beta_Surface (Type Mesh).
[2017.11.06-21.31.18:311][594]LogFbx: Dumping Node END [Beta_Surface]
[2017.11.06-21.31.18:312][594]LogFbx: =================================================
[2017.11.06-21.31.18:312][594]LogFbx: Dumping Node START [Beta_Joints] 
[2017.11.06-21.31.18:312][594]LogFbx: 	Total Deformer Count 1810684800.
[2017.11.06-21.31.18:312][594]LogFbx: 		[Node 1]  (Type Skin).
[2017.11.06-21.31.18:312][594]LogFbx: =================================================
[2017.11.06-21.31.18:312][594]LogFbx: 	Attribute () Type (4).
[2017.11.06-21.31.18:312][594]LogFbx: 		[Node Attribute Child 1] Beta_Joints (Type Mesh).
[2017.11.06-21.31.18:312][594]LogFbx: Dumping Node END [Beta_Joints]
[2017.11.06-21.31.18:312][594]LogFbx: =================================================
[2017.11.06-21.31.18:312][594]LogFbx: Dumping Node START [Beta_Surface] 
[2017.11.06-21.31.18:312][594]LogFbx: 	Total Deformer Count 141815584.
[2017.11.06-21.31.18:312][594]LogFbx: 		[Node 1]  (Type Skin).
[2017.11.06-21.31.18:312][594]LogFbx: =================================================
[2017.11.06-21.31.18:312][594]LogFbx: 	Attribute () Type (4).
[2017.11.06-21.31.18:312][594]LogFbx: 		[Node Attribute Child 1] Beta_Surface (Type Mesh).
[2017.11.06-21.31.18:312][594]LogFbx: Dumping Node END [Beta_Surface]
[2017.11.06-21.31.18:312][594]LogFbx: SortedLinks :(0) Hips
[2017.11.06-21.31.18:312][594]LogFbx: SortedLinks :(1) Spine
[2017.11.06-21.31.18:312][594]LogFbx: SortedLinks :(2) Spine1
[2017.11.06-21.31.18:312][594]LogFbx: SortedLinks :(3) Spine2
[2017.11.06-21.31.18:312][594]LogFbx: SortedLinks :(4) Neck
[2017.11.06-21.31.18:312][594]LogFbx: SortedLinks :(5) Head
[2017.11.06-21.31.18:312][594]LogFbx: SortedLinks :(6) HeadTop_End
[2017.11.06-21.31.18:312][594]LogFbx: SortedLinks :(7) LeftEye
[2017.11.06-21.31.18:312][594]LogFbx: SortedLinks :(8) RightEye
[2017.11.06-21.31.18:312][594]LogFbx: SortedLinks :(9) LeftShoulder
[2017.11.06-21.31.18:312][594]LogFbx: SortedLinks :(10) LeftArm
[2017.11.06-21.31.18:312][594]LogFbx: SortedLinks :(11) LeftForeArm
[2017.11.06-21.31.18:312][594]LogFbx: SortedLinks :(12) LeftHand
[2017.11.06-21.31.18:312][594]LogFbx: SortedLinks :(13) LeftHandThumb1
[2017.11.06-21.31.18:312][594]LogFbx: SortedLinks :(14) LeftHandThumb2
[2017.11.06-21.31.18:312][594]LogFbx: SortedLinks :(15) LeftHandThumb3
[2017.11.06-21.31.18:312][594]LogFbx: SortedLinks :(16) LeftHandThumb4
[2017.11.06-21.31.18:312][594]LogFbx: SortedLinks :(17) LeftHandIndex1
[2017.11.06-21.31.18:312][594]LogFbx: SortedLinks :(18) LeftHandIndex2
[2017.11.06-21.31.18:312][594]LogFbx: SortedLinks :(19) LeftHandIndex3
[2017.11.06-21.31.18:312][594]LogFbx: SortedLinks :(20) LeftHandIndex4
[2017.11.06-21.31.18:312][594]LogFbx: SortedLinks :(21) LeftHandMiddle1
[2017.11.06-21.31.18:312][594]LogFbx: SortedLinks :(22) LeftHandMiddle2
[2017.11.06-21.31.18:312][594]LogFbx: SortedLinks :(23) LeftHandMiddle3
[2017.11.06-21.31.18:312][594]LogFbx: SortedLinks :(24) LeftHandMiddle4
[2017.11.06-21.31.18:312][594]LogFbx: SortedLinks :(25) LeftHandRing1
[2017.11.06-21.31.18:312][594]LogFbx: SortedLinks :(26) LeftHandRing2
[2017.11.06-21.31.18:312][594]LogFbx: SortedLinks :(27) LeftHandRing3
[2017.11.06-21.31.18:312][594]LogFbx: SortedLinks :(28) LeftHandRing4
[2017.11.06-21.31.18:312][594]LogFbx: SortedLinks :(29) LeftHandPinky1
[2017.11.06-21.31.18:312][594]LogFbx: SortedLinks :(30) LeftHandPinky2
[2017.11.06-21.31.18:312][594]LogFbx: SortedLinks :(31) LeftHandPinky3
[2017.11.06-21.31.18:312][594]LogFbx: SortedLinks :(32) LeftHandPinky4
[2017.11.06-21.31.18:312][594]LogFbx: SortedLinks :(33) RightShoulder
[2017.11.06-21.31.18:312][594]LogFbx: SortedLinks :(34) RightArm
[2017.11.06-21.31.18:313][594]LogFbx: SortedLinks :(35) RightForeArm
[2017.11.06-21.31.18:313][594]LogFbx: SortedLinks :(36) RightHand
[2017.11.06-21.31.18:313][594]LogFbx: SortedLinks :(37) RightHandPinky1
[2017.11.06-21.31.18:313][594]LogFbx: SortedLinks :(38) RightHandPinky2
[2017.11.06-21.31.18:313][594]LogFbx: SortedLinks :(39) RightHandPinky3
[2017.11.06-21.31.18:313][594]LogFbx: SortedLinks :(40) RightHandPinky4
[2017.11.06-21.31.18:313][594]LogFbx: SortedLinks :(41) RightHandRing1
[2017.11.06-21.31.18:313][594]LogFbx: SortedLinks :(42) RightHandRing2
[2017.11.06-21.31.18:313][594]LogFbx: SortedLinks :(43) RightHandRing3
[2017.11.06-21.31.18:313][594]LogFbx: SortedLinks :(44) RightHandRing4
[2017.11.06-21.31.18:313][594]LogFbx: SortedLinks :(45) RightHandMiddle1
[2017.11.06-21.31.18:313][594]LogFbx: SortedLinks :(46) RightHandMiddle2
[2017.11.06-21.31.18:313][594]LogFbx: SortedLinks :(47) RightHandMiddle3
[2017.11.06-21.31.18:313][594]LogFbx: SortedLinks :(48) RightHandMiddle4
[2017.11.06-21.31.18:313][594]LogFbx: SortedLinks :(49) RightHandIndex1
[2017.11.06-21.31.18:313][594]LogFbx: SortedLinks :(50) RightHandIndex2
[2017.11.06-21.31.18:313][594]LogFbx: SortedLinks :(51) RightHandIndex3
[2017.11.06-21.31.18:313][594]LogFbx: SortedLinks :(52) RightHandIndex4
[2017.11.06-21.31.18:313][594]LogFbx: SortedLinks :(53) RightHandThumb1
[2017.11.06-21.31.18:313][594]LogFbx: SortedLinks :(54) RightHandThumb2
[2017.11.06-21.31.18:313][594]LogFbx: SortedLinks :(55) RightHandThumb3
[2017.11.06-21.31.18:313][594]LogFbx: SortedLinks :(56) RightHandThumb4
[2017.11.06-21.31.18:313][594]LogFbx: SortedLinks :(57) LeftUpLeg
[2017.11.06-21.31.18:313][594]LogFbx: SortedLinks :(58) LeftLeg
[2017.11.06-21.31.18:313][594]LogFbx: SortedLinks :(59) LeftFoot
[2017.11.06-21.31.18:313][594]LogFbx: SortedLinks :(60) LeftToeBase
[2017.11.06-21.31.18:313][594]LogFbx: SortedLinks :(61) LeftToe_End
[2017.11.06-21.31.18:313][594]LogFbx: SortedLinks :(62) RightUpLeg
[2017.11.06-21.31.18:313][594]LogFbx: SortedLinks :(63) RightLeg
[2017.11.06-21.31.18:313][594]LogFbx: SortedLinks :(64) RightFoot
[2017.11.06-21.31.18:313][594]LogFbx: SortedLinks :(65) RightToeBase
[2017.11.06-21.31.18:313][594]LogFbx: SortedLinks :(66) RightToe_End
[2017.11.06-21.31.18:314][594]LogFbx: Parsing AnimStack Take 001
[2017.11.06-21.31.18:317][594]LogLinker: Can't find file '/Game/Character/typingsequence_Anim'
[2017.11.06-21.31.18:317][594]LogLinker: Can't find file '/Game/Character/typingsequence_Anim'
[2017.11.06-21.31.20:519][594]LogAnimationCompression: Building Anim DDC data for AnimSequence /Game/Character/typingsequence_Anim.typingsequence_Anim
[2017.11.06-21.31.20:563][594]FBXImport: Warning: No smoothing group information was found in this FBX scene.  Please make sure to enable the 'Export Smoothing Groups' option in the FBX Exporter plug-in before exporting the file.  Even for tools that don't support smoothing groups, the FBX Exporter will generate appropriate smoothing data at export-time so that correct vertex normals can be inferred while importing. 
[2017.11.06-21.31.20:563][594]FBXImport: Warning: The following bones are missing from the bind pose:
mixamorig:HeadTop_End  
mixamorig:LeftEye  
mixamorig:RightEye  
mixamorig:LeftHandThumb4  
mixamorig:LeftHandIndex4  
mixamorig:LeftHandMiddle4  
mixamorig:LeftHandRing4  
mixamorig:LeftHandPinky4  
mixamorig:RightHandPinky4  
mixamorig:RightHandRing4  
mixamorig:RightHandMiddle4  
mixamorig:RightHandIndex4  
mixamorig:RightHandThumb4  
mixamorig:LeftToe_End  
mixamorig:RightToe_End  

This can happen for bones that are not vert weighted. If they are not in the correct orientation after importing,
please set the "Use T0 as ref pose" option or add them to the bind pose and reimport the skeletal mesh. 
[2017.11.06-21.31.23:098][858]LogContentBrowser: Native class hierarchy updated for 'SkeletonEditor' in 0.0006 seconds. Added 1 classes and 2 folders.
[2017.11.06-21.31.23:206][858]LogActorComponent: RegisterComponentWithWorld: (/Engine/Transient.World_4:PersistentLevel.Actor_0.DebugSkelMeshComponent_0) Already registered. Aborting.
[2017.11.06-21.31.23:230][858]LogSkeletalMesh: USkeletalMeshComponent::InitArticulated : Bodies already created (/Engine/Transient.World_4:PersistentLevel.Actor_0.DebugSkelMeshComponent_0) - call TermArticulated first.
[2017.11.06-21.31.23:441][858]LogSlate: Took 0.000188 seconds to synchronously load lazily loaded font '../../../Engine/Content/Editor/Slate/Fonts/Roboto-Italic.ttf' (157K)
[2017.11.06-21.31.23:491][858]LogContentBrowser: Native class hierarchy updated for 'ClothingSystemEditorInterface' in 0.0005 seconds. Added 1 classes and 0 folders.
[2017.11.06-21.31.29:204][347]LogActorComponent: RegisterComponentWithWorld: (/Engine/Transient.World_5:PersistentLevel.Actor_1.DebugSkelMeshComponent_1) Already registered. Aborting.
[2017.11.06-21.31.29:225][347]LogSkeletalMesh: USkeletalMeshComponent::InitArticulated : Bodies already created (/Engine/Transient.World_5:PersistentLevel.Actor_1.DebugSkelMeshComponent_1) - call TermArticulated first.
[2017.11.06-21.31.29:483][347]LogContentBrowser: Verbose: The majority of assets in the view are of type: AnimSequence
[2017.11.06-21.33.01:811][931]LogActorComponent: RegisterComponentWithWorld: (/Engine/Transient.World_8:PersistentLevel.Actor_2.DebugSkelMeshComponent_4) Already registered. Aborting.
[2017.11.06-21.33.01:846][931]LogSkeletalMesh: USkeletalMeshComponent::InitArticulated : Bodies already created (/Engine/Transient.World_8:PersistentLevel.Actor_2.DebugSkelMeshComponent_4) - call TermArticulated first.
[2017.11.06-21.33.02:102][931]LogContentBrowser: Verbose: The majority of assets in the view are of type: AnimSequence
[2017.11.06-21.33.21:567][ 90]LogActorComponent: RegisterComponentWithWorld: (/Engine/Transient.World_11:PersistentLevel.Actor_3.DebugSkelMeshComponent_7) Already registered. Aborting.
[2017.11.06-21.33.21:601][ 90]LogSkeletalMesh: USkeletalMeshComponent::InitArticulated : Bodies already created (/Engine/Transient.World_11:PersistentLevel.Actor_3.DebugSkelMeshComponent_7) - call TermArticulated first.
[2017.11.06-21.33.21:865][ 90]LogContentBrowser: Verbose: The majority of assets in the view are of type: AnimSequence
[2017.11.06-21.33.29:455][759]LogActorComponent: RegisterComponentWithWorld: (/Engine/Transient.World_14:PersistentLevel.Actor_4.DebugSkelMeshComponent_10) Already registered. Aborting.
[2017.11.06-21.33.29:487][759]LogSkeletalMesh: USkeletalMeshComponent::InitArticulated : Bodies already created (/Engine/Transient.World_14:PersistentLevel.Actor_4.DebugSkelMeshComponent_10) - call TermArticulated first.
[2017.11.06-21.33.29:745][759]LogContentBrowser: Verbose: The majority of assets in the view are of type: AnimSequence
[2017.11.06-21.33.58:246][925]LogContentBrowser: Native class hierarchy updated for 'PhAT' in 0.0007 seconds. Added 2 classes and 3 folders.
[2017.11.06-21.34.27:296][  8]LogActorComponent: RegisterComponentWithWorld: (/Engine/Transient.World_18:PersistentLevel.Actor_5.DebugSkelMeshComponent_13) Already registered. Aborting.
[2017.11.06-21.34.27:318][  8]LogSkeletalMesh: USkeletalMeshComponent::InitArticulated : Bodies already created (/Engine/Transient.World_18:PersistentLevel.Actor_5.DebugSkelMeshComponent_13) - call TermArticulated first.
[2017.11.06-21.34.27:579][  8]LogContentBrowser: Verbose: The majority of assets in the view are of type: AnimSequence
[2017.11.06-21.35.11:877][884]Cmd: QUIT_EDITOR
[2017.11.06-21.35.11:898][884]LogWindowsTextInputMethodSystem: Display: IME system now deactivated.
[2017.11.06-21.35.11:907][884]LogExit: Preparing to exit.
[2017.11.06-21.35.12:391][884]LogDirectoryWatcher: A directory notification for 'C:/Users/u1121191/Documents/GitHub/EAE3660-TeamPain/TeamPain/Content/' was aborted.
[2017.11.06-21.35.12:414][884]LogExit: Editor shut down
[2017.11.06-21.35.12:417][884]LogExit: Transaction tracking system shut down
[2017.11.06-21.35.12:608][884]LogDirectoryWatcher: A directory notification for '../../../Engine/Content/' was aborted.
[2017.11.06-21.35.12:608][884]LogDirectoryWatcher: A directory notification for '../../../../../../Users/u1121191/Documents/GitHub/EAE3660-TeamPain/TeamPain/Content/' was aborted.
[2017.11.06-21.35.12:608][884]LogDirectoryWatcher: A directory notification for '../../../Engine/Plugins/2D/Paper2D/Content/' was aborted.
[2017.11.06-21.35.12:608][884]LogDirectoryWatcher: A directory notification for '../../../Engine/Plugins/Runtime/Oculus/OculusVR/Content/' was aborted.
[2017.11.06-21.35.12:608][884]LogDirectoryWatcher: A directory notification for '../../../Engine/Plugins/Runtime/Steam/SteamVR/Content/' was aborted.
[2017.11.06-21.35.12:659][884]LogExit: Object subsystem successfully closed.
[2017.11.06-21.35.12:678][884]LogD3D11RHI: Shutdown
[2017.11.06-21.35.12:678][884]LogD3D11RHI: CleanupD3DDevice
[2017.11.06-21.35.12:754][884]LogD3D11RHI: ~FD3D11DynamicRHI
[2017.11.06-21.35.12:767][884]LogModuleManager: Shutting down and abandoning module PhAT (540)
[2017.11.06-21.35.12:767][884]LogModuleManager: Shutting down and abandoning module AnimationEditor (538)
[2017.11.06-21.35.12:767][884]LogModuleManager: Shutting down and abandoning module ClothingSystemEditorInterface (536)
[2017.11.06-21.35.12:767][884]LogModuleManager: Shutting down and abandoning module SkeletonEditor (534)
[2017.11.06-21.35.12:768][884]LogModuleManager: Shutting down and abandoning module SkeletalMeshEditor (532)
[2017.11.06-21.35.12:768][884]LogModuleManager: Shutting down and abandoning module HierarchicalLODOutliner (530)
[2017.11.06-21.35.12:768][884]LogModuleManager: Shutting down and abandoning module SceneOutliner (528)
[2017.11.06-21.35.12:768][884]LogModuleManager: Shutting down and abandoning module AddContentDialog (526)
[2017.11.06-21.35.12:768][884]LogDirectoryWatcher: A directory notification for 'C:/Program Files/Epic Games/UE_4.17/FeaturePacks/' was aborted.
[2017.11.06-21.35.12:769][884]LogModuleManager: Shutting down and abandoning module WidgetCarousel (525)
[2017.11.06-21.35.12:769][884]LogModuleManager: Shutting down and abandoning module EditorWidgets (522)
[2017.11.06-21.35.12:769][884]LogModuleManager: Shutting down and abandoning module CollectionManager (520)
[2017.11.06-21.35.12:769][884]LogDirectoryWatcher: A directory notification for 'C:/Users/u1121191/Documents/GitHub/EAE3660-TeamPain/TeamPain/Content/Collections/' was aborted.
[2017.11.06-21.35.12:769][884]LogDirectoryWatcher: A directory notification for 'C:/Users/u1121191/Documents/GitHub/EAE3660-TeamPain/TeamPain/Content/Developers/u1121191/Collections/' was aborted.
[2017.11.06-21.35.12:769][884]LogDirectoryWatcher: A directory notification for 'C:/Users/u1121191/Documents/GitHub/EAE3660-TeamPain/TeamPain/Saved/Collections/' was aborted.
[2017.11.06-21.35.12:770][884]LogModuleManager: Shutting down and abandoning module StatsViewer (518)
[2017.11.06-21.35.12:770][884]LogModuleManager: Shutting down and abandoning module FoliageEdit (516)
[2017.11.06-21.35.12:770][884]LogModuleManager: Shutting down and abandoning module LandscapeEditor (514)
[2017.11.06-21.35.12:770][884]LogModuleManager: Shutting down and abandoning module MeshPaintMode (512)
[2017.11.06-21.35.12:770][884]LogModuleManager: Shutting down and abandoning module SceneDepthPickerMode (510)
[2017.11.06-21.35.12:770][884]LogModuleManager: Shutting down and abandoning module ActorPickerMode (508)
[2017.11.06-21.35.12:770][884]LogModuleManager: Shutting down and abandoning module GeometryMode (506)
[2017.11.06-21.35.12:770][884]LogModuleManager: Shutting down and abandoning module TextureAlignMode (504)
[2017.11.06-21.35.12:770][884]LogModuleManager: Shutting down and abandoning module BspMode (502)
[2017.11.06-21.35.12:770][884]LogModuleManager: Shutting down and abandoning module PIEPreviewDeviceProfileSelector (500)
[2017.11.06-21.35.12:770][884]LogModuleManager: Shutting down and abandoning module HardwareSurvey (498)
[2017.11.06-21.35.12:770][884]LogModuleManager: Shutting down and abandoning module SequenceRecorderSections (496)
[2017.11.06-21.35.12:770][884]LogModuleManager: Shutting down and abandoning module AutomationWorker (494)
[2017.11.06-21.35.12:770][884]LogModuleManager: Shutting down and abandoning module MatineeToLevelSequence (492)
[2017.11.06-21.35.12:770][884]LogModuleManager: Shutting down and abandoning module LevelSequenceEditor (490)
[2017.11.06-21.35.12:770][884]LogModuleManager: Shutting down and abandoning module PlacementMode (489)
[2017.11.06-21.35.12:770][884]LogModuleManager: Shutting down and abandoning module WmfMediaFactory (486)
[2017.11.06-21.35.12:770][884]LogModuleManager: Shutting down and abandoning module WmfMediaEditor (484)
[2017.11.06-21.35.12:770][884]LogModuleManager: Shutting down and abandoning module AvfMediaFactory (482)
[2017.11.06-21.35.12:770][884]LogModuleManager: Shutting down and abandoning module AvfMediaEditor (480)
[2017.11.06-21.35.12:770][884]LogModuleManager: Shutting down and abandoning module AndroidMediaFactory (478)
[2017.11.06-21.35.12:770][884]LogModuleManager: Shutting down and abandoning module Media (477)
[2017.11.06-21.35.12:770][884]LogModuleManager: Shutting down and abandoning module AndroidMediaEditor (474)
[2017.11.06-21.35.12:770][884]LogModuleManager: Shutting down and abandoning module CharacterAI (472)
[2017.11.06-21.35.12:770][884]LogModuleManager: Shutting down and abandoning module AudioCapture (470)
[2017.11.06-21.35.12:770][884]LogModuleManager: Shutting down and abandoning module SequenceRecorder (469)
[2017.11.06-21.35.12:770][884]LogModuleManager: Shutting down and abandoning module SmartSnapping (466)
[2017.11.06-21.35.12:770][884]LogModuleManager: Shutting down and abandoning module SessionServices (464)
[2017.11.06-21.35.12:770][884]LogModuleManager: Shutting down and abandoning module ViewportSnapping (462)
[2017.11.06-21.35.12:770][884]LogModuleManager: Shutting down and abandoning module ViewportInteraction (460)
[2017.11.06-21.35.12:770][884]LogModuleManager: Shutting down and abandoning module ClothPainter (458)
[2017.11.06-21.35.12:770][884]LogModuleManager: Shutting down and abandoning module LogVisualizer (456)
[2017.11.06-21.35.12:770][884]LogModuleManager: Shutting down and abandoning module IntroTutorials (454)
[2017.11.06-21.35.12:770][884]LogModuleManager: Shutting down and abandoning module GameProjectGeneration (453)
[2017.11.06-21.35.12:770][884]LogModuleManager: Shutting down and abandoning module IOSPlatformEditor (450)
[2017.11.06-21.35.12:770][884]LogModuleManager: Shutting down and abandoning module HTML5PlatformEditor (448)
[2017.11.06-21.35.12:770][884]LogModuleManager: Shutting down and abandoning module AndroidPlatformEditor (446)
[2017.11.06-21.35.12:770][884]LogModuleManager: Shutting down and abandoning module AndroidDeviceDetection (445)
[2017.11.06-21.35.13:054][884]LogModuleManager: Shutting down and abandoning module WindowsPlatformEditor (442)
[2017.11.06-21.35.13:054][884]LogModuleManager: Shutting down and abandoning module IOSRuntimeSettings (440)
[2017.11.06-21.35.13:054][884]LogModuleManager: Shutting down and abandoning module AndroidRuntimeSettings (438)
[2017.11.06-21.35.13:054][884]LogModuleManager: Shutting down and abandoning module InputBindingEditor (436)
[2017.11.06-21.35.13:054][884]LogModuleManager: Shutting down and abandoning module MergeActors (434)
[2017.11.06-21.35.13:054][884]LogModuleManager: Shutting down and abandoning module SizeMap (432)
[2017.11.06-21.35.13:054][884]LogModuleManager: Shutting down and abandoning module TreeMap (430)
[2017.11.06-21.35.13:054][884]LogModuleManager: Shutting down and abandoning module ReferenceViewer (428)
[2017.11.06-21.35.13:054][884]LogModuleManager: Shutting down and abandoning module LocalizationDashboard (426)
[2017.11.06-21.35.13:054][884]LogModuleManager: Shutting down and abandoning module LocalizationService (425)
[2017.11.06-21.35.13:054][884]LogModuleManager: Shutting down and abandoning module HardwareTargeting (422)
[2017.11.06-21.35.13:054][884]LogModuleManager: Shutting down and abandoning module DeviceProfileEditor (420)
[2017.11.06-21.35.13:054][884]LogModuleManager: Shutting down and abandoning module UndoHistory (418)
[2017.11.06-21.35.13:054][884]LogModuleManager: Shutting down and abandoning module XmlParser (416)
[2017.11.06-21.35.13:054][884]LogModuleManager: Shutting down and abandoning module Blutility (414)
[2017.11.06-21.35.13:055][884]LogModuleManager: Shutting down and abandoning module ProjectSettingsViewer (412)
[2017.11.06-21.35.13:055][884]LogModuleManager: Shutting down and abandoning module ProjectTargetPlatformEditor (411)
[2017.11.06-21.35.13:055][884]LogModuleManager: Shutting down and abandoning module EditorSettingsViewer (408)
[2017.11.06-21.35.13:055][884]LogModuleManager: Shutting down and abandoning module SettingsEditor (406)
[2017.11.06-21.35.13:055][884]LogModuleManager: Shutting down and abandoning module ProjectLauncher (404)
[2017.11.06-21.35.13:055][884]LogModuleManager: Shutting down and abandoning module SessionFrontend (402)
[2017.11.06-21.35.13:055][884]LogModuleManager: Shutting down and abandoning module ProfilerClient (400)
[2017.11.06-21.35.13:055][884]LogModuleManager: Shutting down and abandoning module DeviceManager (398)
[2017.11.06-21.35.13:055][884]LogModuleManager: Shutting down and abandoning module TargetDeviceServices (397)
[2017.11.06-21.35.13:120][884]LogModuleManager: Shutting down and abandoning module AutomationController (394)
[2017.11.06-21.35.13:120][884]LogModuleManager: Shutting down and abandoning module AutomationWindow (392)
[2017.11.06-21.35.13:120][884]LogModuleManager: Shutting down and abandoning module Layers (390)
[2017.11.06-21.35.13:120][884]LogModuleManager: Shutting down and abandoning module ComponentVisualizers (388)
[2017.11.06-21.35.13:120][884]LogModuleManager: Shutting down and abandoning module DetailCustomizations (386)
[2017.11.06-21.35.13:120][884]LogModuleManager: Shutting down and abandoning module PackagesDialog (384)
[2017.11.06-21.35.13:120][884]LogModuleManager: Shutting down and abandoning module Persona (382)
[2017.11.06-21.35.13:120][884]LogModuleManager: Shutting down and abandoning module AdvancedPreviewScene (381)
[2017.11.06-21.35.13:120][884]LogModuleManager: Shutting down and abandoning module AnimGraph (379)
[2017.11.06-21.35.13:120][884]LogModuleManager: Shutting down and abandoning module Kismet (376)
[2017.11.06-21.35.13:120][884]LogModuleManager: Shutting down and abandoning module ClassViewer (374)
[2017.11.06-21.35.13:120][884]LogModuleManager: Shutting down and abandoning module Toolbox (372)
[2017.11.06-21.35.13:120][884]LogModuleManager: Shutting down and abandoning module ModuleUI (370)
[2017.11.06-21.35.13:120][884]LogModuleManager: Shutting down and abandoning module MovieSceneTools (368)
[2017.11.06-21.35.13:121][884]LogModuleManager: Shutting down and abandoning module OutputLog (366)
[2017.11.06-21.35.13:121][884]LogModuleManager: Shutting down and abandoning module GammaUI (364)
[2017.11.06-21.35.13:121][884]LogModuleManager: Shutting down and abandoning module Documentation (362)
[2017.11.06-21.35.13:121][884]LogModuleManager: Shutting down and abandoning module MovieSceneTracks (360)
[2017.11.06-21.35.13:121][884]LogModuleManager: Shutting down and abandoning module MovieScene (358)
[2017.11.06-21.35.13:121][884]LogModuleManager: Shutting down and abandoning module Niagara (356)
[2017.11.06-21.35.13:121][884]LogModuleManager: Shutting down and abandoning module NiagaraEditor (355)
[2017.11.06-21.35.13:121][884]LogModuleManager: Shutting down and abandoning module StreamingPauseRendering (352)
[2017.11.06-21.35.13:121][884]LogModuleManager: Shutting down and abandoning module LauncherPlatform (350)
[2017.11.06-21.35.13:121][884]LogModuleManager: Shutting down and abandoning module AnalyticsET (348)
[2017.11.06-21.35.13:121][884]LogModuleManager: Shutting down and abandoning module PortalServices (346)
[2017.11.06-21.35.13:121][884]LogModuleManager: Shutting down and abandoning module PortalRpc (344)
[2017.11.06-21.35.13:121][884]LogModuleManager: Shutting down and abandoning module MessagingRpc (342)
[2017.11.06-21.35.13:121][884]LogModuleManager: Shutting down and abandoning module AIModule (340)
[2017.11.06-21.35.13:121][884]LogModuleManager: Shutting down and abandoning module GameplayDebugger (339)
[2017.11.06-21.35.13:121][884]LogModuleManager: Shutting down and abandoning module AITestSuite (337)
[2017.11.06-21.35.13:121][884]LogModuleManager: Shutting down and abandoning module ProfilerService (334)
[2017.11.06-21.35.13:161][884]LogModuleManager: Shutting down and abandoning module TaskGraph (332)
[2017.11.06-21.35.13:161][884]LogModuleManager: Shutting down and abandoning module SteamVRController (330)
[2017.11.06-21.35.13:161][884]LogModuleManager: Shutting down and abandoning module ProceduralMeshComponentEditor (328)
[2017.11.06-21.35.13:161][884]LogModuleManager: Shutting down and abandoning module ProceduralMeshComponent (326)
[2017.11.06-21.35.13:161][884]LogModuleManager: Shutting down and abandoning module OculusInput (324)
[2017.11.06-21.35.13:161][884]LogModuleManager: Shutting down and abandoning module MobilePatchingUtils (322)
[2017.11.06-21.35.13:161][884]LogModuleManager: Shutting down and abandoning module CustomMeshComponent (320)
[2017.11.06-21.35.13:161][884]LogModuleManager: Shutting down and abandoning module CableComponent (318)
[2017.11.06-21.35.13:161][884]LogModuleManager: Shutting down and abandoning module ArchVisCharacter (316)
[2017.11.06-21.35.13:161][884]LogModuleManager: Shutting down and abandoning module AndroidPermission (314)
[2017.11.06-21.35.13:161][884]LogModuleManager: Shutting down and abandoning module MediaPlayerEditor (310)
[2017.11.06-21.35.13:161][884]LogModuleManager: Shutting down and abandoning module HTML5Networking (308)
[2017.11.06-21.35.13:161][884]LogModuleManager: Shutting down and abandoning module AlembicImporter (306)
[2017.11.06-21.35.13:161][884]LogModuleManager: Shutting down and abandoning module AlembicLibrary (305)
[2017.11.06-21.35.13:161][884]LogModuleManager: Shutting down and abandoning module GeometryCache (304)
[2017.11.06-21.35.13:162][884]LogModuleManager: Shutting down and abandoning module GeometryCacheEd (303)
[2017.11.06-21.35.13:162][884]LogModuleManager: Shutting down and abandoning module SpeedTreeImporter (298)
[2017.11.06-21.35.13:162][884]LogModuleManager: Shutting down and abandoning module PluginBrowser (296)
[2017.11.06-21.35.13:162][884]LogModuleManager: Shutting down and abandoning module MobileLauncherProfileWizard (294)
[2017.11.06-21.35.13:162][884]LogModuleManager: Shutting down and abandoning module VisualStudioSourceCodeAccess (292)
[2017.11.06-21.35.13:162][884]LogModuleManager: Shutting down and abandoning module DesktopPlatform (291)
[2017.11.06-21.35.13:162][884]LogModuleManager: Shutting down and abandoning module UObjectPlugin (288)
[2017.11.06-21.35.13:162][884]LogModuleManager: Shutting down and abandoning module SubversionSourceControl (286)
[2017.11.06-21.35.13:162][884]LogModuleManager: Shutting down and abandoning module PerforceSourceControl (284)
[2017.11.06-21.35.13:162][884]LogModuleManager: Shutting down and abandoning module GitSourceControl (282)
[2017.11.06-21.35.13:162][884]LogModuleManager: Shutting down and abandoning module SourceControl (281)
[2017.11.06-21.35.13:162][884]LogModuleManager: Shutting down and abandoning module LightPropagationVolumeEditor (278)
[2017.11.06-21.35.13:162][884]LogModuleManager: Shutting down and abandoning module PaperTiledImporter (276)
[2017.11.06-21.35.13:162][884]LogModuleManager: Shutting down and abandoning module PaperSpriteSheetImporter (274)
[2017.11.06-21.35.13:162][884]LogModuleManager: Shutting down and abandoning module Paper2DEditor (272)
[2017.11.06-21.35.13:162][884]LogModuleManager: Shutting down and abandoning module MeshPaint (271)
[2017.11.06-21.35.13:162][884]LogModuleManager: Shutting down and abandoning module LevelEditor (269)
[2017.11.06-21.35.13:162][884]LogModuleManager: Shutting down and abandoning module PixelInspectorModule (268)
[2017.11.06-21.35.13:162][884]LogModuleManager: Shutting down and abandoning module MainFrame (266)
[2017.11.06-21.35.13:163][884]LogModuleManager: Shutting down and abandoning module HotReload (265)
[2017.11.06-21.35.13:163][884]LogModuleManager: Shutting down and abandoning module RuntimePhysXCooking (260)
[2017.11.06-21.35.13:163][884]LogModuleManager: Shutting down and abandoning module PhysXVehiclesEditor (258)
[2017.11.06-21.35.13:163][884]LogModuleManager: Shutting down and abandoning module PhysXVehicles (256)
[2017.11.06-21.35.13:163][884]LogModuleManager: Shutting down and abandoning module OculusEditor (254)
[2017.11.06-21.35.13:163][884]LogModuleManager: Shutting down and abandoning module LocationServicesBPLibrary (252)
[2017.11.06-21.35.13:163][884]LogModuleManager: Shutting down and abandoning module ImmediatePhysicsEditor (250)
[2017.11.06-21.35.13:163][884]LogModuleManager: Shutting down and abandoning module ImmediatePhysics (248)
[2017.11.06-21.35.13:163][884]LogModuleManager: Shutting down and abandoning module UdpMessaging (246)
[2017.11.06-21.35.13:263][884]LogModuleManager: Shutting down and abandoning module TcpMessaging (244)
[2017.11.06-21.35.13:364][884]LogModuleManager: Shutting down and abandoning module GameplayTagsEditor (242)
[2017.11.06-21.35.13:364][884]LogModuleManager: Shutting down and abandoning module FacialAnimationEditor (240)
[2017.11.06-21.35.13:364][884]LogModuleManager: Shutting down and abandoning module FacialAnimation (238)
[2017.11.06-21.35.13:364][884]LogModuleManager: Shutting down and abandoning module AssetManagerEditor (236)
[2017.11.06-21.35.13:364][884]LogModuleManager: Shutting down and abandoning module GraphEditor (235)
[2017.11.06-21.35.13:364][884]LogModuleManager: Shutting down and abandoning module ContentBrowser (233)
[2017.11.06-21.35.13:365][884]LogModuleManager: Shutting down and abandoning module LightPropagationVolumeRuntime (230)
[2017.11.06-21.35.13:365][884]LogModuleManager: Shutting down and abandoning module Paper2D (228)
[2017.11.06-21.35.13:365][884]LogModuleManager: Shutting down and abandoning module WindowsMoviePlayer (226)
[2017.11.06-21.35.13:365][884]LogModuleManager: Shutting down and abandoning module WmfMedia (224)
[2017.11.06-21.35.13:365][884]LogModuleManager: Shutting down and abandoning module PacketHandler (222)
[2017.11.06-21.35.13:365][884]LogModuleManager: Shutting down and abandoning module ClothingSystemEditor (220)
[2017.11.06-21.35.13:365][884]LogModuleManager: Shutting down and abandoning module ClothingSystemRuntime (218)
[2017.11.06-21.35.13:365][884]LogModuleManager: Shutting down and abandoning module Overlay (216)
[2017.11.06-21.35.13:365][884]LogModuleManager: Shutting down and abandoning module OverlayEditor (215)
[2017.11.06-21.35.13:365][884]LogModuleManager: Shutting down and abandoning module MediaAssets (212)
[2017.11.06-21.35.13:365][884]LogModuleManager: Shutting down and abandoning module VREditor (210)
[2017.11.06-21.35.13:365][884]LogModuleManager: Shutting down and abandoning module StringTableEditor (208)
[2017.11.06-21.35.13:365][884]LogModuleManager: Shutting down and abandoning module GameplayTasksEditor (206)
[2017.11.06-21.35.13:365][884]LogModuleManager: Shutting down and abandoning module BehaviorTreeEditor (204)
[2017.11.06-21.35.13:365][884]LogModuleManager: Shutting down and abandoning module FunctionalTesting (202)
[2017.11.06-21.35.13:365][884]LogModuleManager: Shutting down and abandoning module CollisionAnalyzer (200)
[2017.11.06-21.35.13:365][884]LogModuleManager: Shutting down and abandoning module WorkspaceMenuStructure (199)
[2017.11.06-21.35.13:365][884]LogModuleManager: Shutting down and abandoning module UMG (196)
[2017.11.06-21.35.13:365][884]LogModuleManager: Shutting down and abandoning module UMGEditor (195)
[2017.11.06-21.35.13:365][884]LogModuleManager: Shutting down and abandoning module Sequencer (194)
[2017.11.06-21.35.13:365][884]LogModuleManager: Shutting down and abandoning module MessageLog (191)
[2017.11.06-21.35.13:365][884]LogModuleManager: Shutting down and abandoning module SlateReflector (186)
[2017.11.06-21.35.13:365][884]LogModuleManager: Shutting down and abandoning module Slate (184)
[2017.11.06-21.35.13:365][884]LogModuleManager: Shutting down and abandoning module EditorStyle (182)
[2017.11.06-21.35.13:367][884]LogModuleManager: Shutting down and abandoning module MRMesh (180)
[2017.11.06-21.35.13:367][884]LogModuleManager: Shutting down and abandoning module SourceCodeAccess (178)
[2017.11.06-21.35.13:367][884]LogModuleManager: Shutting down and abandoning module HeadMountedDisplay (176)
[2017.11.06-21.35.13:367][884]LogModuleManager: Shutting down and abandoning module XAudio2 (174)
[2017.11.06-21.35.13:367][884]LogModuleManager: Shutting down and abandoning module Networking (172)
[2017.11.06-21.35.13:367][884]LogModuleManager: Shutting down and abandoning module Core (168)
[2017.11.06-21.35.13:367][884]LogModuleManager: Shutting down and abandoning module KismetCompiler (164)
[2017.11.06-21.35.13:367][884]LogModuleManager: Shutting down and abandoning module LevelSequence (162)
[2017.11.06-21.35.13:367][884]LogModuleManager: Shutting down and abandoning module MeshUtilities (160)
[2017.11.06-21.35.13:367][884]LogModuleManager: Shutting down and abandoning module MeshMergeUtilities (159)
[2017.11.06-21.35.13:367][884]LogModuleManager: Shutting down and abandoning module MeshReductionInterface (158)
[2017.11.06-21.35.13:367][884]LogModuleManager: Shutting down and abandoning module SimplygonSwarm (157)
[2017.11.06-21.35.13:367][884]LogModuleManager: Shutting down and abandoning module SimplygonMeshReduction (155)
[2017.11.06-21.35.13:367][884]LogModuleManager: Shutting down and abandoning module QuadricMeshReduction (153)
[2017.11.06-21.35.13:367][884]LogModuleManager: Shutting down and abandoning module MaterialBaking (149)
[2017.11.06-21.35.13:367][884]LogModuleManager: Shutting down and abandoning module DirectoryWatcher (146)
[2017.11.06-21.35.13:368][884]LogModuleManager: Shutting down and abandoning module DerivedDataCache (144)
[2017.11.06-21.35.13:427][884]LogDerivedDataCache: Shutdown
[2017.11.06-21.35.13:427][884]LogModuleManager: Shutting down and abandoning module TargetPlatform (142)
[2017.11.06-21.35.13:427][884]LogModuleManager: Shutting down and abandoning module VulkanShaderFormat (141)
[2017.11.06-21.35.13:427][884]LogModuleManager: Shutting down and abandoning module ShaderFormatVectorVM (139)
[2017.11.06-21.35.13:427][884]LogModuleManager: Shutting down and abandoning module ShaderFormatOpenGL (137)
[2017.11.06-21.35.13:427][884]LogModuleManager: Shutting down and abandoning module ShaderFormatD3D (135)
[2017.11.06-21.35.13:427][884]LogModuleManager: Shutting down and abandoning module MetalShaderFormat (133)
[2017.11.06-21.35.13:427][884]LogModuleManager: Shutting down and abandoning module TextureFormatUncompressed (131)
[2017.11.06-21.35.13:427][884]LogModuleManager: Shutting down and abandoning module TextureFormatPVR (129)
[2017.11.06-21.35.13:427][884]LogModuleManager: Shutting down and abandoning module TextureFormatDXT (127)
[2017.11.06-21.35.13:427][884]LogModuleManager: Shutting down and abandoning module TextureFormatIntelISPCTexComp (125)
[2017.11.06-21.35.13:427][884]LogModuleManager: Shutting down and abandoning module TextureFormatASTC (123)
[2017.11.06-21.35.13:427][884]LogModuleManager: Shutting down and abandoning module ImageWrapper (122)
[2017.11.06-21.35.13:427][884]LogModuleManager: Shutting down and abandoning module TextureFormatAndroid (119)
[2017.11.06-21.35.13:427][884]LogModuleManager: Shutting down and abandoning module AudioFormatOpus (117)
[2017.11.06-21.35.13:428][884]LogModuleManager: Shutting down and abandoning module AudioFormatOgg (115)
[2017.11.06-21.35.13:428][884]LogModuleManager: Shutting down and abandoning module AudioFormatADPCM (113)
[2017.11.06-21.35.13:428][884]LogModuleManager: Shutting down and abandoning module LinuxTargetPlatform (111)
[2017.11.06-21.35.13:428][884]LogModuleManager: Shutting down and abandoning module LinuxServerTargetPlatform (109)
[2017.11.06-21.35.13:428][884]LogModuleManager: Shutting down and abandoning module LinuxNoEditorTargetPlatform (107)
[2017.11.06-21.35.13:428][884]LogModuleManager: Shutting down and abandoning module LinuxClientTargetPlatform (105)
[2017.11.06-21.35.13:428][884]LogModuleManager: Shutting down and abandoning module TVOSTargetPlatform (103)
[2017.11.06-21.35.13:428][884]LogModuleManager: Shutting down and abandoning module Messaging (101)
[2017.11.06-21.35.13:428][884]LogModuleManager: Shutting down and abandoning module IOSTargetPlatform (99)
[2017.11.06-21.35.13:428][884]LogModuleManager: Shutting down and abandoning module HTML5TargetPlatform (97)
[2017.11.06-21.35.13:428][884]LogModuleManager: Shutting down and abandoning module Android_PVRTCTargetPlatform (95)
[2017.11.06-21.35.13:428][884]LogModuleManager: Shutting down and abandoning module Android_MultiTargetPlatform (93)
[2017.11.06-21.35.13:428][884]LogModuleManager: Shutting down and abandoning module Android_ETC2TargetPlatform (91)
[2017.11.06-21.35.13:428][884]LogModuleManager: Shutting down and abandoning module Android_ETC1TargetPlatform (89)
[2017.11.06-21.35.13:428][884]LogModuleManager: Shutting down and abandoning module Android_DXTTargetPlatform (87)
[2017.11.06-21.35.13:428][884]LogModuleManager: Shutting down and abandoning module Android_ATCTargetPlatform (85)
[2017.11.06-21.35.13:428][884]LogModuleManager: Shutting down and abandoning module Android_ASTCTargetPlatform (83)
[2017.11.06-21.35.13:428][884]LogModuleManager: Shutting down and abandoning module AndroidTargetPlatform (81)
[2017.11.06-21.35.13:428][884]LogModuleManager: Shutting down and abandoning module WindowsTargetPlatform (79)
[2017.11.06-21.35.13:428][884]LogModuleManager: Shutting down and abandoning module WindowsServerTargetPlatform (77)
[2017.11.06-21.35.13:428][884]LogModuleManager: Shutting down and abandoning module WindowsNoEditorTargetPlatform (75)
[2017.11.06-21.35.13:428][884]LogModuleManager: Shutting down and abandoning module WindowsClientTargetPlatform (73)
[2017.11.06-21.35.13:428][884]LogModuleManager: Shutting down and abandoning module MacTargetPlatform (71)
[2017.11.06-21.35.13:428][884]LogModuleManager: Shutting down and abandoning module MacServerTargetPlatform (69)
[2017.11.06-21.35.13:428][884]LogModuleManager: Shutting down and abandoning module MacNoEditorTargetPlatform (67)
[2017.11.06-21.35.13:428][884]LogModuleManager: Shutting down and abandoning module MacClientTargetPlatform (65)
[2017.11.06-21.35.13:428][884]LogModuleManager: Shutting down and abandoning module AllDesktopTargetPlatform (63)
[2017.11.06-21.35.13:428][884]LogModuleManager: Shutting down and abandoning module InputCore (60)
[2017.11.06-21.35.13:428][884]LogModuleManager: Shutting down and abandoning module Settings (58)
[2017.11.06-21.35.13:428][884]LogModuleManager: Shutting down and abandoning module PhysXCooking (56)
[2017.11.06-21.35.13:428][884]LogModuleManager: Shutting down and abandoning module SteamVR (54)
[2017.11.06-21.35.13:428][884]LogModuleManager: Shutting down and abandoning module OculusHMD (52)
[2017.11.06-21.35.13:428][884]LogModuleManager: Shutting down and abandoning module ExampleDeviceProfileSelector (50)
[2017.11.06-21.35.13:428][884]LogModuleManager: Shutting down and abandoning module OnlineBlueprintSupport (48)
[2017.11.06-21.35.13:428][884]LogModuleManager: Shutting down and abandoning module OnlineSubsystem (44)
[2017.11.06-21.35.13:428][884]LogOnline: Display: Unloading online subsystem: NULL
[2017.11.06-21.35.13:428][884]LogModuleManager: Shutting down and abandoning module XMPP (43)
[2017.11.06-21.35.13:428][884]LogModuleManager: Shutting down and abandoning module HTTP (41)
[2017.11.06-21.35.13:428][884]LogHttp: Display: Http module shutting down, but needs to wait on 1 outstanding Http requests:
[2017.11.06-21.35.13:428][884]LogHttp: Display: 	verb=[POST] url=[https://datarouter.ol.epicgames.com/datarouter/api/v1/public/data?SessionID=%7B1526F706-4BD0-2699-0435-95BFDDC0F58B%7D&AppID=UEEditor.Rocket.Release&AppVersion=4.17.2-3658906%2B%2B%2BUE4%2BRelease-4.17&UserID=da2eafcb46e89bcacf081090747c9915%7C%7C31537957-7bda-4984-b434-ea9d7a693b5c&AppEnvironment=datacollector-binary&UploadType=eteventstream] status=Processing
[2017.11.06-21.35.13:439][884]LogModuleManager: Shutting down and abandoning module SSL (40)
[2017.11.06-21.35.13:441][884]LogModuleManager: Shutting down and abandoning module AnimationModifiers (36)
[2017.11.06-21.35.13:441][884]LogModuleManager: Shutting down and abandoning module PropertyEditor (35)
[2017.11.06-21.35.13:441][884]LogModuleManager: Shutting down and abandoning module AudioEditor (32)
[2017.11.06-21.35.13:441][884]LogModuleManager: Shutting down and abandoning module TextureCompressor (30)
[2017.11.06-21.35.13:441][884]LogModuleManager: Shutting down and abandoning module ShaderCore (28)
[2017.11.06-21.35.13:441][884]LogModuleManager: Shutting down and abandoning module Landscape (26)
[2017.11.06-21.35.13:441][884]LogModuleManager: Shutting down and abandoning module SlateRHIRenderer (24)
[2017.11.06-21.35.13:442][884]LogModuleManager: Shutting down and abandoning module OpenGLDrv (22)
[2017.11.06-21.35.13:442][884]LogModuleManager: Shutting down and abandoning module D3D11RHI (20)
[2017.11.06-21.35.13:442][884]LogModuleManager: Shutting down and abandoning module AnimGraphRuntime (18)
[2017.11.06-21.35.13:442][884]LogModuleManager: Shutting down and abandoning module Renderer (16)
[2017.11.06-21.35.13:442][884]LogModuleManager: Shutting down and abandoning module Engine (14)
[2017.11.06-21.35.13:442][884]LogModuleManager: Shutting down and abandoning module CoreUObject (12)
[2017.11.06-21.35.13:442][884]LogModuleManager: Shutting down and abandoning module NetworkFile (10)
[2017.11.06-21.35.13:442][884]LogModuleManager: Shutting down and abandoning module CookedIterativeFile (8)
[2017.11.06-21.35.13:442][884]LogModuleManager: Shutting down and abandoning module StreamingFile (6)
[2017.11.06-21.35.13:442][884]LogModuleManager: Shutting down and abandoning module SandboxFile (4)
[2017.11.06-21.35.13:442][884]LogModuleManager: Shutting down and abandoning module PakFile (2)
[2017.11.06-21.35.13:445][884]LogExit: Exiting.
[2017.11.06-21.35.13:457][884]Log file closed, 11/06/17 14:35:13
