Log file open, 11/01/17 15:21:35
LogWindows: LoadLibraryWithSearchPaths failed for file aqProf.dll. GetLastError=0
LogWindows: LoadLibraryWithSearchPaths failed for file VSPerf140.dll. GetLastError=0
LogWindows: LoadLibraryWithSearchPaths failed for file VtuneApi.dll. GetLastError=0
LogWindows: LoadLibraryWithSearchPaths failed for file VtuneApi32e.dll. GetLastError=0
LogInit: Display: Running engine for game: TeamPain
LogPlatformFile: Not using cached read wrapper
LogInit: Display: RandInit(-1087570846) SRandInit(-1087570846).
LogTaskGraph: Started task graph with 5 named threads and 14 total threads with 3 sets of task threads.
LogStats: Stats thread started at 0.840541
LogD3D11RHI: Aftermath initialized
LogPluginManager: Mounting plugin Paper2D
LogPluginManager: Mounting plugin LightPropagationVolume
LogPluginManager: Mounting plugin CodeLiteSourceCodeAccess
LogPluginManager: Mounting plugin GitSourceControl
LogPluginManager: Mounting plugin KDevelopSourceCodeAccess
LogPluginManager: Mounting plugin NullSourceCodeAccess
LogPluginManager: Mounting plugin PerforceSourceControl
LogPluginManager: Mounting plugin SubversionSourceControl
LogPluginManager: Mounting plugin UObjectPlugin
LogPluginManager: Mounting plugin VisualStudioSourceCodeAccess
LogPluginManager: Mounting plugin XCodeSourceCodeAccess
LogPluginManager: Mounting plugin AssetManagerEditor
LogPluginManager: Mounting plugin AudioCapture
LogPluginManager: Mounting plugin FacialAnimation
LogPluginManager: Mounting plugin GameplayTagsEditor
LogPluginManager: Mounting plugin MobileLauncherProfileWizard
LogPluginManager: Mounting plugin PluginBrowser
LogPluginManager: Mounting plugin SpeedTreeImporter
LogPluginManager: Mounting plugin AlembicImporter
LogPluginManager: Mounting plugin CharacterAI
LogPluginManager: Mounting plugin HTML5Networking
LogPluginManager: Mounting plugin AndroidMedia
LogPluginManager: Mounting plugin AvfMedia
LogPluginManager: Mounting plugin MediaPlayerEditor
LogPluginManager: Mounting plugin WmfMedia
LogPluginManager: Mounting plugin TcpMessaging
LogPluginManager: Mounting plugin UdpMessaging
LogPluginManager: Mounting plugin LevelSequenceEditor
LogPluginManager: Mounting plugin MatineeToLevelSequence
LogPluginManager: Mounting plugin OnlineSubsystemGooglePlay
LogPluginManager: Mounting plugin OnlineSubsystemIOS
LogPluginManager: Mounting plugin OnlineSubsystem
LogPluginManager: Mounting plugin OnlineSubsystemNull
LogPluginManager: Mounting plugin OnlineSubsystemUtils
LogPluginManager: Mounting plugin AndroidDeviceProfileSelector
LogPluginManager: Mounting plugin AndroidMoviePlayer
LogPluginManager: Mounting plugin AndroidPermission
LogPluginManager: Mounting plugin AppleMoviePlayer
LogPluginManager: Mounting plugin ArchVisCharacter
LogPluginManager: Mounting plugin CableComponent
LogPluginManager: Mounting plugin CustomMeshComponent
LogPluginManager: Mounting plugin ExampleDeviceProfileSelector
LogPluginManager: Mounting plugin GoogleCloudMessaging
LogPluginManager: Mounting plugin ImmediatePhysics
LogPluginManager: Mounting plugin IOSDeviceProfileSelector
LogPluginManager: Mounting plugin LinuxDeviceProfileSelector
LogPluginManager: Mounting plugin LocationServicesBPLibrary
LogPluginManager: Mounting plugin MobilePatchingUtils
LogPluginManager: Mounting plugin OculusVR
LogPluginManager: Mounting plugin PhysXVehicles
LogPluginManager: Mounting plugin ProceduralMeshComponent
LogPluginManager: Mounting plugin RuntimePhysXCooking
LogPluginManager: Mounting plugin SteamVR
LogPluginManager: Mounting plugin WindowsMoviePlayer
LogInit: Using libcurl 7.47.1
LogInit:  - built for x86_64-pc-win32
LogInit:  - supports SSL with OpenSSL/1.0.2g
LogInit:  - supports HTTP deflate (compression) using libz 1.2.8
LogInit:  - other features:
LogInit:      CURL_VERSION_SSL
LogInit:      CURL_VERSION_LIBZ
LogInit:      CURL_VERSION_IPV6
LogInit:      CURL_VERSION_ASYNCHDNS
LogInit:      CURL_VERSION_LARGEFILE
LogInit:      CURL_VERSION_IDN
LogInit:  CurlRequestOptions (configurable via config and command line):
LogInit:  - bVerifyPeer = false  - Libcurl will NOT verify peer certificate
LogInit:  - bUseHttpProxy = false  - Libcurl will NOT use HTTP proxy
LogInit:  - bDontReuseConnections = false  - Libcurl will reuse connections
LogInit:  - CertBundlePath = nullptr  - Libcurl will use whatever was configured at build time.
LogInit: Build: ++UE4+Release-4.17-CL-3586342
LogInit: Engine Version: 4.17.1-3586342+++UE4+Release-4.17
LogInit: Compatible Engine Version: 4.17.0-3573198+++UE4+Release-4.17
LogInit: Net CL: 3573198
LogDevObjectVersion: Number of dev versions registered: 16
LogDevObjectVersion:   Dev-Blueprints (B0D832E4-1F89-4F0D-ACCF-7EB736FD4AA2): 10
LogDevObjectVersion:   Dev-Build (E1C64328-A22C-4D53-A36C-8E866417BD8C): 0
LogDevObjectVersion:   Dev-Core (375EC13C-06E4-48FB-B500-84F0262A717E): 2
LogDevObjectVersion:   Dev-Editor (E4B068ED-F494-42E9-A231-DA0B2E46BB41): 20
LogDevObjectVersion:   Dev-Framework (CFFC743F-43B0-4480-9391-14DF171D2073): 28
LogDevObjectVersion:   Dev-Mobile (B02B49B5-BB20-44E9-A304-32B752E40360): 0
LogDevObjectVersion:   Dev-Networking (A4E4105C-59A1-49B5-A7C5-40C4547EDFEE): 0
LogDevObjectVersion:   Dev-Online (39C831C9-5AE6-47DC-9A44-9C173E1C8E7C): 0
LogDevObjectVersion:   Dev-Physics (78F01B33-EBEA-4F98-B9B4-84EACCB95AA2): 0
LogDevObjectVersion:   Dev-Platform (6631380F-2D4D-43E0-8009-CF276956A95A): 0
LogDevObjectVersion:   Dev-Rendering (12F88B9F-8875-4AFC-A67C-D90C383ABD29): 19
LogDevObjectVersion:   Dev-Sequencer (7B5AE74C-D270-4C10-A958-57980B212A5A): 4
LogDevObjectVersion:   Dev-VR (D7296918-1DD6-4BDD-9DE2-64A83CC13884): 0
LogDevObjectVersion:   Dev-LoadTimes (C2A15278-BFE7-4AFE-6C17-90FF531DF755): 1
LogDevObjectVersion:   Private-Geometry (6EACA3D4-40EC-4CC1-B786-8BED09428FC5): 1
LogDevObjectVersion:   Dev-AnimPhys (29E575DD-E0A3-4627-9D10-D276232CDCEA): 7
LogInit: Compiled (64-bit): Aug 15 2017 02:05:26
LogInit: Compiled with Visual C++: 19.00.24215.01
LogInit: Build Configuration: Development
LogInit: Branch Name: ++UE4+Release-4.17
LogInit: Command line:  
LogInit: Base directory: C:/Program Files/Epic Games/UE_4.17/Engine/Binaries/Win64/
LogInit: Installed Engine Build: 1
LogInit: Presizing for max 8388607 objects, including 0 objects not considered by GC, pre-allocating 0 bytes for permanent pool.
LogInit: Object subsystem initialized
[2017.11.01-21.21.39:534][  0]LogInit: Selected Device Profile: [Windows]
[2017.11.01-21.21.39:534][  0]LogInit: Applying CVar settings loaded from the selected device profile: [Windows]
[2017.11.01-21.21.39:550][  0]LogInit: Computer: DESKTOP-06B5JCP
[2017.11.01-21.21.39:550][  0]LogInit: User: Aaron
[2017.11.01-21.21.39:550][  0]LogInit: CPU Page size=4096, Cores=4
[2017.11.01-21.21.39:550][  0]LogInit: High frequency timer resolution =2.742191 MHz
[2017.11.01-21.21.39:550][  0]LogMemory: Memory total: Physical=15.9GB (16GB approx)
[2017.11.01-21.21.39:550][  0]LogMemory: Platform Memory Stats for Windows
[2017.11.01-21.21.39:550][  0]LogMemory: Process Physical Memory: 278.75 MB used, 278.75 MB peak
[2017.11.01-21.21.39:550][  0]LogMemory: Process Virtual Memory: 282.38 MB used, 282.38 MB peak
[2017.11.01-21.21.39:550][  0]LogMemory: Physical Memory: 4950.98 MB used,  11299.20 MB free, 16250.17 MB total
[2017.11.01-21.21.39:550][  0]LogMemory: Virtual Memory: 676.91 MB used,  11299.20 MB free, 134217728.00 MB total
[2017.11.01-21.21.43:304][  0]LogInit: Using OS detected language (en-US).
[2017.11.01-21.21.43:304][  0]LogInit: Using OS detected locale (en-US).
[2017.11.01-21.21.43:313][  0]LogTextLocalizationManager: No specific localization for 'en-US' exists, so the 'en' localization will be used.
[2017.11.01-21.21.44:760][  0]LogD3D11RHI: D3D11 adapters:
[2017.11.01-21.21.46:219][  0]LogD3D11RHI:    0. 'NVIDIA GeForce GTX 1050 Ti' (Feature Level 11_0)
[2017.11.01-21.21.46:219][  0]LogD3D11RHI:       4016/0/8125 MB DedicatedVideo/DedicatedSystem/SharedSystem, Outputs:1, VendorId:0x10de
[2017.11.01-21.21.46:238][  0]LogD3D11RHI:    1. 'Intel(R) HD Graphics 630' (Feature Level 11_0)
[2017.11.01-21.21.46:238][  0]LogD3D11RHI:       128/0/8125 MB DedicatedVideo/DedicatedSystem/SharedSystem, Outputs:0, VendorId:0x8086
[2017.11.01-21.21.46:241][  0]LogD3D11RHI:    2. 'Microsoft Basic Render Driver' (Feature Level 11_0)
[2017.11.01-21.21.46:241][  0]LogD3D11RHI:       0/0/8125 MB DedicatedVideo/DedicatedSystem/SharedSystem, Outputs:0, VendorId:0x1414
[2017.11.01-21.21.46:242][  0]LogD3D11RHI: Chosen D3D11 Adapter: 0
[2017.11.01-21.21.46:249][  0]LogD3D11RHI: Creating new Direct3DDevice
[2017.11.01-21.21.46:249][  0]LogD3D11RHI:     GPU DeviceId: 0x1c8c (for the marketing name, search the web for "GPU Device Id")
[2017.11.01-21.21.46:249][  0]LogWindows: EnumDisplayDevices:
[2017.11.01-21.21.46:250][  0]LogWindows:    0. 'Intel(R) HD Graphics 630' (P:1 D:1)
[2017.11.01-21.21.46:250][  0]LogWindows:    1. 'Intel(R) HD Graphics 630' (P:0 D:0)
[2017.11.01-21.21.46:250][  0]LogWindows:    2. 'Intel(R) HD Graphics 630' (P:0 D:0)
[2017.11.01-21.21.46:251][  0]LogWindows:    3. 'NVIDIA GeForce GTX 1050 Ti' (P:0 D:0)
[2017.11.01-21.21.46:251][  0]LogWindows: DebugString: PrimaryIsNotTheChoosenAdapter PrimaryIsNotTheChoosenAdapter PrimaryIsNotTheChoosenAdapter 
[2017.11.01-21.21.46:251][  0]LogD3D11RHI:     Adapter Name: NVIDIA GeForce GTX 1050 Ti
[2017.11.01-21.21.46:251][  0]LogD3D11RHI:   Driver Version: 384.77 (internal:22.21.13.8477, unified:384.77)
[2017.11.01-21.21.46:251][  0]LogD3D11RHI:      Driver Date: 6-29-2017
[2017.11.01-21.21.46:251][  0]LogRHI: Texture pool is 1361 MB (70% of 1945 MB)
[2017.11.01-21.21.46:298][  0]LogD3D11RHI: Async texture creation enabled
[2017.11.01-21.21.46:310][  0]LogD3D11RHI: GPU Timing Frequency: 1000.000000 (Debug: 2 1)
[2017.11.01-21.21.46:311][  0]LogShaderCompilers: Guid format shader working directory is -28 characters bigger than the processId version (../../../../../../Users/namur/Documents/TeamPain/EAE3660-TeamPain/TeamPain/Intermediate/Shaders/WorkingDirectory/6808/).
[2017.11.01-21.21.46:311][  0]LogShaderCompilers: Cleaned the shader compiler working directory 'C:/Users/namur/AppData/Local/Temp/UnrealShaderWorkingDir/8755A0E04FBA9F144E52ACAD3DD2FD1F/'.
[2017.11.01-21.21.46:311][  0]LogShaderCompilers: Display: Using Local Shader Compiler.
[2017.11.01-21.21.48:417][  0]LogTemp: Display: Loaded TP AllDesktopTargetPlatform
[2017.11.01-21.21.48:819][  0]LogTemp: Display: Loaded TP MacClientTargetPlatform
[2017.11.01-21.21.49:059][  0]LogTemp: Display: Loaded TP MacNoEditorTargetPlatform
[2017.11.01-21.21.49:487][  0]LogTemp: Display: Loaded TP MacServerTargetPlatform
[2017.11.01-21.21.49:832][  0]LogTemp: Display: Loaded TP MacTargetPlatform
[2017.11.01-21.21.50:285][  0]LogTemp: Display: Loaded TP WindowsClientTargetPlatform
[2017.11.01-21.21.50:651][  0]LogTemp: Display: Loaded TP WindowsNoEditorTargetPlatform
[2017.11.01-21.21.51:020][  0]LogTemp: Display: Loaded TP WindowsServerTargetPlatform
[2017.11.01-21.21.51:421][  0]LogTemp: Display: Loaded TP WindowsTargetPlatform
[2017.11.01-21.21.51:777][  0]LogTemp: Display: Loaded TP AndroidTargetPlatform
[2017.11.01-21.21.52:014][  0]LogTemp: Display: Loaded TP Android_ASTCTargetPlatform
[2017.11.01-21.21.52:443][  0]LogTemp: Display: Loaded TP Android_ATCTargetPlatform
[2017.11.01-21.21.52:724][  0]LogTemp: Display: Loaded TP Android_DXTTargetPlatform
[2017.11.01-21.21.53:218][  0]LogTemp: Display: Loaded TP Android_ETC1TargetPlatform
[2017.11.01-21.21.53:462][  0]LogTemp: Display: Loaded TP Android_ETC2TargetPlatform
[2017.11.01-21.21.54:250][  0]LogTemp: Display: Loaded TP Android_MultiTargetPlatform
[2017.11.01-21.21.54:251][  0]LogTemp: Display: Loaded TP Android_PVRTCTargetPlatform
[2017.11.01-21.21.54:680][  0]LogTemp: Display: Loaded TP HTML5TargetPlatform
[2017.11.01-21.21.55:485][  0]LogTemp: Display: Loaded TP IOSTargetPlatform
[2017.11.01-21.21.55:800][  0]LogTemp: Display: Loaded TP TVOSTargetPlatform
[2017.11.01-21.21.56:039][  0]LogTemp: Display: Loaded TP LinuxClientTargetPlatform
[2017.11.01-21.21.56:365][  0]LogTemp: Display: Loaded TP LinuxNoEditorTargetPlatform
[2017.11.01-21.21.56:667][  0]LogTemp: Display: Loaded TP LinuxServerTargetPlatform
[2017.11.01-21.21.56:939][  0]LogTemp: Display: Loaded TP LinuxTargetPlatform
[2017.11.01-21.21.56:939][  0]LogTargetPlatformManager: Display: Building Assets For Windows
[2017.11.01-21.22.04:865][  0]LogDerivedDataCache: Display: Max Cache Size: 512 MB
[2017.11.01-21.22.05:336][  0]LogDerivedDataCache: Loaded boot cache 0.47s 93MB C:/Users/namur/AppData/Local/UnrealEngine/4.17/DerivedDataCache/Boot.ddc.
[2017.11.01-21.22.05:337][  0]LogDerivedDataCache: Display: Loaded Boot cache: C:/Users/namur/AppData/Local/UnrealEngine/4.17/DerivedDataCache/Boot.ddc
[2017.11.01-21.22.05:337][  0]LogDerivedDataCache: FDerivedDataBackendGraph:  Pak pak cache file ../../../../../../Users/namur/Documents/TeamPain/EAE3660-TeamPain/TeamPain/DerivedDataCache/DDC.ddp not found, will not use a pak cache.
[2017.11.01-21.22.05:337][  0]LogDerivedDataCache: Unable to find inner node Pak for hierarchical cache Hierarchy.
[2017.11.01-21.22.05:337][  0]LogDerivedDataCache: FDerivedDataBackendGraph:  CompressedPak pak cache file ../../../../../../Users/namur/Documents/TeamPain/EAE3660-TeamPain/TeamPain/DerivedDataCache/Compressed.ddp not found, will not use a pak cache.
[2017.11.01-21.22.05:337][  0]LogDerivedDataCache: Unable to find inner node CompressedPak for hierarchical cache Hierarchy.
[2017.11.01-21.22.05:373][  0]LogDerivedDataCache: Display: Pak cache opened for reading ../../../Engine/DerivedDataCache/Compressed.ddp.
[2017.11.01-21.22.05:387][  0]LogDerivedDataCache: Using Local data cache path C:/Users/namur/AppData/Local/UnrealEngine/Common/DerivedDataCache: Writable
[2017.11.01-21.22.05:408][  0]LogMaterial: Verifying Global Shaders for PCD3D_SM5
[2017.11.01-21.22.05:410][  0]LogSlate: Using Freetype 2.6.0
[2017.11.01-21.22.05:413][  0]LogSlate: SlateFontCache - WITH_FREETYPE: 1, WITH_HARFBUZZ: 1
[2017.11.01-21.22.05:413][  0]LogSlate: SlateFontCache - WITH_FREETYPE: 1, WITH_HARFBUZZ: 1
[2017.11.01-21.22.06:867][  0]LogAssetRegistry: FAssetRegistry took 0.0279 seconds to start up
[2017.11.01-21.22.07:046][  0]LogInit: Selected Device Profile: [Windows]
[2017.11.01-21.22.07:320][  0]LogContentStreaming: Texture pool size is 0.00 MB
[2017.11.01-21.22.10:641][  0]LogSimplygon: Simplygon DLL not present - disabling.
[2017.11.01-21.22.10:876][  0]LogMeshReduction: Using SimplygonSwarm for distributed automatic mesh merging
[2017.11.01-21.22.10:876][  0]LogMeshReduction: Using QuadricMeshReduction for automatic static mesh reduction
[2017.11.01-21.22.10:876][  0]LogMeshReduction: No automatic skeletal mesh reduction module available
[2017.11.01-21.22.10:876][  0]LogMeshReduction: No automatic mesh merging module available
[2017.11.01-21.22.10:876][  0]LogMeshMerging: No automatic mesh merging module available
[2017.11.01-21.22.11:395][  0]LogNetVersion: TeamPain , NetCL: 3573198, EngineNetVer: 2, GameNetVer: 0 (Checksum: 1519948437)
[2017.11.01-21.22.11:749][  0]LogPackageLocalizationCache: Processed 5 localized package path(s) for 2 prioritized culture(s) in 0.058417 seconds
[2017.11.01-21.22.11:758][  0]LogUObjectArray: 35825 objects as part of root set at end of initial load.
[2017.11.01-21.22.11:758][  0]LogUObjectAllocator: 7529112 out of 0 bytes used by permanent object pool.
[2017.11.01-21.22.11:759][  0]LogUObjectArray: CloseDisregardForGC: 0/0 objects in disregard for GC pool
[2017.11.01-21.22.12:145][  0]LogInit: WinSock: version 1.1 (2.2), MaxSocks=32767, MaxUdp=65467
[2017.11.01-21.22.25:061][  0]LogTcpMessaging: Initializing TcpMessaging bridge
[2017.11.01-21.22.25:488][  0]LogUdpMessaging: Initializing bridge on interface 0.0.0.0:0 to multicast group 230.0.0.1:6666.
[2017.11.01-21.22.30:388][  0]LogMaterial: Uniform references updated for custom material expression Custom.
[2017.11.01-21.22.32:453][  0]SourceControl: Source control is disabled
[2017.11.01-21.22.32:453][  0]SourceControl: Source control is disabled
[2017.11.01-21.22.32:981][  0]SourceControl: Source control is disabled
[2017.11.01-21.22.33:692][  0]SourceControl: Source control is disabled
[2017.11.01-21.22.38:527][  0]LogAndroidPermission: UAndroidPermissionCallbackProxy::GetInstance
[2017.11.01-21.22.40:123][  0]LogOcInput: OculusInput pre-init called
[2017.11.01-21.22.41:873][  0]LogEngine: Initializing Engine...
[2017.11.01-21.22.41:876][  0]LogHMD: Failed to initialize OpenVR with code 110
[2017.11.01-21.22.42:221][  0]LogStats: UGameplayTagsManager::ConstructGameplayTagTree: Construct from data asset -  0.000 s
[2017.11.01-21.22.42:222][  0]LogStats: UGameplayTagsManager::ConstructGameplayTagTree: GameplayTagTreeChangedEvent.Broadcast -  0.000 s
[2017.11.01-21.22.42:622][  0]LogAIModule: Creating AISystem for world Untitled
[2017.11.01-21.22.42:649][  0]LogInit: XAudio2 using 'Speakers / Headphones (Realtek Audio)' : 2 channels at 48 kHz using 32 bits per sample (channel mask 0x3)
[2017.11.01-21.22.42:784][  0]LogInit: FAudioDevice initialized.
[2017.11.01-21.22.42:867][  0]LogDerivedDataCache: Saved boot cache 0.08s 93MB C:/Users/namur/AppData/Local/UnrealEngine/4.17/DerivedDataCache/Boot.ddc.
[2017.11.01-21.22.42:882][  0]LogInit: Texture streaming: Enabled
[2017.11.01-21.22.44:054][  0]LogEngineSessionManager: EngineSessionManager initialized
[2017.11.01-21.22.44:950][  0]LogWindowsTextInputMethodSystem: Display: IME system now deactivated.
[2017.11.01-21.22.45:633][  0]LogInit: Transaction tracking system initialized
[2017.11.01-21.22.47:451][  0]BlueprintLog: New page: Editor Load
[2017.11.01-21.22.53:630][  0]LocalizationService: Localization service is disabled
[2017.11.01-21.22.58:506][  0]LogConsoleResponse: Display: 
[2017.11.01-21.22.58:916][  0]LogCook: Display: Max memory allowance for cook 16384mb min free memory 0mb
[2017.11.01-21.22.58:916][  0]LogCook: Display: Mobile HDR setting 1
[2017.11.01-21.22.58:916][  0]LogGameplayTags: Display: UGameplayTagsManager::DoneAddingNativeTags. DelegateIsBound: 0
[2017.11.01-21.22.59:378][  0]LogFileCache: Scanning file cache for directory 'C:/Users/namur/Documents/TeamPain/EAE3660-TeamPain/TeamPain/Content/' took 0.03s
[2017.11.01-21.23.06:121][  0]SourceControl: Source control is disabled
[2017.11.01-21.23.06:121][  0]Cmd: MAP LOAD FILE="../../../../../../Users/namur/Documents/TeamPain/EAE3660-TeamPain/TeamPain/Content/StarterContent/Maps/Minimal_Default.umap" TEMPLATE=0 SHOWPROGRESS=1 FEATURELEVEL=3
[2017.11.01-21.23.06:122][  0]LightingResults: New page: Lighting Build
[2017.11.01-21.23.06:196][  0]MapCheck: New page: Map Check
[2017.11.01-21.23.06:196][  0]LightingResults: New page: Lighting Build
[2017.11.01-21.23.07:135][  0]LogAIModule: Creating AISystem for world Minimal_Default
[2017.11.01-21.23.07:160][  0]LogEditorServer: Finished looking for orphan Actors (0.000 secs)
[2017.11.01-21.23.07:182][  0]Cmd: MAP CHECKDEP NOCLEARLOG
[2017.11.01-21.23.07:277][  0]MapCheck: Map check complete: 0 Error(s), 0 Warning(s), took 94.986ms to complete.
[2017.11.01-21.23.07:277][  0]LogFileHelpers: Loading map 'Minimal_Default' took 1.156
[2017.11.01-21.23.07:577][  0]LogCollectionManager: Loaded 0 collections in 0.002098 seconds
[2017.11.01-21.23.07:697][  0]LogFileCache: Scanning file cache for directory 'C:/Users/namur/Documents/TeamPain/EAE3660-TeamPain/TeamPain/Saved/Collections/' took 0.01s
[2017.11.01-21.23.07:697][  0]LogFileCache: Scanning file cache for directory 'C:/Users/namur/Documents/TeamPain/EAE3660-TeamPain/TeamPain/Content/Developers/Aaron/Collections/' took 0.01s
[2017.11.01-21.23.07:697][  0]LogFileCache: Scanning file cache for directory 'C:/Users/namur/Documents/TeamPain/EAE3660-TeamPain/TeamPain/Content/Collections/' took 0.01s
[2017.11.01-21.23.07:697][  0]LogCollectionManager: Rebuilt the GUID cache for 0 collections in 0.000001 seconds
[2017.11.01-21.23.07:707][  0]LogContentBrowser: Native class hierarchy populated in 0.0101 seconds. Added 2386 classes and 500 folders.
[2017.11.01-21.23.07:825][  0]LogContentBrowser: Native class hierarchy updated for 'WidgetCarousel' in 0.0011 seconds. Added 0 classes and 0 folders.
[2017.11.01-21.23.07:993][  0]LogContentBrowser: Native class hierarchy updated for 'AddContentDialog' in 0.0008 seconds. Added 0 classes and 0 folders.
[2017.11.01-21.23.08:582][  0]LogContentBrowser: Native class hierarchy updated for 'SceneOutliner' in 0.0008 seconds. Added 1 classes and 2 folders.
[2017.11.01-21.23.08:675][  0]LogSlate: Took 0.001249 seconds to synchronously load lazily loaded font '../../../Engine/Content/Slate/Fonts/Roboto-Regular.ttf' (155K)
[2017.11.01-21.23.08:679][  0]LogSlate: Took 0.002054 seconds to synchronously load lazily loaded font '../../../Engine/Content/Slate/Fonts/Roboto-Bold.ttf' (160K)
[2017.11.01-21.23.08:682][  0]LogSlate: Took 0.001372 seconds to synchronously load lazily loaded font '../../../Engine/Content/Editor/Slate/Fonts/FontAwesome.ttf' (139K)
[2017.11.01-21.23.08:829][  0]LogRenderer: Reallocating scene render targets to support 888x708 Format 9 NumSamples 1 (Frame:1).
[2017.11.01-21.23.09:460][  0]LogContentBrowser: Native class hierarchy updated for 'HierarchicalLODOutliner' in 0.0018 seconds. Added 1 classes and 2 folders.
[2017.11.01-21.23.09:460][  0]LogLoad: (Engine Initialization) Total time: 98.58 seconds
[2017.11.01-21.23.09:460][  0]LogLoad: (Engine Initialization) Total Blueprint compile time: 0.00 seconds
[2017.11.01-21.23.09:461][  0]LogExternalProfiler: No external profilers were discovered.  External profiling features will not be available.
[2017.11.01-21.23.09:500][  0]LogContentStreaming: Texture pool size now 400 MB
[2017.11.01-21.23.09:538][  0]LogSlate: Took 0.001761 seconds to synchronously load lazily loaded font '../../../Engine/Content/Slate/Fonts/Roboto-Light.ttf' (159K)
[2017.11.01-21.23.09:609][  1]LogAssetRegistry: Asset discovery search completed in 62.7653 seconds
[2017.11.01-21.23.09:616][  1]LogCollectionManager: Rebuilt the object cache for 0 collections in 0.000003 seconds (found 0 objects)
[2017.11.01-21.23.09:616][  1]LogCollectionManager: Fixed up redirectors for 0 collections in 0.000438 seconds (updated 0 objects)
[2017.11.01-21.26.36:808][144]LogTexture: Display: Building textures: T_Railing_AOMASK (DXT1, 2048X2048)
[2017.11.01-21.26.36:808][144]LogTexture: Display: Building textures: T_Railing_N (BC5, 2048X2048)
[2017.11.01-21.26.36:808][144]LogTexture: Display: Building textures: T_Galvanized_M (DXT1, 2048X2048)
[2017.11.01-21.26.36:808][144]LogTexture: Display: Building textures: T_Galvanized_D (DXT1, 2048X2048)
[2017.11.01-21.26.36:808][144]LogTexture: Display: Building textures: T_Galvanized_N (BC5, 2048X2048)
[2017.11.01-21.26.38:592][144]LogMaterial: Missing cached shader map for material M_Railing_MAT, compiling. 
[2017.11.01-21.26.38:655][144]LogStaticMesh: Building static mesh SM_Railing...
[2017.11.01-21.26.38:661][144]LogSlate: Took 0.000244 seconds to synchronously load lazily loaded font '../../../Engine/Content/Slate/Fonts/Roboto-Light.ttf' (159K)
[2017.11.01-21.26.38:662][144]LogSlate: Took 0.000150 seconds to synchronously load lazily loaded font '../../../Engine/Content/Slate/Fonts/Roboto-Regular.ttf' (155K)
[2017.11.01-21.26.38:687][144]LogStaticMesh: Built static mesh [0.03s] /Game/ArchVis/Mesh/SM_Railing.SM_Railing
[2017.11.01-21.26.38:724][144]LogActorFactory: Actor Factory created SM_Railing
[2017.11.01-21.26.44:570][424]LogActorFactory: Actor Factory created SM_Railing
[2017.11.01-21.26.47:466][541]Cmd: DELETE
[2017.11.01-21.26.47:466][541]Cmd: ACTOR DELETE
[2017.11.01-21.26.47:471][541]LogEditorActor: Deleted Actor: Brush
[2017.11.01-21.26.47:578][541]LogEditorActor: Deleted 1 Actors (0.112 secs)
[2017.11.01-21.26.54:601][952]LogEditorViewport: Clicking on Actor (LMB): StaticMeshActor (SM_Railing)
[2017.11.01-21.28.02:973][796]Cmd: TRANSACTION UNDO
[2017.11.01-21.28.02:973][796]LogEditorTransaction: Undo Move Actors
[2017.11.01-21.28.03:007][796]LogSlate: Took 0.000307 seconds to synchronously load lazily loaded font '../../../Engine/Content/Slate/Fonts/Roboto-Light.ttf' (159K)
[2017.11.01-21.28.03:421][816]Cmd: TRANSACTION UNDO
[2017.11.01-21.28.03:421][816]LogEditorTransaction: Undo Rotate Actors
[2017.11.01-21.28.03:885][840]Cmd: TRANSACTION UNDO
[2017.11.01-21.28.03:885][840]LogEditorTransaction: Undo Rotate Actors
[2017.11.01-21.28.20:687][797]Cmd: TRANSACTION UNDO
[2017.11.01-21.28.20:687][797]LogEditorTransaction: Undo Move Actors
[2017.11.01-21.28.21:222][822]Cmd: TRANSACTION UNDO
[2017.11.01-21.28.21:222][822]LogEditorTransaction: Undo Move Actors
[2017.11.01-21.28.48:179][288]LogEditorViewport: Clicking on Actor (LMB): StaticMeshActor (SM_Railing)
[2017.11.01-21.29.24:030][319]LogEditorViewport: Clicking on Actor (LMB): StaticMeshActor (SM_Railing)
[2017.11.01-21.29.30:651][693]LogEditorViewport: Clicking on Actor (LMB): StaticMeshActor (SM_Railing2)
[2017.11.01-21.29.38:773][152]LogEditorViewport: Clicking on Actor (LMB): StaticMeshActor (SM_Railing3)
[2017.11.01-21.30.11:510][ 10]LogEditorViewport: Clicking on Actor (LMB): StaticMeshActor (SM_Railing2)
[2017.11.01-21.32.45:305][397]Cmd: DELETE
[2017.11.01-21.32.45:305][397]Cmd: ACTOR DELETE
[2017.11.01-21.32.45:309][397]LogEditorActor: Deleted Actor: Brush
[2017.11.01-21.32.45:405][397]LogEditorActor: Deleted 1 Actors (0.099 secs)
[2017.11.01-21.32.46:834][477]Cmd: DELETE
[2017.11.01-21.32.46:835][477]Cmd: ACTOR DELETE
[2017.11.01-21.32.46:838][477]LogEditorActor: Deleted Actor: Brush
[2017.11.01-21.32.46:934][477]LogEditorActor: Deleted 1 Actors (0.099 secs)
[2017.11.01-21.32.48:885][584]LogActorFactory: Actor Factory created SM_Couch_1seat
[2017.11.01-21.32.51:176][716]LogActorFactory: Actor Factory created SM_Couch_1seat
[2017.11.01-21.33.20:692][379]Cmd: DELETE
[2017.11.01-21.33.20:692][379]Cmd: ACTOR DELETE
[2017.11.01-21.33.20:694][379]LogEditorActor: Deleted Actor: StaticMeshActor
[2017.11.01-21.33.20:721][379]LogEditorActor: Deleted 1 Actors (0.030 secs)
[2017.11.01-21.33.31:438][994]LogActorFactory: Actor Factory created SM_Chair
[2017.11.01-21.33.33:411][109]LogActorFactory: Actor Factory created SM_Chair
[2017.11.01-21.34.08:084][ 54]LogEditorViewport: Clicking on Actor (LMB): StaticMeshActor (SM_Chair)
[2017.11.01-21.35.05:583][300]LogActorFactory: Actor Factory created SM_Shelf
[2017.11.01-21.35.07:911][426]LogActorFactory: Actor Factory created SM_Shelf
[2017.11.01-21.35.09:654][526]Cmd: TRANSACTION UNDO
[2017.11.01-21.35.09:654][526]LogEditorTransaction: Undo Create Actors
[2017.11.01-21.35.14:080][766]LogActorFactory: Actor Factory created SM_Shelf
[2017.11.01-21.35.15:479][841]LogActorFactory: Actor Factory created SM_Shelf
[2017.11.01-21.35.18:012][990]Cmd: TRANSACTION UNDO
[2017.11.01-21.35.18:012][990]LogEditorTransaction: Undo Create Actors
[2017.11.01-21.36.11:013][132]LogActorFactory: Actor Factory created SM_WindowFrame
[2017.11.01-21.36.11:867][180]LogActorFactory: Actor Factory created SM_WindowFrame
[2017.11.01-21.37.30:865][848]LogActorFactory: Actor Factory created SM_WindowFrame
[2017.11.01-21.37.32:065][916]LogActorFactory: Actor Factory created SM_WindowFrame
[2017.11.01-21.38.10:569][192]LogEditorViewport: Clicking on Actor (double click): BP_Sky_Sphere_C (BP_Sky_Sphere)
[2017.11.01-21.38.20:755][783]LogActorFactory: Actor Factory created SM_WindowFrame
[2017.11.01-21.38.24:194][983]LogActorFactory: Actor Factory created SM_WindowFrame
[2017.11.01-21.39.34:270][151]Cmd: EDCALLBACK SURFPROPS
[2017.11.01-21.41.16:532][871]Cmd: TRANSACTION UNDO
[2017.11.01-21.41.16:532][871]LogEditorTransaction: Undo Create Actors
[2017.11.01-21.41.16:551][871]LogPhysics: Warning: UBodySetup::GetCookInfo: Triangle data from '/Game/StarterContent/Maps/Minimal_Default.Minimal_Default:PersistentLevel.ModelComponent_42' invalid (10516 verts, 0 indices).
[2017.11.01-21.41.16:551][871]LogPhysics: Warning: Attempt to build physics data for /Game/StarterContent/Maps/Minimal_Default.Minimal_Default:PersistentLevel.ModelComponent_42.BodySetup_34 when we are unable to.
[2017.11.01-21.41.59:665][250]Cmd: TRANSACTION UNDO
[2017.11.01-21.41.59:665][250]LogEditorTransaction: Undo Create Actors
[2017.11.01-21.41.59:681][250]LogPhysics: Warning: UBodySetup::GetCookInfo: Triangle data from '/Game/StarterContent/Maps/Minimal_Default.Minimal_Default:PersistentLevel.ModelComponent_42' invalid (10516 verts, 0 indices).
[2017.11.01-21.41.59:681][250]LogPhysics: Warning: Attempt to build physics data for /Game/StarterContent/Maps/Minimal_Default.Minimal_Default:PersistentLevel.ModelComponent_42.BodySetup_34 when we are unable to.
[2017.11.01-21.44.29:014][880]Cmd: TRANSACTION UNDO
[2017.11.01-21.44.29:014][880]LogEditorTransaction: Undo Create Actors
[2017.11.01-21.44.29:041][880]LogPhysics: Warning: UBodySetup::GetCookInfo: Triangle data from '/Game/StarterContent/Maps/Minimal_Default.Minimal_Default:PersistentLevel.ModelComponent_41' invalid (10516 verts, 0 indices).
[2017.11.01-21.44.29:041][880]LogPhysics: Warning: Attempt to build physics data for /Game/StarterContent/Maps/Minimal_Default.Minimal_Default:PersistentLevel.ModelComponent_41.BodySetup_33 when we are unable to.
[2017.11.01-21.44.29:458][897]Cmd: TRANSACTION UNDO
[2017.11.01-21.44.29:458][897]LogEditorTransaction: Undo Create Actors
[2017.11.01-21.45.21:213][880]Cmd: EDCALLBACK SURFPROPS
[2017.11.01-21.45.23:226][  8]LogEditorViewport: Clicking on Actor (LMB): StaticMeshActor (SM_Couch_1seat2)
[2017.11.01-21.45.27:139][221]Cmd: TRANSACTION UNDO
[2017.11.01-21.45.27:139][221]LogEditorTransaction: Undo Create Actors
[2017.11.01-21.45.27:158][221]LogPhysics: Warning: UBodySetup::GetCookInfo: Triangle data from '/Game/StarterContent/Maps/Minimal_Default.Minimal_Default:PersistentLevel.ModelComponent_42' invalid (10516 verts, 0 indices).
[2017.11.01-21.45.27:158][221]LogPhysics: Warning: Attempt to build physics data for /Game/StarterContent/Maps/Minimal_Default.Minimal_Default:PersistentLevel.ModelComponent_42.BodySetup_34 when we are unable to.
[2017.11.01-21.45.36:068][729]Cmd: TRANSACTION UNDO
[2017.11.01-21.45.36:068][729]LogEditorTransaction: Undo Create Actors
[2017.11.01-21.45.36:093][729]LogPhysics: Warning: UBodySetup::GetCookInfo: Triangle data from '/Game/StarterContent/Maps/Minimal_Default.Minimal_Default:PersistentLevel.ModelComponent_42' invalid (10516 verts, 0 indices).
[2017.11.01-21.45.36:094][729]LogPhysics: Warning: Attempt to build physics data for /Game/StarterContent/Maps/Minimal_Default.Minimal_Default:PersistentLevel.ModelComponent_42.BodySetup_34 when we are unable to.
[2017.11.01-21.46.08:231][587]LogSavePackage: Save=545.75ms
[2017.11.01-21.46.08:231][587]LogSavePackage: Moving '../../../../../../Users/namur/Documents/TeamPain/EAE3660-TeamPain/TeamPain/Saved/Minimal_DefaultEA2A3AC242EA0CAF7DB9A8ACEDF491C9.tmp' to '../../../../../../Users/namur/Documents/TeamPain/EAE3660-TeamPain/TeamPain/Content/StarterContent/Maps/Minimal_Default.umap'
[2017.11.01-21.46.08:236][587]LogSavePackage: Display: Finished SavePackage ../../../../../../Users/namur/Documents/TeamPain/EAE3660-TeamPain/TeamPain/Content/StarterContent/Maps/Minimal_Default.umap
[2017.11.01-21.46.08:500][587]LogSavePackage: Save=191.17ms
[2017.11.01-21.46.08:500][587]LogSavePackage: Moving '../../../../../../Users/namur/Documents/TeamPain/EAE3660-TeamPain/TeamPain/Saved/Minimal_Default_BuiltData909D3449454F78C228FD97802E44064E.tmp' to '../../../../../../Users/namur/Documents/TeamPain/EAE3660-TeamPain/TeamPain/Content/StarterContent/Maps/Minimal_Default_BuiltData.uasset'
[2017.11.01-21.46.08:503][587]LogSavePackage: Display: Finished SavePackage ../../../../../../Users/namur/Documents/TeamPain/EAE3660-TeamPain/TeamPain/Content/StarterContent/Maps/Minimal_Default_BuiltData.uasset
[2017.11.01-21.46.49:147][883]LogSavePackage: Save=528.80ms
[2017.11.01-21.46.49:147][883]LogSavePackage: Moving '../../../../../../Users/namur/Documents/TeamPain/EAE3660-TeamPain/TeamPain/Saved/Minimal_Default29C776EA497F5C3154CB879457E55832.tmp' to '../../../../../../Users/namur/Documents/TeamPain/EAE3660-TeamPain/TeamPain/Content/StarterContent/Maps/Minimal_Default.umap'
[2017.11.01-21.46.49:153][883]LogSavePackage: Display: Finished SavePackage ../../../../../../Users/namur/Documents/TeamPain/EAE3660-TeamPain/TeamPain/Content/StarterContent/Maps/Minimal_Default.umap
[2017.11.01-21.46.49:318][883]LogSavePackage: Save=131.87ms
[2017.11.01-21.46.49:318][883]LogSavePackage: Moving '../../../../../../Users/namur/Documents/TeamPain/EAE3660-TeamPain/TeamPain/Saved/Minimal_Default_BuiltData17BE7B6E46032E5014EA33A1262CAE33.tmp' to '../../../../../../Users/namur/Documents/TeamPain/EAE3660-TeamPain/TeamPain/Content/StarterContent/Maps/Minimal_Default_BuiltData.uasset'
[2017.11.01-21.46.49:321][883]LogSavePackage: Display: Finished SavePackage ../../../../../../Users/namur/Documents/TeamPain/EAE3660-TeamPain/TeamPain/Content/StarterContent/Maps/Minimal_Default_BuiltData.uasset
[2017.11.01-21.49.14:037][949]LogEditorViewport: Clicking on Actor (LMB): CineCameraActor (CineCameraActor22)
[2017.11.01-21.49.30:847][899]LogSavePackage: Save=533.22ms
[2017.11.01-21.49.30:847][899]LogSavePackage: Moving '../../../../../../Users/namur/Documents/TeamPain/EAE3660-TeamPain/TeamPain/Saved/Minimal_Default5006AB9147416333E90510888BCBC6B0.tmp' to '../../../../../../Users/namur/Documents/TeamPain/EAE3660-TeamPain/TeamPain/Content/StarterContent/Maps/Minimal_Default.umap'
[2017.11.01-21.49.30:852][899]LogSavePackage: Display: Finished SavePackage ../../../../../../Users/namur/Documents/TeamPain/EAE3660-TeamPain/TeamPain/Content/StarterContent/Maps/Minimal_Default.umap
[2017.11.01-21.49.31:021][899]LogSavePackage: Save=129.79ms
[2017.11.01-21.49.31:021][899]LogSavePackage: Moving '../../../../../../Users/namur/Documents/TeamPain/EAE3660-TeamPain/TeamPain/Saved/Minimal_Default_BuiltDataA649BF6146F5687778A064A80EC54480.tmp' to '../../../../../../Users/namur/Documents/TeamPain/EAE3660-TeamPain/TeamPain/Content/StarterContent/Maps/Minimal_Default_BuiltData.uasset'
[2017.11.01-21.49.31:024][899]LogSavePackage: Display: Finished SavePackage ../../../../../../Users/namur/Documents/TeamPain/EAE3660-TeamPain/TeamPain/Content/StarterContent/Maps/Minimal_Default_BuiltData.uasset
[2017.11.01-21.49.56:225][374]Cmd: TRANSACTION UNDO
[2017.11.01-21.49.56:225][374]LogEditorTransaction: Undo Create Actors
[2017.11.01-21.49.56:245][374]LogPhysics: Warning: UBodySetup::GetCookInfo: Triangle data from '/Game/StarterContent/Maps/Minimal_Default.Minimal_Default:PersistentLevel.ModelComponent_58' invalid (10484 verts, 0 indices).
[2017.11.01-21.49.56:245][374]LogPhysics: Warning: Attempt to build physics data for /Game/StarterContent/Maps/Minimal_Default.Minimal_Default:PersistentLevel.ModelComponent_58.BodySetup_50 when we are unable to.
[2017.11.01-21.50.14:089][389]LogSavePackage: Save=543.53ms
[2017.11.01-21.50.14:089][389]LogSavePackage: Moving '../../../../../../Users/namur/Documents/TeamPain/EAE3660-TeamPain/TeamPain/Saved/Minimal_Default83EFA3214BB45294DCB636BC031BB4D4.tmp' to '../../../../../../Users/namur/Documents/TeamPain/EAE3660-TeamPain/TeamPain/Content/StarterContent/Maps/Minimal_Default.umap'
[2017.11.01-21.50.14:093][389]LogSavePackage: Display: Finished SavePackage ../../../../../../Users/namur/Documents/TeamPain/EAE3660-TeamPain/TeamPain/Content/StarterContent/Maps/Minimal_Default.umap
[2017.11.01-21.50.14:262][389]LogSavePackage: Save=130.12ms
[2017.11.01-21.50.14:262][389]LogSavePackage: Moving '../../../../../../Users/namur/Documents/TeamPain/EAE3660-TeamPain/TeamPain/Saved/Minimal_Default_BuiltData63DEC7DD4AFAE783793AD49B5A55B6CB.tmp' to '../../../../../../Users/namur/Documents/TeamPain/EAE3660-TeamPain/TeamPain/Content/StarterContent/Maps/Minimal_Default_BuiltData.uasset'
[2017.11.01-21.50.14:265][389]LogSavePackage: Display: Finished SavePackage ../../../../../../Users/namur/Documents/TeamPain/EAE3660-TeamPain/TeamPain/Content/StarterContent/Maps/Minimal_Default_BuiltData.uasset
[2017.11.01-21.51.17:963][121]LogEditorViewport: Clicking on Actor (LMB): StaticMeshActor (SM_Carpet)
[2017.11.01-21.51.33:397][996]Cmd: EDCALLBACK SURFPROPS
[2017.11.01-21.52.51:470][476]LogSavePackage: Save=558.92ms
[2017.11.01-21.52.51:470][476]LogSavePackage: Moving '../../../../../../Users/namur/Documents/TeamPain/EAE3660-TeamPain/TeamPain/Saved/Minimal_Default04F4F16A48AF91BFFB2D879B7AA9B05A.tmp' to '../../../../../../Users/namur/Documents/TeamPain/EAE3660-TeamPain/TeamPain/Content/StarterContent/Maps/Minimal_Default.umap'
[2017.11.01-21.52.51:476][476]LogSavePackage: Display: Finished SavePackage ../../../../../../Users/namur/Documents/TeamPain/EAE3660-TeamPain/TeamPain/Content/StarterContent/Maps/Minimal_Default.umap
[2017.11.01-21.52.51:668][476]LogSavePackage: Save=130.14ms
[2017.11.01-21.52.51:668][476]LogSavePackage: Moving '../../../../../../Users/namur/Documents/TeamPain/EAE3660-TeamPain/TeamPain/Saved/Minimal_Default_BuiltData8E16310144F2A5A01910E2987EC5A9FE.tmp' to '../../../../../../Users/namur/Documents/TeamPain/EAE3660-TeamPain/TeamPain/Content/StarterContent/Maps/Minimal_Default_BuiltData.uasset'
[2017.11.01-21.52.51:672][476]LogSavePackage: Display: Finished SavePackage ../../../../../../Users/namur/Documents/TeamPain/EAE3660-TeamPain/TeamPain/Content/StarterContent/Maps/Minimal_Default_BuiltData.uasset
[2017.11.01-21.54.29:766][212]LogSavePackage: Save=527.70ms
[2017.11.01-21.54.29:766][212]LogSavePackage: Moving '../../../../../../Users/namur/Documents/TeamPain/EAE3660-TeamPain/TeamPain/Saved/Minimal_Default6C00AD194389152E414C308BB26658E1.tmp' to '../../../../../../Users/namur/Documents/TeamPain/EAE3660-TeamPain/TeamPain/Content/StarterContent/Maps/Minimal_Default.umap'
[2017.11.01-21.54.29:769][212]LogSavePackage: Display: Finished SavePackage ../../../../../../Users/namur/Documents/TeamPain/EAE3660-TeamPain/TeamPain/Content/StarterContent/Maps/Minimal_Default.umap
[2017.11.01-21.54.29:930][212]LogSavePackage: Save=128.92ms
[2017.11.01-21.54.29:930][212]LogSavePackage: Moving '../../../../../../Users/namur/Documents/TeamPain/EAE3660-TeamPain/TeamPain/Saved/Minimal_Default_BuiltDataF776BE334E7C7DA52522A0811C6F863C.tmp' to '../../../../../../Users/namur/Documents/TeamPain/EAE3660-TeamPain/TeamPain/Content/StarterContent/Maps/Minimal_Default_BuiltData.uasset'
[2017.11.01-21.54.29:934][212]LogSavePackage: Display: Finished SavePackage ../../../../../../Users/namur/Documents/TeamPain/EAE3660-TeamPain/TeamPain/Content/StarterContent/Maps/Minimal_Default_BuiltData.uasset
[2017.11.01-22.48.03:502][973]LogRenderer: Reallocating scene render targets to support 888x748 Format 9 NumSamples 1 (Frame:107921).
[2017.11.01-22.48.18:672][973]LogRenderer: Reallocating scene render targets to support 1488x1484 Format 9 NumSamples 1 (Frame:107922).
