Log file open, 11/08/17 04:14:49
LogWindows: Failed to load 'aqProf.dll' (GetLastError=126)
LogWindows: File 'aqProf.dll' does not exist
LogWindows: Failed to load 'VSPerf140.dll' (GetLastError=126)
LogWindows: File 'VSPerf140.dll' does not exist
LogWindows: Failed to load 'VtuneApi.dll' (GetLastError=126)
LogWindows: File 'VtuneApi.dll' does not exist
LogWindows: Failed to load 'VtuneApi32e.dll' (GetLastError=126)
LogWindows: File 'VtuneApi32e.dll' does not exist
LogInit: Display: Running engine for game: TeamPain
LogPlatformFile: Not using cached read wrapper
LogInit: Display: RandInit(1392799629) SRandInit(1392799629).
LogTaskGraph: Started task graph with 5 named threads and 14 total threads with 3 sets of task threads.
LogStats: Stats thread started at 0.209106
LogD3D11RHI: Aftermath initialized
LogPluginManager: Mounting plugin Paper2D
LogPluginManager: Mounting plugin LightPropagationVolume
LogPluginManager: Mounting plugin CodeLiteSourceCodeAccess
LogPluginManager: Mounting plugin GitSourceControl
LogPluginManager: Mounting plugin KDevelopSourceCodeAccess
LogPluginManager: Mounting plugin NullSourceCodeAccess
LogPluginManager: Mounting plugin PerforceSourceControl
LogPluginManager: Mounting plugin SubversionSourceControl
LogPluginManager: Mounting plugin UObjectPlugin
LogPluginManager: Mounting plugin VisualStudioSourceCodeAccess
LogPluginManager: Mounting plugin XCodeSourceCodeAccess
LogPluginManager: Mounting plugin AssetManagerEditor
LogPluginManager: Mounting plugin AudioCapture
LogPluginManager: Mounting plugin FacialAnimation
LogPluginManager: Mounting plugin GameplayTagsEditor
LogPluginManager: Mounting plugin MobileLauncherProfileWizard
LogPluginManager: Mounting plugin PluginBrowser
LogPluginManager: Mounting plugin SpeedTreeImporter
LogPluginManager: Mounting plugin AlembicImporter
LogPluginManager: Mounting plugin CharacterAI
LogPluginManager: Mounting plugin HTML5Networking
LogPluginManager: Mounting plugin LowEntryExtStdLib
LogPluginManager: Mounting plugin AndroidMedia
LogPluginManager: Mounting plugin AvfMedia
LogPluginManager: Mounting plugin MediaPlayerEditor
LogPluginManager: Mounting plugin WmfMedia
LogPluginManager: Mounting plugin TcpMessaging
LogPluginManager: Mounting plugin UdpMessaging
LogPluginManager: Mounting plugin LevelSequenceEditor
LogPluginManager: Mounting plugin MatineeToLevelSequence
LogPluginManager: Mounting plugin OnlineSubsystemGooglePlay
LogPluginManager: Mounting plugin OnlineSubsystemIOS
LogPluginManager: Mounting plugin OnlineSubsystem
LogPluginManager: Mounting plugin OnlineSubsystemNull
LogPluginManager: Mounting plugin OnlineSubsystemUtils
LogPluginManager: Mounting plugin AndroidDeviceProfileSelector
LogPluginManager: Mounting plugin AndroidMoviePlayer
LogPluginManager: Mounting plugin AndroidPermission
LogPluginManager: Mounting plugin AppleMoviePlayer
LogPluginManager: Mounting plugin ArchVisCharacter
LogPluginManager: Mounting plugin CableComponent
LogPluginManager: Mounting plugin CustomMeshComponent
LogPluginManager: Mounting plugin ExampleDeviceProfileSelector
LogPluginManager: Mounting plugin GoogleCloudMessaging
LogPluginManager: Mounting plugin ImmediatePhysics
LogPluginManager: Mounting plugin IOSDeviceProfileSelector
LogPluginManager: Mounting plugin LinuxDeviceProfileSelector
LogPluginManager: Mounting plugin LocationServicesBPLibrary
LogPluginManager: Mounting plugin MobilePatchingUtils
LogPluginManager: Mounting plugin OculusVR
LogPluginManager: Mounting plugin PhysXVehicles
LogPluginManager: Mounting plugin ProceduralMeshComponent
LogPluginManager: Mounting plugin RuntimePhysXCooking
LogPluginManager: Mounting plugin SteamVR
LogPluginManager: Mounting plugin WindowsMoviePlayer
LogInit: Using libcurl 7.47.1
LogInit:  - built for x86_64-pc-win32
LogInit:  - supports SSL with OpenSSL/1.0.2g
LogInit:  - supports HTTP deflate (compression) using libz 1.2.8
LogInit:  - other features:
LogInit:      CURL_VERSION_SSL
LogInit:      CURL_VERSION_LIBZ
LogInit:      CURL_VERSION_IPV6
LogInit:      CURL_VERSION_ASYNCHDNS
LogInit:      CURL_VERSION_LARGEFILE
LogInit:      CURL_VERSION_IDN
LogInit:  CurlRequestOptions (configurable via config and command line):
LogInit:  - bVerifyPeer = false  - Libcurl will NOT verify peer certificate
LogInit:  - bUseHttpProxy = false  - Libcurl will NOT use HTTP proxy
LogInit:  - bDontReuseConnections = false  - Libcurl will reuse connections
LogInit:  - CertBundlePath = nullptr  - Libcurl will use whatever was configured at build time.
LogInit: Build: ++UE4+Release-4.17-CL-3658906
LogInit: Engine Version: 4.17.2-3658906+++UE4+Release-4.17
LogInit: Compatible Engine Version: 4.17.0-3573198+++UE4+Release-4.17
LogInit: Net CL: 3573198
LogDevObjectVersion: Number of dev versions registered: 16
LogDevObjectVersion:   Dev-Blueprints (B0D832E4-1F89-4F0D-ACCF-7EB736FD4AA2): 10
LogDevObjectVersion:   Dev-Build (E1C64328-A22C-4D53-A36C-8E866417BD8C): 0
LogDevObjectVersion:   Dev-Core (375EC13C-06E4-48FB-B500-84F0262A717E): 2
LogDevObjectVersion:   Dev-Editor (E4B068ED-F494-42E9-A231-DA0B2E46BB41): 20
LogDevObjectVersion:   Dev-Framework (CFFC743F-43B0-4480-9391-14DF171D2073): 28
LogDevObjectVersion:   Dev-Mobile (B02B49B5-BB20-44E9-A304-32B752E40360): 0
LogDevObjectVersion:   Dev-Networking (A4E4105C-59A1-49B5-A7C5-40C4547EDFEE): 0
LogDevObjectVersion:   Dev-Online (39C831C9-5AE6-47DC-9A44-9C173E1C8E7C): 0
LogDevObjectVersion:   Dev-Physics (78F01B33-EBEA-4F98-B9B4-84EACCB95AA2): 0
LogDevObjectVersion:   Dev-Platform (6631380F-2D4D-43E0-8009-CF276956A95A): 0
LogDevObjectVersion:   Dev-Rendering (12F88B9F-8875-4AFC-A67C-D90C383ABD29): 19
LogDevObjectVersion:   Dev-Sequencer (7B5AE74C-D270-4C10-A958-57980B212A5A): 4
LogDevObjectVersion:   Dev-VR (D7296918-1DD6-4BDD-9DE2-64A83CC13884): 0
LogDevObjectVersion:   Dev-LoadTimes (C2A15278-BFE7-4AFE-6C17-90FF531DF755): 1
LogDevObjectVersion:   Private-Geometry (6EACA3D4-40EC-4CC1-B786-8BED09428FC5): 1
LogDevObjectVersion:   Dev-AnimPhys (29E575DD-E0A3-4627-9D10-D276232CDCEA): 7
LogInit: Compiled (64-bit): Sep 22 2017 13:47:16
LogInit: Compiled with Visual C++: 19.00.24215.01
LogInit: Build Configuration: Development
LogInit: Branch Name: ++UE4+Release-4.17
LogInit: Command line:  
LogInit: Base directory: C:/Program Files/Epic Games/UE_4.17/Engine/Binaries/Win64/
LogInit: Installed Engine Build: 1
LogInit: Presizing for max 8388607 objects, including 0 objects not considered by GC, pre-allocating 0 bytes for permanent pool.
LogInit: Object subsystem initialized
[2017.11.08-11.14.49:939][  0]LogInit: Selected Device Profile: [Windows]
[2017.11.08-11.14.49:939][  0]LogInit: Applying CVar settings loaded from the selected device profile: [Windows]
[2017.11.08-11.14.50:000][  0]LogInit: Computer: DESKTOP-4VQ6PI2
[2017.11.08-11.14.50:000][  0]LogInit: User: Matthew
[2017.11.08-11.14.50:000][  0]LogInit: CPU Page size=4096, Cores=4
[2017.11.08-11.14.50:000][  0]LogInit: High frequency timer resolution =3.914063 MHz
[2017.11.08-11.14.50:000][  0]LogMemory: Memory total: Physical=31.9GB (32GB approx)
[2017.11.08-11.14.50:000][  0]LogMemory: Platform Memory Stats for Windows
[2017.11.08-11.14.50:000][  0]LogMemory: Process Physical Memory: 277.63 MB used, 277.63 MB peak
[2017.11.08-11.14.50:000][  0]LogMemory: Process Virtual Memory: 274.09 MB used, 274.09 MB peak
[2017.11.08-11.14.50:000][  0]LogMemory: Physical Memory: 2695.92 MB used,  29952.41 MB free, 32648.33 MB total
[2017.11.08-11.14.50:000][  0]LogMemory: Virtual Memory: 702.11 MB used,  29952.41 MB free, 134217728.00 MB total
[2017.11.08-11.14.50:323][  0]LogInit: Using OS detected language (en-US).
[2017.11.08-11.14.50:323][  0]LogInit: Using OS detected locale (en-US).
[2017.11.08-11.14.50:364][  0]LogTextLocalizationManager: No specific localization for 'en-US' exists, so the 'en' localization will be used.
[2017.11.08-11.14.52:306][  0]LogD3D11RHI: D3D11 adapters:
[2017.11.08-11.14.52:313][  0]LogD3D11RHI:    0. 'Intel(R) HD Graphics 530' (Feature Level 11_0)
[2017.11.08-11.14.52:313][  0]LogD3D11RHI:       128/0/16324 MB DedicatedVideo/DedicatedSystem/SharedSystem, Outputs:1, VendorId:0x8086
[2017.11.08-11.14.52:314][  0]LogD3D11RHI:    1. 'Microsoft Basic Render Driver' (Feature Level 11_0)
[2017.11.08-11.14.52:314][  0]LogD3D11RHI:       0/0/16324 MB DedicatedVideo/DedicatedSystem/SharedSystem, Outputs:0, VendorId:0x1414
[2017.11.08-11.14.52:314][  0]LogD3D11RHI: Chosen D3D11 Adapter: 0
[2017.11.08-11.14.52:318][  0]LogD3D11RHI: Creating new Direct3DDevice
[2017.11.08-11.14.52:318][  0]LogD3D11RHI:     GPU DeviceId: 0x1912 (for the marketing name, search the web for "GPU Device Id")
[2017.11.08-11.14.52:318][  0]LogWindows: EnumDisplayDevices:
[2017.11.08-11.14.52:318][  0]LogWindows:    0. 'Intel(R) HD Graphics 530' (P:1 D:1)
[2017.11.08-11.14.52:318][  0]LogWindows:    1. 'Intel(R) HD Graphics 530' (P:0 D:0)
[2017.11.08-11.14.52:318][  0]LogWindows:    2. 'Intel(R) HD Graphics 530' (P:0 D:0)
[2017.11.08-11.14.52:318][  0]LogWindows: DebugString: GetVideoDriverDetailsInvalid PrimaryIsNotTheChoosenAdapter GetVideoDriverDetailsInvalid PrimaryIsNotTheChoosenAdapter GetVideoDriverDetailsInvalid PrimaryIsNotTheChoosenAdapter FoundDriverCount:0 
[2017.11.08-11.14.52:318][  0]LogD3D11RHI:     Adapter Name: Intel(R) HD Graphics 530
[2017.11.08-11.14.52:318][  0]LogD3D11RHI:   Driver Version: Unknown (internal:Unknown, unified:Unknown)
[2017.11.08-11.14.52:318][  0]LogD3D11RHI:      Driver Date: Unknown
[2017.11.08-11.14.52:318][  0]LogRHI: Texture pool is 1361 MB (70% of 1945 MB)
[2017.11.08-11.14.52:324][  0]LogD3D11RHI: Async texture creation enabled
[2017.11.08-11.14.52:340][  0]LogD3D11RHI: GPU Timing Frequency: 12.000000 (Debug: 2 0)
[2017.11.08-11.14.52:344][  0]LogShaderCompilers: Guid format shader working directory is -27 characters bigger than the processId version (../../../../../../Users/Matthew/Documents/GitHub2/EAE3660-TeamPain/TeamPain/Intermediate/Shaders/WorkingDirectory/1292/).
[2017.11.08-11.14.52:344][  0]LogShaderCompilers: Cleaned the shader compiler working directory 'C:/Users/Matthew/AppData/Local/Temp/UnrealShaderWorkingDir/6D2C323B465847BB7F69D9BA6D09FD28/'.
[2017.11.08-11.14.52:344][  0]LogShaderCompilers: Display: Using Local Shader Compiler.
[2017.11.08-11.14.53:785][  0]LogTemp: Display: Loaded TP AllDesktopTargetPlatform
[2017.11.08-11.14.53:820][  0]LogTemp: Display: Loaded TP MacClientTargetPlatform
[2017.11.08-11.14.53:854][  0]LogTemp: Display: Loaded TP MacNoEditorTargetPlatform
[2017.11.08-11.14.53:888][  0]LogTemp: Display: Loaded TP MacServerTargetPlatform
[2017.11.08-11.14.53:924][  0]LogTemp: Display: Loaded TP MacTargetPlatform
[2017.11.08-11.14.53:960][  0]LogTemp: Display: Loaded TP WindowsClientTargetPlatform
[2017.11.08-11.14.53:995][  0]LogTemp: Display: Loaded TP WindowsNoEditorTargetPlatform
[2017.11.08-11.14.54:029][  0]LogTemp: Display: Loaded TP WindowsServerTargetPlatform
[2017.11.08-11.14.54:058][  0]LogTemp: Display: Loaded TP WindowsTargetPlatform
[2017.11.08-11.14.54:095][  0]LogTemp: Display: Loaded TP AndroidTargetPlatform
[2017.11.08-11.14.54:129][  0]LogTemp: Display: Loaded TP Android_ASTCTargetPlatform
[2017.11.08-11.14.54:162][  0]LogTemp: Display: Loaded TP Android_ATCTargetPlatform
[2017.11.08-11.14.54:195][  0]LogTemp: Display: Loaded TP Android_DXTTargetPlatform
[2017.11.08-11.14.54:229][  0]LogTemp: Display: Loaded TP Android_ETC1TargetPlatform
[2017.11.08-11.14.54:262][  0]LogTemp: Display: Loaded TP Android_ETC2TargetPlatform
[2017.11.08-11.14.54:329][  0]LogTemp: Display: Loaded TP Android_MultiTargetPlatform
[2017.11.08-11.14.54:330][  0]LogTemp: Display: Loaded TP Android_PVRTCTargetPlatform
[2017.11.08-11.14.54:355][  0]LogTemp: Display: Loaded TP HTML5TargetPlatform
[2017.11.08-11.14.54:428][  0]LogTemp: Display: Loaded TP IOSTargetPlatform
[2017.11.08-11.14.54:448][  0]LogTemp: Display: Loaded TP TVOSTargetPlatform
[2017.11.08-11.14.54:483][  0]LogTemp: Display: Loaded TP LinuxClientTargetPlatform
[2017.11.08-11.14.54:515][  0]LogTemp: Display: Loaded TP LinuxNoEditorTargetPlatform
[2017.11.08-11.14.54:548][  0]LogTemp: Display: Loaded TP LinuxServerTargetPlatform
[2017.11.08-11.14.54:585][  0]LogTemp: Display: Loaded TP LinuxTargetPlatform
[2017.11.08-11.14.54:585][  0]LogTargetPlatformManager: Display: Building Assets For Windows
[2017.11.08-11.14.54:952][  0]LogDerivedDataCache: Display: Max Cache Size: 512 MB
[2017.11.08-11.14.55:185][  0]LogDerivedDataCache: Loaded boot cache 0.23s 93MB C:/Users/Matthew/AppData/Local/UnrealEngine/4.17/DerivedDataCache/Boot.ddc.
[2017.11.08-11.14.55:185][  0]LogDerivedDataCache: Display: Loaded Boot cache: C:/Users/Matthew/AppData/Local/UnrealEngine/4.17/DerivedDataCache/Boot.ddc
[2017.11.08-11.14.55:186][  0]LogDerivedDataCache: FDerivedDataBackendGraph:  Pak pak cache file ../../../../../../Users/Matthew/Documents/GitHub2/EAE3660-TeamPain/TeamPain/DerivedDataCache/DDC.ddp not found, will not use a pak cache.
[2017.11.08-11.14.55:186][  0]LogDerivedDataCache: Unable to find inner node Pak for hierarchical cache Hierarchy.
[2017.11.08-11.14.55:186][  0]LogDerivedDataCache: FDerivedDataBackendGraph:  CompressedPak pak cache file ../../../../../../Users/Matthew/Documents/GitHub2/EAE3660-TeamPain/TeamPain/DerivedDataCache/Compressed.ddp not found, will not use a pak cache.
[2017.11.08-11.14.55:186][  0]LogDerivedDataCache: Unable to find inner node CompressedPak for hierarchical cache Hierarchy.
[2017.11.08-11.14.55:208][  0]LogDerivedDataCache: Display: Pak cache opened for reading ../../../Engine/DerivedDataCache/Compressed.ddp.
[2017.11.08-11.14.55:221][  0]LogDerivedDataCache: Using Local data cache path C:/Users/Matthew/AppData/Local/UnrealEngine/Common/DerivedDataCache: Writable
[2017.11.08-11.14.55:231][  0]LogMaterial: Verifying Global Shaders for PCD3D_SM5
[2017.11.08-11.14.55:239][  0]LogSlate: Using Freetype 2.6.0
[2017.11.08-11.14.55:254][  0]LogSlate: SlateFontCache - WITH_FREETYPE: 1, WITH_HARFBUZZ: 1
[2017.11.08-11.14.55:255][  0]LogSlate: SlateFontCache - WITH_FREETYPE: 1, WITH_HARFBUZZ: 1
[2017.11.08-11.14.56:109][  0]LogAssetRegistry: FAssetRegistry took 0.0274 seconds to start up
[2017.11.08-11.14.56:212][  0]LogInit: Selected Device Profile: [Windows]
[2017.11.08-11.14.56:514][  0]LogContentStreaming: Texture pool size is 0.00 MB
[2017.11.08-11.14.56:763][  0]LogSimplygon: Simplygon DLL not present - disabling.
[2017.11.08-11.14.56:793][  0]LogMeshReduction: Using SimplygonSwarm for distributed automatic mesh merging
[2017.11.08-11.14.56:793][  0]LogMeshReduction: Using QuadricMeshReduction for automatic static mesh reduction
[2017.11.08-11.14.56:793][  0]LogMeshReduction: No automatic skeletal mesh reduction module available
[2017.11.08-11.14.56:793][  0]LogMeshReduction: No automatic mesh merging module available
[2017.11.08-11.14.56:793][  0]LogMeshMerging: No automatic mesh merging module available
[2017.11.08-11.14.57:298][  0]LogNetVersion: TeamPain , NetCL: 3573198, EngineNetVer: 2, GameNetVer: 0 (Checksum: 1519948437)
[2017.11.08-11.14.57:571][  0]LogPackageLocalizationCache: Processed 6 localized package path(s) for 2 prioritized culture(s) in 0.049686 seconds
[2017.11.08-11.14.57:576][  0]LogUObjectArray: 35825 objects as part of root set at end of initial load.
[2017.11.08-11.14.57:576][  0]LogUObjectAllocator: 7529104 out of 0 bytes used by permanent object pool.
[2017.11.08-11.14.57:576][  0]LogUObjectArray: CloseDisregardForGC: 0/0 objects in disregard for GC pool
[2017.11.08-11.14.57:619][  0]LogInit: WinSock: version 1.1 (2.2), MaxSocks=32767, MaxUdp=65467
[2017.11.08-11.15.01:431][  0]LogTcpMessaging: Initializing TcpMessaging bridge
[2017.11.08-11.15.01:462][  0]LogUdpMessaging: Initializing bridge on interface 0.0.0.0:0 to multicast group 230.0.0.1:6666.
[2017.11.08-11.15.01:969][  0]LogMaterial: Uniform references updated for custom material expression Custom.
[2017.11.08-11.15.02:259][  0]SourceControl: Source control is disabled
[2017.11.08-11.15.02:259][  0]SourceControl: Source control is disabled
[2017.11.08-11.15.02:295][  0]SourceControl: Source control is disabled
[2017.11.08-11.15.02:330][  0]SourceControl: Source control is disabled
[2017.11.08-11.15.02:795][  0]LogAndroidPermission: UAndroidPermissionCallbackProxy::GetInstance
[2017.11.08-11.15.02:964][  0]LogOcInput: OculusInput pre-init called
[2017.11.08-11.15.03:159][  0]LogEngine: Initializing Engine...
[2017.11.08-11.15.03:161][  0]LogHMD: Failed to initialize OpenVR with code 110
[2017.11.08-11.15.03:343][  0]LogStats: UGameplayTagsManager::ConstructGameplayTagTree: Construct from data asset -  0.000 s
[2017.11.08-11.15.03:344][  0]LogStats: UGameplayTagsManager::ConstructGameplayTagTree: GameplayTagTreeChangedEvent.Broadcast -  0.000 s
[2017.11.08-11.15.03:447][  0]LogAIModule: Creating AISystem for world Untitled
[2017.11.08-11.15.03:459][  0]LogInit: XAudio2 using 'XG2401 SERIES (Intel(R) Display Audio)' : 2 channels at 48 kHz using 16 bits per sample (channel mask 0x3)
[2017.11.08-11.15.03:493][  0]LogInit: FAudioDevice initialized.
[2017.11.08-11.15.03:560][  0]LogDerivedDataCache: Saved boot cache 0.07s 93MB C:/Users/Matthew/AppData/Local/UnrealEngine/4.17/DerivedDataCache/Boot.ddc.
[2017.11.08-11.15.03:575][  0]LogInit: Texture streaming: Enabled
[2017.11.08-11.15.03:655][  0]LogEngineSessionManager: EngineSessionManager initialized
[2017.11.08-11.15.03:852][  0]LogInit: Transaction tracking system initialized
[2017.11.08-11.15.04:122][  0]BlueprintLog: New page: Editor Load
[2017.11.08-11.15.04:797][  0]LocalizationService: Localization service is disabled
[2017.11.08-11.15.05:305][  0]LogConsoleResponse: Display: 
[2017.11.08-11.15.05:450][  0]LogCook: Display: Max memory allowance for cook 16384mb min free memory 0mb
[2017.11.08-11.15.05:450][  0]LogCook: Display: Mobile HDR setting 1
[2017.11.08-11.15.05:451][  0]LogGameplayTags: Display: UGameplayTagsManager::DoneAddingNativeTags. DelegateIsBound: 0
[2017.11.08-11.15.06:179][  0]LogFileCache: Scanning file cache for directory 'C:/Users/Matthew/Documents/GitHub2/EAE3660-TeamPain/TeamPain/Content/' took 0.02s
[2017.11.08-11.15.06:219][  0]SourceControl: Source control is disabled
[2017.11.08-11.15.06:220][  0]Cmd: MAP LOAD FILE="../../../../../../Users/Matthew/Documents/GitHub2/EAE3660-TeamPain/TeamPain/Content/Apartment.umap" TEMPLATE=0 SHOWPROGRESS=1 FEATURELEVEL=3
[2017.11.08-11.15.06:221][  0]LightingResults: New page: Lighting Build
[2017.11.08-11.15.06:252][  0]MapCheck: New page: Map Check
[2017.11.08-11.15.06:252][  0]LightingResults: New page: Lighting Build
[2017.11.08-11.15.08:304][  0]LogAIModule: Creating AISystem for world Apartment
[2017.11.08-11.15.08:330][  0]LogEditorServer: Finished looking for orphan Actors (0.000 secs)
[2017.11.08-11.15.08:352][  0]Cmd: MAP CHECKDEP NOCLEARLOG
[2017.11.08-11.15.08:435][  0]MapCheck: Map check complete: 0 Error(s), 0 Warning(s), took 83.229ms to complete.
[2017.11.08-11.15.08:435][  0]LogFileHelpers: Loading map 'Apartment' took 2.215
[2017.11.08-11.15.08:601][  0]LogCollectionManager: Loaded 0 collections in 0.001148 seconds
[2017.11.08-11.15.08:678][  0]LogFileCache: Scanning file cache for directory 'C:/Users/Matthew/Documents/GitHub2/EAE3660-TeamPain/TeamPain/Saved/Collections/' took 0.01s
[2017.11.08-11.15.08:678][  0]LogFileCache: Scanning file cache for directory 'C:/Users/Matthew/Documents/GitHub2/EAE3660-TeamPain/TeamPain/Content/Developers/Matthew/Collections/' took 0.01s
[2017.11.08-11.15.08:678][  0]LogFileCache: Scanning file cache for directory 'C:/Users/Matthew/Documents/GitHub2/EAE3660-TeamPain/TeamPain/Content/Collections/' took 0.01s
[2017.11.08-11.15.08:678][  0]LogCollectionManager: Rebuilt the GUID cache for 0 collections in 0.000001 seconds
[2017.11.08-11.15.08:685][  0]LogContentBrowser: Native class hierarchy populated in 0.0069 seconds. Added 2411 classes and 509 folders.
[2017.11.08-11.15.08:730][  0]LogContentBrowser: Native class hierarchy updated for 'WidgetCarousel' in 0.0006 seconds. Added 0 classes and 0 folders.
[2017.11.08-11.15.09:018][  0]LogContentBrowser: Native class hierarchy updated for 'AddContentDialog' in 0.0006 seconds. Added 0 classes and 0 folders.
[2017.11.08-11.15.09:051][  0]LogContentBrowser: Native class hierarchy updated for 'SceneOutliner' in 0.0005 seconds. Added 1 classes and 2 folders.
[2017.11.08-11.15.09:190][  0]LogSlate: Took 0.003672 seconds to synchronously load lazily loaded font '../../../Engine/Content/Slate/Fonts/Roboto-Regular.ttf' (155K)
[2017.11.08-11.15.09:194][  0]LogSlate: Took 0.002906 seconds to synchronously load lazily loaded font '../../../Engine/Content/Slate/Fonts/Roboto-Bold.ttf' (160K)
[2017.11.08-11.15.09:202][  0]LogSlate: Took 0.004728 seconds to synchronously load lazily loaded font '../../../Engine/Content/Editor/Slate/Fonts/FontAwesome.ttf' (139K)
[2017.11.08-11.15.09:324][  0]LogRenderer: Reallocating scene render targets to support 1208x576 Format 10 NumSamples 1 (Frame:1).
[2017.11.08-11.15.10:119][  0]LogSlate: Took 0.003759 seconds to synchronously load lazily loaded font '../../../Engine/Content/Slate/Fonts/Roboto-Light.ttf' (159K)
[2017.11.08-11.15.10:249][  0]LogContentBrowser: Native class hierarchy updated for 'HierarchicalLODOutliner' in 0.0005 seconds. Added 1 classes and 2 folders.
[2017.11.08-11.15.10:249][  0]LogLoad: (Engine Initialization) Total time: 22.42 seconds
[2017.11.08-11.15.10:249][  0]LogLoad: (Engine Initialization) Total Blueprint compile time: 0.00 seconds
[2017.11.08-11.15.10:250][  0]LogExternalProfiler: No external profilers were discovered.  External profiling features will not be available.
[2017.11.08-11.15.10:278][  0]LogContentStreaming: Texture pool size now 1000 MB
[2017.11.08-11.15.10:362][  1]LogAssetRegistry: Asset discovery search completed in 14.2764 seconds
[2017.11.08-11.15.10:367][  1]LogCollectionManager: Rebuilt the object cache for 0 collections in 0.000000 seconds (found 0 objects)
[2017.11.08-11.15.10:368][  1]LogCollectionManager: Fixed up redirectors for 0 collections in 0.000125 seconds (updated 0 objects)
[2017.11.08-11.15.19:824][109]LogWindowsTextInputMethodSystem: Display: IME system now deactivated.
[2017.11.08-11.15.19:826][109]LogWindowsTextInputMethodSystem: Display: IME system now deactivated.
[2017.11.08-11.15.19:983][110]Cmd: QUIT_EDITOR
[2017.11.08-11.15.20:015][110]LogExit: Preparing to exit.
[2017.11.08-11.15.20:622][110]LogDirectoryWatcher: A directory notification for 'C:/Users/Matthew/Documents/GitHub2/EAE3660-TeamPain/TeamPain/Content/' was aborted.
[2017.11.08-11.15.20:660][110]LogExit: Editor shut down
[2017.11.08-11.15.20:662][110]LogExit: Transaction tracking system shut down
[2017.11.08-11.15.20:920][110]LogDirectoryWatcher: A directory notification for '../../../Engine/Content/' was aborted.
[2017.11.08-11.15.20:920][110]LogDirectoryWatcher: A directory notification for '../../../../../../Users/Matthew/Documents/GitHub2/EAE3660-TeamPain/TeamPain/Content/' was aborted.
[2017.11.08-11.15.20:920][110]LogDirectoryWatcher: A directory notification for '../../../Engine/Plugins/2D/Paper2D/Content/' was aborted.
[2017.11.08-11.15.20:920][110]LogDirectoryWatcher: A directory notification for '../../../Engine/Plugins/Marketplace/LowEntryExtStdLib/Content/' was aborted.
[2017.11.08-11.15.20:920][110]LogDirectoryWatcher: A directory notification for '../../../Engine/Plugins/Runtime/Oculus/OculusVR/Content/' was aborted.
[2017.11.08-11.15.20:920][110]LogDirectoryWatcher: A directory notification for '../../../Engine/Plugins/Runtime/Steam/SteamVR/Content/' was aborted.
[2017.11.08-11.15.20:983][110]LogExit: Object subsystem successfully closed.
[2017.11.08-11.15.21:122][110]LogD3D11RHI: Shutdown
[2017.11.08-11.15.21:122][110]LogD3D11RHI: CleanupD3DDevice
[2017.11.08-11.15.22:106][110]LogD3D11RHI: ~FD3D11DynamicRHI
[2017.11.08-11.15.22:123][110]LogModuleManager: Shutting down and abandoning module HierarchicalLODOutliner (534)
[2017.11.08-11.15.22:123][110]LogModuleManager: Shutting down and abandoning module SceneOutliner (532)
[2017.11.08-11.15.22:123][110]LogModuleManager: Shutting down and abandoning module AddContentDialog (530)
[2017.11.08-11.15.22:123][110]LogDirectoryWatcher: A directory notification for 'C:/Program Files/Epic Games/UE_4.17/FeaturePacks/' was aborted.
[2017.11.08-11.15.22:126][110]LogModuleManager: Shutting down and abandoning module WidgetCarousel (529)
[2017.11.08-11.15.22:126][110]LogModuleManager: Shutting down and abandoning module EditorWidgets (526)
[2017.11.08-11.15.22:126][110]LogModuleManager: Shutting down and abandoning module CollectionManager (524)
[2017.11.08-11.15.22:126][110]LogDirectoryWatcher: A directory notification for 'C:/Users/Matthew/Documents/GitHub2/EAE3660-TeamPain/TeamPain/Content/Collections/' was aborted.
[2017.11.08-11.15.22:127][110]LogDirectoryWatcher: A directory notification for 'C:/Users/Matthew/Documents/GitHub2/EAE3660-TeamPain/TeamPain/Content/Developers/Matthew/Collections/' was aborted.
[2017.11.08-11.15.22:127][110]LogDirectoryWatcher: A directory notification for 'C:/Users/Matthew/Documents/GitHub2/EAE3660-TeamPain/TeamPain/Saved/Collections/' was aborted.
[2017.11.08-11.15.22:127][110]LogModuleManager: Shutting down and abandoning module StatsViewer (522)
[2017.11.08-11.15.22:127][110]LogModuleManager: Shutting down and abandoning module FoliageEdit (520)
[2017.11.08-11.15.22:127][110]LogModuleManager: Shutting down and abandoning module LandscapeEditor (518)
[2017.11.08-11.15.22:127][110]LogModuleManager: Shutting down and abandoning module MeshPaintMode (516)
[2017.11.08-11.15.22:127][110]LogModuleManager: Shutting down and abandoning module SceneDepthPickerMode (514)
[2017.11.08-11.15.22:127][110]LogModuleManager: Shutting down and abandoning module ActorPickerMode (512)
[2017.11.08-11.15.22:127][110]LogModuleManager: Shutting down and abandoning module GeometryMode (510)
[2017.11.08-11.15.22:127][110]LogModuleManager: Shutting down and abandoning module TextureAlignMode (508)
[2017.11.08-11.15.22:127][110]LogModuleManager: Shutting down and abandoning module BspMode (506)
[2017.11.08-11.15.22:127][110]LogModuleManager: Shutting down and abandoning module PIEPreviewDeviceProfileSelector (504)
[2017.11.08-11.15.22:127][110]LogModuleManager: Shutting down and abandoning module HardwareSurvey (502)
[2017.11.08-11.15.22:127][110]LogModuleManager: Shutting down and abandoning module SequenceRecorderSections (500)
[2017.11.08-11.15.22:127][110]LogModuleManager: Shutting down and abandoning module AutomationWorker (498)
[2017.11.08-11.15.22:127][110]LogModuleManager: Shutting down and abandoning module MatineeToLevelSequence (496)
[2017.11.08-11.15.22:127][110]LogModuleManager: Shutting down and abandoning module LevelSequenceEditor (494)
[2017.11.08-11.15.22:128][110]LogModuleManager: Shutting down and abandoning module PlacementMode (493)
[2017.11.08-11.15.22:128][110]LogModuleManager: Shutting down and abandoning module WmfMediaFactory (490)
[2017.11.08-11.15.22:128][110]LogModuleManager: Shutting down and abandoning module WmfMediaEditor (488)
[2017.11.08-11.15.22:128][110]LogModuleManager: Shutting down and abandoning module AvfMediaFactory (486)
[2017.11.08-11.15.22:128][110]LogModuleManager: Shutting down and abandoning module AvfMediaEditor (484)
[2017.11.08-11.15.22:128][110]LogModuleManager: Shutting down and abandoning module AndroidMediaFactory (482)
[2017.11.08-11.15.22:128][110]LogModuleManager: Shutting down and abandoning module Media (481)
[2017.11.08-11.15.22:128][110]LogModuleManager: Shutting down and abandoning module AndroidMediaEditor (478)
[2017.11.08-11.15.22:128][110]LogModuleManager: Shutting down and abandoning module CharacterAI (476)
[2017.11.08-11.15.22:128][110]LogModuleManager: Shutting down and abandoning module AudioCapture (474)
[2017.11.08-11.15.22:128][110]LogModuleManager: Shutting down and abandoning module SequenceRecorder (473)
[2017.11.08-11.15.22:128][110]LogModuleManager: Shutting down and abandoning module SmartSnapping (470)
[2017.11.08-11.15.22:128][110]LogModuleManager: Shutting down and abandoning module SessionServices (468)
[2017.11.08-11.15.22:128][110]LogModuleManager: Shutting down and abandoning module ViewportSnapping (466)
[2017.11.08-11.15.22:128][110]LogModuleManager: Shutting down and abandoning module ViewportInteraction (464)
[2017.11.08-11.15.22:128][110]LogModuleManager: Shutting down and abandoning module ClothPainter (462)
[2017.11.08-11.15.22:129][110]LogModuleManager: Shutting down and abandoning module LogVisualizer (460)
[2017.11.08-11.15.22:129][110]LogModuleManager: Shutting down and abandoning module IntroTutorials (458)
[2017.11.08-11.15.22:129][110]LogModuleManager: Shutting down and abandoning module GameProjectGeneration (457)
[2017.11.08-11.15.22:130][110]LogModuleManager: Shutting down and abandoning module IOSPlatformEditor (454)
[2017.11.08-11.15.22:130][110]LogModuleManager: Shutting down and abandoning module HTML5PlatformEditor (452)
[2017.11.08-11.15.22:130][110]LogModuleManager: Shutting down and abandoning module AndroidPlatformEditor (450)
[2017.11.08-11.15.22:130][110]LogModuleManager: Shutting down and abandoning module AndroidDeviceDetection (449)
[2017.11.08-11.15.23:082][110]LogModuleManager: Shutting down and abandoning module WindowsPlatformEditor (446)
[2017.11.08-11.15.23:082][110]LogModuleManager: Shutting down and abandoning module IOSRuntimeSettings (444)
[2017.11.08-11.15.23:082][110]LogModuleManager: Shutting down and abandoning module AndroidRuntimeSettings (442)
[2017.11.08-11.15.23:082][110]LogModuleManager: Shutting down and abandoning module InputBindingEditor (440)
[2017.11.08-11.15.23:083][110]LogModuleManager: Shutting down and abandoning module MergeActors (438)
[2017.11.08-11.15.23:083][110]LogModuleManager: Shutting down and abandoning module SizeMap (436)
[2017.11.08-11.15.23:083][110]LogModuleManager: Shutting down and abandoning module TreeMap (434)
[2017.11.08-11.15.23:083][110]LogModuleManager: Shutting down and abandoning module ReferenceViewer (432)
[2017.11.08-11.15.23:083][110]LogModuleManager: Shutting down and abandoning module LocalizationDashboard (430)
[2017.11.08-11.15.23:084][110]LogModuleManager: Shutting down and abandoning module LocalizationService (429)
[2017.11.08-11.15.23:084][110]LogModuleManager: Shutting down and abandoning module HardwareTargeting (426)
[2017.11.08-11.15.23:084][110]LogModuleManager: Shutting down and abandoning module DeviceProfileEditor (424)
[2017.11.08-11.15.23:084][110]LogModuleManager: Shutting down and abandoning module UndoHistory (422)
[2017.11.08-11.15.23:084][110]LogModuleManager: Shutting down and abandoning module XmlParser (420)
[2017.11.08-11.15.23:084][110]LogModuleManager: Shutting down and abandoning module Blutility (418)
[2017.11.08-11.15.23:084][110]LogModuleManager: Shutting down and abandoning module ProjectSettingsViewer (416)
[2017.11.08-11.15.23:085][110]LogModuleManager: Shutting down and abandoning module ProjectTargetPlatformEditor (415)
[2017.11.08-11.15.23:085][110]LogModuleManager: Shutting down and abandoning module EditorSettingsViewer (412)
[2017.11.08-11.15.23:085][110]LogModuleManager: Shutting down and abandoning module SettingsEditor (410)
[2017.11.08-11.15.23:085][110]LogModuleManager: Shutting down and abandoning module ProjectLauncher (408)
[2017.11.08-11.15.23:085][110]LogModuleManager: Shutting down and abandoning module SessionFrontend (406)
[2017.11.08-11.15.23:085][110]LogModuleManager: Shutting down and abandoning module ProfilerClient (404)
[2017.11.08-11.15.23:085][110]LogModuleManager: Shutting down and abandoning module DeviceManager (402)
[2017.11.08-11.15.23:086][110]LogModuleManager: Shutting down and abandoning module TargetDeviceServices (401)
[2017.11.08-11.15.23:138][110]LogModuleManager: Shutting down and abandoning module AutomationController (398)
[2017.11.08-11.15.23:138][110]LogModuleManager: Shutting down and abandoning module AutomationWindow (396)
[2017.11.08-11.15.23:139][110]LogModuleManager: Shutting down and abandoning module Layers (394)
[2017.11.08-11.15.23:140][110]LogModuleManager: Shutting down and abandoning module ComponentVisualizers (392)
[2017.11.08-11.15.23:140][110]LogModuleManager: Shutting down and abandoning module DetailCustomizations (390)
[2017.11.08-11.15.23:140][110]LogModuleManager: Shutting down and abandoning module PackagesDialog (388)
[2017.11.08-11.15.23:141][110]LogModuleManager: Shutting down and abandoning module Persona (386)
[2017.11.08-11.15.23:141][110]LogModuleManager: Shutting down and abandoning module AdvancedPreviewScene (385)
[2017.11.08-11.15.23:142][110]LogModuleManager: Shutting down and abandoning module AnimGraph (383)
[2017.11.08-11.15.23:142][110]LogModuleManager: Shutting down and abandoning module Kismet (380)
[2017.11.08-11.15.23:143][110]LogModuleManager: Shutting down and abandoning module ClassViewer (378)
[2017.11.08-11.15.23:143][110]LogModuleManager: Shutting down and abandoning module Toolbox (376)
[2017.11.08-11.15.23:143][110]LogModuleManager: Shutting down and abandoning module ModuleUI (374)
[2017.11.08-11.15.23:143][110]LogModuleManager: Shutting down and abandoning module MovieSceneTools (372)
[2017.11.08-11.15.23:144][110]LogModuleManager: Shutting down and abandoning module OutputLog (370)
[2017.11.08-11.15.23:144][110]LogModuleManager: Shutting down and abandoning module GammaUI (368)
[2017.11.08-11.15.23:144][110]LogModuleManager: Shutting down and abandoning module Documentation (366)
[2017.11.08-11.15.23:144][110]LogModuleManager: Shutting down and abandoning module MovieSceneTracks (364)
[2017.11.08-11.15.23:144][110]LogModuleManager: Shutting down and abandoning module MovieScene (362)
[2017.11.08-11.15.23:144][110]LogModuleManager: Shutting down and abandoning module Niagara (360)
[2017.11.08-11.15.23:144][110]LogModuleManager: Shutting down and abandoning module NiagaraEditor (359)
[2017.11.08-11.15.23:145][110]LogModuleManager: Shutting down and abandoning module StreamingPauseRendering (356)
[2017.11.08-11.15.23:145][110]LogModuleManager: Shutting down and abandoning module LauncherPlatform (354)
[2017.11.08-11.15.23:145][110]LogModuleManager: Shutting down and abandoning module AnalyticsET (352)
[2017.11.08-11.15.23:145][110]LogModuleManager: Shutting down and abandoning module PortalServices (350)
[2017.11.08-11.15.23:145][110]LogModuleManager: Shutting down and abandoning module PortalRpc (348)
[2017.11.08-11.15.23:145][110]LogModuleManager: Shutting down and abandoning module MessagingRpc (346)
[2017.11.08-11.15.23:145][110]LogModuleManager: Shutting down and abandoning module AIModule (344)
[2017.11.08-11.15.23:146][110]LogModuleManager: Shutting down and abandoning module GameplayDebugger (343)
[2017.11.08-11.15.23:146][110]LogModuleManager: Shutting down and abandoning module AITestSuite (341)
[2017.11.08-11.15.23:146][110]LogModuleManager: Shutting down and abandoning module ProfilerService (338)
[2017.11.08-11.15.23:396][110]LogModuleManager: Shutting down and abandoning module TaskGraph (336)
[2017.11.08-11.15.23:397][110]LogModuleManager: Shutting down and abandoning module SteamVRController (334)
[2017.11.08-11.15.23:397][110]LogModuleManager: Shutting down and abandoning module ProceduralMeshComponentEditor (332)
[2017.11.08-11.15.23:397][110]LogModuleManager: Shutting down and abandoning module ProceduralMeshComponent (330)
[2017.11.08-11.15.23:397][110]LogModuleManager: Shutting down and abandoning module OculusInput (328)
[2017.11.08-11.15.23:397][110]LogModuleManager: Shutting down and abandoning module MobilePatchingUtils (326)
[2017.11.08-11.15.23:397][110]LogModuleManager: Shutting down and abandoning module CustomMeshComponent (324)
[2017.11.08-11.15.23:397][110]LogModuleManager: Shutting down and abandoning module CableComponent (322)
[2017.11.08-11.15.23:397][110]LogModuleManager: Shutting down and abandoning module ArchVisCharacter (320)
[2017.11.08-11.15.23:397][110]LogModuleManager: Shutting down and abandoning module AndroidPermission (318)
[2017.11.08-11.15.23:397][110]LogModuleManager: Shutting down and abandoning module MediaPlayerEditor (314)
[2017.11.08-11.15.23:398][110]LogModuleManager: Shutting down and abandoning module LowEntryExtendedStandardLibraryEditor (312)
[2017.11.08-11.15.23:398][110]LogModuleManager: Shutting down and abandoning module HTML5Networking (310)
[2017.11.08-11.15.23:398][110]LogModuleManager: Shutting down and abandoning module AlembicImporter (308)
[2017.11.08-11.15.23:398][110]LogModuleManager: Shutting down and abandoning module AlembicLibrary (307)
[2017.11.08-11.15.23:398][110]LogModuleManager: Shutting down and abandoning module GeometryCache (306)
[2017.11.08-11.15.23:398][110]LogModuleManager: Shutting down and abandoning module GeometryCacheEd (305)
[2017.11.08-11.15.23:398][110]LogModuleManager: Shutting down and abandoning module SpeedTreeImporter (300)
[2017.11.08-11.15.23:398][110]LogModuleManager: Shutting down and abandoning module PluginBrowser (298)
[2017.11.08-11.15.23:399][110]LogModuleManager: Shutting down and abandoning module MobileLauncherProfileWizard (296)
[2017.11.08-11.15.23:399][110]LogModuleManager: Shutting down and abandoning module VisualStudioSourceCodeAccess (294)
[2017.11.08-11.15.23:399][110]LogModuleManager: Shutting down and abandoning module DesktopPlatform (293)
[2017.11.08-11.15.23:399][110]LogModuleManager: Shutting down and abandoning module UObjectPlugin (290)
[2017.11.08-11.15.23:400][110]LogModuleManager: Shutting down and abandoning module SubversionSourceControl (288)
[2017.11.08-11.15.23:400][110]LogModuleManager: Shutting down and abandoning module PerforceSourceControl (286)
[2017.11.08-11.15.23:400][110]LogModuleManager: Shutting down and abandoning module GitSourceControl (284)
[2017.11.08-11.15.23:400][110]LogModuleManager: Shutting down and abandoning module SourceControl (283)
[2017.11.08-11.15.23:400][110]LogModuleManager: Shutting down and abandoning module LightPropagationVolumeEditor (280)
[2017.11.08-11.15.23:401][110]LogModuleManager: Shutting down and abandoning module PaperTiledImporter (278)
[2017.11.08-11.15.23:401][110]LogModuleManager: Shutting down and abandoning module PaperSpriteSheetImporter (276)
[2017.11.08-11.15.23:401][110]LogModuleManager: Shutting down and abandoning module Paper2DEditor (274)
[2017.11.08-11.15.23:401][110]LogModuleManager: Shutting down and abandoning module MeshPaint (273)
[2017.11.08-11.15.23:401][110]LogModuleManager: Shutting down and abandoning module LevelEditor (271)
[2017.11.08-11.15.23:403][110]LogModuleManager: Shutting down and abandoning module PixelInspectorModule (270)
[2017.11.08-11.15.23:403][110]LogModuleManager: Shutting down and abandoning module MainFrame (268)
[2017.11.08-11.15.23:403][110]LogModuleManager: Shutting down and abandoning module HotReload (267)
[2017.11.08-11.15.23:404][110]LogModuleManager: Shutting down and abandoning module RuntimePhysXCooking (262)
[2017.11.08-11.15.23:404][110]LogModuleManager: Shutting down and abandoning module PhysXVehiclesEditor (260)
[2017.11.08-11.15.23:404][110]LogModuleManager: Shutting down and abandoning module PhysXVehicles (258)
[2017.11.08-11.15.23:404][110]LogModuleManager: Shutting down and abandoning module OculusEditor (256)
[2017.11.08-11.15.23:405][110]LogModuleManager: Shutting down and abandoning module LocationServicesBPLibrary (254)
[2017.11.08-11.15.23:405][110]LogModuleManager: Shutting down and abandoning module ImmediatePhysicsEditor (252)
[2017.11.08-11.15.23:405][110]LogModuleManager: Shutting down and abandoning module ImmediatePhysics (250)
[2017.11.08-11.15.23:405][110]LogModuleManager: Shutting down and abandoning module UdpMessaging (248)
[2017.11.08-11.15.23:506][110]LogModuleManager: Shutting down and abandoning module TcpMessaging (246)
[2017.11.08-11.15.23:607][110]LogModuleManager: Shutting down and abandoning module LowEntryExtendedStandardLibrary (244)
[2017.11.08-11.15.23:607][110]LogModuleManager: Shutting down and abandoning module GameplayTagsEditor (242)
[2017.11.08-11.15.23:608][110]LogModuleManager: Shutting down and abandoning module FacialAnimationEditor (240)
[2017.11.08-11.15.23:608][110]LogModuleManager: Shutting down and abandoning module FacialAnimation (238)
[2017.11.08-11.15.23:608][110]LogModuleManager: Shutting down and abandoning module AssetManagerEditor (236)
[2017.11.08-11.15.23:608][110]LogModuleManager: Shutting down and abandoning module GraphEditor (235)
[2017.11.08-11.15.23:610][110]LogModuleManager: Shutting down and abandoning module ContentBrowser (233)
[2017.11.08-11.15.23:612][110]LogModuleManager: Shutting down and abandoning module LightPropagationVolumeRuntime (230)
[2017.11.08-11.15.23:612][110]LogModuleManager: Shutting down and abandoning module Paper2D (228)
[2017.11.08-11.15.23:612][110]LogModuleManager: Shutting down and abandoning module WindowsMoviePlayer (226)
[2017.11.08-11.15.23:613][110]LogModuleManager: Shutting down and abandoning module WmfMedia (224)
[2017.11.08-11.15.23:617][110]LogModuleManager: Shutting down and abandoning module PacketHandler (222)
[2017.11.08-11.15.23:617][110]LogModuleManager: Shutting down and abandoning module ClothingSystemEditor (220)
[2017.11.08-11.15.23:617][110]LogModuleManager: Shutting down and abandoning module ClothingSystemRuntime (218)
[2017.11.08-11.15.23:618][110]LogModuleManager: Shutting down and abandoning module Overlay (216)
[2017.11.08-11.15.23:618][110]LogModuleManager: Shutting down and abandoning module OverlayEditor (215)
[2017.11.08-11.15.23:618][110]LogModuleManager: Shutting down and abandoning module MediaAssets (212)
[2017.11.08-11.15.23:618][110]LogModuleManager: Shutting down and abandoning module VREditor (210)
[2017.11.08-11.15.23:618][110]LogModuleManager: Shutting down and abandoning module StringTableEditor (208)
[2017.11.08-11.15.23:619][110]LogModuleManager: Shutting down and abandoning module GameplayTasksEditor (206)
[2017.11.08-11.15.23:619][110]LogModuleManager: Shutting down and abandoning module BehaviorTreeEditor (204)
[2017.11.08-11.15.23:620][110]LogModuleManager: Shutting down and abandoning module FunctionalTesting (202)
[2017.11.08-11.15.23:620][110]LogModuleManager: Shutting down and abandoning module CollisionAnalyzer (200)
[2017.11.08-11.15.23:620][110]LogModuleManager: Shutting down and abandoning module WorkspaceMenuStructure (199)
[2017.11.08-11.15.23:620][110]LogModuleManager: Shutting down and abandoning module UMG (196)
[2017.11.08-11.15.23:620][110]LogModuleManager: Shutting down and abandoning module UMGEditor (195)
[2017.11.08-11.15.23:621][110]LogModuleManager: Shutting down and abandoning module Sequencer (194)
[2017.11.08-11.15.23:622][110]LogModuleManager: Shutting down and abandoning module MessageLog (191)
[2017.11.08-11.15.23:622][110]LogModuleManager: Shutting down and abandoning module SlateReflector (186)
[2017.11.08-11.15.23:624][110]LogModuleManager: Shutting down and abandoning module Slate (184)
[2017.11.08-11.15.23:624][110]LogModuleManager: Shutting down and abandoning module EditorStyle (182)
[2017.11.08-11.15.23:631][110]LogModuleManager: Shutting down and abandoning module MRMesh (180)
[2017.11.08-11.15.23:631][110]LogModuleManager: Shutting down and abandoning module SourceCodeAccess (178)
[2017.11.08-11.15.23:631][110]LogModuleManager: Shutting down and abandoning module HeadMountedDisplay (176)
[2017.11.08-11.15.23:631][110]LogModuleManager: Shutting down and abandoning module XAudio2 (174)
[2017.11.08-11.15.23:631][110]LogModuleManager: Shutting down and abandoning module Networking (172)
[2017.11.08-11.15.23:631][110]LogModuleManager: Shutting down and abandoning module Core (168)
[2017.11.08-11.15.23:631][110]LogModuleManager: Shutting down and abandoning module KismetCompiler (164)
[2017.11.08-11.15.23:631][110]LogModuleManager: Shutting down and abandoning module LevelSequence (162)
[2017.11.08-11.15.23:631][110]LogModuleManager: Shutting down and abandoning module MeshUtilities (160)
[2017.11.08-11.15.23:632][110]LogModuleManager: Shutting down and abandoning module MeshMergeUtilities (159)
[2017.11.08-11.15.23:632][110]LogModuleManager: Shutting down and abandoning module MeshReductionInterface (158)
[2017.11.08-11.15.23:632][110]LogModuleManager: Shutting down and abandoning module SimplygonSwarm (157)
[2017.11.08-11.15.23:632][110]LogModuleManager: Shutting down and abandoning module SimplygonMeshReduction (155)
[2017.11.08-11.15.23:632][110]LogModuleManager: Shutting down and abandoning module QuadricMeshReduction (153)
[2017.11.08-11.15.23:632][110]LogModuleManager: Shutting down and abandoning module MaterialBaking (149)
[2017.11.08-11.15.23:632][110]LogModuleManager: Shutting down and abandoning module DirectoryWatcher (146)
[2017.11.08-11.15.23:634][110]LogModuleManager: Shutting down and abandoning module DerivedDataCache (144)
[2017.11.08-11.15.23:739][110]LogDerivedDataCache: Shutdown
[2017.11.08-11.15.23:739][110]LogModuleManager: Shutting down and abandoning module TargetPlatform (142)
[2017.11.08-11.15.23:739][110]LogModuleManager: Shutting down and abandoning module VulkanShaderFormat (141)
[2017.11.08-11.15.23:739][110]LogModuleManager: Shutting down and abandoning module ShaderFormatVectorVM (139)
[2017.11.08-11.15.23:740][110]LogModuleManager: Shutting down and abandoning module ShaderFormatOpenGL (137)
[2017.11.08-11.15.23:740][110]LogModuleManager: Shutting down and abandoning module ShaderFormatD3D (135)
[2017.11.08-11.15.23:740][110]LogModuleManager: Shutting down and abandoning module MetalShaderFormat (133)
[2017.11.08-11.15.23:741][110]LogModuleManager: Shutting down and abandoning module TextureFormatUncompressed (131)
[2017.11.08-11.15.23:741][110]LogModuleManager: Shutting down and abandoning module TextureFormatPVR (129)
[2017.11.08-11.15.23:741][110]LogModuleManager: Shutting down and abandoning module TextureFormatDXT (127)
[2017.11.08-11.15.23:741][110]LogModuleManager: Shutting down and abandoning module TextureFormatIntelISPCTexComp (125)
[2017.11.08-11.15.23:741][110]LogModuleManager: Shutting down and abandoning module TextureFormatASTC (123)
[2017.11.08-11.15.23:741][110]LogModuleManager: Shutting down and abandoning module ImageWrapper (122)
[2017.11.08-11.15.23:741][110]LogModuleManager: Shutting down and abandoning module TextureFormatAndroid (119)
[2017.11.08-11.15.23:741][110]LogModuleManager: Shutting down and abandoning module AudioFormatOpus (117)
[2017.11.08-11.15.23:741][110]LogModuleManager: Shutting down and abandoning module AudioFormatOgg (115)
[2017.11.08-11.15.23:741][110]LogModuleManager: Shutting down and abandoning module AudioFormatADPCM (113)
[2017.11.08-11.15.23:741][110]LogModuleManager: Shutting down and abandoning module LinuxTargetPlatform (111)
[2017.11.08-11.15.23:741][110]LogModuleManager: Shutting down and abandoning module LinuxServerTargetPlatform (109)
[2017.11.08-11.15.23:742][110]LogModuleManager: Shutting down and abandoning module LinuxNoEditorTargetPlatform (107)
[2017.11.08-11.15.23:742][110]LogModuleManager: Shutting down and abandoning module LinuxClientTargetPlatform (105)
[2017.11.08-11.15.23:742][110]LogModuleManager: Shutting down and abandoning module TVOSTargetPlatform (103)
[2017.11.08-11.15.23:742][110]LogModuleManager: Shutting down and abandoning module Messaging (101)
[2017.11.08-11.15.23:742][110]LogModuleManager: Shutting down and abandoning module IOSTargetPlatform (99)
[2017.11.08-11.15.23:742][110]LogModuleManager: Shutting down and abandoning module HTML5TargetPlatform (97)
[2017.11.08-11.15.23:742][110]LogModuleManager: Shutting down and abandoning module Android_PVRTCTargetPlatform (95)
[2017.11.08-11.15.23:742][110]LogModuleManager: Shutting down and abandoning module Android_MultiTargetPlatform (93)
[2017.11.08-11.15.23:742][110]LogModuleManager: Shutting down and abandoning module Android_ETC2TargetPlatform (91)
[2017.11.08-11.15.23:742][110]LogModuleManager: Shutting down and abandoning module Android_ETC1TargetPlatform (89)
[2017.11.08-11.15.23:742][110]LogModuleManager: Shutting down and abandoning module Android_DXTTargetPlatform (87)
[2017.11.08-11.15.23:742][110]LogModuleManager: Shutting down and abandoning module Android_ATCTargetPlatform (85)
[2017.11.08-11.15.23:742][110]LogModuleManager: Shutting down and abandoning module Android_ASTCTargetPlatform (83)
[2017.11.08-11.15.23:742][110]LogModuleManager: Shutting down and abandoning module AndroidTargetPlatform (81)
[2017.11.08-11.15.23:742][110]LogModuleManager: Shutting down and abandoning module WindowsTargetPlatform (79)
[2017.11.08-11.15.23:742][110]LogModuleManager: Shutting down and abandoning module WindowsServerTargetPlatform (77)
[2017.11.08-11.15.23:742][110]LogModuleManager: Shutting down and abandoning module WindowsNoEditorTargetPlatform (75)
[2017.11.08-11.15.23:742][110]LogModuleManager: Shutting down and abandoning module WindowsClientTargetPlatform (73)
[2017.11.08-11.15.23:742][110]LogModuleManager: Shutting down and abandoning module MacTargetPlatform (71)
[2017.11.08-11.15.23:743][110]LogModuleManager: Shutting down and abandoning module MacServerTargetPlatform (69)
[2017.11.08-11.15.23:743][110]LogModuleManager: Shutting down and abandoning module MacNoEditorTargetPlatform (67)
[2017.11.08-11.15.23:743][110]LogModuleManager: Shutting down and abandoning module MacClientTargetPlatform (65)
[2017.11.08-11.15.23:743][110]LogModuleManager: Shutting down and abandoning module AllDesktopTargetPlatform (63)
[2017.11.08-11.15.23:743][110]LogModuleManager: Shutting down and abandoning module InputCore (60)
[2017.11.08-11.15.23:743][110]LogModuleManager: Shutting down and abandoning module Settings (58)
[2017.11.08-11.15.23:743][110]LogModuleManager: Shutting down and abandoning module PhysXCooking (56)
[2017.11.08-11.15.23:743][110]LogModuleManager: Shutting down and abandoning module SteamVR (54)
[2017.11.08-11.15.23:743][110]LogModuleManager: Shutting down and abandoning module OculusHMD (52)
[2017.11.08-11.15.23:743][110]LogModuleManager: Shutting down and abandoning module ExampleDeviceProfileSelector (50)
[2017.11.08-11.15.23:743][110]LogModuleManager: Shutting down and abandoning module OnlineBlueprintSupport (48)
[2017.11.08-11.15.23:743][110]LogModuleManager: Shutting down and abandoning module OnlineSubsystem (44)
[2017.11.08-11.15.23:743][110]LogOnline: Display: Unloading online subsystem: NULL
[2017.11.08-11.15.23:744][110]LogModuleManager: Shutting down and abandoning module XMPP (43)
[2017.11.08-11.15.23:744][110]LogModuleManager: Shutting down and abandoning module HTTP (41)
[2017.11.08-11.15.23:744][110]LogHttp: Display: Http module shutting down, but needs to wait on 1 outstanding Http requests:
[2017.11.08-11.15.23:745][110]LogHttp: Display: 	verb=[POST] url=[https://datarouter.ol.epicgames.com/datarouter/api/v1/public/data?SessionID=%7B714AB456-412E-C391-8354-CD89A50268CC%7D&AppID=UEEditor.Rocket.Release&AppVersion=4.17.2-3658906%2B%2B%2BUE4%2BRelease-4.17&UserID=4e5d4eea41eddfc97897f0b6e31b04c4%7C34cdca6607a142f2b2a8b413f787d7a6%7C64985f2c-e194-41cf-bb41-5e9619f34378&AppEnvironment=datacollector-binary&UploadType=eteventstream] status=Processing
[2017.11.08-11.15.23:745][110]LogHttp: Display: Sleeping 0.5s to wait for 1 outstanding Http requests.
[2017.11.08-11.15.24:246][110]LogHttp: Display: Sleeping 0.5s to wait for 1 outstanding Http requests.
[2017.11.08-11.15.24:747][110]LogHttp: Display: Sleeping 0.5s to wait for 1 outstanding Http requests.
[2017.11.08-11.15.25:247][110]LogHttp: Display: Sleeping 0.5s to wait for 1 outstanding Http requests.
[2017.11.08-11.15.25:748][110]LogHttp: Display: Sleeping 0.5s to wait for 1 outstanding Http requests.
[2017.11.08-11.15.26:248][110]LogHttp: Display: Sleeping 0.5s to wait for 1 outstanding Http requests.
[2017.11.08-11.15.26:749][110]LogHttp: Display: Sleeping 0.5s to wait for 1 outstanding Http requests.
[2017.11.08-11.15.27:250][110]LogHttp: Display: Sleeping 0.5s to wait for 1 outstanding Http requests.
[2017.11.08-11.15.27:751][110]LogHttp: Display: Sleeping 0.5s to wait for 1 outstanding Http requests.
[2017.11.08-11.15.28:252][110]LogHttp: Display: Sleeping 0.5s to wait for 1 outstanding Http requests.
[2017.11.08-11.15.28:753][110]LogHttp: Display: Sleeping 0.5s to wait for 1 outstanding Http requests.
[2017.11.08-11.15.29:268][110]LogModuleManager: Shutting down and abandoning module SSL (40)
[2017.11.08-11.15.29:271][110]LogModuleManager: Shutting down and abandoning module AnimationModifiers (36)
[2017.11.08-11.15.29:271][110]LogModuleManager: Shutting down and abandoning module PropertyEditor (35)
[2017.11.08-11.15.29:272][110]LogModuleManager: Shutting down and abandoning module AudioEditor (32)
[2017.11.08-11.15.29:273][110]LogModuleManager: Shutting down and abandoning module TextureCompressor (30)
[2017.11.08-11.15.29:273][110]LogModuleManager: Shutting down and abandoning module ShaderCore (28)
[2017.11.08-11.15.29:273][110]LogModuleManager: Shutting down and abandoning module Landscape (26)
[2017.11.08-11.15.29:273][110]LogModuleManager: Shutting down and abandoning module SlateRHIRenderer (24)
[2017.11.08-11.15.29:274][110]LogModuleManager: Shutting down and abandoning module OpenGLDrv (22)
[2017.11.08-11.15.29:274][110]LogModuleManager: Shutting down and abandoning module D3D11RHI (20)
[2017.11.08-11.15.29:275][110]LogModuleManager: Shutting down and abandoning module AnimGraphRuntime (18)
[2017.11.08-11.15.29:275][110]LogModuleManager: Shutting down and abandoning module Renderer (16)
[2017.11.08-11.15.29:275][110]LogModuleManager: Shutting down and abandoning module Engine (14)
[2017.11.08-11.15.29:275][110]LogModuleManager: Shutting down and abandoning module CoreUObject (12)
[2017.11.08-11.15.29:275][110]LogModuleManager: Shutting down and abandoning module NetworkFile (10)
[2017.11.08-11.15.29:275][110]LogModuleManager: Shutting down and abandoning module CookedIterativeFile (8)
[2017.11.08-11.15.29:275][110]LogModuleManager: Shutting down and abandoning module StreamingFile (6)
[2017.11.08-11.15.29:275][110]LogModuleManager: Shutting down and abandoning module SandboxFile (4)
[2017.11.08-11.15.29:275][110]LogModuleManager: Shutting down and abandoning module PakFile (2)
[2017.11.08-11.15.29:285][110]LogExit: Exiting.
[2017.11.08-11.15.29:322][110]Log file closed, 11/08/17 04:15:29
