Log file open, 11/09/17 12:41:03
LogWindows: LoadLibraryWithSearchPaths failed for file aqProf.dll. GetLastError=0
LogWindows: LoadLibraryWithSearchPaths failed for file VSPerf140.dll. GetLastError=0
LogWindows: LoadLibraryWithSearchPaths failed for file VtuneApi.dll. GetLastError=0
LogWindows: LoadLibraryWithSearchPaths failed for file VtuneApi32e.dll. GetLastError=0
LogInit: Display: Running engine for game: TeamPain
LogPlatformFile: Not using cached read wrapper
LogInit: Display: RandInit(385611284) SRandInit(385611284).
LogTaskGraph: Started task graph with 5 named threads and 14 total threads with 3 sets of task threads.
LogStats: Stats thread started at 0.276473
LogD3D11RHI: Aftermath initialized
LogPluginManager: Mounting plugin Paper2D
LogPluginManager: Mounting plugin LightPropagationVolume
LogPluginManager: Mounting plugin CodeLiteSourceCodeAccess
LogPluginManager: Mounting plugin GitSourceControl
LogPluginManager: Mounting plugin KDevelopSourceCodeAccess
LogPluginManager: Mounting plugin NullSourceCodeAccess
LogPluginManager: Mounting plugin PerforceSourceControl
LogPluginManager: Mounting plugin SubversionSourceControl
LogPluginManager: Mounting plugin UObjectPlugin
LogPluginManager: Mounting plugin VisualStudioSourceCodeAccess
LogPluginManager: Mounting plugin XCodeSourceCodeAccess
LogPluginManager: Mounting plugin AssetManagerEditor
LogPluginManager: Mounting plugin AudioCapture
LogPluginManager: Mounting plugin FacialAnimation
LogPluginManager: Mounting plugin GameplayTagsEditor
LogPluginManager: Mounting plugin MobileLauncherProfileWizard
LogPluginManager: Mounting plugin PluginBrowser
LogPluginManager: Mounting plugin SpeedTreeImporter
LogPluginManager: Mounting plugin AlembicImporter
LogPluginManager: Mounting plugin CharacterAI
LogPluginManager: Mounting plugin HTML5Networking
LogPluginManager: Mounting plugin AndroidMedia
LogPluginManager: Mounting plugin AvfMedia
LogPluginManager: Mounting plugin MediaPlayerEditor
LogPluginManager: Mounting plugin WmfMedia
LogPluginManager: Mounting plugin TcpMessaging
LogPluginManager: Mounting plugin UdpMessaging
LogPluginManager: Mounting plugin LevelSequenceEditor
LogPluginManager: Mounting plugin MatineeToLevelSequence
LogPluginManager: Mounting plugin OnlineSubsystemGooglePlay
LogPluginManager: Mounting plugin OnlineSubsystemIOS
LogPluginManager: Mounting plugin OnlineSubsystem
LogPluginManager: Mounting plugin OnlineSubsystemNull
LogPluginManager: Mounting plugin OnlineSubsystemUtils
LogPluginManager: Mounting plugin AndroidDeviceProfileSelector
LogPluginManager: Mounting plugin AndroidMoviePlayer
LogPluginManager: Mounting plugin AndroidPermission
LogPluginManager: Mounting plugin AppleMoviePlayer
LogPluginManager: Mounting plugin ArchVisCharacter
LogPluginManager: Mounting plugin CableComponent
LogPluginManager: Mounting plugin CustomMeshComponent
LogPluginManager: Mounting plugin ExampleDeviceProfileSelector
LogPluginManager: Mounting plugin GoogleCloudMessaging
LogPluginManager: Mounting plugin ImmediatePhysics
LogPluginManager: Mounting plugin IOSDeviceProfileSelector
LogPluginManager: Mounting plugin LinuxDeviceProfileSelector
LogPluginManager: Mounting plugin LocationServicesBPLibrary
LogPluginManager: Mounting plugin MobilePatchingUtils
LogPluginManager: Mounting plugin OculusVR
LogPluginManager: Mounting plugin PhysXVehicles
LogPluginManager: Mounting plugin ProceduralMeshComponent
LogPluginManager: Mounting plugin RuntimePhysXCooking
LogPluginManager: Mounting plugin SteamVR
LogPluginManager: Mounting plugin WindowsMoviePlayer
LogInit: Using libcurl 7.47.1
LogInit:  - built for x86_64-pc-win32
LogInit:  - supports SSL with OpenSSL/1.0.2g
LogInit:  - supports HTTP deflate (compression) using libz 1.2.8
LogInit:  - other features:
LogInit:      CURL_VERSION_SSL
LogInit:      CURL_VERSION_LIBZ
LogInit:      CURL_VERSION_IPV6
LogInit:      CURL_VERSION_ASYNCHDNS
LogInit:      CURL_VERSION_LARGEFILE
LogInit:      CURL_VERSION_IDN
LogInit:  CurlRequestOptions (configurable via config and command line):
LogInit:  - bVerifyPeer = false  - Libcurl will NOT verify peer certificate
LogInit:  - bUseHttpProxy = false  - Libcurl will NOT use HTTP proxy
LogInit:  - bDontReuseConnections = false  - Libcurl will reuse connections
LogInit:  - CertBundlePath = nullptr  - Libcurl will use whatever was configured at build time.
LogInit: Build: ++UE4+Release-4.17-CL-3586342
LogInit: Engine Version: 4.17.1-3586342+++UE4+Release-4.17
LogInit: Compatible Engine Version: 4.17.0-3573198+++UE4+Release-4.17
LogInit: Net CL: 3573198
LogDevObjectVersion: Number of dev versions registered: 16
LogDevObjectVersion:   Dev-Blueprints (B0D832E4-1F89-4F0D-ACCF-7EB736FD4AA2): 10
LogDevObjectVersion:   Dev-Build (E1C64328-A22C-4D53-A36C-8E866417BD8C): 0
LogDevObjectVersion:   Dev-Core (375EC13C-06E4-48FB-B500-84F0262A717E): 2
LogDevObjectVersion:   Dev-Editor (E4B068ED-F494-42E9-A231-DA0B2E46BB41): 20
LogDevObjectVersion:   Dev-Framework (CFFC743F-43B0-4480-9391-14DF171D2073): 28
LogDevObjectVersion:   Dev-Mobile (B02B49B5-BB20-44E9-A304-32B752E40360): 0
LogDevObjectVersion:   Dev-Networking (A4E4105C-59A1-49B5-A7C5-40C4547EDFEE): 0
LogDevObjectVersion:   Dev-Online (39C831C9-5AE6-47DC-9A44-9C173E1C8E7C): 0
LogDevObjectVersion:   Dev-Physics (78F01B33-EBEA-4F98-B9B4-84EACCB95AA2): 0
LogDevObjectVersion:   Dev-Platform (6631380F-2D4D-43E0-8009-CF276956A95A): 0
LogDevObjectVersion:   Dev-Rendering (12F88B9F-8875-4AFC-A67C-D90C383ABD29): 19
LogDevObjectVersion:   Dev-Sequencer (7B5AE74C-D270-4C10-A958-57980B212A5A): 4
LogDevObjectVersion:   Dev-VR (D7296918-1DD6-4BDD-9DE2-64A83CC13884): 0
LogDevObjectVersion:   Dev-LoadTimes (C2A15278-BFE7-4AFE-6C17-90FF531DF755): 1
LogDevObjectVersion:   Private-Geometry (6EACA3D4-40EC-4CC1-B786-8BED09428FC5): 1
LogDevObjectVersion:   Dev-AnimPhys (29E575DD-E0A3-4627-9D10-D276232CDCEA): 7
LogInit: Compiled (64-bit): Aug 15 2017 02:05:26
LogInit: Compiled with Visual C++: 19.00.24215.01
LogInit: Build Configuration: Development
LogInit: Branch Name: ++UE4+Release-4.17
LogInit: Command line:  
LogInit: Base directory: C:/Program Files/Epic Games/UE_4.17/Engine/Binaries/Win64/
LogInit: Installed Engine Build: 1
LogInit: Presizing for max 8388607 objects, including 0 objects not considered by GC, pre-allocating 0 bytes for permanent pool.
LogInit: Object subsystem initialized
[2017.11.09-19.41.04:754][  0]LogInit: Selected Device Profile: [Windows]
[2017.11.09-19.41.04:754][  0]LogInit: Applying CVar settings loaded from the selected device profile: [Windows]
[2017.11.09-19.41.04:783][  0]LogInit: Computer: DESKTOP-06B5JCP
[2017.11.09-19.41.04:783][  0]LogInit: User: Aaron
[2017.11.09-19.41.04:783][  0]LogInit: CPU Page size=4096, Cores=4
[2017.11.09-19.41.04:783][  0]LogInit: High frequency timer resolution =2.742193 MHz
[2017.11.09-19.41.04:783][  0]LogMemory: Memory total: Physical=15.9GB (16GB approx)
[2017.11.09-19.41.04:784][  0]LogMemory: Platform Memory Stats for Windows
[2017.11.09-19.41.04:784][  0]LogMemory: Process Physical Memory: 277.57 MB used, 277.57 MB peak
[2017.11.09-19.41.04:784][  0]LogMemory: Process Virtual Memory: 274.54 MB used, 274.54 MB peak
[2017.11.09-19.41.04:784][  0]LogMemory: Physical Memory: 3258.54 MB used,  12991.63 MB free, 16250.17 MB total
[2017.11.09-19.41.04:784][  0]LogMemory: Virtual Memory: 668.91 MB used,  12991.63 MB free, 134217728.00 MB total
[2017.11.09-19.41.05:971][  0]LogInit: Using OS detected language (en-US).
[2017.11.09-19.41.05:971][  0]LogInit: Using OS detected locale (en-US).
[2017.11.09-19.41.05:981][  0]LogTextLocalizationManager: No specific localization for 'en-US' exists, so the 'en' localization will be used.
[2017.11.09-19.41.07:061][  0]LogD3D11RHI: D3D11 adapters:
[2017.11.09-19.41.08:026][  0]LogD3D11RHI:    0. 'NVIDIA GeForce GTX 1050 Ti' (Feature Level 11_0)
[2017.11.09-19.41.08:026][  0]LogD3D11RHI:       4016/0/8125 MB DedicatedVideo/DedicatedSystem/SharedSystem, Outputs:1, VendorId:0x10de
[2017.11.09-19.41.08:037][  0]LogD3D11RHI:    1. 'Intel(R) HD Graphics 630' (Feature Level 11_0)
[2017.11.09-19.41.08:037][  0]LogD3D11RHI:       128/0/8125 MB DedicatedVideo/DedicatedSystem/SharedSystem, Outputs:0, VendorId:0x8086
[2017.11.09-19.41.08:038][  0]LogD3D11RHI:    2. 'Microsoft Basic Render Driver' (Feature Level 11_0)
[2017.11.09-19.41.08:038][  0]LogD3D11RHI:       0/0/8125 MB DedicatedVideo/DedicatedSystem/SharedSystem, Outputs:0, VendorId:0x1414
[2017.11.09-19.41.08:038][  0]LogD3D11RHI: Chosen D3D11 Adapter: 0
[2017.11.09-19.41.08:044][  0]LogD3D11RHI: Creating new Direct3DDevice
[2017.11.09-19.41.08:044][  0]LogD3D11RHI:     GPU DeviceId: 0x1c8c (for the marketing name, search the web for "GPU Device Id")
[2017.11.09-19.41.08:044][  0]LogWindows: EnumDisplayDevices:
[2017.11.09-19.41.08:044][  0]LogWindows:    0. 'Intel(R) HD Graphics 630' (P:1 D:1)
[2017.11.09-19.41.08:044][  0]LogWindows:    1. 'Intel(R) HD Graphics 630' (P:0 D:0)
[2017.11.09-19.41.08:044][  0]LogWindows:    2. 'Intel(R) HD Graphics 630' (P:0 D:0)
[2017.11.09-19.41.08:044][  0]LogWindows:    3. 'NVIDIA GeForce GTX 1050 Ti' (P:0 D:0)
[2017.11.09-19.41.08:045][  0]LogWindows: DebugString: PrimaryIsNotTheChoosenAdapter PrimaryIsNotTheChoosenAdapter PrimaryIsNotTheChoosenAdapter 
[2017.11.09-19.41.08:045][  0]LogD3D11RHI:     Adapter Name: NVIDIA GeForce GTX 1050 Ti
[2017.11.09-19.41.08:046][  0]LogD3D11RHI:   Driver Version: 384.77 (internal:22.21.13.8477, unified:384.77)
[2017.11.09-19.41.08:046][  0]LogD3D11RHI:      Driver Date: 6-29-2017
[2017.11.09-19.41.08:046][  0]LogRHI: Texture pool is 1361 MB (70% of 1945 MB)
[2017.11.09-19.41.08:078][  0]LogD3D11RHI: Async texture creation enabled
[2017.11.09-19.41.08:129][  0]LogD3D11RHI: GPU Timing Frequency: 1000.000000 (Debug: 2 1)
[2017.11.09-19.41.08:151][  0]LogShaderCompilers: Guid format shader working directory is -27 characters bigger than the processId version (../../../../../../Users/namur/Documents/Jessica/EAE3660-TeamPain/TeamPain/Intermediate/Shaders/WorkingDirectory/7612/).
[2017.11.09-19.41.08:151][  0]LogShaderCompilers: Cleaned the shader compiler working directory 'C:/Users/namur/AppData/Local/Temp/UnrealShaderWorkingDir/4FFDE1E14AB5182A17F2D9AE2F4D4151/'.
[2017.11.09-19.41.08:152][  0]LogShaderCompilers: Display: Using Local Shader Compiler.
[2017.11.09-19.41.09:369][  0]LogTemp: Display: Loaded TP AllDesktopTargetPlatform
[2017.11.09-19.41.09:429][  0]LogTemp: Display: Loaded TP MacClientTargetPlatform
[2017.11.09-19.41.09:489][  0]LogTemp: Display: Loaded TP MacNoEditorTargetPlatform
[2017.11.09-19.41.09:549][  0]LogTemp: Display: Loaded TP MacServerTargetPlatform
[2017.11.09-19.41.09:611][  0]LogTemp: Display: Loaded TP MacTargetPlatform
[2017.11.09-19.41.09:671][  0]LogTemp: Display: Loaded TP WindowsClientTargetPlatform
[2017.11.09-19.41.09:733][  0]LogTemp: Display: Loaded TP WindowsNoEditorTargetPlatform
[2017.11.09-19.41.09:791][  0]LogTemp: Display: Loaded TP WindowsServerTargetPlatform
[2017.11.09-19.41.09:847][  0]LogTemp: Display: Loaded TP WindowsTargetPlatform
[2017.11.09-19.41.09:910][  0]LogTemp: Display: Loaded TP AndroidTargetPlatform
[2017.11.09-19.41.09:970][  0]LogTemp: Display: Loaded TP Android_ASTCTargetPlatform
[2017.11.09-19.41.10:030][  0]LogTemp: Display: Loaded TP Android_ATCTargetPlatform
[2017.11.09-19.41.10:090][  0]LogTemp: Display: Loaded TP Android_DXTTargetPlatform
[2017.11.09-19.41.10:151][  0]LogTemp: Display: Loaded TP Android_ETC1TargetPlatform
[2017.11.09-19.41.10:211][  0]LogTemp: Display: Loaded TP Android_ETC2TargetPlatform
[2017.11.09-19.41.10:328][  0]LogTemp: Display: Loaded TP Android_MultiTargetPlatform
[2017.11.09-19.41.10:328][  0]LogTemp: Display: Loaded TP Android_PVRTCTargetPlatform
[2017.11.09-19.41.10:379][  0]LogTemp: Display: Loaded TP HTML5TargetPlatform
[2017.11.09-19.41.10:492][  0]LogTemp: Display: Loaded TP IOSTargetPlatform
[2017.11.09-19.41.10:529][  0]LogTemp: Display: Loaded TP TVOSTargetPlatform
[2017.11.09-19.41.10:589][  0]LogTemp: Display: Loaded TP LinuxClientTargetPlatform
[2017.11.09-19.41.10:649][  0]LogTemp: Display: Loaded TP LinuxNoEditorTargetPlatform
[2017.11.09-19.41.10:709][  0]LogTemp: Display: Loaded TP LinuxServerTargetPlatform
[2017.11.09-19.41.10:769][  0]LogTemp: Display: Loaded TP LinuxTargetPlatform
[2017.11.09-19.41.10:769][  0]LogTargetPlatformManager: Display: Building Assets For Windows
[2017.11.09-19.41.11:540][  0]LogDerivedDataCache: Display: Max Cache Size: 512 MB
[2017.11.09-19.41.11:740][  0]LogDerivedDataCache: Loaded boot cache 0.20s 93MB C:/Users/namur/AppData/Local/UnrealEngine/4.17/DerivedDataCache/Boot.ddc.
[2017.11.09-19.41.11:740][  0]LogDerivedDataCache: Display: Loaded Boot cache: C:/Users/namur/AppData/Local/UnrealEngine/4.17/DerivedDataCache/Boot.ddc
[2017.11.09-19.41.11:741][  0]LogDerivedDataCache: FDerivedDataBackendGraph:  Pak pak cache file ../../../../../../Users/namur/Documents/Jessica/EAE3660-TeamPain/TeamPain/DerivedDataCache/DDC.ddp not found, will not use a pak cache.
[2017.11.09-19.41.11:741][  0]LogDerivedDataCache: Unable to find inner node Pak for hierarchical cache Hierarchy.
[2017.11.09-19.41.11:741][  0]LogDerivedDataCache: FDerivedDataBackendGraph:  CompressedPak pak cache file ../../../../../../Users/namur/Documents/Jessica/EAE3660-TeamPain/TeamPain/DerivedDataCache/Compressed.ddp not found, will not use a pak cache.
[2017.11.09-19.41.11:741][  0]LogDerivedDataCache: Unable to find inner node CompressedPak for hierarchical cache Hierarchy.
[2017.11.09-19.41.11:761][  0]LogDerivedDataCache: Display: Pak cache opened for reading ../../../Engine/DerivedDataCache/Compressed.ddp.
[2017.11.09-19.41.11:775][  0]LogDerivedDataCache: Using Local data cache path C:/Users/namur/AppData/Local/UnrealEngine/Common/DerivedDataCache: Writable
[2017.11.09-19.41.11:787][  0]LogMaterial: Verifying Global Shaders for PCD3D_SM5
[2017.11.09-19.41.11:792][  0]LogSlate: Using Freetype 2.6.0
[2017.11.09-19.41.11:796][  0]LogSlate: SlateFontCache - WITH_FREETYPE: 1, WITH_HARFBUZZ: 1
[2017.11.09-19.41.11:796][  0]LogSlate: SlateFontCache - WITH_FREETYPE: 1, WITH_HARFBUZZ: 1
[2017.11.09-19.41.12:649][  0]LogAssetRegistry: FAssetRegistry took 0.0318 seconds to start up
[2017.11.09-19.41.12:797][  0]LogInit: Selected Device Profile: [Windows]
[2017.11.09-19.41.13:092][  0]LogContentStreaming: Texture pool size is 0.00 MB
[2017.11.09-19.41.13:541][  0]LogSimplygon: Simplygon DLL not present - disabling.
[2017.11.09-19.41.13:594][  0]LogMeshReduction: Using SimplygonSwarm for distributed automatic mesh merging
[2017.11.09-19.41.13:594][  0]LogMeshReduction: Using QuadricMeshReduction for automatic static mesh reduction
[2017.11.09-19.41.13:594][  0]LogMeshReduction: No automatic skeletal mesh reduction module available
[2017.11.09-19.41.13:594][  0]LogMeshReduction: No automatic mesh merging module available
[2017.11.09-19.41.13:594][  0]LogMeshMerging: No automatic mesh merging module available
[2017.11.09-19.41.14:193][  0]LogNetVersion: TeamPain , NetCL: 3573198, EngineNetVer: 2, GameNetVer: 0 (Checksum: 1519948437)
[2017.11.09-19.41.14:591][  0]LogPackageLocalizationCache: Processed 5 localized package path(s) for 2 prioritized culture(s) in 0.058858 seconds
[2017.11.09-19.41.14:598][  0]LogUObjectArray: 35825 objects as part of root set at end of initial load.
[2017.11.09-19.41.14:598][  0]LogUObjectAllocator: 7529104 out of 0 bytes used by permanent object pool.
[2017.11.09-19.41.14:598][  0]LogUObjectArray: CloseDisregardForGC: 0/0 objects in disregard for GC pool
[2017.11.09-19.41.14:683][  0]LogInit: WinSock: version 1.1 (2.2), MaxSocks=32767, MaxUdp=65467
[2017.11.09-19.41.18:930][  0]LogTcpMessaging: Initializing TcpMessaging bridge
[2017.11.09-19.41.18:983][  0]LogUdpMessaging: Initializing bridge on interface 0.0.0.0:0 to multicast group 230.0.0.1:6666.
[2017.11.09-19.41.19:829][  0]LogMaterial: Uniform references updated for custom material expression Custom.
[2017.11.09-19.41.20:373][  0]SourceControl: Source control is disabled
[2017.11.09-19.41.20:373][  0]SourceControl: Source control is disabled
[2017.11.09-19.41.20:440][  0]SourceControl: Source control is disabled
[2017.11.09-19.41.20:501][  0]SourceControl: Source control is disabled
[2017.11.09-19.41.21:250][  0]LogAndroidPermission: UAndroidPermissionCallbackProxy::GetInstance
[2017.11.09-19.41.21:573][  0]LogOcInput: OculusInput pre-init called
[2017.11.09-19.41.21:910][  0]LogEngine: Initializing Engine...
[2017.11.09-19.41.21:912][  0]LogHMD: Failed to initialize OpenVR with code 110
[2017.11.09-19.41.22:178][  0]LogStats: UGameplayTagsManager::ConstructGameplayTagTree: Construct from data asset -  0.000 s
[2017.11.09-19.41.22:178][  0]LogStats: UGameplayTagsManager::ConstructGameplayTagTree: GameplayTagTreeChangedEvent.Broadcast -  0.000 s
[2017.11.09-19.41.22:373][  0]LogAIModule: Creating AISystem for world Untitled
[2017.11.09-19.41.22:395][  0]LogInit: XAudio2 using 'Speakers / Headphones (Realtek Audio)' : 2 channels at 48 kHz using 32 bits per sample (channel mask 0x3)
[2017.11.09-19.41.23:708][  0]LogInit: FAudioDevice initialized.
[2017.11.09-19.41.23:774][  0]LogDerivedDataCache: Saved boot cache 0.07s 93MB C:/Users/namur/AppData/Local/UnrealEngine/4.17/DerivedDataCache/Boot.ddc.
[2017.11.09-19.41.23:781][  0]LogInit: Texture streaming: Enabled
[2017.11.09-19.41.23:941][  0]LogEngineSessionManager: EngineSessionManager initialized
[2017.11.09-19.41.24:235][  0]LogWindowsTextInputMethodSystem: Display: IME system now deactivated.
[2017.11.09-19.41.24:276][  0]LogInit: Transaction tracking system initialized
[2017.11.09-19.41.24:757][  0]BlueprintLog: New page: Editor Load
[2017.11.09-19.41.26:752][  0]LocalizationService: Localization service is disabled
[2017.11.09-19.41.28:074][  0]LogConsoleResponse: Display: 
[2017.11.09-19.41.28:338][  0]LogCook: Display: Max memory allowance for cook 16384mb min free memory 0mb
[2017.11.09-19.41.28:338][  0]LogCook: Display: Mobile HDR setting 1
[2017.11.09-19.41.28:339][  0]LogGameplayTags: Display: UGameplayTagsManager::DoneAddingNativeTags. DelegateIsBound: 0
[2017.11.09-19.41.29:110][  0]LogFileCache: Scanning file cache for directory 'C:/Users/namur/Documents/Jessica/EAE3660-TeamPain/TeamPain/Content/' took 0.02s
[2017.11.09-19.41.29:939][  0]SourceControl: Source control is disabled
[2017.11.09-19.41.29:941][  0]Cmd: MAP LOAD FILE="../../../../../../Users/namur/Documents/Jessica/EAE3660-TeamPain/TeamPain/Content/Apartment.umap" TEMPLATE=0 SHOWPROGRESS=1 FEATURELEVEL=3
[2017.11.09-19.41.29:944][  0]LightingResults: New page: Lighting Build
[2017.11.09-19.41.30:007][  0]MapCheck: New page: Map Check
[2017.11.09-19.41.30:007][  0]LightingResults: New page: Lighting Build
[2017.11.09-19.41.30:164][  0]LogLinker: Warning: Can't find file '/Game/Apartment_BuiltData'
[2017.11.09-19.41.30:164][  0]LogLinker: Warning: Can't find file for asset '/Game/Apartment_BuiltData' while loading ../../../../../../Users/namur/Documents/Jessica/EAE3660-TeamPain/TeamPain/Content/Apartment.umap.
[2017.11.09-19.41.30:164][  0]LoadErrors: Error: /Game/Apartment : Can't find file for asset. /Game/Apartment_BuiltData
[2017.11.09-19.41.30:649][  0]LogLinker: Warning: Can't find file '/Game/Apartment_BuiltData'
[2017.11.09-19.41.30:649][  0]LogLinker: Warning: Can't find file for asset '/Game/Apartment_BuiltData' while loading ../../../../../../Users/namur/Documents/Jessica/EAE3660-TeamPain/TeamPain/Content/Apartment.umap.
[2017.11.09-19.41.30:649][  0]LoadErrors: Error: /Game/Apartment : Can't find file for asset. /Game/Apartment_BuiltData
[2017.11.09-19.41.31:087][  0]LogLinker: Warning: Can't find file '/Game/Apartment_BuiltData'
[2017.11.09-19.41.31:087][  0]LogLinker: Warning: Can't find file for asset '/Game/Apartment_BuiltData' while loading NULL.
[2017.11.09-19.41.31:087][  0]LogLinker: Warning: Can't find file '/Game/Apartment_BuiltData'
[2017.11.09-19.41.31:087][  0]LogLinker: Warning: Can't find file for asset '/Game/Apartment_BuiltData' while loading NULL.
[2017.11.09-19.41.31:140][  0]LogLinker: Warning: Can't find file '/Game/Apartment_BuiltData'
[2017.11.09-19.41.31:140][  0]LoadErrors: Failed to load /Game/Apartment_BuiltData.Apartment_BuiltData Referenced by PersistentLevel
[2017.11.09-19.41.31:140][  0]LogLinker: Warning: Can't find file for asset '/Game/Apartment_BuiltData' while loading NULL.
[2017.11.09-19.41.31:140][  0]LoadErrors: Failed to load /Game/Apartment_BuiltData.Apartment_BuiltData Referenced by PersistentLevel
[2017.11.09-19.41.32:214][  0]LogAIModule: Creating AISystem for world Apartment
[2017.11.09-19.41.32:249][  0]LogEditorServer: Finished looking for orphan Actors (0.000 secs)
[2017.11.09-19.41.32:265][  0]Cmd: MAP CHECKDEP NOCLEARLOG
[2017.11.09-19.41.32:354][  0]MapCheck: Map check complete: 0 Error(s), 0 Warning(s), took 88.562ms to complete.
[2017.11.09-19.41.32:354][  0]LogFileHelpers: Loading map 'Apartment' took 2.414
[2017.11.09-19.41.32:492][  0]LogCollectionManager: Loaded 0 collections in 0.001583 seconds
[2017.11.09-19.41.32:611][  0]LogFileCache: Scanning file cache for directory 'C:/Users/namur/Documents/Jessica/EAE3660-TeamPain/TeamPain/Saved/Collections/' took 0.01s
[2017.11.09-19.41.32:612][  0]LogFileCache: Scanning file cache for directory 'C:/Users/namur/Documents/Jessica/EAE3660-TeamPain/TeamPain/Content/Developers/Aaron/Collections/' took 0.01s
[2017.11.09-19.41.32:612][  0]LogFileCache: Scanning file cache for directory 'C:/Users/namur/Documents/Jessica/EAE3660-TeamPain/TeamPain/Content/Collections/' took 0.01s
[2017.11.09-19.41.32:612][  0]LogCollectionManager: Rebuilt the GUID cache for 0 collections in 0.000000 seconds
[2017.11.09-19.41.32:624][  0]LogContentBrowser: Native class hierarchy populated in 0.0109 seconds. Added 2386 classes and 500 folders.
[2017.11.09-19.41.32:728][  0]LogContentBrowser: Native class hierarchy updated for 'WidgetCarousel' in 0.0009 seconds. Added 0 classes and 0 folders.
[2017.11.09-19.41.32:844][  0]LogContentBrowser: Native class hierarchy updated for 'AddContentDialog' in 0.0007 seconds. Added 0 classes and 0 folders.
[2017.11.09-19.41.32:981][  0]LogContentBrowser: Native class hierarchy updated for 'SceneOutliner' in 0.0008 seconds. Added 1 classes and 2 folders.
[2017.11.09-19.41.33:151][  0]LogSlate: Took 0.001181 seconds to synchronously load lazily loaded font '../../../Engine/Content/Slate/Fonts/Roboto-Regular.ttf' (155K)
[2017.11.09-19.41.33:155][  0]LogSlate: Took 0.001865 seconds to synchronously load lazily loaded font '../../../Engine/Content/Slate/Fonts/Roboto-Bold.ttf' (160K)
[2017.11.09-19.41.33:158][  0]LogSlate: Took 0.001571 seconds to synchronously load lazily loaded font '../../../Engine/Content/Editor/Slate/Fonts/FontAwesome.ttf' (139K)
[2017.11.09-19.41.33:195][  0]LogSlate: Took 0.001807 seconds to synchronously load lazily loaded font '../../../Engine/Content/Slate/Fonts/Roboto-Light.ttf' (159K)
[2017.11.09-19.41.33:282][  0]LogRenderer: Reallocating scene render targets to support 888x708 Format 9 NumSamples 1 (Frame:1).
[2017.11.09-19.41.33:500][  0]LogContentBrowser: Native class hierarchy updated for 'HierarchicalLODOutliner' in 0.0008 seconds. Added 1 classes and 2 folders.
[2017.11.09-19.41.33:500][  0]LogLoad: (Engine Initialization) Total time: 30.91 seconds
[2017.11.09-19.41.33:500][  0]LogLoad: (Engine Initialization) Total Blueprint compile time: 0.00 seconds
[2017.11.09-19.41.33:501][  0]LogExternalProfiler: No external profilers were discovered.  External profiling features will not be available.
[2017.11.09-19.41.33:537][  0]LogContentStreaming: Texture pool size now 400 MB
[2017.11.09-19.41.33:699][  2]LogAssetRegistry: Asset discovery search completed in 21.0744 seconds
[2017.11.09-19.41.33:705][  2]LogCollectionManager: Rebuilt the object cache for 0 collections in 0.000000 seconds (found 0 objects)
[2017.11.09-19.41.33:705][  2]LogCollectionManager: Fixed up redirectors for 0 collections in 0.000065 seconds (updated 0 objects)
[2017.11.09-19.42.05:920][ 56]Cmd: TRANSACTION UNDO
[2017.11.09-19.42.05:920][ 56]LogEditorTransaction: Undo Create Actors
[2017.11.09-19.42.05:930][ 56]LogPhysics: Warning: UBodySetup::GetCookInfo: Triangle data from '/Game/Apartment.Apartment:PersistentLevel.ModelComponent_12' invalid (11694 verts, 0 indices).
[2017.11.09-19.42.05:930][ 56]LogPhysics: Warning: Attempt to build physics data for /Game/Apartment.Apartment:PersistentLevel.ModelComponent_12.BodySetup_4 when we are unable to.
[2017.11.09-19.42.05:969][ 56]LogSlate: Took 0.000240 seconds to synchronously load lazily loaded font '../../../Engine/Content/Slate/Fonts/Roboto-Light.ttf' (159K)
[2017.11.09-19.42.12:023][621]Cmd: CAMERA ALIGN ACTIVEVIEWPORTONLY
[2017.11.09-19.42.21:746][457]LogEditorViewport: Clicking on Actor (LMB): StaticMeshActor (SM_DoorFrame6)
[2017.11.09-19.42.22:410][509]Cmd: CAMERA ALIGN ACTIVEVIEWPORTONLY
[2017.11.09-19.42.33:799][500]LogEditorViewport: Clicking on Actor (LMB): StaticMeshActor (SM_DoorFrame5)
[2017.11.09-19.42.34:015][508]Cmd: CAMERA ALIGN ACTIVEVIEWPORTONLY
[2017.11.09-19.42.45:176][249]LogEditorViewport: Clicking on Actor (LMB): StaticMeshActor (SM_WindowFrame5)
[2017.11.09-19.42.54:741][ 70]Cmd: CAMERA ALIGN ACTIVEVIEWPORTONLY
[2017.11.09-19.43.20:802][291]LogEditorViewport: Clicking on Actor (LMB): StaticMeshActor (SM_WindowFrame5)
[2017.11.09-19.43.30:637][108]Cmd: TRANSACTION UNDO
[2017.11.09-19.43.30:637][108]LogEditorTransaction: Undo Scale Actors
[2017.11.09-19.43.59:796][547]LogEditorViewport: Clicking on Actor (LMB): StaticMeshActor (SM_WindowFrame5)
[2017.11.09-19.44.08:186][242]LogEditorViewport: Clicking on Actor (LMB): StaticMeshActor (chair_black12)
[2017.11.09-19.44.38:778][483]LogEditorViewport: Clicking on Actor (LMB): StaticMeshActor (Table2)
[2017.11.09-19.44.39:555][541]Cmd: CAMERA ALIGN ACTIVEVIEWPORTONLY
[2017.11.09-19.44.49:889][365]Cmd: CAMERA ALIGN ACTIVEVIEWPORTONLY
[2017.11.09-19.45.37:630][955]Cmd: CAMERA ALIGN ACTIVEVIEWPORTONLY
[2017.11.09-19.45.47:359][724]Cmd: CAMERA ALIGN ACTIVEVIEWPORTONLY
[2017.11.09-19.45.57:006][479]Cmd: CAMERA ALIGN ACTIVEVIEWPORTONLY
[2017.11.09-19.46.19:710][251]Cmd: CAMERA ALIGN ACTIVEVIEWPORTONLY
[2017.11.09-19.47.05:057][876]LogSlate: Took 0.000213 seconds to synchronously load lazily loaded font '../../../Engine/Content/Slate/Fonts/Roboto-Light.ttf' (159K)
[2017.11.09-19.47.05:142][876]LogContentBrowser: Native class hierarchy updated for 'MaterialEditor' in 0.0007 seconds. Added 1 classes and 0 folders.
[2017.11.09-19.47.05:300][876]LogRenderer: Reallocating scene render targets to support 1112x708 Format 9 NumSamples 1 (Frame:1).
[2017.11.09-19.47.30:956][393]LogMaterial: Missing cached shader map for material FDebugViewModeMaterialProxy M_Curtain_MAT_Inst, compiling. 
[2017.11.09-19.47.31:493][393]TextureStreamingBuild: Display: Compiling optional shaders took 0.543 seconds.
[2017.11.09-19.47.31:564][393]LogSavePackage: Save=13.93ms
[2017.11.09-19.47.31:564][393]LogSavePackage: Moving '../../../../../../Users/namur/Documents/Jessica/EAE3660-TeamPain/TeamPain/Saved/M_Curtain_MAT_Inst50213AB744D286A1AD7A65B88E3A19FB.tmp' to '../../../../../../Users/namur/Documents/Jessica/EAE3660-TeamPain/TeamPain/Content/ArchVis/Materials/M_Curtain_MAT_Inst.uasset'
[2017.11.09-19.47.31:569][393]LogSavePackage: Display: Finished SavePackage ../../../../../../Users/namur/Documents/Jessica/EAE3660-TeamPain/TeamPain/Content/ArchVis/Materials/M_Curtain_MAT_Inst.uasset
[2017.11.09-19.47.53:062][802]LogMaterial: Missing cached shader map for material FDebugViewModeMaterialProxy M_Curtain_MAT_Inst, compiling. 
[2017.11.09-19.47.53:508][802]TextureStreamingBuild: Display: Compiling optional shaders took 0.449 seconds.
[2017.11.09-19.47.53:547][802]LogSavePackage: Save=11.02ms
[2017.11.09-19.47.53:547][802]LogSavePackage: Moving '../../../../../../Users/namur/Documents/Jessica/EAE3660-TeamPain/TeamPain/Saved/M_Curtain_MAT_Inst6A3436C84AEC2C9AEF384D9C62CCABBD.tmp' to '../../../../../../Users/namur/Documents/Jessica/EAE3660-TeamPain/TeamPain/Content/ArchVis/Materials/M_Curtain_MAT_Inst.uasset'
[2017.11.09-19.47.53:551][802]LogSavePackage: Display: Finished SavePackage ../../../../../../Users/namur/Documents/Jessica/EAE3660-TeamPain/TeamPain/Content/ArchVis/Materials/M_Curtain_MAT_Inst.uasset
[2017.11.09-19.47.56:971][ 43]LogEditorViewport: Clicking on Actor (LMB): StaticMeshActor (newbed_Object001)
[2017.11.09-19.48.00:904][352]Cmd: CAMERA ALIGN ACTIVEVIEWPORTONLY
[2017.11.09-19.48.04:456][640]LogEditorViewport: Clicking on Actor (LMB): CineCameraActor (CineCameraActor7)
[2017.11.09-19.48.06:335][775]LogEditorViewport: Clicking on Actor (LMB): StaticMeshActor (Table)
[2017.11.09-19.48.07:469][852]Cmd: CAMERA ALIGN ACTIVEVIEWPORTONLY
[2017.11.09-19.48.16:590][560]Cmd: CAMERA ALIGN ACTIVEVIEWPORTONLY
[2017.11.09-19.48.56:075][580]LogEditorViewport: Clicking on Actor (LMB): StaticMeshActor (chair_black12)
[2017.11.09-19.48.56:894][643]Cmd: CAMERA ALIGN ACTIVEVIEWPORTONLY
[2017.11.09-19.49.25:781][909]LogEditorViewport: Clicking on Actor (LMB): StaticMeshActor (SM_Shelving3)
[2017.11.09-19.49.26:042][926]Cmd: CAMERA ALIGN ACTIVEVIEWPORTONLY
[2017.11.09-19.49.46:007][483]Cmd: TRANSACTION UNDO
[2017.11.09-19.49.46:008][483]LogEditorTransaction: Undo Create Actors
[2017.11.09-19.49.46:022][483]LogPhysics: Warning: UBodySetup::GetCookInfo: Triangle data from '/Game/Apartment.Apartment:PersistentLevel.ModelComponent_18' invalid (9157 verts, 0 indices).
[2017.11.09-19.49.46:022][483]LogPhysics: Warning: Attempt to build physics data for /Game/Apartment.Apartment:PersistentLevel.ModelComponent_18.BodySetup_10 when we are unable to.
[2017.11.09-19.49.46:250][497]Cmd: TRANSACTION UNDO
[2017.11.09-19.49.46:250][497]LogEditorTransaction: Undo Create Actors
[2017.11.09-19.49.55:129][177]LogEditorViewport: Clicking on Actor (LMB): StaticMeshActor (SM_WindowFrame2)
[2017.11.09-19.49.56:074][250]Cmd: CAMERA ALIGN ACTIVEVIEWPORTONLY
[2017.11.09-19.50.01:946][710]LogEditorViewport: Clicking on Actor (LMB): StaticMeshActor (Mug)
[2017.11.09-19.50.02:344][738]Cmd: CAMERA ALIGN ACTIVEVIEWPORTONLY
[2017.11.09-19.50.16:847][889]LogEditorViewport: Clicking on Actor (LMB): StaticMeshActor (Table6)
[2017.11.09-19.50.17:216][915]Cmd: CAMERA ALIGN ACTIVEVIEWPORTONLY
[2017.11.09-19.51.05:630][526]LogEditorViewport: Clicking on Actor (LMB): StaticMeshActor (Table)
[2017.11.09-19.51.06:450][590]Cmd: CAMERA ALIGN ACTIVEVIEWPORTONLY
[2017.11.09-19.52.41:386][541]LogEditorViewport: Clicking on Actor (LMB): StaticMeshActor (Table6)
[2017.11.09-19.52.42:259][609]Cmd: CAMERA ALIGN ACTIVEVIEWPORTONLY
[2017.11.09-19.52.49:306][180]Cmd: CAMERA ALIGN ACTIVEVIEWPORTONLY
[2017.11.09-19.53.06:641][536]LogEditorViewport: Clicking on Actor (LMB): BP_Sky_Sphere_C (BP_Sky_Sphere)
[2017.11.09-19.53.08:203][662]LogEditorViewport: Clicking on Actor (LMB): BP_Sky_Sphere_C (BP_Sky_Sphere)
[2017.11.09-19.53.09:990][809]LogEditorViewport: Clicking on Actor (LMB): StaticMeshActor (SM_Railing3)
[2017.11.09-19.53.10:876][876]Cmd: CAMERA ALIGN ACTIVEVIEWPORTONLY
[2017.11.09-19.53.32:192][611]Cmd: CAMERA ALIGN ACTIVEVIEWPORTONLY
[2017.11.09-19.54.00:079][728]Cmd: TRANSACTION UNDO
[2017.11.09-19.54.00:079][728]LogEditorTransaction: Undo Create Actors
[2017.11.09-19.54.00:092][728]LogPhysics: Warning: UBodySetup::GetCookInfo: Triangle data from '/Game/Apartment.Apartment:PersistentLevel.ModelComponent_18' invalid (9157 verts, 0 indices).
[2017.11.09-19.54.00:092][728]LogPhysics: Warning: Attempt to build physics data for /Game/Apartment.Apartment:PersistentLevel.ModelComponent_18.BodySetup_10 when we are unable to.
[2017.11.09-19.56.45:482][521]LogSavePackage: Save=486.72ms
[2017.11.09-19.56.45:482][521]LogSavePackage: Moving '../../../../../../Users/namur/Documents/Jessica/EAE3660-TeamPain/TeamPain/Saved/Apartment_Auto130A86A3C42D47C6BAD46BDB83C19EFCD.tmp' to '../../../../../../Users/namur/Documents/Jessica/EAE3660-TeamPain/TeamPain/Saved/Autosaves/Game/Apartment_Auto1.umap'
[2017.11.09-19.56.45:485][521]LogSavePackage: Display: Finished SavePackage ../../../../../../Users/namur/Documents/Jessica/EAE3660-TeamPain/TeamPain/Saved/Autosaves/Game/Apartment_Auto1.umap
[2017.11.09-19.56.45:488][521]LogFileHelpers: Editor autosave (incl. sublevels) for '/Game/Apartment' took 0.538
[2017.11.09-19.56.45:488][521]LogFileHelpers: Editor autosave (incl. sublevels) for all levels took 0.538
[2017.11.09-19.57.08:743][463]Cmd: TRANSACTION UNDO
[2017.11.09-19.57.08:743][463]LogEditorTransaction: Undo Create Actors
[2017.11.09-19.57.15:053][975]LogEditorViewport: Clicking on Actor (LMB): StaticMeshActor (SM_WindowFrame3)
[2017.11.09-19.57.15:972][ 47]Cmd: CAMERA ALIGN ACTIVEVIEWPORTONLY
[2017.11.09-19.57.39:341][951]Cmd: TRANSACTION UNDO
[2017.11.09-19.57.39:341][951]LogEditorTransaction: Undo Move Actors
[2017.11.09-19.58.47:548][554]LogEditorViewport: Clicking on Actor (LMB): StaticMeshActor (Box4)
[2017.11.09-19.59.10:713][302]Cmd: TRANSACTION UNDO
[2017.11.09-19.59.10:713][302]LogEditorTransaction: Undo Create Actors
[2017.11.09-19.59.16:131][681]Cmd: TRANSACTION UNDO
[2017.11.09-19.59.16:131][681]LogEditorTransaction: Undo Create Actors
[2017.11.09-19.59.31:834][858]Cmd: CAMERA ALIGN ACTIVEVIEWPORTONLY
[2017.11.09-19.59.54:676][656]LogEditorViewport: Clicking on Actor (LMB): StaticMeshActor (book)
[2017.11.09-20.00.11:614][ 29]Cmd: CAMERA ALIGN ACTIVEVIEWPORTONLY
[2017.11.09-20.00.31:197][514]LogActorFactory: Actor Factory created SM_Plant
[2017.11.09-20.00.34:173][751]LogActorFactory: Actor Factory created SM_Plant
[2017.11.09-20.00.43:384][498]LogEditorViewport: Clicking on Actor (LMB): StaticMeshActor (Table4)
[2017.11.09-20.00.43:805][528]Cmd: CAMERA ALIGN ACTIVEVIEWPORTONLY
[2017.11.09-20.00.59:684][808]LogEditorViewport: Clicking on Actor (LMB): StaticMeshActor (SM_DoorFrame3)
[2017.11.09-20.01.03:317][ 94]LogEditorViewport: Clicking on Actor (LMB): StaticMeshActor (SM_Plant)
[2017.11.09-20.01.09:987][596]LogActorFactory: Actor Factory created SM_Vase_1
[2017.11.09-20.01.13:161][848]LogActorFactory: Actor Factory created SM_Vase_1
[2017.11.09-20.01.18:906][315]LogEditorViewport: Clicking on Actor (LMB): StaticMeshActor (chair_black)
[2017.11.09-20.01.19:320][344]Cmd: CAMERA ALIGN ACTIVEVIEWPORTONLY
[2017.11.09-20.01.22:506][600]LogEditorViewport: Clicking on Actor (LMB): StaticMeshActor (book)
[2017.11.09-20.01.26:204][894]Cmd: CAMERA ALIGN ACTIVEVIEWPORTONLY
[2017.11.09-20.01.32:568][392]LogActorFactory: Actor Factory created BookLP
[2017.11.09-20.01.34:185][519]LogActorFactory: Actor Factory created BookLP
[2017.11.09-20.01.57:286][382]Cmd: CAMERA ALIGN ACTIVEVIEWPORTONLY
[2017.11.09-20.02.59:577][370]LogEditorViewport: Clicking on Actor (LMB): StaticMeshActor (BookLP)
[2017.11.09-20.03.52:497][643]LogEditorViewport: Clicking on Actor (LMB): StaticMeshActor (BookLP2)
[2017.11.09-20.05.39:095][ 88]LogMaterial: Missing cached shader map for material FDebugViewModeMaterialProxy M_Book_Mat_Inst, compiling. 
[2017.11.09-20.05.39:520][ 88]TextureStreamingBuild: Display: Compiling optional shaders took 0.429 seconds.
[2017.11.09-20.06.14:404][901]Cmd: DELETE
[2017.11.09-20.06.14:404][901]Cmd: ACTOR DELETE
[2017.11.09-20.06.14:409][901]LogEditorActor: Deleted Actor: StaticMeshActor
[2017.11.09-20.06.14:423][901]LogEditorActor: Deleted 1 Actors (0.016 secs)
[2017.11.09-20.06.16:136][ 64]LogEditorViewport: Clicking on Actor (LMB): StaticMeshActor (BookLP2)
[2017.11.09-20.06.32:719][441]Cmd: TRANSACTION UNDO
[2017.11.09-20.06.32:719][441]LogEditorTransaction: Undo Move Actors
[2017.11.09-20.07.42:830][181]LogStaticMesh: Building static mesh SM_Bowl...
[2017.11.09-20.07.42:861][181]LogStaticMesh: Built static mesh [0.03s] /Game/ArchVis/Mesh/SM_Bowl.SM_Bowl
[2017.11.09-20.07.42:892][181]LogActorFactory: Actor Factory created SM_Bowl
[2017.11.09-20.07.44:017][264]LogActorFactory: Actor Factory created SM_Bowl
[2017.11.09-20.07.45:473][381]Cmd: TRANSACTION UNDO
[2017.11.09-20.07.45:473][381]LogEditorTransaction: Undo Create Actors
[2017.11.09-20.07.59:362][384]LogActorFactory: Actor Factory created BookLP
[2017.11.09-20.08.01:204][523]LogActorFactory: Actor Factory created BookLP
[2017.11.09-20.08.03:624][724]Cmd: CAMERA ALIGN ACTIVEVIEWPORTONLY
[2017.11.09-20.08.26:094][612]LogEditorViewport: Clicking on Actor (LMB): StaticMeshActor (BookLP4)
[2017.11.09-20.08.30:849][997]Cmd: CAMERA ALIGN ACTIVEVIEWPORTONLY
[2017.11.09-20.08.46:531][286]LogEditorViewport: Clicking on Actor (LMB): StaticMeshActor (BookLP5)
[2017.11.09-20.08.47:567][369]Cmd: DELETE
[2017.11.09-20.08.47:567][369]Cmd: ACTOR DELETE
[2017.11.09-20.08.47:569][369]LogEditorActor: Deleted Actor: StaticMeshActor
[2017.11.09-20.08.47:583][369]LogEditorActor: Deleted 1 Actors (0.016 secs)
[2017.11.09-20.08.50:933][677]Cmd: CAMERA ALIGN ACTIVEVIEWPORTONLY
[2017.11.09-20.08.53:482][892]LogEditorViewport: Clicking on Actor (LMB): StaticMeshActor (SM_DoorFrame3)
[2017.11.09-20.08.54:433][967]Cmd: CAMERA ALIGN ACTIVEVIEWPORTONLY
[2017.11.09-20.09.00:865][494]Cmd: CAMERA ALIGN ACTIVEVIEWPORTONLY
[2017.11.09-20.09.06:536][951]LogActorFactory: Actor Factory created BookLP
[2017.11.09-20.09.08:713][128]LogActorFactory: Actor Factory created BookLP
[2017.11.09-20.09.11:009][311]LogEditorViewport: Clicking on Actor (LMB): StaticMeshActor (BookLP5)
[2017.11.09-20.09.15:046][640]Cmd: CAMERA ALIGN ACTIVEVIEWPORTONLY
[2017.11.09-20.09.36:649][380]Cmd: CAMERA ALIGN ACTIVEVIEWPORTONLY
[2017.11.09-20.10.20:286][906]Cmd: CAMERA ALIGN ACTIVEVIEWPORTONLY
[2017.11.09-20.10.38:125][323]Cmd: CAMERA ALIGN ACTIVEVIEWPORTONLY
[2017.11.09-20.11.23:311][944]LogEditorViewport: Clicking on Actor (LMB): StaticMeshActor (BookLP5)
[2017.11.09-20.11.24:719][ 55]LogEditorViewport: Clicking on Actor (LMB): StaticMeshActor (BookLP6)
[2017.11.09-20.12.44:597][421]LogEditorViewport: Clicking on Actor (LMB): StaticMeshActor (BookLP5)
[2017.11.09-20.12.48:700][749]Cmd: TRANSACTION UNDO
[2017.11.09-20.12.48:700][749]LogEditorTransaction: Undo Scale Actors
[2017.11.09-20.12.51:075][935]LogEditorViewport: Clicking on Actor (LMB): StaticMeshActor (BookLP7)
[2017.11.09-20.12.52:898][ 82]LogEditorViewport: Clicking on Actor (LMB): StaticMeshActor (BookLP6)
[2017.11.09-20.13.02:435][839]LogEditorViewport: Clicking on Actor (LMB): StaticMeshActor (BookLP7)
[2017.11.09-20.13.04:616][ 16]LogEditorViewport: Clicking on Actor (LMB): StaticMeshActor (BookLP8)
[2017.11.09-20.13.35:176][477]Cmd: OBJ SAVEPACKAGE PACKAGE="/Game/Apartment" FILE="../../../../../../Users/namur/Documents/Jessica/EAE3660-TeamPain/TeamPain/Content/Apartment.umap" SILENT=true AUTOSAVING=false KEEPDIRTY=false
[2017.11.09-20.13.35:710][477]LogSavePackage: Save=494.86ms
[2017.11.09-20.13.35:710][477]LogSavePackage: Moving '../../../../../../Users/namur/Documents/Jessica/EAE3660-TeamPain/TeamPain/Saved/ApartmentF2C121B54B0C3FF39CFD77BAAF760043.tmp' to '../../../../../../Users/namur/Documents/Jessica/EAE3660-TeamPain/TeamPain/Content/Apartment.umap'
[2017.11.09-20.13.35:716][477]LogSavePackage: Display: Finished SavePackage ../../../../../../Users/namur/Documents/Jessica/EAE3660-TeamPain/TeamPain/Content/Apartment.umap
[2017.11.09-20.13.46:798][788]Cmd: QUIT_EDITOR
[2017.11.09-20.13.46:848][788]LogWindowsTextInputMethodSystem: Display: IME system now deactivated.
[2017.11.09-20.13.46:866][788]LogExit: Preparing to exit.
[2017.11.09-20.13.47:175][788]LogDirectoryWatcher: A directory notification for 'C:/Users/namur/Documents/Jessica/EAE3660-TeamPain/TeamPain/Content/' was aborted.
[2017.11.09-20.13.47:220][788]LogExit: Editor shut down
[2017.11.09-20.13.47:234][788]LogExit: Transaction tracking system shut down
[2017.11.09-20.13.47:436][788]LogDirectoryWatcher: A directory notification for '../../../Engine/Content/' was aborted.
[2017.11.09-20.13.47:436][788]LogDirectoryWatcher: A directory notification for '../../../../../../Users/namur/Documents/Jessica/EAE3660-TeamPain/TeamPain/Content/' was aborted.
[2017.11.09-20.13.47:436][788]LogDirectoryWatcher: A directory notification for '../../../Engine/Plugins/2D/Paper2D/Content/' was aborted.
[2017.11.09-20.13.47:436][788]LogDirectoryWatcher: A directory notification for '../../../Engine/Plugins/Runtime/Oculus/OculusVR/Content/' was aborted.
[2017.11.09-20.13.47:436][788]LogDirectoryWatcher: A directory notification for '../../../Engine/Plugins/Runtime/Steam/SteamVR/Content/' was aborted.
[2017.11.09-20.13.47:515][788]LogExit: Object subsystem successfully closed.
[2017.11.09-20.13.47:542][788]LogD3D11RHI: Shutdown
[2017.11.09-20.13.47:542][788]LogD3D11RHI: CleanupD3DDevice
[2017.11.09-20.13.47:545][788]LogD3D11RHI: ~FD3D11DynamicRHI
[2017.11.09-20.13.47:571][788]LogModuleManager: Shutting down and abandoning module MaterialEditor (532)
[2017.11.09-20.13.47:571][788]LogModuleManager: Shutting down and abandoning module HierarchicalLODOutliner (530)
[2017.11.09-20.13.47:571][788]LogModuleManager: Shutting down and abandoning module SceneOutliner (528)
[2017.11.09-20.13.47:571][788]LogModuleManager: Shutting down and abandoning module AddContentDialog (526)
[2017.11.09-20.13.47:571][788]LogDirectoryWatcher: A directory notification for 'C:/Program Files/Epic Games/UE_4.17/FeaturePacks/' was aborted.
[2017.11.09-20.13.47:574][788]LogModuleManager: Shutting down and abandoning module WidgetCarousel (525)
[2017.11.09-20.13.47:574][788]LogModuleManager: Shutting down and abandoning module EditorWidgets (522)
[2017.11.09-20.13.47:574][788]LogModuleManager: Shutting down and abandoning module CollectionManager (520)
[2017.11.09-20.13.47:574][788]LogDirectoryWatcher: A directory notification for 'C:/Users/namur/Documents/Jessica/EAE3660-TeamPain/TeamPain/Content/Collections/' was aborted.
[2017.11.09-20.13.47:574][788]LogDirectoryWatcher: A directory notification for 'C:/Users/namur/Documents/Jessica/EAE3660-TeamPain/TeamPain/Content/Developers/Aaron/Collections/' was aborted.
[2017.11.09-20.13.47:574][788]LogDirectoryWatcher: A directory notification for 'C:/Users/namur/Documents/Jessica/EAE3660-TeamPain/TeamPain/Saved/Collections/' was aborted.
[2017.11.09-20.13.47:574][788]LogModuleManager: Shutting down and abandoning module StatsViewer (518)
[2017.11.09-20.13.47:574][788]LogModuleManager: Shutting down and abandoning module FoliageEdit (516)
[2017.11.09-20.13.47:574][788]LogModuleManager: Shutting down and abandoning module LandscapeEditor (514)
[2017.11.09-20.13.47:575][788]LogModuleManager: Shutting down and abandoning module MeshPaintMode (512)
[2017.11.09-20.13.47:575][788]LogModuleManager: Shutting down and abandoning module SceneDepthPickerMode (510)
[2017.11.09-20.13.47:575][788]LogModuleManager: Shutting down and abandoning module ActorPickerMode (508)
[2017.11.09-20.13.47:575][788]LogModuleManager: Shutting down and abandoning module GeometryMode (506)
[2017.11.09-20.13.47:575][788]LogModuleManager: Shutting down and abandoning module TextureAlignMode (504)
[2017.11.09-20.13.47:575][788]LogModuleManager: Shutting down and abandoning module BspMode (502)
[2017.11.09-20.13.47:575][788]LogModuleManager: Shutting down and abandoning module PIEPreviewDeviceProfileSelector (500)
[2017.11.09-20.13.47:575][788]LogModuleManager: Shutting down and abandoning module HardwareSurvey (498)
[2017.11.09-20.13.47:575][788]LogModuleManager: Shutting down and abandoning module SequenceRecorderSections (496)
[2017.11.09-20.13.47:575][788]LogModuleManager: Shutting down and abandoning module AutomationWorker (494)
[2017.11.09-20.13.47:575][788]LogModuleManager: Shutting down and abandoning module MatineeToLevelSequence (492)
[2017.11.09-20.13.47:575][788]LogModuleManager: Shutting down and abandoning module LevelSequenceEditor (490)
[2017.11.09-20.13.47:576][788]LogModuleManager: Shutting down and abandoning module PlacementMode (489)
[2017.11.09-20.13.47:576][788]LogModuleManager: Shutting down and abandoning module WmfMediaFactory (486)
[2017.11.09-20.13.47:576][788]LogModuleManager: Shutting down and abandoning module WmfMediaEditor (484)
[2017.11.09-20.13.47:576][788]LogModuleManager: Shutting down and abandoning module AvfMediaFactory (482)
[2017.11.09-20.13.47:576][788]LogModuleManager: Shutting down and abandoning module AvfMediaEditor (480)
[2017.11.09-20.13.47:576][788]LogModuleManager: Shutting down and abandoning module AndroidMediaFactory (478)
[2017.11.09-20.13.47:576][788]LogModuleManager: Shutting down and abandoning module Media (477)
[2017.11.09-20.13.47:576][788]LogModuleManager: Shutting down and abandoning module AndroidMediaEditor (474)
[2017.11.09-20.13.47:576][788]LogModuleManager: Shutting down and abandoning module CharacterAI (472)
[2017.11.09-20.13.47:576][788]LogModuleManager: Shutting down and abandoning module AudioCapture (470)
[2017.11.09-20.13.47:576][788]LogModuleManager: Shutting down and abandoning module SequenceRecorder (469)
[2017.11.09-20.13.47:576][788]LogModuleManager: Shutting down and abandoning module SmartSnapping (466)
[2017.11.09-20.13.47:576][788]LogModuleManager: Shutting down and abandoning module SessionServices (464)
[2017.11.09-20.13.47:576][788]LogModuleManager: Shutting down and abandoning module ViewportSnapping (462)
[2017.11.09-20.13.47:576][788]LogModuleManager: Shutting down and abandoning module ViewportInteraction (460)
[2017.11.09-20.13.47:576][788]LogModuleManager: Shutting down and abandoning module ClothPainter (458)
[2017.11.09-20.13.47:576][788]LogModuleManager: Shutting down and abandoning module LogVisualizer (456)
[2017.11.09-20.13.47:576][788]LogModuleManager: Shutting down and abandoning module IntroTutorials (454)
[2017.11.09-20.13.47:576][788]LogModuleManager: Shutting down and abandoning module GameProjectGeneration (453)
[2017.11.09-20.13.47:577][788]LogModuleManager: Shutting down and abandoning module IOSPlatformEditor (450)
[2017.11.09-20.13.47:577][788]LogModuleManager: Shutting down and abandoning module HTML5PlatformEditor (448)
[2017.11.09-20.13.47:577][788]LogModuleManager: Shutting down and abandoning module AndroidPlatformEditor (446)
[2017.11.09-20.13.47:577][788]LogModuleManager: Shutting down and abandoning module AndroidDeviceDetection (445)
[2017.11.09-20.13.48:017][788]LogModuleManager: Shutting down and abandoning module WindowsPlatformEditor (442)
[2017.11.09-20.13.48:017][788]LogModuleManager: Shutting down and abandoning module IOSRuntimeSettings (440)
[2017.11.09-20.13.48:017][788]LogModuleManager: Shutting down and abandoning module AndroidRuntimeSettings (438)
[2017.11.09-20.13.48:017][788]LogModuleManager: Shutting down and abandoning module InputBindingEditor (436)
[2017.11.09-20.13.48:017][788]LogModuleManager: Shutting down and abandoning module MergeActors (434)
[2017.11.09-20.13.48:018][788]LogModuleManager: Shutting down and abandoning module SizeMap (432)
[2017.11.09-20.13.48:018][788]LogModuleManager: Shutting down and abandoning module TreeMap (430)
[2017.11.09-20.13.48:018][788]LogModuleManager: Shutting down and abandoning module ReferenceViewer (428)
[2017.11.09-20.13.48:018][788]LogModuleManager: Shutting down and abandoning module LocalizationDashboard (426)
[2017.11.09-20.13.48:019][788]LogModuleManager: Shutting down and abandoning module LocalizationService (425)
[2017.11.09-20.13.48:019][788]LogModuleManager: Shutting down and abandoning module HardwareTargeting (422)
[2017.11.09-20.13.48:019][788]LogModuleManager: Shutting down and abandoning module DeviceProfileEditor (420)
[2017.11.09-20.13.48:019][788]LogModuleManager: Shutting down and abandoning module UndoHistory (418)
[2017.11.09-20.13.48:019][788]LogModuleManager: Shutting down and abandoning module XmlParser (416)
[2017.11.09-20.13.48:019][788]LogModuleManager: Shutting down and abandoning module Blutility (414)
[2017.11.09-20.13.48:019][788]LogModuleManager: Shutting down and abandoning module ProjectSettingsViewer (412)
[2017.11.09-20.13.48:019][788]LogModuleManager: Shutting down and abandoning module ProjectTargetPlatformEditor (411)
[2017.11.09-20.13.48:020][788]LogModuleManager: Shutting down and abandoning module EditorSettingsViewer (408)
[2017.11.09-20.13.48:020][788]LogModuleManager: Shutting down and abandoning module SettingsEditor (406)
[2017.11.09-20.13.48:021][788]LogModuleManager: Shutting down and abandoning module ProjectLauncher (404)
[2017.11.09-20.13.48:021][788]LogModuleManager: Shutting down and abandoning module SessionFrontend (402)
[2017.11.09-20.13.48:022][788]LogModuleManager: Shutting down and abandoning module ProfilerClient (400)
[2017.11.09-20.13.48:022][788]LogModuleManager: Shutting down and abandoning module DeviceManager (398)
[2017.11.09-20.13.48:022][788]LogModuleManager: Shutting down and abandoning module TargetDeviceServices (397)
[2017.11.09-20.13.48:064][788]LogModuleManager: Shutting down and abandoning module AutomationController (394)
[2017.11.09-20.13.48:064][788]LogModuleManager: Shutting down and abandoning module AutomationWindow (392)
[2017.11.09-20.13.48:066][788]LogModuleManager: Shutting down and abandoning module Layers (390)
[2017.11.09-20.13.48:067][788]LogModuleManager: Shutting down and abandoning module ComponentVisualizers (388)
[2017.11.09-20.13.48:067][788]LogModuleManager: Shutting down and abandoning module DetailCustomizations (386)
[2017.11.09-20.13.48:068][788]LogModuleManager: Shutting down and abandoning module PackagesDialog (384)
[2017.11.09-20.13.48:068][788]LogModuleManager: Shutting down and abandoning module Persona (382)
[2017.11.09-20.13.48:069][788]LogModuleManager: Shutting down and abandoning module AdvancedPreviewScene (381)
[2017.11.09-20.13.48:070][788]LogModuleManager: Shutting down and abandoning module AnimGraph (379)
[2017.11.09-20.13.48:070][788]LogModuleManager: Shutting down and abandoning module Kismet (376)
[2017.11.09-20.13.48:071][788]LogModuleManager: Shutting down and abandoning module ClassViewer (374)
[2017.11.09-20.13.48:071][788]LogModuleManager: Shutting down and abandoning module Toolbox (372)
[2017.11.09-20.13.48:071][788]LogModuleManager: Shutting down and abandoning module ModuleUI (370)
[2017.11.09-20.13.48:071][788]LogModuleManager: Shutting down and abandoning module MovieSceneTools (368)
[2017.11.09-20.13.48:072][788]LogModuleManager: Shutting down and abandoning module OutputLog (366)
[2017.11.09-20.13.48:072][788]LogModuleManager: Shutting down and abandoning module GammaUI (364)
[2017.11.09-20.13.48:072][788]LogModuleManager: Shutting down and abandoning module Documentation (362)
[2017.11.09-20.13.48:072][788]LogModuleManager: Shutting down and abandoning module MovieSceneTracks (360)
[2017.11.09-20.13.48:073][788]LogModuleManager: Shutting down and abandoning module MovieScene (358)
[2017.11.09-20.13.48:073][788]LogModuleManager: Shutting down and abandoning module Niagara (356)
[2017.11.09-20.13.48:073][788]LogModuleManager: Shutting down and abandoning module NiagaraEditor (355)
[2017.11.09-20.13.48:073][788]LogModuleManager: Shutting down and abandoning module StreamingPauseRendering (352)
[2017.11.09-20.13.48:073][788]LogModuleManager: Shutting down and abandoning module LauncherPlatform (350)
[2017.11.09-20.13.48:073][788]LogModuleManager: Shutting down and abandoning module AnalyticsET (348)
[2017.11.09-20.13.48:074][788]LogModuleManager: Shutting down and abandoning module PortalServices (346)
[2017.11.09-20.13.48:074][788]LogModuleManager: Shutting down and abandoning module PortalRpc (344)
[2017.11.09-20.13.48:074][788]LogModuleManager: Shutting down and abandoning module MessagingRpc (342)
[2017.11.09-20.13.48:074][788]LogModuleManager: Shutting down and abandoning module AIModule (340)
[2017.11.09-20.13.48:074][788]LogModuleManager: Shutting down and abandoning module GameplayDebugger (339)
[2017.11.09-20.13.48:074][788]LogModuleManager: Shutting down and abandoning module AITestSuite (337)
[2017.11.09-20.13.48:074][788]LogModuleManager: Shutting down and abandoning module ProfilerService (334)
[2017.11.09-20.13.48:258][788]LogModuleManager: Shutting down and abandoning module TaskGraph (332)
[2017.11.09-20.13.48:258][788]LogModuleManager: Shutting down and abandoning module SteamVRController (330)
[2017.11.09-20.13.48:258][788]LogModuleManager: Shutting down and abandoning module ProceduralMeshComponentEditor (328)
[2017.11.09-20.13.48:258][788]LogModuleManager: Shutting down and abandoning module ProceduralMeshComponent (326)
[2017.11.09-20.13.48:258][788]LogModuleManager: Shutting down and abandoning module OculusInput (324)
[2017.11.09-20.13.48:258][788]LogModuleManager: Shutting down and abandoning module MobilePatchingUtils (322)
[2017.11.09-20.13.48:258][788]LogModuleManager: Shutting down and abandoning module CustomMeshComponent (320)
[2017.11.09-20.13.48:258][788]LogModuleManager: Shutting down and abandoning module CableComponent (318)
[2017.11.09-20.13.48:258][788]LogModuleManager: Shutting down and abandoning module ArchVisCharacter (316)
[2017.11.09-20.13.48:259][788]LogModuleManager: Shutting down and abandoning module AndroidPermission (314)
[2017.11.09-20.13.48:259][788]LogModuleManager: Shutting down and abandoning module MediaPlayerEditor (310)
[2017.11.09-20.13.48:259][788]LogModuleManager: Shutting down and abandoning module HTML5Networking (308)
[2017.11.09-20.13.48:259][788]LogModuleManager: Shutting down and abandoning module AlembicImporter (306)
[2017.11.09-20.13.48:260][788]LogModuleManager: Shutting down and abandoning module AlembicLibrary (305)
[2017.11.09-20.13.48:260][788]LogModuleManager: Shutting down and abandoning module GeometryCache (304)
[2017.11.09-20.13.48:260][788]LogModuleManager: Shutting down and abandoning module GeometryCacheEd (303)
[2017.11.09-20.13.48:260][788]LogModuleManager: Shutting down and abandoning module SpeedTreeImporter (298)
[2017.11.09-20.13.48:260][788]LogModuleManager: Shutting down and abandoning module PluginBrowser (296)
[2017.11.09-20.13.48:260][788]LogModuleManager: Shutting down and abandoning module MobileLauncherProfileWizard (294)
[2017.11.09-20.13.48:261][788]LogModuleManager: Shutting down and abandoning module VisualStudioSourceCodeAccess (292)
[2017.11.09-20.13.48:261][788]LogModuleManager: Shutting down and abandoning module DesktopPlatform (291)
[2017.11.09-20.13.48:261][788]LogModuleManager: Shutting down and abandoning module UObjectPlugin (288)
[2017.11.09-20.13.48:261][788]LogModuleManager: Shutting down and abandoning module SubversionSourceControl (286)
[2017.11.09-20.13.48:261][788]LogModuleManager: Shutting down and abandoning module PerforceSourceControl (284)
[2017.11.09-20.13.48:261][788]LogModuleManager: Shutting down and abandoning module GitSourceControl (282)
[2017.11.09-20.13.48:261][788]LogModuleManager: Shutting down and abandoning module SourceControl (281)
[2017.11.09-20.13.48:262][788]LogModuleManager: Shutting down and abandoning module LightPropagationVolumeEditor (278)
[2017.11.09-20.13.48:262][788]LogModuleManager: Shutting down and abandoning module PaperTiledImporter (276)
[2017.11.09-20.13.48:262][788]LogModuleManager: Shutting down and abandoning module PaperSpriteSheetImporter (274)
[2017.11.09-20.13.48:262][788]LogModuleManager: Shutting down and abandoning module Paper2DEditor (272)
[2017.11.09-20.13.48:262][788]LogModuleManager: Shutting down and abandoning module MeshPaint (271)
[2017.11.09-20.13.48:262][788]LogModuleManager: Shutting down and abandoning module LevelEditor (269)
[2017.11.09-20.13.48:264][788]LogModuleManager: Shutting down and abandoning module PixelInspectorModule (268)
[2017.11.09-20.13.48:264][788]LogModuleManager: Shutting down and abandoning module MainFrame (266)
[2017.11.09-20.13.48:264][788]LogModuleManager: Shutting down and abandoning module HotReload (265)
[2017.11.09-20.13.48:266][788]LogModuleManager: Shutting down and abandoning module RuntimePhysXCooking (260)
[2017.11.09-20.13.48:266][788]LogModuleManager: Shutting down and abandoning module PhysXVehiclesEditor (258)
[2017.11.09-20.13.48:266][788]LogModuleManager: Shutting down and abandoning module PhysXVehicles (256)
[2017.11.09-20.13.48:266][788]LogModuleManager: Shutting down and abandoning module OculusEditor (254)
[2017.11.09-20.13.48:266][788]LogModuleManager: Shutting down and abandoning module LocationServicesBPLibrary (252)
[2017.11.09-20.13.48:266][788]LogModuleManager: Shutting down and abandoning module ImmediatePhysicsEditor (250)
[2017.11.09-20.13.48:266][788]LogModuleManager: Shutting down and abandoning module ImmediatePhysics (248)
[2017.11.09-20.13.48:266][788]LogModuleManager: Shutting down and abandoning module UdpMessaging (246)
[2017.11.09-20.13.48:367][788]LogModuleManager: Shutting down and abandoning module TcpMessaging (244)
[2017.11.09-20.13.48:468][788]LogModuleManager: Shutting down and abandoning module GameplayTagsEditor (242)
[2017.11.09-20.13.48:468][788]LogModuleManager: Shutting down and abandoning module FacialAnimationEditor (240)
[2017.11.09-20.13.48:469][788]LogModuleManager: Shutting down and abandoning module FacialAnimation (238)
[2017.11.09-20.13.48:469][788]LogModuleManager: Shutting down and abandoning module AssetManagerEditor (236)
[2017.11.09-20.13.48:469][788]LogModuleManager: Shutting down and abandoning module GraphEditor (235)
[2017.11.09-20.13.48:470][788]LogModuleManager: Shutting down and abandoning module ContentBrowser (233)
[2017.11.09-20.13.48:474][788]LogModuleManager: Shutting down and abandoning module LightPropagationVolumeRuntime (230)
[2017.11.09-20.13.48:474][788]LogModuleManager: Shutting down and abandoning module Paper2D (228)
[2017.11.09-20.13.48:474][788]LogModuleManager: Shutting down and abandoning module WindowsMoviePlayer (226)
[2017.11.09-20.13.48:474][788]LogModuleManager: Shutting down and abandoning module WmfMedia (224)
[2017.11.09-20.13.48:475][788]LogModuleManager: Shutting down and abandoning module PacketHandler (222)
[2017.11.09-20.13.48:475][788]LogModuleManager: Shutting down and abandoning module ClothingSystemEditor (220)
[2017.11.09-20.13.48:475][788]LogModuleManager: Shutting down and abandoning module ClothingSystemRuntime (218)
[2017.11.09-20.13.48:475][788]LogModuleManager: Shutting down and abandoning module Overlay (216)
[2017.11.09-20.13.48:475][788]LogModuleManager: Shutting down and abandoning module OverlayEditor (215)
[2017.11.09-20.13.48:475][788]LogModuleManager: Shutting down and abandoning module MediaAssets (212)
[2017.11.09-20.13.48:475][788]LogModuleManager: Shutting down and abandoning module VREditor (210)
[2017.11.09-20.13.48:476][788]LogModuleManager: Shutting down and abandoning module StringTableEditor (208)
[2017.11.09-20.13.48:476][788]LogModuleManager: Shutting down and abandoning module GameplayTasksEditor (206)
[2017.11.09-20.13.48:476][788]LogModuleManager: Shutting down and abandoning module BehaviorTreeEditor (204)
[2017.11.09-20.13.48:477][788]LogModuleManager: Shutting down and abandoning module FunctionalTesting (202)
[2017.11.09-20.13.48:477][788]LogModuleManager: Shutting down and abandoning module CollisionAnalyzer (200)
[2017.11.09-20.13.48:477][788]LogModuleManager: Shutting down and abandoning module WorkspaceMenuStructure (199)
[2017.11.09-20.13.48:477][788]LogModuleManager: Shutting down and abandoning module UMG (196)
[2017.11.09-20.13.48:479][788]LogModuleManager: Shutting down and abandoning module UMGEditor (195)
[2017.11.09-20.13.48:480][788]LogModuleManager: Shutting down and abandoning module Sequencer (194)
[2017.11.09-20.13.48:481][788]LogModuleManager: Shutting down and abandoning module MessageLog (191)
[2017.11.09-20.13.48:481][788]LogModuleManager: Shutting down and abandoning module SlateReflector (186)
[2017.11.09-20.13.48:482][788]LogModuleManager: Shutting down and abandoning module Slate (184)
[2017.11.09-20.13.48:482][788]LogModuleManager: Shutting down and abandoning module EditorStyle (182)
[2017.11.09-20.13.48:487][788]LogModuleManager: Shutting down and abandoning module MRMesh (180)
[2017.11.09-20.13.48:487][788]LogModuleManager: Shutting down and abandoning module SourceCodeAccess (178)
[2017.11.09-20.13.48:487][788]LogModuleManager: Shutting down and abandoning module HeadMountedDisplay (176)
[2017.11.09-20.13.48:487][788]LogModuleManager: Shutting down and abandoning module XAudio2 (174)
[2017.11.09-20.13.48:487][788]LogModuleManager: Shutting down and abandoning module Networking (172)
[2017.11.09-20.13.48:487][788]LogModuleManager: Shutting down and abandoning module Core (168)
[2017.11.09-20.13.48:487][788]LogModuleManager: Shutting down and abandoning module KismetCompiler (164)
[2017.11.09-20.13.48:487][788]LogModuleManager: Shutting down and abandoning module LevelSequence (162)
[2017.11.09-20.13.48:487][788]LogModuleManager: Shutting down and abandoning module MeshUtilities (160)
[2017.11.09-20.13.48:488][788]LogModuleManager: Shutting down and abandoning module MeshMergeUtilities (159)
[2017.11.09-20.13.48:488][788]LogModuleManager: Shutting down and abandoning module MeshReductionInterface (158)
[2017.11.09-20.13.48:488][788]LogModuleManager: Shutting down and abandoning module SimplygonSwarm (157)
[2017.11.09-20.13.48:488][788]LogModuleManager: Shutting down and abandoning module SimplygonMeshReduction (155)
[2017.11.09-20.13.48:488][788]LogModuleManager: Shutting down and abandoning module QuadricMeshReduction (153)
[2017.11.09-20.13.48:488][788]LogModuleManager: Shutting down and abandoning module MaterialBaking (149)
[2017.11.09-20.13.48:488][788]LogModuleManager: Shutting down and abandoning module DirectoryWatcher (146)
[2017.11.09-20.13.48:490][788]LogModuleManager: Shutting down and abandoning module DerivedDataCache (144)
[2017.11.09-20.13.48:538][788]LogDerivedDataCache: Shutdown
[2017.11.09-20.13.48:538][788]LogModuleManager: Shutting down and abandoning module TargetPlatform (142)
[2017.11.09-20.13.48:538][788]LogModuleManager: Shutting down and abandoning module VulkanShaderFormat (141)
[2017.11.09-20.13.48:538][788]LogModuleManager: Shutting down and abandoning module ShaderFormatVectorVM (139)
[2017.11.09-20.13.48:539][788]LogModuleManager: Shutting down and abandoning module ShaderFormatOpenGL (137)
[2017.11.09-20.13.48:540][788]LogModuleManager: Shutting down and abandoning module ShaderFormatD3D (135)
[2017.11.09-20.13.48:540][788]LogModuleManager: Shutting down and abandoning module MetalShaderFormat (133)
[2017.11.09-20.13.48:540][788]LogModuleManager: Shutting down and abandoning module TextureFormatUncompressed (131)
[2017.11.09-20.13.48:540][788]LogModuleManager: Shutting down and abandoning module TextureFormatPVR (129)
[2017.11.09-20.13.48:540][788]LogModuleManager: Shutting down and abandoning module TextureFormatDXT (127)
[2017.11.09-20.13.48:541][788]LogModuleManager: Shutting down and abandoning module TextureFormatIntelISPCTexComp (125)
[2017.11.09-20.13.48:541][788]LogModuleManager: Shutting down and abandoning module TextureFormatASTC (123)
[2017.11.09-20.13.48:541][788]LogModuleManager: Shutting down and abandoning module ImageWrapper (122)
[2017.11.09-20.13.48:541][788]LogModuleManager: Shutting down and abandoning module TextureFormatAndroid (119)
[2017.11.09-20.13.48:541][788]LogModuleManager: Shutting down and abandoning module AudioFormatOpus (117)
[2017.11.09-20.13.48:541][788]LogModuleManager: Shutting down and abandoning module AudioFormatOgg (115)
[2017.11.09-20.13.48:541][788]LogModuleManager: Shutting down and abandoning module AudioFormatADPCM (113)
[2017.11.09-20.13.48:541][788]LogModuleManager: Shutting down and abandoning module LinuxTargetPlatform (111)
[2017.11.09-20.13.48:541][788]LogModuleManager: Shutting down and abandoning module LinuxServerTargetPlatform (109)
[2017.11.09-20.13.48:541][788]LogModuleManager: Shutting down and abandoning module LinuxNoEditorTargetPlatform (107)
[2017.11.09-20.13.48:541][788]LogModuleManager: Shutting down and abandoning module LinuxClientTargetPlatform (105)
[2017.11.09-20.13.48:542][788]LogModuleManager: Shutting down and abandoning module TVOSTargetPlatform (103)
[2017.11.09-20.13.48:542][788]LogModuleManager: Shutting down and abandoning module Messaging (101)
[2017.11.09-20.13.48:542][788]LogModuleManager: Shutting down and abandoning module IOSTargetPlatform (99)
[2017.11.09-20.13.48:542][788]LogModuleManager: Shutting down and abandoning module HTML5TargetPlatform (97)
[2017.11.09-20.13.48:542][788]LogModuleManager: Shutting down and abandoning module Android_PVRTCTargetPlatform (95)
[2017.11.09-20.13.48:542][788]LogModuleManager: Shutting down and abandoning module Android_MultiTargetPlatform (93)
[2017.11.09-20.13.48:542][788]LogModuleManager: Shutting down and abandoning module Android_ETC2TargetPlatform (91)
[2017.11.09-20.13.48:542][788]LogModuleManager: Shutting down and abandoning module Android_ETC1TargetPlatform (89)
[2017.11.09-20.13.48:542][788]LogModuleManager: Shutting down and abandoning module Android_DXTTargetPlatform (87)
[2017.11.09-20.13.48:542][788]LogModuleManager: Shutting down and abandoning module Android_ATCTargetPlatform (85)
[2017.11.09-20.13.48:542][788]LogModuleManager: Shutting down and abandoning module Android_ASTCTargetPlatform (83)
[2017.11.09-20.13.48:542][788]LogModuleManager: Shutting down and abandoning module AndroidTargetPlatform (81)
[2017.11.09-20.13.48:542][788]LogModuleManager: Shutting down and abandoning module WindowsTargetPlatform (79)
[2017.11.09-20.13.48:542][788]LogModuleManager: Shutting down and abandoning module WindowsServerTargetPlatform (77)
[2017.11.09-20.13.48:543][788]LogModuleManager: Shutting down and abandoning module WindowsNoEditorTargetPlatform (75)
[2017.11.09-20.13.48:543][788]LogModuleManager: Shutting down and abandoning module WindowsClientTargetPlatform (73)
[2017.11.09-20.13.48:543][788]LogModuleManager: Shutting down and abandoning module MacTargetPlatform (71)
[2017.11.09-20.13.48:543][788]LogModuleManager: Shutting down and abandoning module MacServerTargetPlatform (69)
[2017.11.09-20.13.48:543][788]LogModuleManager: Shutting down and abandoning module MacNoEditorTargetPlatform (67)
[2017.11.09-20.13.48:543][788]LogModuleManager: Shutting down and abandoning module MacClientTargetPlatform (65)
[2017.11.09-20.13.48:543][788]LogModuleManager: Shutting down and abandoning module AllDesktopTargetPlatform (63)
[2017.11.09-20.13.48:543][788]LogModuleManager: Shutting down and abandoning module InputCore (60)
[2017.11.09-20.13.48:543][788]LogModuleManager: Shutting down and abandoning module Settings (58)
[2017.11.09-20.13.48:544][788]LogModuleManager: Shutting down and abandoning module PhysXCooking (56)
[2017.11.09-20.13.48:544][788]LogModuleManager: Shutting down and abandoning module SteamVR (54)
[2017.11.09-20.13.48:544][788]LogModuleManager: Shutting down and abandoning module OculusHMD (52)
[2017.11.09-20.13.48:544][788]LogModuleManager: Shutting down and abandoning module ExampleDeviceProfileSelector (50)
[2017.11.09-20.13.48:544][788]LogModuleManager: Shutting down and abandoning module OnlineBlueprintSupport (48)
[2017.11.09-20.13.48:544][788]LogModuleManager: Shutting down and abandoning module OnlineSubsystem (44)
[2017.11.09-20.13.48:544][788]LogOnline: Display: Unloading online subsystem: NULL
[2017.11.09-20.13.48:545][788]LogModuleManager: Shutting down and abandoning module XMPP (43)
[2017.11.09-20.13.48:546][788]LogModuleManager: Shutting down and abandoning module HTTP (41)
[2017.11.09-20.13.48:546][788]LogHttp: Display: Http module shutting down, but needs to wait on 1 outstanding Http requests:
[2017.11.09-20.13.48:546][788]LogHttp: Display: 	verb=[POST] url=[https://datarouter.ol.epicgames.com/datarouter/api/v1/public/data?SessionID=%7B16F5FDB6-418C-F76F-B3AA-AD944F4D388A%7D&AppID=UEEditor.Rocket.Release&AppVersion=4.17.1-3586342%2B%2B%2BUE4%2BRelease-4.17&UserID=3dcaa2f44273f293b8620e9ccceda48f%7Cc4c73b6a20b2478486b3cf4699d32010%7Ce735a183-8601-4563-9834-2f41d75de82f&AppEnvironment=datacollector-binary&UploadType=eteventstream] status=Processing
[2017.11.09-20.13.48:551][788]LogModuleManager: Shutting down and abandoning module SSL (40)
[2017.11.09-20.13.48:554][788]LogModuleManager: Shutting down and abandoning module AnimationModifiers (36)
[2017.11.09-20.13.48:554][788]LogModuleManager: Shutting down and abandoning module PropertyEditor (35)
[2017.11.09-20.13.48:554][788]LogModuleManager: Shutting down and abandoning module AudioEditor (32)
[2017.11.09-20.13.48:555][788]LogModuleManager: Shutting down and abandoning module TextureCompressor (30)
[2017.11.09-20.13.48:555][788]LogModuleManager: Shutting down and abandoning module ShaderCore (28)
[2017.11.09-20.13.48:555][788]LogModuleManager: Shutting down and abandoning module Landscape (26)
[2017.11.09-20.13.48:555][788]LogModuleManager: Shutting down and abandoning module SlateRHIRenderer (24)
[2017.11.09-20.13.48:558][788]LogModuleManager: Shutting down and abandoning module OpenGLDrv (22)
[2017.11.09-20.13.48:558][788]LogModuleManager: Shutting down and abandoning module D3D11RHI (20)
[2017.11.09-20.13.48:558][788]LogModuleManager: Shutting down and abandoning module AnimGraphRuntime (18)
[2017.11.09-20.13.48:559][788]LogModuleManager: Shutting down and abandoning module Renderer (16)
[2017.11.09-20.13.48:559][788]LogModuleManager: Shutting down and abandoning module Engine (14)
[2017.11.09-20.13.48:559][788]LogModuleManager: Shutting down and abandoning module CoreUObject (12)
[2017.11.09-20.13.48:559][788]LogModuleManager: Shutting down and abandoning module NetworkFile (10)
[2017.11.09-20.13.48:559][788]LogModuleManager: Shutting down and abandoning module CookedIterativeFile (8)
[2017.11.09-20.13.48:559][788]LogModuleManager: Shutting down and abandoning module StreamingFile (6)
[2017.11.09-20.13.48:559][788]LogModuleManager: Shutting down and abandoning module SandboxFile (4)
[2017.11.09-20.13.48:559][788]LogModuleManager: Shutting down and abandoning module PakFile (2)
[2017.11.09-20.13.48:568][788]LogExit: Exiting.
[2017.11.09-20.13.48:600][788]Log file closed, 11/09/17 13:13:48
