Log file open, 11/04/17 17:07:44
LogWindows: LoadLibraryWithSearchPaths failed for file aqProf.dll. GetLastError=0
LogWindows: LoadLibraryWithSearchPaths failed for file VSPerf140.dll. GetLastError=0
LogWindows: LoadLibraryWithSearchPaths failed for file VtuneApi.dll. GetLastError=0
LogWindows: LoadLibraryWithSearchPaths failed for file VtuneApi32e.dll. GetLastError=0
LogInit: Display: Running engine for game: TeamPain
LogPlatformFile: Not using cached read wrapper
LogInit: Display: RandInit(313060259) SRandInit(313060259).
LogTaskGraph: Started task graph with 5 named threads and 14 total threads with 3 sets of task threads.
LogStats: Stats thread started at 0.574368
LogD3D11RHI: Aftermath initialized
LogPluginManager: Mounting plugin Paper2D
LogPluginManager: Mounting plugin LightPropagationVolume
LogPluginManager: Mounting plugin CodeLiteSourceCodeAccess
LogPluginManager: Mounting plugin GitSourceControl
LogPluginManager: Mounting plugin KDevelopSourceCodeAccess
LogPluginManager: Mounting plugin NullSourceCodeAccess
LogPluginManager: Mounting plugin PerforceSourceControl
LogPluginManager: Mounting plugin SubversionSourceControl
LogPluginManager: Mounting plugin UObjectPlugin
LogPluginManager: Mounting plugin VisualStudioSourceCodeAccess
LogPluginManager: Mounting plugin XCodeSourceCodeAccess
LogPluginManager: Mounting plugin AssetManagerEditor
LogPluginManager: Mounting plugin AudioCapture
LogPluginManager: Mounting plugin FacialAnimation
LogPluginManager: Mounting plugin GameplayTagsEditor
LogPluginManager: Mounting plugin MobileLauncherProfileWizard
LogPluginManager: Mounting plugin PluginBrowser
LogPluginManager: Mounting plugin SpeedTreeImporter
LogPluginManager: Mounting plugin AlembicImporter
LogPluginManager: Mounting plugin CharacterAI
LogPluginManager: Mounting plugin HTML5Networking
LogPluginManager: Mounting plugin AndroidMedia
LogPluginManager: Mounting plugin AvfMedia
LogPluginManager: Mounting plugin MediaPlayerEditor
LogPluginManager: Mounting plugin WmfMedia
LogPluginManager: Mounting plugin TcpMessaging
LogPluginManager: Mounting plugin UdpMessaging
LogPluginManager: Mounting plugin LevelSequenceEditor
LogPluginManager: Mounting plugin MatineeToLevelSequence
LogPluginManager: Mounting plugin OnlineSubsystemGooglePlay
LogPluginManager: Mounting plugin OnlineSubsystemIOS
LogPluginManager: Mounting plugin OnlineSubsystem
LogPluginManager: Mounting plugin OnlineSubsystemNull
LogPluginManager: Mounting plugin OnlineSubsystemUtils
LogPluginManager: Mounting plugin AndroidDeviceProfileSelector
LogPluginManager: Mounting plugin AndroidMoviePlayer
LogPluginManager: Mounting plugin AndroidPermission
LogPluginManager: Mounting plugin AppleMoviePlayer
LogPluginManager: Mounting plugin ArchVisCharacter
LogPluginManager: Mounting plugin CableComponent
LogPluginManager: Mounting plugin CustomMeshComponent
LogPluginManager: Mounting plugin ExampleDeviceProfileSelector
LogPluginManager: Mounting plugin GoogleCloudMessaging
LogPluginManager: Mounting plugin ImmediatePhysics
LogPluginManager: Mounting plugin IOSDeviceProfileSelector
LogPluginManager: Mounting plugin LinuxDeviceProfileSelector
LogPluginManager: Mounting plugin LocationServicesBPLibrary
LogPluginManager: Mounting plugin MobilePatchingUtils
LogPluginManager: Mounting plugin OculusVR
LogPluginManager: Mounting plugin PhysXVehicles
LogPluginManager: Mounting plugin ProceduralMeshComponent
LogPluginManager: Mounting plugin RuntimePhysXCooking
LogPluginManager: Mounting plugin SteamVR
LogPluginManager: Mounting plugin WindowsMoviePlayer
LogInit: Using libcurl 7.47.1
LogInit:  - built for x86_64-pc-win32
LogInit:  - supports SSL with OpenSSL/1.0.2g
LogInit:  - supports HTTP deflate (compression) using libz 1.2.8
LogInit:  - other features:
LogInit:      CURL_VERSION_SSL
LogInit:      CURL_VERSION_LIBZ
LogInit:      CURL_VERSION_IPV6
LogInit:      CURL_VERSION_ASYNCHDNS
LogInit:      CURL_VERSION_LARGEFILE
LogInit:      CURL_VERSION_IDN
LogInit:  CurlRequestOptions (configurable via config and command line):
LogInit:  - bVerifyPeer = false  - Libcurl will NOT verify peer certificate
LogInit:  - bUseHttpProxy = false  - Libcurl will NOT use HTTP proxy
LogInit:  - bDontReuseConnections = false  - Libcurl will reuse connections
LogInit:  - CertBundlePath = nullptr  - Libcurl will use whatever was configured at build time.
LogInit: Build: ++UE4+Release-4.17-CL-3586342
LogInit: Engine Version: 4.17.1-3586342+++UE4+Release-4.17
LogInit: Compatible Engine Version: 4.17.0-3573198+++UE4+Release-4.17
LogInit: Net CL: 3573198
LogDevObjectVersion: Number of dev versions registered: 16
LogDevObjectVersion:   Dev-Blueprints (B0D832E4-1F89-4F0D-ACCF-7EB736FD4AA2): 10
LogDevObjectVersion:   Dev-Build (E1C64328-A22C-4D53-A36C-8E866417BD8C): 0
LogDevObjectVersion:   Dev-Core (375EC13C-06E4-48FB-B500-84F0262A717E): 2
LogDevObjectVersion:   Dev-Editor (E4B068ED-F494-42E9-A231-DA0B2E46BB41): 20
LogDevObjectVersion:   Dev-Framework (CFFC743F-43B0-4480-9391-14DF171D2073): 28
LogDevObjectVersion:   Dev-Mobile (B02B49B5-BB20-44E9-A304-32B752E40360): 0
LogDevObjectVersion:   Dev-Networking (A4E4105C-59A1-49B5-A7C5-40C4547EDFEE): 0
LogDevObjectVersion:   Dev-Online (39C831C9-5AE6-47DC-9A44-9C173E1C8E7C): 0
LogDevObjectVersion:   Dev-Physics (78F01B33-EBEA-4F98-B9B4-84EACCB95AA2): 0
LogDevObjectVersion:   Dev-Platform (6631380F-2D4D-43E0-8009-CF276956A95A): 0
LogDevObjectVersion:   Dev-Rendering (12F88B9F-8875-4AFC-A67C-D90C383ABD29): 19
LogDevObjectVersion:   Dev-Sequencer (7B5AE74C-D270-4C10-A958-57980B212A5A): 4
LogDevObjectVersion:   Dev-VR (D7296918-1DD6-4BDD-9DE2-64A83CC13884): 0
LogDevObjectVersion:   Dev-LoadTimes (C2A15278-BFE7-4AFE-6C17-90FF531DF755): 1
LogDevObjectVersion:   Private-Geometry (6EACA3D4-40EC-4CC1-B786-8BED09428FC5): 1
LogDevObjectVersion:   Dev-AnimPhys (29E575DD-E0A3-4627-9D10-D276232CDCEA): 7
LogInit: Compiled (64-bit): Aug 15 2017 02:05:26
LogInit: Compiled with Visual C++: 19.00.24215.01
LogInit: Build Configuration: Development
LogInit: Branch Name: ++UE4+Release-4.17
LogInit: Command line:  
LogInit: Base directory: C:/Program Files/Epic Games/UE_4.17/Engine/Binaries/Win64/
LogInit: Installed Engine Build: 1
LogInit: Presizing for max 8388607 objects, including 0 objects not considered by GC, pre-allocating 0 bytes for permanent pool.
LogInit: Object subsystem initialized
[2017.11.04-23.07.46:877][  0]LogInit: Selected Device Profile: [Windows]
[2017.11.04-23.07.46:877][  0]LogInit: Applying CVar settings loaded from the selected device profile: [Windows]
[2017.11.04-23.07.46:888][  0]LogInit: Computer: DESKTOP-06B5JCP
[2017.11.04-23.07.46:888][  0]LogInit: User: Aaron
[2017.11.04-23.07.46:888][  0]LogInit: CPU Page size=4096, Cores=4
[2017.11.04-23.07.46:888][  0]LogInit: High frequency timer resolution =2.742192 MHz
[2017.11.04-23.07.46:888][  0]LogMemory: Memory total: Physical=15.9GB (16GB approx)
[2017.11.04-23.07.46:888][  0]LogMemory: Platform Memory Stats for Windows
[2017.11.04-23.07.46:888][  0]LogMemory: Process Physical Memory: 278.86 MB used, 278.86 MB peak
[2017.11.04-23.07.46:888][  0]LogMemory: Process Virtual Memory: 282.39 MB used, 282.39 MB peak
[2017.11.04-23.07.46:888][  0]LogMemory: Physical Memory: 4366.53 MB used,  11883.64 MB free, 16250.17 MB total
[2017.11.04-23.07.46:888][  0]LogMemory: Virtual Memory: 681.72 MB used,  11883.64 MB free, 134217728.00 MB total
[2017.11.04-23.07.49:145][  0]LogInit: Using OS detected language (en-US).
[2017.11.04-23.07.49:145][  0]LogInit: Using OS detected locale (en-US).
[2017.11.04-23.07.49:153][  0]LogTextLocalizationManager: No specific localization for 'en-US' exists, so the 'en' localization will be used.
[2017.11.04-23.07.50:376][  0]LogD3D11RHI: D3D11 adapters:
[2017.11.04-23.07.51:761][  0]LogD3D11RHI:    0. 'NVIDIA GeForce GTX 1050 Ti' (Feature Level 11_0)
[2017.11.04-23.07.51:761][  0]LogD3D11RHI:       4016/0/8125 MB DedicatedVideo/DedicatedSystem/SharedSystem, Outputs:1, VendorId:0x10de
[2017.11.04-23.07.51:777][  0]LogD3D11RHI:    1. 'Intel(R) HD Graphics 630' (Feature Level 11_0)
[2017.11.04-23.07.51:777][  0]LogD3D11RHI:       128/0/8125 MB DedicatedVideo/DedicatedSystem/SharedSystem, Outputs:0, VendorId:0x8086
[2017.11.04-23.07.51:778][  0]LogD3D11RHI:    2. 'Microsoft Basic Render Driver' (Feature Level 11_0)
[2017.11.04-23.07.51:778][  0]LogD3D11RHI:       0/0/8125 MB DedicatedVideo/DedicatedSystem/SharedSystem, Outputs:0, VendorId:0x1414
[2017.11.04-23.07.51:778][  0]LogD3D11RHI: Chosen D3D11 Adapter: 0
[2017.11.04-23.07.51:783][  0]LogD3D11RHI: Creating new Direct3DDevice
[2017.11.04-23.07.51:783][  0]LogD3D11RHI:     GPU DeviceId: 0x1c8c (for the marketing name, search the web for "GPU Device Id")
[2017.11.04-23.07.51:783][  0]LogWindows: EnumDisplayDevices:
[2017.11.04-23.07.51:783][  0]LogWindows:    0. 'Intel(R) HD Graphics 630' (P:1 D:1)
[2017.11.04-23.07.51:784][  0]LogWindows:    1. 'Intel(R) HD Graphics 630' (P:0 D:0)
[2017.11.04-23.07.51:784][  0]LogWindows:    2. 'Intel(R) HD Graphics 630' (P:0 D:0)
[2017.11.04-23.07.51:784][  0]LogWindows:    3. 'NVIDIA GeForce GTX 1050 Ti' (P:0 D:0)
[2017.11.04-23.07.51:784][  0]LogWindows: DebugString: PrimaryIsNotTheChoosenAdapter PrimaryIsNotTheChoosenAdapter PrimaryIsNotTheChoosenAdapter 
[2017.11.04-23.07.51:784][  0]LogD3D11RHI:     Adapter Name: NVIDIA GeForce GTX 1050 Ti
[2017.11.04-23.07.51:784][  0]LogD3D11RHI:   Driver Version: 384.77 (internal:22.21.13.8477, unified:384.77)
[2017.11.04-23.07.51:784][  0]LogD3D11RHI:      Driver Date: 6-29-2017
[2017.11.04-23.07.51:784][  0]LogRHI: Texture pool is 1361 MB (70% of 1945 MB)
[2017.11.04-23.07.51:819][  0]LogD3D11RHI: Async texture creation enabled
[2017.11.04-23.07.51:833][  0]LogD3D11RHI: GPU Timing Frequency: 1000.000000 (Debug: 2 1)
[2017.11.04-23.07.51:834][  0]LogShaderCompilers: Guid format shader working directory is -28 characters bigger than the processId version (../../../../../../Users/namur/Documents/TeamPain/EAE3660-TeamPain/TeamPain/Intermediate/Shaders/WorkingDirectory/6700/).
[2017.11.04-23.07.51:834][  0]LogShaderCompilers: Cleaned the shader compiler working directory 'C:/Users/namur/AppData/Local/Temp/UnrealShaderWorkingDir/691D3CC3411F3DDE76C3B18F2CB0378F/'.
[2017.11.04-23.07.51:834][  0]LogShaderCompilers: Display: Using Local Shader Compiler.
[2017.11.04-23.07.53:401][  0]LogTemp: Display: Loaded TP AllDesktopTargetPlatform
[2017.11.04-23.07.53:615][  0]LogTemp: Display: Loaded TP MacClientTargetPlatform
[2017.11.04-23.07.53:826][  0]LogTemp: Display: Loaded TP MacNoEditorTargetPlatform
[2017.11.04-23.07.54:037][  0]LogTemp: Display: Loaded TP MacServerTargetPlatform
[2017.11.04-23.07.54:239][  0]LogTemp: Display: Loaded TP MacTargetPlatform
[2017.11.04-23.07.54:435][  0]LogTemp: Display: Loaded TP WindowsClientTargetPlatform
[2017.11.04-23.07.54:632][  0]LogTemp: Display: Loaded TP WindowsNoEditorTargetPlatform
[2017.11.04-23.07.54:838][  0]LogTemp: Display: Loaded TP WindowsServerTargetPlatform
[2017.11.04-23.07.55:031][  0]LogTemp: Display: Loaded TP WindowsTargetPlatform
[2017.11.04-23.07.55:228][  0]LogTemp: Display: Loaded TP AndroidTargetPlatform
[2017.11.04-23.07.55:426][  0]LogTemp: Display: Loaded TP Android_ASTCTargetPlatform
[2017.11.04-23.07.55:630][  0]LogTemp: Display: Loaded TP Android_ATCTargetPlatform
[2017.11.04-23.07.55:832][  0]LogTemp: Display: Loaded TP Android_DXTTargetPlatform
[2017.11.04-23.07.56:031][  0]LogTemp: Display: Loaded TP Android_ETC1TargetPlatform
[2017.11.04-23.07.56:226][  0]LogTemp: Display: Loaded TP Android_ETC2TargetPlatform
[2017.11.04-23.07.56:624][  0]LogTemp: Display: Loaded TP Android_MultiTargetPlatform
[2017.11.04-23.07.56:624][  0]LogTemp: Display: Loaded TP Android_PVRTCTargetPlatform
[2017.11.04-23.07.56:804][  0]LogTemp: Display: Loaded TP HTML5TargetPlatform
[2017.11.04-23.07.57:299][  0]LogTemp: Display: Loaded TP IOSTargetPlatform
[2017.11.04-23.07.57:465][  0]LogTemp: Display: Loaded TP TVOSTargetPlatform
[2017.11.04-23.07.57:668][  0]LogTemp: Display: Loaded TP LinuxClientTargetPlatform
[2017.11.04-23.07.57:894][  0]LogTemp: Display: Loaded TP LinuxNoEditorTargetPlatform
[2017.11.04-23.07.58:107][  0]LogTemp: Display: Loaded TP LinuxServerTargetPlatform
[2017.11.04-23.07.58:337][  0]LogTemp: Display: Loaded TP LinuxTargetPlatform
[2017.11.04-23.07.58:337][  0]LogTargetPlatformManager: Display: Building Assets For Windows
[2017.11.04-23.08.03:440][  0]LogDerivedDataCache: Display: Max Cache Size: 512 MB
[2017.11.04-23.08.03:706][  0]LogDerivedDataCache: Loaded boot cache 0.27s 93MB C:/Users/namur/AppData/Local/UnrealEngine/4.17/DerivedDataCache/Boot.ddc.
[2017.11.04-23.08.03:706][  0]LogDerivedDataCache: Display: Loaded Boot cache: C:/Users/namur/AppData/Local/UnrealEngine/4.17/DerivedDataCache/Boot.ddc
[2017.11.04-23.08.03:707][  0]LogDerivedDataCache: FDerivedDataBackendGraph:  Pak pak cache file ../../../../../../Users/namur/Documents/TeamPain/EAE3660-TeamPain/TeamPain/DerivedDataCache/DDC.ddp not found, will not use a pak cache.
[2017.11.04-23.08.03:707][  0]LogDerivedDataCache: Unable to find inner node Pak for hierarchical cache Hierarchy.
[2017.11.04-23.08.03:707][  0]LogDerivedDataCache: FDerivedDataBackendGraph:  CompressedPak pak cache file ../../../../../../Users/namur/Documents/TeamPain/EAE3660-TeamPain/TeamPain/DerivedDataCache/Compressed.ddp not found, will not use a pak cache.
[2017.11.04-23.08.03:707][  0]LogDerivedDataCache: Unable to find inner node CompressedPak for hierarchical cache Hierarchy.
[2017.11.04-23.08.03:731][  0]LogDerivedDataCache: Display: Pak cache opened for reading ../../../Engine/DerivedDataCache/Compressed.ddp.
[2017.11.04-23.08.03:744][  0]LogDerivedDataCache: Using Local data cache path C:/Users/namur/AppData/Local/UnrealEngine/Common/DerivedDataCache: Writable
[2017.11.04-23.08.03:757][  0]LogMaterial: Verifying Global Shaders for PCD3D_SM5
[2017.11.04-23.08.03:758][  0]LogSlate: Using Freetype 2.6.0
[2017.11.04-23.08.03:761][  0]LogSlate: SlateFontCache - WITH_FREETYPE: 1, WITH_HARFBUZZ: 1
[2017.11.04-23.08.03:761][  0]LogSlate: SlateFontCache - WITH_FREETYPE: 1, WITH_HARFBUZZ: 1
[2017.11.04-23.08.04:814][  0]LogAssetRegistry: FAssetRegistry took 0.0267 seconds to start up
[2017.11.04-23.08.05:018][  0]LogInit: Selected Device Profile: [Windows]
[2017.11.04-23.08.05:313][  0]LogContentStreaming: Texture pool size is 0.00 MB
[2017.11.04-23.08.08:153][  0]LogSimplygon: Simplygon DLL not present - disabling.
[2017.11.04-23.08.08:453][  0]LogMeshReduction: Using SimplygonSwarm for distributed automatic mesh merging
[2017.11.04-23.08.08:454][  0]LogMeshReduction: Using QuadricMeshReduction for automatic static mesh reduction
[2017.11.04-23.08.08:454][  0]LogMeshReduction: No automatic skeletal mesh reduction module available
[2017.11.04-23.08.08:454][  0]LogMeshReduction: No automatic mesh merging module available
[2017.11.04-23.08.08:454][  0]LogMeshMerging: No automatic mesh merging module available
[2017.11.04-23.08.09:257][  0]LogNetVersion: TeamPain , NetCL: 3573198, EngineNetVer: 2, GameNetVer: 0 (Checksum: 1519948437)
[2017.11.04-23.08.09:720][  0]LogPackageLocalizationCache: Processed 5 localized package path(s) for 2 prioritized culture(s) in 0.108002 seconds
[2017.11.04-23.08.09:728][  0]LogUObjectArray: 35825 objects as part of root set at end of initial load.
[2017.11.04-23.08.09:728][  0]LogUObjectAllocator: 7529104 out of 0 bytes used by permanent object pool.
[2017.11.04-23.08.09:728][  0]LogUObjectArray: CloseDisregardForGC: 0/0 objects in disregard for GC pool
[2017.11.04-23.08.10:022][  0]LogInit: WinSock: version 1.1 (2.2), MaxSocks=32767, MaxUdp=65467
[2017.11.04-23.08.21:270][  0]LogTcpMessaging: Initializing TcpMessaging bridge
[2017.11.04-23.08.21:456][  0]LogUdpMessaging: Initializing bridge on interface 0.0.0.0:0 to multicast group 230.0.0.1:6666.
[2017.11.04-23.08.24:969][  0]LogMaterial: Uniform references updated for custom material expression Custom.
[2017.11.04-23.08.26:293][  0]SourceControl: Source control is disabled
[2017.11.04-23.08.26:293][  0]SourceControl: Source control is disabled
[2017.11.04-23.08.26:586][  0]SourceControl: Source control is disabled
[2017.11.04-23.08.26:940][  0]SourceControl: Source control is disabled
[2017.11.04-23.08.29:992][  0]LogAndroidPermission: UAndroidPermissionCallbackProxy::GetInstance
[2017.11.04-23.08.31:122][  0]LogOcInput: OculusInput pre-init called
[2017.11.04-23.08.32:209][  0]LogEngine: Initializing Engine...
[2017.11.04-23.08.32:211][  0]LogHMD: Failed to initialize OpenVR with code 110
[2017.11.04-23.08.32:552][  0]LogStats: UGameplayTagsManager::ConstructGameplayTagTree: Construct from data asset -  0.000 s
[2017.11.04-23.08.32:552][  0]LogStats: UGameplayTagsManager::ConstructGameplayTagTree: GameplayTagTreeChangedEvent.Broadcast -  0.000 s
[2017.11.04-23.08.32:947][  0]LogAIModule: Creating AISystem for world Untitled
[2017.11.04-23.08.32:968][  0]LogInit: XAudio2 using 'Speakers / Headphones (Realtek Audio)' : 2 channels at 48 kHz using 32 bits per sample (channel mask 0x3)
[2017.11.04-23.08.33:114][  0]LogInit: FAudioDevice initialized.
[2017.11.04-23.08.33:213][  0]LogDerivedDataCache: Saved boot cache 0.10s 93MB C:/Users/namur/AppData/Local/UnrealEngine/4.17/DerivedDataCache/Boot.ddc.
[2017.11.04-23.08.33:239][  0]LogInit: Texture streaming: Enabled
[2017.11.04-23.08.34:080][  0]LogEngineSessionManager: EngineSessionManager initialized
[2017.11.04-23.08.34:945][  0]LogWindowsTextInputMethodSystem: Display: IME system now deactivated.
[2017.11.04-23.08.35:627][  0]LogInit: Transaction tracking system initialized
[2017.11.04-23.08.36:921][  0]BlueprintLog: New page: Editor Load
[2017.11.04-23.08.42:090][  0]LocalizationService: Localization service is disabled
[2017.11.04-23.08.45:908][  0]LogConsoleResponse: Display: 
[2017.11.04-23.08.46:362][  0]LogCook: Display: Max memory allowance for cook 16384mb min free memory 0mb
[2017.11.04-23.08.46:362][  0]LogCook: Display: Mobile HDR setting 1
[2017.11.04-23.08.46:362][  0]LogGameplayTags: Display: UGameplayTagsManager::DoneAddingNativeTags. DelegateIsBound: 0
[2017.11.04-23.08.47:156][  0]LogFileCache: Scanning file cache for directory 'C:/Users/namur/Documents/TeamPain/EAE3660-TeamPain/TeamPain/Content/' took 0.03s
[2017.11.04-23.08.51:534][  0]SourceControl: Source control is disabled
[2017.11.04-23.08.51:534][  0]Cmd: MAP LOAD FILE="../../../../../../Users/namur/Documents/TeamPain/EAE3660-TeamPain/TeamPain/Content/StarterContent/Maps/Minimal_Default.umap" TEMPLATE=0 SHOWPROGRESS=1 FEATURELEVEL=3
[2017.11.04-23.08.51:535][  0]LightingResults: New page: Lighting Build
[2017.11.04-23.08.51:611][  0]MapCheck: New page: Map Check
[2017.11.04-23.08.51:611][  0]LightingResults: New page: Lighting Build
[2017.11.04-23.08.53:778][  0]LogAIModule: Creating AISystem for world Minimal_Default
[2017.11.04-23.08.53:800][  0]LogEditorServer: Finished looking for orphan Actors (0.000 secs)
[2017.11.04-23.08.53:815][  0]Cmd: MAP CHECKDEP NOCLEARLOG
[2017.11.04-23.08.53:922][  0]MapCheck: Map check complete: 0 Error(s), 0 Warning(s), took 106.586ms to complete.
[2017.11.04-23.08.53:922][  0]LogFileHelpers: Loading map 'Minimal_Default' took 2.388
[2017.11.04-23.08.54:215][  0]LogCollectionManager: Loaded 0 collections in 0.002035 seconds
[2017.11.04-23.08.54:331][  0]LogFileCache: Scanning file cache for directory 'C:/Users/namur/Documents/TeamPain/EAE3660-TeamPain/TeamPain/Saved/Collections/' took 0.01s
[2017.11.04-23.08.54:331][  0]LogFileCache: Scanning file cache for directory 'C:/Users/namur/Documents/TeamPain/EAE3660-TeamPain/TeamPain/Content/Developers/Aaron/Collections/' took 0.01s
[2017.11.04-23.08.54:331][  0]LogFileCache: Scanning file cache for directory 'C:/Users/namur/Documents/TeamPain/EAE3660-TeamPain/TeamPain/Content/Collections/' took 0.01s
[2017.11.04-23.08.54:331][  0]LogCollectionManager: Rebuilt the GUID cache for 0 collections in 0.000001 seconds
[2017.11.04-23.08.54:342][  0]LogContentBrowser: Native class hierarchy populated in 0.0103 seconds. Added 2386 classes and 500 folders.
[2017.11.04-23.08.54:465][  0]LogContentBrowser: Native class hierarchy updated for 'WidgetCarousel' in 0.0010 seconds. Added 0 classes and 0 folders.
[2017.11.04-23.08.54:626][  0]LogContentBrowser: Native class hierarchy updated for 'AddContentDialog' in 0.0008 seconds. Added 0 classes and 0 folders.
[2017.11.04-23.08.54:938][  0]LogContentBrowser: Native class hierarchy updated for 'SceneOutliner' in 0.0012 seconds. Added 1 classes and 2 folders.
[2017.11.04-23.08.55:037][  0]LogSlate: Took 0.001218 seconds to synchronously load lazily loaded font '../../../Engine/Content/Slate/Fonts/Roboto-Regular.ttf' (155K)
[2017.11.04-23.08.55:041][  0]LogSlate: Took 0.001628 seconds to synchronously load lazily loaded font '../../../Engine/Content/Slate/Fonts/Roboto-Bold.ttf' (160K)
[2017.11.04-23.08.55:044][  0]LogSlate: Took 0.001243 seconds to synchronously load lazily loaded font '../../../Engine/Content/Editor/Slate/Fonts/FontAwesome.ttf' (139K)
[2017.11.04-23.08.55:185][  0]LogRenderer: Reallocating scene render targets to support 888x708 Format 9 NumSamples 1 (Frame:1).
[2017.11.04-23.08.55:603][  0]LogContentBrowser: Native class hierarchy updated for 'HierarchicalLODOutliner' in 0.0013 seconds. Added 1 classes and 2 folders.
[2017.11.04-23.08.55:604][  0]LogLoad: (Engine Initialization) Total time: 74.94 seconds
[2017.11.04-23.08.55:604][  0]LogLoad: (Engine Initialization) Total Blueprint compile time: 0.00 seconds
[2017.11.04-23.08.55:604][  0]LogExternalProfiler: No external profilers were discovered.  External profiling features will not be available.
[2017.11.04-23.08.55:644][  0]LogContentStreaming: Texture pool size now 400 MB
[2017.11.04-23.08.55:673][  0]LogSlate: Took 0.002047 seconds to synchronously load lazily loaded font '../../../Engine/Content/Slate/Fonts/Roboto-Light.ttf' (159K)
[2017.11.04-23.08.55:725][  1]LogAssetRegistry: Asset discovery search completed in 50.9333 seconds
[2017.11.04-23.08.55:729][  1]LogCollectionManager: Rebuilt the object cache for 0 collections in 0.000000 seconds (found 0 objects)
[2017.11.04-23.08.55:729][  1]LogCollectionManager: Fixed up redirectors for 0 collections in 0.000089 seconds (updated 0 objects)
[2017.11.04-23.10.26:426][ 18]LogSlate: Took 0.001025 seconds to synchronously load lazily loaded font '../../../Engine/Content/Slate/Fonts/Roboto-Light.ttf' (159K)
[2017.11.04-23.10.26:530][ 18]LogContentBrowser: Native class hierarchy updated for 'MaterialEditor' in 0.0007 seconds. Added 1 classes and 0 folders.
[2017.11.04-23.10.26:535][ 18]LogMaterial: Missing cached shader map for material blackmatte, compiling. 
[2017.11.04-23.10.26:657][ 18]LogMaterial: Missing cached shader map for material blackmatte, compiling. 
[2017.11.04-23.10.26:683][ 18]LogMaterial: Missing cached shader map for material blackmatte, compiling. 
[2017.11.04-23.10.26:732][ 18]LogMaterial: Missing cached shader map for material FMatExpressionPreview MaterialExpressionConstant3Vector_0, compiling. 
[2017.11.04-23.10.26:754][ 18]LogSlate: Took 0.001611 seconds to synchronously load lazily loaded font '../../../Engine/Content/Editor/Slate/Fonts/Roboto-BoldCondensed.ttf' (158K)
[2017.11.04-23.10.32:578][194]MaterialEditorStats: Base pass shader: 83 instructions
[2017.11.04-23.10.32:578][194]MaterialEditorStats: Vertex shader: 29 instructions
[2017.11.04-23.10.32:578][194]MaterialEditorStats: Texture samplers: 3/16
[2017.11.04-23.10.34:487][280]LogMaterial: Missing cached shader map for material blackmatte, compiling. 
[2017.11.04-23.10.34:517][280]LogMaterial: Missing cached shader map for material FMatExpressionPreview MaterialExpressionConstant3Vector_0, compiling. 
[2017.11.04-23.10.36:114][325]LogMaterial: Missing cached shader map for material blackmatte, compiling. 
[2017.11.04-23.10.36:157][325]LogMaterial: Missing cached shader map for material FMatExpressionPreview MaterialExpressionConstant3Vector_0, compiling. 
[2017.11.04-23.10.38:096][381]LogMaterialEditor: Saving and Compiling material blackmatte
[2017.11.04-23.10.39:036][381]LogMaterial: Missing cached shader map for material blackmatte, compiling. 
[2017.11.04-23.10.39:112][381]LogMaterial: Missing cached shader map for material blackmatte, compiling. 
[2017.11.04-23.10.39:186][381]LogMaterial: Missing cached shader map for material blackmatte, compiling. 
[2017.11.04-23.10.39:262][381]LogMaterial: Missing cached shader map for material FDebugViewModeMaterialProxy blackmatte, compiling. 
[2017.11.04-23.10.40:385][381]TextureStreamingBuild: Display: Compiling optional shaders took 1.134 seconds.
[2017.11.04-23.10.43:119][381]LogSlate: Took 0.000304 seconds to synchronously load lazily loaded font '../../../Engine/Content/Slate/Fonts/Roboto-Regular.ttf' (155K)
[2017.11.04-23.10.43:170][381]LogSavePackage: Save=13.96ms
[2017.11.04-23.10.43:170][381]LogSavePackage: Moving '../../../../../../Users/namur/Documents/TeamPain/EAE3660-TeamPain/TeamPain/Saved/blackmatte8576035C4D5A1B70F63F58A70C86695F.tmp' to '../../../../../../Users/namur/Documents/TeamPain/EAE3660-TeamPain/TeamPain/Content/xoio_berlinflat/Materials/blackmatte.uasset'
[2017.11.04-23.10.43:175][381]LogSavePackage: Display: Finished SavePackage ../../../../../../Users/namur/Documents/TeamPain/EAE3660-TeamPain/TeamPain/Content/xoio_berlinflat/Materials/blackmatte.uasset
[2017.11.04-23.10.43:183][381]MaterialEditorStats: Base pass shader: 82 instructions
[2017.11.04-23.10.43:184][381]MaterialEditorStats: Vertex shader: 31 instructions
[2017.11.04-23.10.43:184][381]MaterialEditorStats: Texture samplers: 3/16
[2017.11.04-23.11.06:639][664]MapCheck: New page: Map Check
[2017.11.04-23.11.06:666][664]Cmd: MAP REBUILD ALLVISIBLE
[2017.11.04-23.11.06:667][664]LogEditorServer: Rebuildmap Clear paths rebuilt
[2017.11.04-23.11.07:498][664]LogEditorServer: Cleared 9 NULL BSP materials after rebuild.
[2017.11.04-23.11.07:499][664]LightingResults: New page: Lighting Build - Nov 4, 2017, 11:11:07 AM
[2017.11.04-23.11.07:555][664]LogSwarmInterface: [OpenConnection] Registering TCP channel ...
[2017.11.04-23.11.07:760][664]LogSwarmInterface: [OpenConnection] Connecting to agent ...
[2017.11.04-23.11.07:777][664]LogSwarmInterface: [TryOpenConnection] Testing the Agent
[2017.11.04-23.11.08:291][664]LogSwarmInterface: [TryOpenConnection] Opening Connection to Agent
[2017.11.04-23.11.08:291][664]LogSwarmInterface: [TryOpenConnection] Local Process ID is 6700
[2017.11.04-23.11.11:279][664]LogStaticLightingSystem: Warning: No importance volume found, so the scene bounding box was used.  You can optimize your scene's quality and lighting build times by adding importance volumes.
[2017.11.04-23.11.11:283][664]LogStaticLightingSystem: Running Lightmass w/ ImmediateImport mode ENABLED
[2017.11.04-23.11.11:283][664]LogStaticLightingSystem: Running Lightmass w/ ImmediateProcess mode ENABLED
[2017.11.04-23.11.11:283][664]LogStaticLightingSystem: Running Lightmass w/ Sorting mode ENABLED
[2017.11.04-23.11.11:283][664]LogStaticLightingSystem: Running Lightmass w/ Mapping paddings ENABLED
[2017.11.04-23.11.11:283][664]LogStaticLightingSystem: Running Lightmass w/ Mapping debug paddings DISABLED
[2017.11.04-23.11.11:566][664]LogEditorBuildUtils: Build time 0:04
[2017.11.04-23.11.11:615][665]LogMaterial: Missing cached shader map for material FLightmassMaterialRenderer M_Railing_MAT_Inst, compiling. 
[2017.11.04-23.11.11:622][665]LogMaterial: Missing cached shader map for material FLightmassMaterialRenderer M_Railing_MAT_Inst, compiling. 
[2017.11.04-23.11.11:683][666]LogMaterial: Missing cached shader map for material FLightmassMaterialRenderer M_TV_Inst, compiling. 
[2017.11.04-23.11.11:699][666]LogMaterial: Missing cached shader map for material FLightmassMaterialRenderer M_TV_Inst, compiling. 
[2017.11.04-23.11.11:728][667]LogMaterial: Missing cached shader map for material FLightmassMaterialRenderer M_Shelving_Inst, compiling. 
[2017.11.04-23.11.11:742][667]LogMaterial: Missing cached shader map for material FLightmassMaterialRenderer M_Shelving_Inst, compiling. 
[2017.11.04-23.11.11:799][668]LogMaterial: Missing cached shader map for material FLightmassMaterialRenderer blackmatte, compiling. 
[2017.11.04-23.11.11:815][668]LogMaterial: Missing cached shader map for material FLightmassMaterialRenderer blackmatte, compiling. 
[2017.11.04-23.11.11:869][669]LogMaterial: Missing cached shader map for material FLightmassMaterialRenderer M_DeskLamp_Mat_Inst, compiling. 
[2017.11.04-23.11.11:890][669]LogMaterial: Missing cached shader map for material FLightmassMaterialRenderer M_DeskLamp_Mat_Inst, compiling. 
[2017.11.04-23.11.11:930][670]LogMaterial: Missing cached shader map for material FLightmassMaterialRenderer M_FloorLamp_Mat_Inst, compiling. 
[2017.11.04-23.11.11:941][670]LogMaterial: Missing cached shader map for material FLightmassMaterialRenderer M_FloorLamp_Mat_Inst, compiling. 
[2017.11.04-23.11.12:001][671]LogMaterial: Missing cached shader map for material FLightmassMaterialRenderer M_Mug, compiling. 
[2017.11.04-23.11.12:017][671]LogMaterial: Missing cached shader map for material FLightmassMaterialRenderer M_Mug, compiling. 
[2017.11.04-23.11.12:050][672]LogMaterial: Missing cached shader map for material FLightmassMaterialRenderer M_FloorTiles2, compiling. 
[2017.11.04-23.11.12:069][672]LogMaterial: Missing cached shader map for material FLightmassMaterialRenderer M_FloorTiles2, compiling. 
[2017.11.04-23.11.12:149][674]LogMaterial: Missing cached shader map for material FLightmassMaterialRenderer M_Concrete_Grime, compiling. 
[2017.11.04-23.11.12:161][674]LogMaterial: Missing cached shader map for material FLightmassMaterialRenderer M_Concrete_Grime, compiling. 
[2017.11.04-23.11.12:202][675]LogMaterial: Missing cached shader map for material FLightmassMaterialRenderer M_Rock_Sandstone, compiling. 
[2017.11.04-23.11.12:214][675]LogMaterial: Missing cached shader map for material FLightmassMaterialRenderer M_Rock_Sandstone, compiling. 
[2017.11.04-23.11.12:244][676]LogMaterial: Missing cached shader map for material FLightmassMaterialRenderer M_Metal_Gold, compiling. 
[2017.11.04-23.11.12:256][676]LogMaterial: Missing cached shader map for material FLightmassMaterialRenderer M_Metal_Gold, compiling. 
[2017.11.04-23.11.12:296][677]LogMaterial: Missing cached shader map for material FLightmassMaterialRenderer bluematte, compiling. 
[2017.11.04-23.11.12:310][677]LogMaterial: Missing cached shader map for material FLightmassMaterialRenderer bluematte, compiling. 
[2017.11.04-23.11.12:341][678]LogMaterial: Missing cached shader map for material FLightmassMaterialRenderer M_Rock_Slate, compiling. 
[2017.11.04-23.11.12:354][678]LogMaterial: Missing cached shader map for material FLightmassMaterialRenderer M_Rock_Slate, compiling. 
[2017.11.04-23.11.41:873][735]Job is a success!
[2017.11.04-23.11.43:019][736]LogTexture: Display: Building textures: HQ_Lightmap1_1 (AutoDXT, 1024X1024)
[2017.11.04-23.11.43:020][736]LogTexture: Display: Building textures: LQ_Lightmap_1_1 (DXT1, 1024X1024)
[2017.11.04-23.11.43:020][736]LogTexture: Display: Building textures: HQ_Lightmap1_2 (AutoDXT, 1024X1024)
[2017.11.04-23.11.43:020][736]LogTexture: Display: Building textures: LQ_Lightmap_1_2 (DXT1, 1024X1024)
[2017.11.04-23.11.43:020][736]LogTexture: Display: Building textures: HQ_Lightmap1_3 (AutoDXT, 64X64)
[2017.11.04-23.11.43:020][736]LogTexture: Display: Building textures: LQ_Lightmap_1_3 (DXT1, 64X64)
[2017.11.04-23.11.43:078][736]LogTexture: Display: Building textures: ShadowMapTexture2D_4 (G8, 32X32)
[2017.11.04-23.11.43:078][736]LogTexture: Display: Building textures: ShadowMapTexture2D_3 (BGRA8, 1024X128)
[2017.11.04-23.11.43:078][736]LogTexture: Display: Building textures: ShadowMapTexture2D_2 (BGRA8, 256X512)
[2017.11.04-23.11.43:110][736]Lightmass on DESKTOP-06B5JCP: 23.4 sec total, 1.07 sec importing, 2.03 sec setup, 1.62 sec photons, 17.4 sec processing, 0 ms extra exporting [557/557 mappings]. Threads: 2:02 min total, 1:26 min processing.
[2017.11.04-23.11.43:175][736]LogStaticLightingSystem: Illumination: 35.6 sec (846 ms encoding lightmaps, 51 ms encoding shadowmaps)
[2017.11.04-23.11.43:175][736]LogStaticLightingSystem: Lightmap texture memory:  4.0 MB (2.0 MB streaming, 2.0 MB non-streaming), 6 textures
[2017.11.04-23.11.43:176][736]LogStaticLightingSystem: Shadowmap texture memory: 1.3 MB (0.7 MB streaming, 0.7 MB non-streaming), 3 textures
[2017.11.04-23.11.43:311][736]DumpUnbuiltLightIteractions
[2017.11.04-23.11.43:311][736]Lights with unbuilt interactions: 0
[2017.11.04-23.11.43:311][736]
[2017.11.04-23.11.43:311][736]Primitives with unbuilt interactions: 0
[2017.11.04-23.11.43:318][737]Cmd: MAP CHECK NOTIFYRESULTS
[2017.11.04-23.11.43:318][737]MapCheck: New page: Minimal_Default - Nov 4, 2017, 11:11:43 AM
[2017.11.04-23.11.43:475][737]MapCheck: Map check complete: 0 Error(s), 0 Warning(s), took 157.467ms to complete.
[2017.11.04-23.12.14:348][277]LogSavePackage: Save=448.56ms
[2017.11.04-23.12.14:348][277]LogSavePackage: Moving '../../../../../../Users/namur/Documents/TeamPain/EAE3660-TeamPain/TeamPain/Saved/Minimal_Default20D52B4C4705D71A9F9AD380341D7916.tmp' to '../../../../../../Users/namur/Documents/TeamPain/EAE3660-TeamPain/TeamPain/Content/StarterContent/Maps/Minimal_Default.umap'
[2017.11.04-23.12.14:352][277]LogSavePackage: Display: Finished SavePackage ../../../../../../Users/namur/Documents/TeamPain/EAE3660-TeamPain/TeamPain/Content/StarterContent/Maps/Minimal_Default.umap
[2017.11.04-23.12.14:370][277]LogFileHelpers: Saving map 'Minimal_Default' took 0.656
[2017.11.04-23.12.14:637][277]LogSavePackage: Save=231.82ms
[2017.11.04-23.12.14:637][277]LogSavePackage: Moving '../../../../../../Users/namur/Documents/TeamPain/EAE3660-TeamPain/TeamPain/Saved/Minimal_Default_BuiltDataA6FC86F64984B2A209CF3FA5682EDA80.tmp' to '../../../../../../Users/namur/Documents/TeamPain/EAE3660-TeamPain/TeamPain/Content/StarterContent/Maps/Minimal_Default_BuiltData.uasset'
[2017.11.04-23.12.14:645][277]LogSavePackage: Display: Finished SavePackage ../../../../../../Users/namur/Documents/TeamPain/EAE3660-TeamPain/TeamPain/Content/StarterContent/Maps/Minimal_Default_BuiltData.uasset
[2017.11.04-23.12.14:693][277]LogWindowsTextInputMethodSystem: Display: IME system now deactivated.
[2017.11.04-23.12.15:028][278]Cmd: QUIT_EDITOR
[2017.11.04-23.12.15:065][278]LogExit: Preparing to exit.
[2017.11.04-23.12.15:775][278]LogDirectoryWatcher: A directory notification for 'C:/Users/namur/Documents/TeamPain/EAE3660-TeamPain/TeamPain/Content/' was aborted.
[2017.11.04-23.12.15:820][278]LogExit: Editor shut down
[2017.11.04-23.12.15:831][278]LogExit: Transaction tracking system shut down
[2017.11.04-23.12.15:928][278]LogDirectoryWatcher: A directory notification for '../../../Engine/Content/' was aborted.
[2017.11.04-23.12.15:928][278]LogDirectoryWatcher: A directory notification for '../../../../../../Users/namur/Documents/TeamPain/EAE3660-TeamPain/TeamPain/Content/' was aborted.
[2017.11.04-23.12.15:928][278]LogDirectoryWatcher: A directory notification for '../../../Engine/Plugins/2D/Paper2D/Content/' was aborted.
[2017.11.04-23.12.15:929][278]LogDirectoryWatcher: A directory notification for '../../../Engine/Plugins/Runtime/Oculus/OculusVR/Content/' was aborted.
[2017.11.04-23.12.15:929][278]LogDirectoryWatcher: A directory notification for '../../../Engine/Plugins/Runtime/Steam/SteamVR/Content/' was aborted.
[2017.11.04-23.12.16:023][278]LogExit: Object subsystem successfully closed.
[2017.11.04-23.12.16:056][278]LogD3D11RHI: Shutdown
[2017.11.04-23.12.16:056][278]LogD3D11RHI: CleanupD3DDevice
[2017.11.04-23.12.16:192][278]LogD3D11RHI: ~FD3D11DynamicRHI
[2017.11.04-23.12.16:218][278]LogModuleManager: Shutting down and abandoning module MaterialEditor (532)
[2017.11.04-23.12.16:218][278]LogModuleManager: Shutting down and abandoning module HierarchicalLODOutliner (530)
[2017.11.04-23.12.16:218][278]LogModuleManager: Shutting down and abandoning module SceneOutliner (528)
[2017.11.04-23.12.16:218][278]LogModuleManager: Shutting down and abandoning module AddContentDialog (526)
[2017.11.04-23.12.16:218][278]LogDirectoryWatcher: A directory notification for 'C:/Program Files/Epic Games/UE_4.17/FeaturePacks/' was aborted.
[2017.11.04-23.12.16:219][278]LogModuleManager: Shutting down and abandoning module WidgetCarousel (525)
[2017.11.04-23.12.16:219][278]LogModuleManager: Shutting down and abandoning module EditorWidgets (522)
[2017.11.04-23.12.16:219][278]LogModuleManager: Shutting down and abandoning module CollectionManager (520)
[2017.11.04-23.12.16:219][278]LogDirectoryWatcher: A directory notification for 'C:/Users/namur/Documents/TeamPain/EAE3660-TeamPain/TeamPain/Content/Collections/' was aborted.
[2017.11.04-23.12.16:220][278]LogDirectoryWatcher: A directory notification for 'C:/Users/namur/Documents/TeamPain/EAE3660-TeamPain/TeamPain/Content/Developers/Aaron/Collections/' was aborted.
[2017.11.04-23.12.16:220][278]LogDirectoryWatcher: A directory notification for 'C:/Users/namur/Documents/TeamPain/EAE3660-TeamPain/TeamPain/Saved/Collections/' was aborted.
[2017.11.04-23.12.16:220][278]LogModuleManager: Shutting down and abandoning module StatsViewer (518)
[2017.11.04-23.12.16:220][278]LogModuleManager: Shutting down and abandoning module FoliageEdit (516)
[2017.11.04-23.12.16:220][278]LogModuleManager: Shutting down and abandoning module LandscapeEditor (514)
[2017.11.04-23.12.16:221][278]LogModuleManager: Shutting down and abandoning module MeshPaintMode (512)
[2017.11.04-23.12.16:221][278]LogModuleManager: Shutting down and abandoning module SceneDepthPickerMode (510)
[2017.11.04-23.12.16:221][278]LogModuleManager: Shutting down and abandoning module ActorPickerMode (508)
[2017.11.04-23.12.16:221][278]LogModuleManager: Shutting down and abandoning module GeometryMode (506)
[2017.11.04-23.12.16:221][278]LogModuleManager: Shutting down and abandoning module TextureAlignMode (504)
[2017.11.04-23.12.16:221][278]LogModuleManager: Shutting down and abandoning module BspMode (502)
[2017.11.04-23.12.16:221][278]LogModuleManager: Shutting down and abandoning module PIEPreviewDeviceProfileSelector (500)
[2017.11.04-23.12.16:221][278]LogModuleManager: Shutting down and abandoning module HardwareSurvey (498)
[2017.11.04-23.12.16:221][278]LogModuleManager: Shutting down and abandoning module SequenceRecorderSections (496)
[2017.11.04-23.12.16:221][278]LogModuleManager: Shutting down and abandoning module AutomationWorker (494)
[2017.11.04-23.12.16:221][278]LogModuleManager: Shutting down and abandoning module MatineeToLevelSequence (492)
[2017.11.04-23.12.16:221][278]LogModuleManager: Shutting down and abandoning module LevelSequenceEditor (490)
[2017.11.04-23.12.16:221][278]LogModuleManager: Shutting down and abandoning module PlacementMode (489)
[2017.11.04-23.12.16:221][278]LogModuleManager: Shutting down and abandoning module WmfMediaFactory (486)
[2017.11.04-23.12.16:221][278]LogModuleManager: Shutting down and abandoning module WmfMediaEditor (484)
[2017.11.04-23.12.16:221][278]LogModuleManager: Shutting down and abandoning module AvfMediaFactory (482)
[2017.11.04-23.12.16:221][278]LogModuleManager: Shutting down and abandoning module AvfMediaEditor (480)
[2017.11.04-23.12.16:221][278]LogModuleManager: Shutting down and abandoning module AndroidMediaFactory (478)
[2017.11.04-23.12.16:221][278]LogModuleManager: Shutting down and abandoning module Media (477)
[2017.11.04-23.12.16:221][278]LogModuleManager: Shutting down and abandoning module AndroidMediaEditor (474)
[2017.11.04-23.12.16:221][278]LogModuleManager: Shutting down and abandoning module CharacterAI (472)
[2017.11.04-23.12.16:221][278]LogModuleManager: Shutting down and abandoning module AudioCapture (470)
[2017.11.04-23.12.16:221][278]LogModuleManager: Shutting down and abandoning module SequenceRecorder (469)
[2017.11.04-23.12.16:221][278]LogModuleManager: Shutting down and abandoning module SmartSnapping (466)
[2017.11.04-23.12.16:221][278]LogModuleManager: Shutting down and abandoning module SessionServices (464)
[2017.11.04-23.12.16:221][278]LogModuleManager: Shutting down and abandoning module ViewportSnapping (462)
[2017.11.04-23.12.16:221][278]LogModuleManager: Shutting down and abandoning module ViewportInteraction (460)
[2017.11.04-23.12.16:221][278]LogModuleManager: Shutting down and abandoning module ClothPainter (458)
[2017.11.04-23.12.16:222][278]LogModuleManager: Shutting down and abandoning module LogVisualizer (456)
[2017.11.04-23.12.16:222][278]LogModuleManager: Shutting down and abandoning module IntroTutorials (454)
[2017.11.04-23.12.16:222][278]LogModuleManager: Shutting down and abandoning module GameProjectGeneration (453)
[2017.11.04-23.12.16:222][278]LogModuleManager: Shutting down and abandoning module IOSPlatformEditor (450)
[2017.11.04-23.12.16:222][278]LogModuleManager: Shutting down and abandoning module HTML5PlatformEditor (448)
[2017.11.04-23.12.16:222][278]LogModuleManager: Shutting down and abandoning module AndroidPlatformEditor (446)
[2017.11.04-23.12.16:222][278]LogModuleManager: Shutting down and abandoning module AndroidDeviceDetection (445)
[2017.11.04-23.12.17:175][278]LogModuleManager: Shutting down and abandoning module WindowsPlatformEditor (442)
[2017.11.04-23.12.17:176][278]LogModuleManager: Shutting down and abandoning module IOSRuntimeSettings (440)
[2017.11.04-23.12.17:176][278]LogModuleManager: Shutting down and abandoning module AndroidRuntimeSettings (438)
[2017.11.04-23.12.17:176][278]LogModuleManager: Shutting down and abandoning module InputBindingEditor (436)
[2017.11.04-23.12.17:176][278]LogModuleManager: Shutting down and abandoning module MergeActors (434)
[2017.11.04-23.12.17:176][278]LogModuleManager: Shutting down and abandoning module SizeMap (432)
[2017.11.04-23.12.17:176][278]LogModuleManager: Shutting down and abandoning module TreeMap (430)
[2017.11.04-23.12.17:176][278]LogModuleManager: Shutting down and abandoning module ReferenceViewer (428)
[2017.11.04-23.12.17:176][278]LogModuleManager: Shutting down and abandoning module LocalizationDashboard (426)
[2017.11.04-23.12.17:176][278]LogModuleManager: Shutting down and abandoning module LocalizationService (425)
[2017.11.04-23.12.17:176][278]LogModuleManager: Shutting down and abandoning module HardwareTargeting (422)
[2017.11.04-23.12.17:176][278]LogModuleManager: Shutting down and abandoning module DeviceProfileEditor (420)
[2017.11.04-23.12.17:177][278]LogModuleManager: Shutting down and abandoning module UndoHistory (418)
[2017.11.04-23.12.17:177][278]LogModuleManager: Shutting down and abandoning module XmlParser (416)
[2017.11.04-23.12.17:177][278]LogModuleManager: Shutting down and abandoning module Blutility (414)
[2017.11.04-23.12.17:177][278]LogModuleManager: Shutting down and abandoning module ProjectSettingsViewer (412)
[2017.11.04-23.12.17:177][278]LogModuleManager: Shutting down and abandoning module ProjectTargetPlatformEditor (411)
[2017.11.04-23.12.17:177][278]LogModuleManager: Shutting down and abandoning module EditorSettingsViewer (408)
[2017.11.04-23.12.17:177][278]LogModuleManager: Shutting down and abandoning module SettingsEditor (406)
[2017.11.04-23.12.17:177][278]LogModuleManager: Shutting down and abandoning module ProjectLauncher (404)
[2017.11.04-23.12.17:177][278]LogModuleManager: Shutting down and abandoning module SessionFrontend (402)
[2017.11.04-23.12.17:177][278]LogModuleManager: Shutting down and abandoning module ProfilerClient (400)
[2017.11.04-23.12.17:177][278]LogModuleManager: Shutting down and abandoning module DeviceManager (398)
[2017.11.04-23.12.17:177][278]LogModuleManager: Shutting down and abandoning module TargetDeviceServices (397)
[2017.11.04-23.12.17:220][278]LogModuleManager: Shutting down and abandoning module AutomationController (394)
[2017.11.04-23.12.17:220][278]LogModuleManager: Shutting down and abandoning module AutomationWindow (392)
[2017.11.04-23.12.17:220][278]LogModuleManager: Shutting down and abandoning module Layers (390)
[2017.11.04-23.12.17:221][278]LogModuleManager: Shutting down and abandoning module ComponentVisualizers (388)
[2017.11.04-23.12.17:221][278]LogModuleManager: Shutting down and abandoning module DetailCustomizations (386)
[2017.11.04-23.12.17:221][278]LogModuleManager: Shutting down and abandoning module PackagesDialog (384)
[2017.11.04-23.12.17:221][278]LogModuleManager: Shutting down and abandoning module Persona (382)
[2017.11.04-23.12.17:221][278]LogModuleManager: Shutting down and abandoning module AdvancedPreviewScene (381)
[2017.11.04-23.12.17:221][278]LogModuleManager: Shutting down and abandoning module AnimGraph (379)
[2017.11.04-23.12.17:221][278]LogModuleManager: Shutting down and abandoning module Kismet (376)
[2017.11.04-23.12.17:222][278]LogModuleManager: Shutting down and abandoning module ClassViewer (374)
[2017.11.04-23.12.17:222][278]LogModuleManager: Shutting down and abandoning module Toolbox (372)
[2017.11.04-23.12.17:222][278]LogModuleManager: Shutting down and abandoning module ModuleUI (370)
[2017.11.04-23.12.17:222][278]LogModuleManager: Shutting down and abandoning module MovieSceneTools (368)
[2017.11.04-23.12.17:222][278]LogModuleManager: Shutting down and abandoning module OutputLog (366)
[2017.11.04-23.12.17:222][278]LogModuleManager: Shutting down and abandoning module GammaUI (364)
[2017.11.04-23.12.17:222][278]LogModuleManager: Shutting down and abandoning module Documentation (362)
[2017.11.04-23.12.17:222][278]LogModuleManager: Shutting down and abandoning module MovieSceneTracks (360)
[2017.11.04-23.12.17:222][278]LogModuleManager: Shutting down and abandoning module MovieScene (358)
[2017.11.04-23.12.17:222][278]LogModuleManager: Shutting down and abandoning module Niagara (356)
[2017.11.04-23.12.17:222][278]LogModuleManager: Shutting down and abandoning module NiagaraEditor (355)
[2017.11.04-23.12.17:222][278]LogModuleManager: Shutting down and abandoning module StreamingPauseRendering (352)
[2017.11.04-23.12.17:222][278]LogModuleManager: Shutting down and abandoning module LauncherPlatform (350)
[2017.11.04-23.12.17:222][278]LogModuleManager: Shutting down and abandoning module AnalyticsET (348)
[2017.11.04-23.12.17:222][278]LogModuleManager: Shutting down and abandoning module PortalServices (346)
[2017.11.04-23.12.17:222][278]LogModuleManager: Shutting down and abandoning module PortalRpc (344)
[2017.11.04-23.12.17:222][278]LogModuleManager: Shutting down and abandoning module MessagingRpc (342)
[2017.11.04-23.12.17:222][278]LogModuleManager: Shutting down and abandoning module AIModule (340)
[2017.11.04-23.12.17:223][278]LogModuleManager: Shutting down and abandoning module GameplayDebugger (339)
[2017.11.04-23.12.17:223][278]LogModuleManager: Shutting down and abandoning module AITestSuite (337)
[2017.11.04-23.12.17:223][278]LogModuleManager: Shutting down and abandoning module ProfilerService (334)
[2017.11.04-23.12.17:420][278]LogModuleManager: Shutting down and abandoning module TaskGraph (332)
[2017.11.04-23.12.17:420][278]LogModuleManager: Shutting down and abandoning module SteamVRController (330)
[2017.11.04-23.12.17:420][278]LogModuleManager: Shutting down and abandoning module ProceduralMeshComponentEditor (328)
[2017.11.04-23.12.17:420][278]LogModuleManager: Shutting down and abandoning module ProceduralMeshComponent (326)
[2017.11.04-23.12.17:421][278]LogModuleManager: Shutting down and abandoning module OculusInput (324)
[2017.11.04-23.12.17:421][278]LogModuleManager: Shutting down and abandoning module MobilePatchingUtils (322)
[2017.11.04-23.12.17:421][278]LogModuleManager: Shutting down and abandoning module CustomMeshComponent (320)
[2017.11.04-23.12.17:421][278]LogModuleManager: Shutting down and abandoning module CableComponent (318)
[2017.11.04-23.12.17:421][278]LogModuleManager: Shutting down and abandoning module ArchVisCharacter (316)
[2017.11.04-23.12.17:421][278]LogModuleManager: Shutting down and abandoning module AndroidPermission (314)
[2017.11.04-23.12.17:421][278]LogModuleManager: Shutting down and abandoning module MediaPlayerEditor (310)
[2017.11.04-23.12.17:421][278]LogModuleManager: Shutting down and abandoning module HTML5Networking (308)
[2017.11.04-23.12.17:421][278]LogModuleManager: Shutting down and abandoning module AlembicImporter (306)
[2017.11.04-23.12.17:421][278]LogModuleManager: Shutting down and abandoning module AlembicLibrary (305)
[2017.11.04-23.12.17:421][278]LogModuleManager: Shutting down and abandoning module GeometryCache (304)
[2017.11.04-23.12.17:421][278]LogModuleManager: Shutting down and abandoning module GeometryCacheEd (303)
[2017.11.04-23.12.17:421][278]LogModuleManager: Shutting down and abandoning module SpeedTreeImporter (298)
[2017.11.04-23.12.17:421][278]LogModuleManager: Shutting down and abandoning module PluginBrowser (296)
[2017.11.04-23.12.17:421][278]LogModuleManager: Shutting down and abandoning module MobileLauncherProfileWizard (294)
[2017.11.04-23.12.17:421][278]LogModuleManager: Shutting down and abandoning module VisualStudioSourceCodeAccess (292)
[2017.11.04-23.12.17:421][278]LogModuleManager: Shutting down and abandoning module DesktopPlatform (291)
[2017.11.04-23.12.17:421][278]LogModuleManager: Shutting down and abandoning module UObjectPlugin (288)
[2017.11.04-23.12.17:421][278]LogModuleManager: Shutting down and abandoning module SubversionSourceControl (286)
[2017.11.04-23.12.17:421][278]LogModuleManager: Shutting down and abandoning module PerforceSourceControl (284)
[2017.11.04-23.12.17:421][278]LogModuleManager: Shutting down and abandoning module GitSourceControl (282)
[2017.11.04-23.12.17:421][278]LogModuleManager: Shutting down and abandoning module SourceControl (281)
[2017.11.04-23.12.17:421][278]LogModuleManager: Shutting down and abandoning module LightPropagationVolumeEditor (278)
[2017.11.04-23.12.17:421][278]LogModuleManager: Shutting down and abandoning module PaperTiledImporter (276)
[2017.11.04-23.12.17:421][278]LogModuleManager: Shutting down and abandoning module PaperSpriteSheetImporter (274)
[2017.11.04-23.12.17:421][278]LogModuleManager: Shutting down and abandoning module Paper2DEditor (272)
[2017.11.04-23.12.17:422][278]LogModuleManager: Shutting down and abandoning module MeshPaint (271)
[2017.11.04-23.12.17:422][278]LogModuleManager: Shutting down and abandoning module LevelEditor (269)
[2017.11.04-23.12.17:422][278]LogModuleManager: Shutting down and abandoning module PixelInspectorModule (268)
[2017.11.04-23.12.17:422][278]LogModuleManager: Shutting down and abandoning module MainFrame (266)
[2017.11.04-23.12.17:423][278]LogModuleManager: Shutting down and abandoning module HotReload (265)
[2017.11.04-23.12.17:423][278]LogModuleManager: Shutting down and abandoning module RuntimePhysXCooking (260)
[2017.11.04-23.12.17:423][278]LogModuleManager: Shutting down and abandoning module PhysXVehiclesEditor (258)
[2017.11.04-23.12.17:423][278]LogModuleManager: Shutting down and abandoning module PhysXVehicles (256)
[2017.11.04-23.12.17:423][278]LogModuleManager: Shutting down and abandoning module OculusEditor (254)
[2017.11.04-23.12.17:423][278]LogModuleManager: Shutting down and abandoning module LocationServicesBPLibrary (252)
[2017.11.04-23.12.17:423][278]LogModuleManager: Shutting down and abandoning module ImmediatePhysicsEditor (250)
[2017.11.04-23.12.17:423][278]LogModuleManager: Shutting down and abandoning module ImmediatePhysics (248)
[2017.11.04-23.12.17:423][278]LogModuleManager: Shutting down and abandoning module UdpMessaging (246)
[2017.11.04-23.12.17:525][278]LogModuleManager: Shutting down and abandoning module TcpMessaging (244)
[2017.11.04-23.12.17:626][278]LogModuleManager: Shutting down and abandoning module GameplayTagsEditor (242)
[2017.11.04-23.12.17:626][278]LogModuleManager: Shutting down and abandoning module FacialAnimationEditor (240)
[2017.11.04-23.12.17:626][278]LogModuleManager: Shutting down and abandoning module FacialAnimation (238)
[2017.11.04-23.12.17:626][278]LogModuleManager: Shutting down and abandoning module AssetManagerEditor (236)
[2017.11.04-23.12.17:626][278]LogModuleManager: Shutting down and abandoning module GraphEditor (235)
[2017.11.04-23.12.17:626][278]LogModuleManager: Shutting down and abandoning module ContentBrowser (233)
[2017.11.04-23.12.17:627][278]LogModuleManager: Shutting down and abandoning module LightPropagationVolumeRuntime (230)
[2017.11.04-23.12.17:627][278]LogModuleManager: Shutting down and abandoning module Paper2D (228)
[2017.11.04-23.12.17:627][278]LogModuleManager: Shutting down and abandoning module WindowsMoviePlayer (226)
[2017.11.04-23.12.17:627][278]LogModuleManager: Shutting down and abandoning module WmfMedia (224)
[2017.11.04-23.12.17:628][278]LogModuleManager: Shutting down and abandoning module PacketHandler (222)
[2017.11.04-23.12.17:628][278]LogModuleManager: Shutting down and abandoning module ClothingSystemEditor (220)
[2017.11.04-23.12.17:628][278]LogModuleManager: Shutting down and abandoning module ClothingSystemRuntime (218)
[2017.11.04-23.12.17:628][278]LogModuleManager: Shutting down and abandoning module Overlay (216)
[2017.11.04-23.12.17:628][278]LogModuleManager: Shutting down and abandoning module OverlayEditor (215)
[2017.11.04-23.12.17:628][278]LogModuleManager: Shutting down and abandoning module MediaAssets (212)
[2017.11.04-23.12.17:628][278]LogModuleManager: Shutting down and abandoning module VREditor (210)
[2017.11.04-23.12.17:628][278]LogModuleManager: Shutting down and abandoning module StringTableEditor (208)
[2017.11.04-23.12.17:628][278]LogModuleManager: Shutting down and abandoning module GameplayTasksEditor (206)
[2017.11.04-23.12.17:628][278]LogModuleManager: Shutting down and abandoning module BehaviorTreeEditor (204)
[2017.11.04-23.12.17:628][278]LogModuleManager: Shutting down and abandoning module FunctionalTesting (202)
[2017.11.04-23.12.17:628][278]LogModuleManager: Shutting down and abandoning module CollisionAnalyzer (200)
[2017.11.04-23.12.17:628][278]LogModuleManager: Shutting down and abandoning module WorkspaceMenuStructure (199)
[2017.11.04-23.12.17:628][278]LogModuleManager: Shutting down and abandoning module UMG (196)
[2017.11.04-23.12.17:628][278]LogModuleManager: Shutting down and abandoning module UMGEditor (195)
[2017.11.04-23.12.17:628][278]LogModuleManager: Shutting down and abandoning module Sequencer (194)
[2017.11.04-23.12.17:629][278]LogModuleManager: Shutting down and abandoning module MessageLog (191)
[2017.11.04-23.12.17:629][278]LogModuleManager: Shutting down and abandoning module SlateReflector (186)
[2017.11.04-23.12.17:629][278]LogModuleManager: Shutting down and abandoning module Slate (184)
[2017.11.04-23.12.17:629][278]LogModuleManager: Shutting down and abandoning module EditorStyle (182)
[2017.11.04-23.12.17:632][278]LogModuleManager: Shutting down and abandoning module MRMesh (180)
[2017.11.04-23.12.17:632][278]LogModuleManager: Shutting down and abandoning module SourceCodeAccess (178)
[2017.11.04-23.12.17:632][278]LogModuleManager: Shutting down and abandoning module HeadMountedDisplay (176)
[2017.11.04-23.12.17:632][278]LogModuleManager: Shutting down and abandoning module XAudio2 (174)
[2017.11.04-23.12.17:632][278]LogModuleManager: Shutting down and abandoning module Networking (172)
[2017.11.04-23.12.17:632][278]LogModuleManager: Shutting down and abandoning module Core (168)
[2017.11.04-23.12.17:632][278]LogModuleManager: Shutting down and abandoning module KismetCompiler (164)
[2017.11.04-23.12.17:632][278]LogModuleManager: Shutting down and abandoning module LevelSequence (162)
[2017.11.04-23.12.17:632][278]LogModuleManager: Shutting down and abandoning module MeshUtilities (160)
[2017.11.04-23.12.17:632][278]LogModuleManager: Shutting down and abandoning module MeshMergeUtilities (159)
[2017.11.04-23.12.17:632][278]LogModuleManager: Shutting down and abandoning module MeshReductionInterface (158)
[2017.11.04-23.12.17:632][278]LogModuleManager: Shutting down and abandoning module SimplygonSwarm (157)
[2017.11.04-23.12.17:632][278]LogModuleManager: Shutting down and abandoning module SimplygonMeshReduction (155)
[2017.11.04-23.12.17:632][278]LogModuleManager: Shutting down and abandoning module QuadricMeshReduction (153)
[2017.11.04-23.12.17:632][278]LogModuleManager: Shutting down and abandoning module MaterialBaking (149)
[2017.11.04-23.12.17:632][278]LogModuleManager: Shutting down and abandoning module DirectoryWatcher (146)
[2017.11.04-23.12.17:633][278]LogModuleManager: Shutting down and abandoning module DerivedDataCache (144)
[2017.11.04-23.12.17:730][278]LogDerivedDataCache: Shutdown
[2017.11.04-23.12.17:731][278]LogModuleManager: Shutting down and abandoning module TargetPlatform (142)
[2017.11.04-23.12.17:731][278]LogModuleManager: Shutting down and abandoning module VulkanShaderFormat (141)
[2017.11.04-23.12.17:731][278]LogModuleManager: Shutting down and abandoning module ShaderFormatVectorVM (139)
[2017.11.04-23.12.17:731][278]LogModuleManager: Shutting down and abandoning module ShaderFormatOpenGL (137)
[2017.11.04-23.12.17:731][278]LogModuleManager: Shutting down and abandoning module ShaderFormatD3D (135)
[2017.11.04-23.12.17:731][278]LogModuleManager: Shutting down and abandoning module MetalShaderFormat (133)
[2017.11.04-23.12.17:731][278]LogModuleManager: Shutting down and abandoning module TextureFormatUncompressed (131)
[2017.11.04-23.12.17:731][278]LogModuleManager: Shutting down and abandoning module TextureFormatPVR (129)
[2017.11.04-23.12.17:731][278]LogModuleManager: Shutting down and abandoning module TextureFormatDXT (127)
[2017.11.04-23.12.17:731][278]LogModuleManager: Shutting down and abandoning module TextureFormatIntelISPCTexComp (125)
[2017.11.04-23.12.17:731][278]LogModuleManager: Shutting down and abandoning module TextureFormatASTC (123)
[2017.11.04-23.12.17:731][278]LogModuleManager: Shutting down and abandoning module ImageWrapper (122)
[2017.11.04-23.12.17:731][278]LogModuleManager: Shutting down and abandoning module TextureFormatAndroid (119)
[2017.11.04-23.12.17:731][278]LogModuleManager: Shutting down and abandoning module AudioFormatOpus (117)
[2017.11.04-23.12.17:731][278]LogModuleManager: Shutting down and abandoning module AudioFormatOgg (115)
[2017.11.04-23.12.17:731][278]LogModuleManager: Shutting down and abandoning module AudioFormatADPCM (113)
[2017.11.04-23.12.17:731][278]LogModuleManager: Shutting down and abandoning module LinuxTargetPlatform (111)
[2017.11.04-23.12.17:731][278]LogModuleManager: Shutting down and abandoning module LinuxServerTargetPlatform (109)
[2017.11.04-23.12.17:731][278]LogModuleManager: Shutting down and abandoning module LinuxNoEditorTargetPlatform (107)
[2017.11.04-23.12.17:731][278]LogModuleManager: Shutting down and abandoning module LinuxClientTargetPlatform (105)
[2017.11.04-23.12.17:731][278]LogModuleManager: Shutting down and abandoning module TVOSTargetPlatform (103)
[2017.11.04-23.12.17:731][278]LogModuleManager: Shutting down and abandoning module Messaging (101)
[2017.11.04-23.12.17:731][278]LogModuleManager: Shutting down and abandoning module IOSTargetPlatform (99)
[2017.11.04-23.12.17:731][278]LogModuleManager: Shutting down and abandoning module HTML5TargetPlatform (97)
[2017.11.04-23.12.17:731][278]LogModuleManager: Shutting down and abandoning module Android_PVRTCTargetPlatform (95)
[2017.11.04-23.12.17:731][278]LogModuleManager: Shutting down and abandoning module Android_MultiTargetPlatform (93)
[2017.11.04-23.12.17:731][278]LogModuleManager: Shutting down and abandoning module Android_ETC2TargetPlatform (91)
[2017.11.04-23.12.17:731][278]LogModuleManager: Shutting down and abandoning module Android_ETC1TargetPlatform (89)
[2017.11.04-23.12.17:731][278]LogModuleManager: Shutting down and abandoning module Android_DXTTargetPlatform (87)
[2017.11.04-23.12.17:731][278]LogModuleManager: Shutting down and abandoning module Android_ATCTargetPlatform (85)
[2017.11.04-23.12.17:732][278]LogModuleManager: Shutting down and abandoning module Android_ASTCTargetPlatform (83)
[2017.11.04-23.12.17:732][278]LogModuleManager: Shutting down and abandoning module AndroidTargetPlatform (81)
[2017.11.04-23.12.17:732][278]LogModuleManager: Shutting down and abandoning module WindowsTargetPlatform (79)
[2017.11.04-23.12.17:732][278]LogModuleManager: Shutting down and abandoning module WindowsServerTargetPlatform (77)
[2017.11.04-23.12.17:732][278]LogModuleManager: Shutting down and abandoning module WindowsNoEditorTargetPlatform (75)
[2017.11.04-23.12.17:732][278]LogModuleManager: Shutting down and abandoning module WindowsClientTargetPlatform (73)
[2017.11.04-23.12.17:732][278]LogModuleManager: Shutting down and abandoning module MacTargetPlatform (71)
[2017.11.04-23.12.17:732][278]LogModuleManager: Shutting down and abandoning module MacServerTargetPlatform (69)
[2017.11.04-23.12.17:732][278]LogModuleManager: Shutting down and abandoning module MacNoEditorTargetPlatform (67)
[2017.11.04-23.12.17:732][278]LogModuleManager: Shutting down and abandoning module MacClientTargetPlatform (65)
[2017.11.04-23.12.17:732][278]LogModuleManager: Shutting down and abandoning module AllDesktopTargetPlatform (63)
[2017.11.04-23.12.17:732][278]LogModuleManager: Shutting down and abandoning module InputCore (60)
[2017.11.04-23.12.17:732][278]LogModuleManager: Shutting down and abandoning module Settings (58)
[2017.11.04-23.12.17:732][278]LogModuleManager: Shutting down and abandoning module PhysXCooking (56)
[2017.11.04-23.12.17:732][278]LogModuleManager: Shutting down and abandoning module SteamVR (54)
[2017.11.04-23.12.17:732][278]LogModuleManager: Shutting down and abandoning module OculusHMD (52)
[2017.11.04-23.12.17:732][278]LogModuleManager: Shutting down and abandoning module ExampleDeviceProfileSelector (50)
[2017.11.04-23.12.17:732][278]LogModuleManager: Shutting down and abandoning module OnlineBlueprintSupport (48)
[2017.11.04-23.12.17:732][278]LogModuleManager: Shutting down and abandoning module OnlineSubsystem (44)
[2017.11.04-23.12.17:732][278]LogOnline: Display: Unloading online subsystem: NULL
[2017.11.04-23.12.17:732][278]LogModuleManager: Shutting down and abandoning module XMPP (43)
[2017.11.04-23.12.17:732][278]LogModuleManager: Shutting down and abandoning module HTTP (41)
[2017.11.04-23.12.17:732][278]LogHttp: Display: Http module shutting down, but needs to wait on 1 outstanding Http requests:
[2017.11.04-23.12.17:732][278]LogHttp: Display: 	verb=[POST] url=[https://datarouter.ol.epicgames.com/datarouter/api/v1/public/data?SessionID=%7BF10785D6-47EF-8B24-839B-C3B87447F525%7D&AppID=UEEditor.Rocket.Release&AppVersion=4.17.1-3586342%2B%2B%2BUE4%2BRelease-4.17&UserID=3dcaa2f44273f293b8620e9ccceda48f%7Cc4c73b6a20b2478486b3cf4699d32010%7Ce735a183-8601-4563-9834-2f41d75de82f&AppEnvironment=datacollector-binary&UploadType=eteventstream] status=Processing
[2017.11.04-23.12.17:761][278]LogModuleManager: Shutting down and abandoning module SSL (40)
[2017.11.04-23.12.17:764][278]LogModuleManager: Shutting down and abandoning module AnimationModifiers (36)
[2017.11.04-23.12.17:764][278]LogModuleManager: Shutting down and abandoning module PropertyEditor (35)
[2017.11.04-23.12.17:764][278]LogModuleManager: Shutting down and abandoning module AudioEditor (32)
[2017.11.04-23.12.17:764][278]LogModuleManager: Shutting down and abandoning module TextureCompressor (30)
[2017.11.04-23.12.17:764][278]LogModuleManager: Shutting down and abandoning module ShaderCore (28)
[2017.11.04-23.12.17:764][278]LogModuleManager: Shutting down and abandoning module Landscape (26)
[2017.11.04-23.12.17:764][278]LogModuleManager: Shutting down and abandoning module SlateRHIRenderer (24)
[2017.11.04-23.12.17:765][278]LogModuleManager: Shutting down and abandoning module OpenGLDrv (22)
[2017.11.04-23.12.17:765][278]LogModuleManager: Shutting down and abandoning module D3D11RHI (20)
[2017.11.04-23.12.17:765][278]LogModuleManager: Shutting down and abandoning module AnimGraphRuntime (18)
[2017.11.04-23.12.17:765][278]LogModuleManager: Shutting down and abandoning module Renderer (16)
[2017.11.04-23.12.17:765][278]LogModuleManager: Shutting down and abandoning module Engine (14)
[2017.11.04-23.12.17:765][278]LogModuleManager: Shutting down and abandoning module CoreUObject (12)
[2017.11.04-23.12.17:765][278]LogModuleManager: Shutting down and abandoning module NetworkFile (10)
[2017.11.04-23.12.17:765][278]LogModuleManager: Shutting down and abandoning module CookedIterativeFile (8)
[2017.11.04-23.12.17:765][278]LogModuleManager: Shutting down and abandoning module StreamingFile (6)
[2017.11.04-23.12.17:765][278]LogModuleManager: Shutting down and abandoning module SandboxFile (4)
[2017.11.04-23.12.17:765][278]LogModuleManager: Shutting down and abandoning module PakFile (2)
[2017.11.04-23.12.17:770][278]LogExit: Exiting.
[2017.11.04-23.12.17:782][278]Log file closed, 11/04/17 17:12:17
