Log file open, 10/18/17 13:18:28
LogWindows: LoadLibraryWithSearchPaths failed for file aqProf.dll. GetLastError=0
LogWindows: LoadLibraryWithSearchPaths failed for file VSPerf140.dll. GetLastError=0
LogWindows: LoadLibraryWithSearchPaths failed for file VtuneApi.dll. GetLastError=0
LogWindows: LoadLibraryWithSearchPaths failed for file VtuneApi32e.dll. GetLastError=0
LogInit: Display: Running engine for game: TeamPain
LogPlatformFile: Not using cached read wrapper
LogInit: Display: RandInit(780385465) SRandInit(780385465).
LogTaskGraph: Started task graph with 5 named threads and 14 total threads with 3 sets of task threads.
LogStats: Stats thread started at 0.227628
LogD3D11RHI: Aftermath initialized
LogPluginManager: Mounting plugin Paper2D
LogPluginManager: Mounting plugin LightPropagationVolume
LogPluginManager: Mounting plugin CodeLiteSourceCodeAccess
LogPluginManager: Mounting plugin GitSourceControl
LogPluginManager: Mounting plugin KDevelopSourceCodeAccess
LogPluginManager: Mounting plugin NullSourceCodeAccess
LogPluginManager: Mounting plugin PerforceSourceControl
LogPluginManager: Mounting plugin SubversionSourceControl
LogPluginManager: Mounting plugin UObjectPlugin
LogPluginManager: Mounting plugin VisualStudioSourceCodeAccess
LogPluginManager: Mounting plugin XCodeSourceCodeAccess
LogPluginManager: Mounting plugin AssetManagerEditor
LogPluginManager: Mounting plugin AudioCapture
LogPluginManager: Mounting plugin FacialAnimation
LogPluginManager: Mounting plugin GameplayTagsEditor
LogPluginManager: Mounting plugin MobileLauncherProfileWizard
LogPluginManager: Mounting plugin PluginBrowser
LogPluginManager: Mounting plugin SpeedTreeImporter
LogPluginManager: Mounting plugin AlembicImporter
LogPluginManager: Mounting plugin CharacterAI
LogPluginManager: Mounting plugin HTML5Networking
LogPluginManager: Mounting plugin AndroidMedia
LogPluginManager: Mounting plugin AvfMedia
LogPluginManager: Mounting plugin MediaPlayerEditor
LogPluginManager: Mounting plugin WmfMedia
LogPluginManager: Mounting plugin TcpMessaging
LogPluginManager: Mounting plugin UdpMessaging
LogPluginManager: Mounting plugin LevelSequenceEditor
LogPluginManager: Mounting plugin MatineeToLevelSequence
LogPluginManager: Mounting plugin OnlineSubsystemGooglePlay
LogPluginManager: Mounting plugin OnlineSubsystemIOS
LogPluginManager: Mounting plugin OnlineSubsystem
LogPluginManager: Mounting plugin OnlineSubsystemNull
LogPluginManager: Mounting plugin OnlineSubsystemUtils
LogPluginManager: Mounting plugin AndroidDeviceProfileSelector
LogPluginManager: Mounting plugin AndroidMoviePlayer
LogPluginManager: Mounting plugin AndroidPermission
LogPluginManager: Mounting plugin AppleMoviePlayer
LogPluginManager: Mounting plugin ArchVisCharacter
LogPluginManager: Mounting plugin CableComponent
LogPluginManager: Mounting plugin CustomMeshComponent
LogPluginManager: Mounting plugin ExampleDeviceProfileSelector
LogPluginManager: Mounting plugin GoogleCloudMessaging
LogPluginManager: Mounting plugin ImmediatePhysics
LogPluginManager: Mounting plugin IOSDeviceProfileSelector
LogPluginManager: Mounting plugin LinuxDeviceProfileSelector
LogPluginManager: Mounting plugin LocationServicesBPLibrary
LogPluginManager: Mounting plugin MobilePatchingUtils
LogPluginManager: Mounting plugin OculusVR
LogPluginManager: Mounting plugin PhysXVehicles
LogPluginManager: Mounting plugin ProceduralMeshComponent
LogPluginManager: Mounting plugin RuntimePhysXCooking
LogPluginManager: Mounting plugin SteamVR
LogPluginManager: Mounting plugin WindowsMoviePlayer
LogInit: Using libcurl 7.47.1
LogInit:  - built for x86_64-pc-win32
LogInit:  - supports SSL with OpenSSL/1.0.2g
LogInit:  - supports HTTP deflate (compression) using libz 1.2.8
LogInit:  - other features:
LogInit:      CURL_VERSION_SSL
LogInit:      CURL_VERSION_LIBZ
LogInit:      CURL_VERSION_IPV6
LogInit:      CURL_VERSION_ASYNCHDNS
LogInit:      CURL_VERSION_LARGEFILE
LogInit:      CURL_VERSION_IDN
LogInit:  CurlRequestOptions (configurable via config and command line):
LogInit:  - bVerifyPeer = false  - Libcurl will NOT verify peer certificate
LogInit:  - bUseHttpProxy = false  - Libcurl will NOT use HTTP proxy
LogInit:  - bDontReuseConnections = false  - Libcurl will reuse connections
LogInit:  - CertBundlePath = nullptr  - Libcurl will use whatever was configured at build time.
LogInit: Build: ++UE4+Release-4.17-CL-3586342
LogInit: Engine Version: 4.17.1-3586342+++UE4+Release-4.17
LogInit: Compatible Engine Version: 4.17.0-3573198+++UE4+Release-4.17
LogInit: Net CL: 3573198
LogDevObjectVersion: Number of dev versions registered: 16
LogDevObjectVersion:   Dev-Blueprints (B0D832E4-1F89-4F0D-ACCF-7EB736FD4AA2): 10
LogDevObjectVersion:   Dev-Build (E1C64328-A22C-4D53-A36C-8E866417BD8C): 0
LogDevObjectVersion:   Dev-Core (375EC13C-06E4-48FB-B500-84F0262A717E): 2
LogDevObjectVersion:   Dev-Editor (E4B068ED-F494-42E9-A231-DA0B2E46BB41): 20
LogDevObjectVersion:   Dev-Framework (CFFC743F-43B0-4480-9391-14DF171D2073): 28
LogDevObjectVersion:   Dev-Mobile (B02B49B5-BB20-44E9-A304-32B752E40360): 0
LogDevObjectVersion:   Dev-Networking (A4E4105C-59A1-49B5-A7C5-40C4547EDFEE): 0
LogDevObjectVersion:   Dev-Online (39C831C9-5AE6-47DC-9A44-9C173E1C8E7C): 0
LogDevObjectVersion:   Dev-Physics (78F01B33-EBEA-4F98-B9B4-84EACCB95AA2): 0
LogDevObjectVersion:   Dev-Platform (6631380F-2D4D-43E0-8009-CF276956A95A): 0
LogDevObjectVersion:   Dev-Rendering (12F88B9F-8875-4AFC-A67C-D90C383ABD29): 19
LogDevObjectVersion:   Dev-Sequencer (7B5AE74C-D270-4C10-A958-57980B212A5A): 4
LogDevObjectVersion:   Dev-VR (D7296918-1DD6-4BDD-9DE2-64A83CC13884): 0
LogDevObjectVersion:   Dev-LoadTimes (C2A15278-BFE7-4AFE-6C17-90FF531DF755): 1
LogDevObjectVersion:   Private-Geometry (6EACA3D4-40EC-4CC1-B786-8BED09428FC5): 1
LogDevObjectVersion:   Dev-AnimPhys (29E575DD-E0A3-4627-9D10-D276232CDCEA): 7
LogInit: Compiled (64-bit): Aug 15 2017 02:05:26
LogInit: Compiled with Visual C++: 19.00.24215.01
LogInit: Build Configuration: Development
LogInit: Branch Name: ++UE4+Release-4.17
LogInit: Command line:  
LogInit: Base directory: C:/Program Files/Epic Games/UE_4.17/Engine/Binaries/Win64/
LogInit: Installed Engine Build: 1
LogInit: Presizing for max 8388607 objects, including 0 objects not considered by GC, pre-allocating 0 bytes for permanent pool.
LogInit: Object subsystem initialized
[2017.10.18-19.18.29:853][  0]LogInit: Selected Device Profile: [Windows]
[2017.10.18-19.18.29:853][  0]LogInit: Applying CVar settings loaded from the selected device profile: [Windows]
[2017.10.18-19.18.29:874][  0]LogInit: Computer: DESKTOP-06B5JCP
[2017.10.18-19.18.29:874][  0]LogInit: User: Aaron
[2017.10.18-19.18.29:874][  0]LogInit: CPU Page size=4096, Cores=4
[2017.10.18-19.18.29:874][  0]LogInit: High frequency timer resolution =2.742190 MHz
[2017.10.18-19.18.29:875][  0]LogMemory: Memory total: Physical=15.9GB (16GB approx)
[2017.10.18-19.18.29:875][  0]LogMemory: Platform Memory Stats for Windows
[2017.10.18-19.18.29:875][  0]LogMemory: Process Physical Memory: 276.82 MB used, 276.82 MB peak
[2017.10.18-19.18.29:875][  0]LogMemory: Process Virtual Memory: 274.39 MB used, 274.39 MB peak
[2017.10.18-19.18.29:875][  0]LogMemory: Physical Memory: 7344.56 MB used,  8905.61 MB free, 16250.17 MB total
[2017.10.18-19.18.29:875][  0]LogMemory: Virtual Memory: 668.91 MB used,  8905.61 MB free, 134217728.00 MB total
[2017.10.18-19.18.30:702][  0]LogInit: Using OS detected language (en-US).
[2017.10.18-19.18.30:702][  0]LogInit: Using OS detected locale (en-US).
[2017.10.18-19.18.30:706][  0]LogTextLocalizationManager: No specific localization for 'en-US' exists, so the 'en' localization will be used.
[2017.10.18-19.18.32:049][  0]LogD3D11RHI: D3D11 adapters:
[2017.10.18-19.18.32:135][  0]LogD3D11RHI:    0. 'NVIDIA GeForce GTX 1050 Ti' (Feature Level 11_0)
[2017.10.18-19.18.32:135][  0]LogD3D11RHI:       4016/0/8125 MB DedicatedVideo/DedicatedSystem/SharedSystem, Outputs:1, VendorId:0x10de
[2017.10.18-19.18.32:144][  0]LogD3D11RHI:    1. 'Intel(R) HD Graphics 630' (Feature Level 11_0)
[2017.10.18-19.18.32:144][  0]LogD3D11RHI:       128/0/8125 MB DedicatedVideo/DedicatedSystem/SharedSystem, Outputs:0, VendorId:0x8086
[2017.10.18-19.18.32:147][  0]LogD3D11RHI:    2. 'Microsoft Basic Render Driver' (Feature Level 11_0)
[2017.10.18-19.18.32:147][  0]LogD3D11RHI:       0/0/8125 MB DedicatedVideo/DedicatedSystem/SharedSystem, Outputs:0, VendorId:0x1414
[2017.10.18-19.18.32:147][  0]LogD3D11RHI: Chosen D3D11 Adapter: 0
[2017.10.18-19.18.32:158][  0]LogD3D11RHI: Creating new Direct3DDevice
[2017.10.18-19.18.32:158][  0]LogD3D11RHI:     GPU DeviceId: 0x1c8c (for the marketing name, search the web for "GPU Device Id")
[2017.10.18-19.18.32:158][  0]LogWindows: EnumDisplayDevices:
[2017.10.18-19.18.32:159][  0]LogWindows:    0. 'Intel(R) HD Graphics 630' (P:1 D:1)
[2017.10.18-19.18.32:159][  0]LogWindows:    1. 'Intel(R) HD Graphics 630' (P:0 D:0)
[2017.10.18-19.18.32:160][  0]LogWindows:    2. 'Intel(R) HD Graphics 630' (P:0 D:0)
[2017.10.18-19.18.32:160][  0]LogWindows:    3. 'NVIDIA GeForce GTX 1050 Ti' (P:0 D:0)
[2017.10.18-19.18.32:160][  0]LogWindows: DebugString: PrimaryIsNotTheChoosenAdapter PrimaryIsNotTheChoosenAdapter PrimaryIsNotTheChoosenAdapter 
[2017.10.18-19.18.32:160][  0]LogD3D11RHI:     Adapter Name: NVIDIA GeForce GTX 1050 Ti
[2017.10.18-19.18.32:160][  0]LogD3D11RHI:   Driver Version: 384.77 (internal:22.21.13.8477, unified:384.77)
[2017.10.18-19.18.32:160][  0]LogD3D11RHI:      Driver Date: 6-29-2017
[2017.10.18-19.18.32:160][  0]LogRHI: Texture pool is 1361 MB (70% of 1945 MB)
[2017.10.18-19.18.32:206][  0]LogD3D11RHI: Async texture creation enabled
[2017.10.18-19.18.32:222][  0]LogD3D11RHI: GPU Timing Frequency: 1000.000000 (Debug: 2 1)
[2017.10.18-19.18.32:224][  0]LogShaderCompilers: Guid format shader working directory is -19 characters bigger than the processId version (../../../../../../Users/namur/Documents/Unreal Projects/TeamPain/Intermediate/Shaders/WorkingDirectory/17944/).
[2017.10.18-19.18.32:224][  0]LogShaderCompilers: Cleaned the shader compiler working directory 'C:/Users/namur/AppData/Local/Temp/UnrealShaderWorkingDir/C03EBD0D440C7301F09AD8BAA8EED4C1/'.
[2017.10.18-19.18.32:224][  0]LogShaderCompilers: Display: Using Local Shader Compiler.
[2017.10.18-19.18.33:946][  0]LogTemp: Display: Loaded TP AllDesktopTargetPlatform
[2017.10.18-19.18.34:089][  0]LogTemp: Display: Loaded TP MacClientTargetPlatform
[2017.10.18-19.18.34:233][  0]LogTemp: Display: Loaded TP MacNoEditorTargetPlatform
[2017.10.18-19.18.34:394][  0]LogTemp: Display: Loaded TP MacServerTargetPlatform
[2017.10.18-19.18.34:542][  0]LogTemp: Display: Loaded TP MacTargetPlatform
[2017.10.18-19.18.34:680][  0]LogTemp: Display: Loaded TP WindowsClientTargetPlatform
[2017.10.18-19.18.34:858][  0]LogTemp: Display: Loaded TP WindowsNoEditorTargetPlatform
[2017.10.18-19.18.35:032][  0]LogTemp: Display: Loaded TP WindowsServerTargetPlatform
[2017.10.18-19.18.35:248][  0]LogTemp: Display: Loaded TP WindowsTargetPlatform
[2017.10.18-19.18.35:388][  0]LogTemp: Display: Loaded TP AndroidTargetPlatform
[2017.10.18-19.18.35:531][  0]LogTemp: Display: Loaded TP Android_ASTCTargetPlatform
[2017.10.18-19.18.35:678][  0]LogTemp: Display: Loaded TP Android_ATCTargetPlatform
[2017.10.18-19.18.35:841][  0]LogTemp: Display: Loaded TP Android_DXTTargetPlatform
[2017.10.18-19.18.35:974][  0]LogTemp: Display: Loaded TP Android_ETC1TargetPlatform
[2017.10.18-19.18.36:109][  0]LogTemp: Display: Loaded TP Android_ETC2TargetPlatform
[2017.10.18-19.18.36:357][  0]LogTemp: Display: Loaded TP Android_MultiTargetPlatform
[2017.10.18-19.18.36:357][  0]LogTemp: Display: Loaded TP Android_PVRTCTargetPlatform
[2017.10.18-19.18.36:488][  0]LogTemp: Display: Loaded TP HTML5TargetPlatform
[2017.10.18-19.18.36:692][  0]LogTemp: Display: Loaded TP IOSTargetPlatform
[2017.10.18-19.18.36:787][  0]LogTemp: Display: Loaded TP TVOSTargetPlatform
[2017.10.18-19.18.36:918][  0]LogTemp: Display: Loaded TP LinuxClientTargetPlatform
[2017.10.18-19.18.37:049][  0]LogTemp: Display: Loaded TP LinuxNoEditorTargetPlatform
[2017.10.18-19.18.37:186][  0]LogTemp: Display: Loaded TP LinuxServerTargetPlatform
[2017.10.18-19.18.37:314][  0]LogTemp: Display: Loaded TP LinuxTargetPlatform
[2017.10.18-19.18.37:314][  0]LogTargetPlatformManager: Display: Building Assets For Windows
[2017.10.18-19.18.38:769][  0]LogDerivedDataCache: Display: Max Cache Size: 512 MB
[2017.10.18-19.18.38:934][  0]LogDerivedDataCache: Loaded boot cache 0.17s 93MB C:/Users/namur/AppData/Local/UnrealEngine/4.17/DerivedDataCache/Boot.ddc.
[2017.10.18-19.18.38:935][  0]LogDerivedDataCache: Display: Loaded Boot cache: C:/Users/namur/AppData/Local/UnrealEngine/4.17/DerivedDataCache/Boot.ddc
[2017.10.18-19.18.38:936][  0]LogDerivedDataCache: FDerivedDataBackendGraph:  Pak pak cache file ../../../../../../Users/namur/Documents/Unreal Projects/TeamPain/DerivedDataCache/DDC.ddp not found, will not use a pak cache.
[2017.10.18-19.18.38:936][  0]LogDerivedDataCache: Unable to find inner node Pak for hierarchical cache Hierarchy.
[2017.10.18-19.18.38:936][  0]LogDerivedDataCache: FDerivedDataBackendGraph:  CompressedPak pak cache file ../../../../../../Users/namur/Documents/Unreal Projects/TeamPain/DerivedDataCache/Compressed.ddp not found, will not use a pak cache.
[2017.10.18-19.18.38:936][  0]LogDerivedDataCache: Unable to find inner node CompressedPak for hierarchical cache Hierarchy.
[2017.10.18-19.18.38:958][  0]LogDerivedDataCache: Display: Pak cache opened for reading ../../../Engine/DerivedDataCache/Compressed.ddp.
[2017.10.18-19.18.38:971][  0]LogDerivedDataCache: Using Local data cache path C:/Users/namur/AppData/Local/UnrealEngine/Common/DerivedDataCache: Writable
[2017.10.18-19.18.38:988][  0]LogMaterial: Verifying Global Shaders for PCD3D_SM5
[2017.10.18-19.18.38:988][  0]LogSlate: Using Freetype 2.6.0
[2017.10.18-19.18.38:989][  0]LogSlate: SlateFontCache - WITH_FREETYPE: 1, WITH_HARFBUZZ: 1
[2017.10.18-19.18.38:989][  0]LogSlate: SlateFontCache - WITH_FREETYPE: 1, WITH_HARFBUZZ: 1
[2017.10.18-19.18.39:425][  0]LogAssetRegistry: FAssetRegistry took 0.0301 seconds to start up
[2017.10.18-19.18.39:660][  0]LogInit: Selected Device Profile: [Windows]
[2017.10.18-19.18.39:933][  0]LogContentStreaming: Texture pool size is 0.00 MB
[2017.10.18-19.18.40:719][  0]LogSimplygon: Simplygon DLL not present - disabling.
[2017.10.18-19.18.40:848][  0]LogMeshReduction: Using SimplygonSwarm for distributed automatic mesh merging
[2017.10.18-19.18.40:848][  0]LogMeshReduction: Using QuadricMeshReduction for automatic static mesh reduction
[2017.10.18-19.18.40:848][  0]LogMeshReduction: No automatic skeletal mesh reduction module available
[2017.10.18-19.18.40:848][  0]LogMeshReduction: No automatic mesh merging module available
[2017.10.18-19.18.40:848][  0]LogMeshMerging: No automatic mesh merging module available
[2017.10.18-19.18.41:504][  0]LogNetVersion: TeamPain , NetCL: 3573198, EngineNetVer: 2, GameNetVer: 0 (Checksum: 1519948437)
[2017.10.18-19.18.42:119][  0]LogPackageLocalizationCache: Processed 5 localized package path(s) for 2 prioritized culture(s) in 0.138363 seconds
[2017.10.18-19.18.42:129][  0]LogUObjectArray: 35825 objects as part of root set at end of initial load.
[2017.10.18-19.18.42:129][  0]LogUObjectAllocator: 7529112 out of 0 bytes used by permanent object pool.
[2017.10.18-19.18.42:129][  0]LogUObjectArray: CloseDisregardForGC: 0/0 objects in disregard for GC pool
[2017.10.18-19.18.42:327][  0]LogInit: WinSock: version 1.1 (2.2), MaxSocks=32767, MaxUdp=65467
[2017.10.18-19.18.48:616][  0]LogTcpMessaging: Initializing TcpMessaging bridge
[2017.10.18-19.18.48:707][  0]LogUdpMessaging: Initializing bridge on interface 0.0.0.0:0 to multicast group 230.0.0.1:6666.
[2017.10.18-19.18.50:852][  0]LogMaterial: Uniform references updated for custom material expression Custom.
[2017.10.18-19.18.51:854][  0]SourceControl: Source control is disabled
[2017.10.18-19.18.51:855][  0]SourceControl: Source control is disabled
[2017.10.18-19.18.51:995][  0]SourceControl: Source control is disabled
[2017.10.18-19.18.52:124][  0]SourceControl: Source control is disabled
[2017.10.18-19.18.53:749][  0]LogAndroidPermission: UAndroidPermissionCallbackProxy::GetInstance
[2017.10.18-19.18.54:397][  0]LogOcInput: OculusInput pre-init called
[2017.10.18-19.18.55:065][  0]LogEngine: Initializing Engine...
[2017.10.18-19.18.55:068][  0]LogHMD: Failed to initialize OpenVR with code 110
[2017.10.18-19.18.55:476][  0]LogStats: UGameplayTagsManager::ConstructGameplayTagTree: Construct from data asset -  0.000 s
[2017.10.18-19.18.55:476][  0]LogStats: UGameplayTagsManager::ConstructGameplayTagTree: GameplayTagTreeChangedEvent.Broadcast -  0.000 s
[2017.10.18-19.18.55:861][  0]LogAIModule: Creating AISystem for world Untitled
[2017.10.18-19.18.55:870][  0]LogInit: XAudio2 using 'Speakers / Headphones (Realtek Audio)' : 2 channels at 48 kHz using 32 bits per sample (channel mask 0x3)
[2017.10.18-19.18.55:947][  0]LogInit: FAudioDevice initialized.
[2017.10.18-19.18.56:061][  0]LogDerivedDataCache: Saved boot cache 0.11s 93MB C:/Users/namur/AppData/Local/UnrealEngine/4.17/DerivedDataCache/Boot.ddc.
[2017.10.18-19.18.56:102][  0]LogInit: Texture streaming: Enabled
[2017.10.18-19.18.56:452][  0]LogEngineSessionManager: EngineSessionManager initialized
[2017.10.18-19.18.57:044][  0]LogInit: Transaction tracking system initialized
[2017.10.18-19.18.57:938][  0]BlueprintLog: New page: Editor Load
[2017.10.18-19.19.00:503][  0]LocalizationService: Localization service is disabled
[2017.10.18-19.19.02:722][  0]LogConsoleResponse: Display: 
[2017.10.18-19.19.03:066][  0]LogCook: Display: Max memory allowance for cook 16384mb min free memory 0mb
[2017.10.18-19.19.03:067][  0]LogCook: Display: Mobile HDR setting 1
[2017.10.18-19.19.03:067][  0]LogGameplayTags: Display: UGameplayTagsManager::DoneAddingNativeTags. DelegateIsBound: 0
[2017.10.18-19.19.03:924][  0]LogFileCache: Scanning file cache for directory 'C:/Users/namur/Documents/Unreal Projects/TeamPain/Content/' took 0.03s
[2017.10.18-19.19.05:924][  0]SourceControl: Source control is disabled
[2017.10.18-19.19.05:924][  0]Cmd: MAP LOAD FILE="../../../../../../Users/namur/Documents/Unreal Projects/TeamPain/Content/StarterContent/Maps/Minimal_Default.umap" TEMPLATE=0 SHOWPROGRESS=1 FEATURELEVEL=3
[2017.10.18-19.19.05:925][  0]LightingResults: New page: Lighting Build
[2017.10.18-19.19.06:041][  0]MapCheck: New page: Map Check
[2017.10.18-19.19.06:041][  0]LightingResults: New page: Lighting Build
[2017.10.18-19.19.06:391][  0]LogAIModule: Creating AISystem for world Minimal_Default
[2017.10.18-19.19.06:424][  0]LogEditorServer: Finished looking for orphan Actors (0.000 secs)
[2017.10.18-19.19.06:453][  0]Cmd: MAP CHECKDEP NOCLEARLOG
[2017.10.18-19.19.06:578][  0]MapCheck: Map check complete: 0 Error(s), 0 Warning(s), took 125.138ms to complete.
[2017.10.18-19.19.06:578][  0]LogFileHelpers: Loading map 'Minimal_Default' took 0.654
[2017.10.18-19.19.06:640][  0]LogWindowsTextInputMethodSystem: Display: IME system now deactivated.
[2017.10.18-19.19.06:755][  0]LogCollectionManager: Loaded 0 collections in 0.006906 seconds
[2017.10.18-19.19.06:922][  0]LogFileCache: Scanning file cache for directory 'C:/Users/namur/Documents/Unreal Projects/TeamPain/Saved/Collections/' took 0.01s
[2017.10.18-19.19.06:922][  0]LogFileCache: Scanning file cache for directory 'C:/Users/namur/Documents/Unreal Projects/TeamPain/Content/Developers/Aaron/Collections/' took 0.01s
[2017.10.18-19.19.06:922][  0]LogFileCache: Scanning file cache for directory 'C:/Users/namur/Documents/Unreal Projects/TeamPain/Content/Collections/' took 0.01s
[2017.10.18-19.19.06:922][  0]LogCollectionManager: Rebuilt the GUID cache for 0 collections in 0.000001 seconds
[2017.10.18-19.19.06:938][  0]LogContentBrowser: Native class hierarchy populated in 0.0157 seconds. Added 2386 classes and 500 folders.
[2017.10.18-19.19.07:126][  0]LogContentBrowser: Native class hierarchy updated for 'WidgetCarousel' in 0.0008 seconds. Added 0 classes and 0 folders.
[2017.10.18-19.19.07:203][  0]LogContentBrowser: Native class hierarchy updated for 'AddContentDialog' in 0.0008 seconds. Added 0 classes and 0 folders.
[2017.10.18-19.19.07:397][  0]LogContentBrowser: Native class hierarchy updated for 'SceneOutliner' in 0.0023 seconds. Added 1 classes and 2 folders.
[2017.10.18-19.19.07:549][  0]LogSlate: Took 0.000364 seconds to synchronously load lazily loaded font '../../../Engine/Content/Slate/Fonts/Roboto-Regular.ttf' (155K)
[2017.10.18-19.19.07:552][  0]LogSlate: Took 0.000354 seconds to synchronously load lazily loaded font '../../../Engine/Content/Slate/Fonts/Roboto-Bold.ttf' (160K)
[2017.10.18-19.19.07:554][  0]LogSlate: Took 0.000488 seconds to synchronously load lazily loaded font '../../../Engine/Content/Editor/Slate/Fonts/FontAwesome.ttf' (139K)
[2017.10.18-19.19.07:708][  0]LogRenderer: Reallocating scene render targets to support 1016x708 Format 9 NumSamples 1 (Frame:1).
[2017.10.18-19.19.08:156][  0]LogContentBrowser: Native class hierarchy updated for 'HierarchicalLODOutliner' in 0.0011 seconds. Added 1 classes and 2 folders.
[2017.10.18-19.19.08:157][  0]LogLoad: (Engine Initialization) Total time: 41.74 seconds
[2017.10.18-19.19.08:157][  0]LogLoad: (Engine Initialization) Total Blueprint compile time: 0.00 seconds
[2017.10.18-19.19.08:157][  0]LogExternalProfiler: No external profilers were discovered.  External profiling features will not be available.
[2017.10.18-19.19.08:214][  0]LogContentStreaming: Texture pool size now 400 MB
[2017.10.18-19.19.08:256][  0]LogSlate: Took 0.000416 seconds to synchronously load lazily loaded font '../../../Engine/Content/Slate/Fonts/Roboto-Light.ttf' (159K)
[2017.10.18-19.19.08:438][  3]LogAssetRegistry: Asset discovery search completed in 29.0365 seconds
[2017.10.18-19.19.08:442][  3]LogCollectionManager: Rebuilt the object cache for 0 collections in 0.000001 seconds (found 0 objects)
[2017.10.18-19.19.08:442][  3]LogCollectionManager: Fixed up redirectors for 0 collections in 0.000074 seconds (updated 0 objects)
[2017.10.18-19.19.14:595][312]Cmd: CAMERA ALIGN ACTIVEVIEWPORTONLY
[2017.10.18-19.19.27:960][ 15]LogEditorViewport: Clicking on Actor (LMB): DirectionalLight (Light Source)
[2017.10.18-19.19.36:660][448]MapCheck: New page: Map Check
[2017.10.18-19.19.36:686][448]Cmd: MAP REBUILD ALLVISIBLE
[2017.10.18-19.19.36:688][448]LogEditorServer: Rebuildmap Clear paths rebuilt
[2017.10.18-19.19.37:839][448]LogEditorServer: Cleared 94 NULL BSP materials after rebuild.
[2017.10.18-19.19.37:842][448]LightingResults: New page: Lighting Build - Oct 18, 2017, 7:19:37 AM
[2017.10.18-19.19.37:915][448]LogSwarmInterface: [OpenConnection] Registering TCP channel ...
[2017.10.18-19.19.38:478][448]LogSwarmInterface: [OpenConnection] Connecting to agent ...
[2017.10.18-19.19.38:509][448]LogSwarmInterface: [TryOpenConnection] Testing the Agent
[2017.10.18-19.19.40:038][448]LogSwarmInterface: [TryOpenConnection] Opening Connection to Agent
[2017.10.18-19.19.40:038][448]LogSwarmInterface: [TryOpenConnection] Local Process ID is 17944
[2017.10.18-19.19.43:648][448]LogStaticLightingSystem: Warning: No importance volume found, so the scene bounding box was used.  You can optimize your scene's quality and lighting build times by adding importance volumes.
[2017.10.18-19.19.43:650][448]LogStaticLightingSystem: Running Lightmass w/ ImmediateImport mode ENABLED
[2017.10.18-19.19.43:650][448]LogStaticLightingSystem: Running Lightmass w/ ImmediateProcess mode ENABLED
[2017.10.18-19.19.43:650][448]LogStaticLightingSystem: Running Lightmass w/ Sorting mode ENABLED
[2017.10.18-19.19.43:650][448]LogStaticLightingSystem: Running Lightmass w/ Mapping paddings ENABLED
[2017.10.18-19.19.43:650][448]LogStaticLightingSystem: Running Lightmass w/ Mapping debug paddings DISABLED
[2017.10.18-19.19.43:984][448]LogEditorBuildUtils: Build time 0:07
[2017.10.18-19.19.49:774][595]Job is a success!
[2017.10.18-19.19.49:842][596]LogSlate: Took 0.000559 seconds to synchronously load lazily loaded font '../../../Engine/Content/Slate/Fonts/Roboto-Light.ttf' (159K)
[2017.10.18-19.19.50:381][596]LogTexture: Display: Building textures: HQ_Lightmap1_2 (AutoDXT, 64X64)
[2017.10.18-19.19.50:381][596]LogTexture: Display: Building textures: HQ_Lightmap1_1 (AutoDXT, 512X512)
[2017.10.18-19.19.50:381][596]LogTexture: Display: Building textures: LQ_Lightmap_1_1 (DXT1, 512X512)
[2017.10.18-19.19.50:381][596]LogTexture: Display: Building textures: LQ_Lightmap_1_2 (DXT1, 64X64)
[2017.10.18-19.19.50:381][596]LogTexture: Display: Building textures: ShadowMapTexture2D_3 (G8, 32X32)
[2017.10.18-19.19.50:381][596]LogTexture: Display: Building textures: ShadowMapTexture2D_2 (G8, 256X256)
[2017.10.18-19.19.50:449][596]Lightmass on DESKTOP-06B5JCP: 4.57 sec total, 266 ms importing, 64 ms setup, 749 ms photons, 3.43 sec processing, 0 ms extra exporting [757/757 mappings]. Threads: 23.7 sec total, 8.54 sec processing.
[2017.10.18-19.19.50:537][596]LogStaticLightingSystem: Illumination: 12.6 sec (105 ms encoding lightmaps, 22 ms encoding shadowmaps)
[2017.10.18-19.19.50:537][596]LogStaticLightingSystem: Lightmap texture memory:  0.5 MB (0.0 MB streaming, 0.5 MB non-streaming), 4 textures
[2017.10.18-19.19.50:538][596]LogStaticLightingSystem: Shadowmap texture memory: 0.1 MB (0.0 MB streaming, 0.1 MB non-streaming), 2 textures
[2017.10.18-19.19.50:663][596]DumpUnbuiltLightIteractions
[2017.10.18-19.19.50:664][596]Lights with unbuilt interactions: 0
[2017.10.18-19.19.50:664][596]
[2017.10.18-19.19.50:664][596]Primitives with unbuilt interactions: 0
[2017.10.18-19.19.50:675][597]Cmd: MAP CHECK NOTIFYRESULTS
[2017.10.18-19.19.50:675][597]MapCheck: New page: Minimal_Default - Oct 18, 2017, 7:19:50 AM
[2017.10.18-19.19.50:806][597]MapCheck: Map check complete: 0 Error(s), 0 Warning(s), took 131.043ms to complete.
[2017.10.18-19.19.54:693][797]LogEditorViewport: Clicking on Actor (LMB): DirectionalLight (Light Source)
[2017.10.18-19.19.58:103][975]Cmd: CAMERA ALIGN ACTIVEVIEWPORTONLY
[2017.10.18-19.20.26:562][489]Cmd: CAMERA ALIGN ACTIVEVIEWPORTONLY
[2017.10.18-19.22.20:886][300]LogFactory: FactoryCreateFile: StaticMesh with FbxFactory (0 0 ../../../../../../Users/namur/Documents/Jessica/3660/xbot_T.fbx)
[2017.10.18-19.22.20:939][300]LogFbx: ItemName: GlobalSettings, ItemCount : 1
[2017.10.18-19.22.20:939][300]LogFbx: ItemName: Model, ItemCount : 69
[2017.10.18-19.22.20:939][300]LogFbx: ItemName: NodeAttribute, ItemCount : 67
[2017.10.18-19.22.20:939][300]LogFbx: ItemName: Geometry, ItemCount : 2
[2017.10.18-19.22.20:940][300]LogFbx: ItemName: Material, ItemCount : 2
[2017.10.18-19.22.20:940][300]LogFbx: ItemName: Pose, ItemCount : 2
[2017.10.18-19.22.20:940][300]LogFbx: ItemName: Deformer, ItemCount : 106
[2017.10.18-19.22.20:940][300]LogFbx: ItemName: AnimationStack, ItemCount : 2
[2017.10.18-19.22.20:940][300]LogFbx: ItemName: AnimationLayer, ItemCount : 2
[2017.10.18-19.22.20:940][300]LogFbx: ItemName: AnimationCurveNode, ItemCount : 69
[2017.10.18-19.22.20:940][300]LogFbx: ItemName: AnimationCurve, ItemCount : 360
[2017.10.18-19.22.20:952][300]LogFbx: Loading FBX Scene from ../../../../../../Users/namur/Documents/Jessica/3660/xbot_T.fbx
[2017.10.18-19.22.21:027][300]LogFbx: FBX Scene Loaded Succesfully
[2017.10.18-19.22.41:048][300]LogFbx: Loading FBX Scene from ../../../../../../Users/namur/Documents/Jessica/3660/xbot_T.fbx
[2017.10.18-19.22.41:136][300]LogFbx: FBX Scene Loaded Succesfully
[2017.10.18-19.22.41:145][300]LogFbx: =================================================
[2017.10.18-19.22.41:145][300]LogFbx: Dumping Node START [Beta_Joints] 
[2017.10.18-19.22.41:145][300]LogFbx: 	Total Deformer Count 64266560.
[2017.10.18-19.22.41:145][300]LogFbx: 		[Node 1] Skin Beta_Joints (Type Skin).
[2017.10.18-19.22.41:145][300]LogFbx: =================================================
[2017.10.18-19.22.41:145][300]LogFbx: 	Attribute (Beta_Joints) Type (4).
[2017.10.18-19.22.41:145][300]LogFbx: 		[Node Attribute Child 1] Beta_Joints (Type Mesh).
[2017.10.18-19.22.41:145][300]LogFbx: Dumping Node END [Beta_Joints]
[2017.10.18-19.22.41:145][300]LogFbx: =================================================
[2017.10.18-19.22.41:145][300]LogFbx: Dumping Node START [Beta_Surface] 
[2017.10.18-19.22.41:146][300]LogFbx: 	Total Deformer Count 1132386704.
[2017.10.18-19.22.41:146][300]LogFbx: 		[Node 1] Skin Beta_Surface (Type Skin).
[2017.10.18-19.22.41:146][300]LogFbx: =================================================
[2017.10.18-19.22.41:146][300]LogFbx: 	Attribute (Beta_Surface) Type (4).
[2017.10.18-19.22.41:146][300]LogFbx: 		[Node Attribute Child 1] Beta_Surface (Type Mesh).
[2017.10.18-19.22.41:146][300]LogFbx: Dumping Node END [Beta_Surface]
[2017.10.18-19.22.41:150][300]LogFbx: =================================================
[2017.10.18-19.22.41:150][300]LogFbx: Dumping Node START [Beta_Joints] 
[2017.10.18-19.22.41:150][300]LogFbx: 	Total Deformer Count 64266560.
[2017.10.18-19.22.41:151][300]LogFbx: 		[Node 1] Skin Beta_Joints (Type Skin).
[2017.10.18-19.22.41:151][300]LogFbx: =================================================
[2017.10.18-19.22.41:151][300]LogFbx: 	Attribute (Beta_Joints) Type (4).
[2017.10.18-19.22.41:151][300]LogFbx: 		[Node Attribute Child 1] Beta_Joints (Type Mesh).
[2017.10.18-19.22.41:151][300]LogFbx: Dumping Node END [Beta_Joints]
[2017.10.18-19.22.41:151][300]LogFbx: =================================================
[2017.10.18-19.22.41:151][300]LogFbx: Dumping Node START [Beta_Surface] 
[2017.10.18-19.22.41:151][300]LogFbx: 	Total Deformer Count 1132386624.
[2017.10.18-19.22.41:151][300]LogFbx: 		[Node 1] Skin Beta_Surface (Type Skin).
[2017.10.18-19.22.41:151][300]LogFbx: =================================================
[2017.10.18-19.22.41:151][300]LogFbx: 	Attribute (Beta_Surface) Type (4).
[2017.10.18-19.22.41:151][300]LogFbx: 		[Node Attribute Child 1] Beta_Surface (Type Mesh).
[2017.10.18-19.22.41:151][300]LogFbx: Dumping Node END [Beta_Surface]
[2017.10.18-19.22.41:152][300]LogFbx: Warning: Not valid bind pose for Pose (skinCluster1) - Node Beta_Joints : The relative matrices do not match
[2017.10.18-19.22.41:153][300]LogFbx: Warning: Not valid bind pose for Pose (skinCluster1) - Node Beta_Surface : The relative matrices do not match
[2017.10.18-19.22.41:153][300]LogFbx: Warning: Not valid bind pose for Pose (skinCluster2) - Node Beta_Joints : The relative matrices do not match
[2017.10.18-19.22.41:154][300]LogFbx: Warning: Not valid bind pose for Pose (skinCluster2) - Node Beta_Surface : The relative matrices do not match
[2017.10.18-19.22.41:154][300]LogFbx: Warning: Getting valid bind pose failed. Try to recreate bind pose
[2017.10.18-19.22.41:155][300]LogFbx: Valid bind pose for Pose (FbxSDKBindPose) - Beta_Joints
[2017.10.18-19.22.41:155][300]LogFbx: Warning: Recreating bind pose succeeded.
[2017.10.18-19.22.41:163][300]LogLinker: Can't find file '/Game/StarterContent/Materials/Beta_Joints_MAT'
[2017.10.18-19.22.41:163][300]LogLinker: Can't find file '/Game/StarterContent/Materials/Beta_Joints_MAT'
[2017.10.18-19.22.41:164][300]LogMaterial: Warning: Material /Game/StarterContent/Materials/Beta_Joints_MAT.Beta_Joints_MAT needed to have new flag set bUsedWithSkeletalMesh !
[2017.10.18-19.22.41:167][300]LogMaterial: Missing cached shader map for material Beta_Joints_MAT, compiling. 
[2017.10.18-19.22.41:241][300]LogMaterial: Missing cached shader map for material Beta_Joints_MAT, compiling. 
[2017.10.18-19.22.41:290][300]LogFbx: Triangulating skeletal mesh Beta_Joints
[2017.10.18-19.22.45:914][300]LogLinker: Can't find file '/Game/StarterContent/Materials/Beta_HighLimbsGeoSG2'
[2017.10.18-19.22.45:915][300]LogLinker: Can't find file '/Game/StarterContent/Materials/Beta_HighLimbsGeoSG2'
[2017.10.18-19.22.45:916][300]LogMaterial: Warning: Material /Game/StarterContent/Materials/Beta_HighLimbsGeoSG2.Beta_HighLimbsGeoSG2 needed to have new flag set bUsedWithSkeletalMesh !
[2017.10.18-19.22.45:920][300]LogMaterial: Missing cached shader map for material Beta_HighLimbsGeoSG2, compiling. 
[2017.10.18-19.22.46:010][300]LogMaterial: Missing cached shader map for material Beta_HighLimbsGeoSG2, compiling. 
[2017.10.18-19.22.46:089][300]LogFbx: Triangulating skeletal mesh Beta_Surface
[2017.10.18-19.22.53:000][300]LogFbx: Warning: Bones digested - 67  Depth of hierarchy - 12
[2017.10.18-19.22.54:723][300]LogSlate: Took 0.000592 seconds to synchronously load lazily loaded font '../../../Engine/Content/Slate/Fonts/Roboto-Regular.ttf' (155K)
[2017.10.18-19.22.55:239][300]LogSkeletalMesh: Section 0: 12473 vertices, 37 active bones
[2017.10.18-19.22.55:247][300]LogSkeletalMesh: Section 1: 15839 vertices, 50 active bones
[2017.10.18-19.22.55:449][300]LogSkeletalMesh: Section 0: Material=0, 20840 triangles
[2017.10.18-19.22.55:449][300]LogSkeletalMesh: Section 1: Material=1, 28272 triangles
[2017.10.18-19.22.55:487][300]LogLinker: Can't find file '/Game/StarterContent/Materials/xbot_T_Skeleton'
[2017.10.18-19.22.55:487][300]LogLinker: Can't find file '/Game/StarterContent/Materials/xbot_T_Skeleton'
[2017.10.18-19.22.55:493][300]LogLinker: Can't find file '/Game/StarterContent/Materials/xbot_T_PhysicsAsset'
[2017.10.18-19.22.55:493][300]LogLinker: Can't find file '/Game/StarterContent/Materials/xbot_T_PhysicsAsset'
[2017.10.18-19.22.55:546][300]FBXImport: Warning: No smoothing group information was found in this FBX scene.  Please make sure to enable the 'Export Smoothing Groups' option in the FBX Exporter plug-in before exporting the file.  Even for tools that don't support smoothing groups, the FBX Exporter will generate appropriate smoothing data at export-time so that correct vertex normals can be inferred while importing. 
[2017.10.18-19.22.55:547][300]FBXImport: Warning: The following bones are missing from the bind pose:
mixamorig:HeadTop_End  
mixamorig:LeftEye  
mixamorig:RightEye  
mixamorig:LeftHandThumb4  
mixamorig:LeftHandIndex4  
mixamorig:LeftHandMiddle4  
mixamorig:LeftHandRing4  
mixamorig:LeftHandPinky4  
mixamorig:RightHandPinky4  
mixamorig:RightHandRing4  
mixamorig:RightHandMiddle4  
mixamorig:RightHandIndex4  
mixamorig:RightHandThumb4  
mixamorig:LeftToe_End  
mixamorig:RightToe_End  

This can happen for bones that are not vert weighted. If they are not in the correct orientation after importing,
please set the "Use T0 as ref pose" option or add them to the bind pose and reimport the skeletal mesh. 
[2017.10.18-19.25.12:791][981]LogEditorViewport: Clicking on Actor (LMB): SkeletalMeshActor (xbot_T)
[2017.10.18-19.25.24:842][602]LogEditorViewport: Clicking on Actor (LMB): SkeletalMeshActor (xbot_T)
[2017.10.18-19.29.00:471][189]LogSavePackage: Save=544.76ms
[2017.10.18-19.29.00:471][189]LogSavePackage: Moving '../../../../../../Users/namur/Documents/Unreal Projects/TeamPain/Saved/Minimal_Default99F038B3497135D1F4C6CC90B769A788.tmp' to '../../../../../../Users/namur/Documents/Unreal Projects/TeamPain/Content/StarterContent/Maps/Minimal_Default.umap'
[2017.10.18-19.29.00:481][189]LogSavePackage: Display: Finished SavePackage ../../../../../../Users/namur/Documents/Unreal Projects/TeamPain/Content/StarterContent/Maps/Minimal_Default.umap
[2017.10.18-19.29.00:588][189]LogSavePackage: Save=45.24ms
[2017.10.18-19.29.00:588][189]LogSavePackage: Moving '../../../../../../Users/namur/Documents/Unreal Projects/TeamPain/Saved/Minimal_Default_BuiltDataD1736CBB45E26697980F11930D8CEC18.tmp' to '../../../../../../Users/namur/Documents/Unreal Projects/TeamPain/Content/StarterContent/Maps/Minimal_Default_BuiltData.uasset'
[2017.10.18-19.29.00:595][189]LogSavePackage: Display: Finished SavePackage ../../../../../../Users/namur/Documents/Unreal Projects/TeamPain/Content/StarterContent/Maps/Minimal_Default_BuiltData.uasset
[2017.10.18-19.38.51:413][401]LogSlate: Took 0.001230 seconds to synchronously load lazily loaded font '../../../Engine/Content/Slate/Fonts/Roboto-Light.ttf' (159K)
[2017.10.18-19.39.00:478][428]LogFileHelpers: Editor autosave (incl. sublevels) for '/Game/StarterContent/Maps/Minimal_Default' took 0.035
[2017.10.18-19.39.00:494][428]OBJ SavePackage: Generating thumbnails for [1] asset(s) in package [/Game/StarterContent/Materials/xbot_T] ([1] browsable assets)...
[2017.10.18-19.39.00:519][428]OBJ SavePackage:     Rendered thumbnail for [SkeletalMesh /Game/StarterContent/Materials/xbot_T.xbot_T]
[2017.10.18-19.39.00:519][428]OBJ SavePackage: Finished generating thumbnails for package [/Game/StarterContent/Materials/xbot_T]
[2017.10.18-19.39.00:620][428]LogSavePackage: Save=96.71ms
[2017.10.18-19.39.00:620][428]LogSavePackage: Moving '../../../../../../Users/namur/Documents/Unreal Projects/TeamPain/Saved/xbot_T_Auto16CE0EF954B2873A53AB3739F43A85C98.tmp' to '../../../../../../Users/namur/Documents/Unreal Projects/TeamPain/Saved/Autosaves/Game/StarterContent/Materials/xbot_T_Auto1.uasset'
[2017.10.18-19.39.00:623][428]LogSavePackage: Display: Finished SavePackage ../../../../../../Users/namur/Documents/Unreal Projects/TeamPain/Saved/Autosaves/Game/StarterContent/Materials/xbot_T_Auto1.uasset
[2017.10.18-19.39.00:624][428]OBJ SavePackage: Generating thumbnails for [1] asset(s) in package [/Game/StarterContent/Materials/Beta_Joints_MAT] ([1] browsable assets)...
[2017.10.18-19.39.00:638][428]OBJ SavePackage:     Rendered thumbnail for [Material /Game/StarterContent/Materials/Beta_Joints_MAT.Beta_Joints_MAT]
[2017.10.18-19.39.00:638][428]OBJ SavePackage: Finished generating thumbnails for package [/Game/StarterContent/Materials/Beta_Joints_MAT]
[2017.10.18-19.39.00:661][428]LogSavePackage: Save=19.29ms
[2017.10.18-19.39.00:661][428]LogSavePackage: Moving '../../../../../../Users/namur/Documents/Unreal Projects/TeamPain/Saved/Beta_Joints_MAT_Auto1E7206E084D2DF289E6CBBBB2687B3084.tmp' to '../../../../../../Users/namur/Documents/Unreal Projects/TeamPain/Saved/Autosaves/Game/StarterContent/Materials/Beta_Joints_MAT_Auto1.uasset'
[2017.10.18-19.39.00:663][428]LogSavePackage: Display: Finished SavePackage ../../../../../../Users/namur/Documents/Unreal Projects/TeamPain/Saved/Autosaves/Game/StarterContent/Materials/Beta_Joints_MAT_Auto1.uasset
[2017.10.18-19.39.00:665][428]OBJ SavePackage: Generating thumbnails for [1] asset(s) in package [/Game/StarterContent/Materials/Beta_HighLimbsGeoSG2] ([1] browsable assets)...
[2017.10.18-19.39.00:681][428]OBJ SavePackage:     Rendered thumbnail for [Material /Game/StarterContent/Materials/Beta_HighLimbsGeoSG2.Beta_HighLimbsGeoSG2]
[2017.10.18-19.39.00:681][428]OBJ SavePackage: Finished generating thumbnails for package [/Game/StarterContent/Materials/Beta_HighLimbsGeoSG2]
[2017.10.18-19.39.00:703][428]LogSavePackage: Save=14.65ms
[2017.10.18-19.39.00:703][428]LogSavePackage: Moving '../../../../../../Users/namur/Documents/Unreal Projects/TeamPain/Saved/Beta_HighLimbsGeoSG2_Auto1A84DDBB144C28F01B7AF3AB4DB9ED5BA.tmp' to '../../../../../../Users/namur/Documents/Unreal Projects/TeamPain/Saved/Autosaves/Game/StarterContent/Materials/Beta_HighLimbsGeoSG2_Auto1.uasset'
[2017.10.18-19.39.00:709][428]LogSavePackage: Display: Finished SavePackage ../../../../../../Users/namur/Documents/Unreal Projects/TeamPain/Saved/Autosaves/Game/StarterContent/Materials/Beta_HighLimbsGeoSG2_Auto1.uasset
[2017.10.18-19.39.00:711][428]OBJ SavePackage: Generating thumbnails for [0] asset(s) in package [/Game/StarterContent/Materials/xbot_T_Skeleton] ([1] browsable assets)...
[2017.10.18-19.39.00:711][428]OBJ SavePackage: Finished generating thumbnails for package [/Game/StarterContent/Materials/xbot_T_Skeleton]
[2017.10.18-19.39.00:726][428]LogSavePackage: Save=4.29ms
[2017.10.18-19.39.00:726][428]LogSavePackage: Moving '../../../../../../Users/namur/Documents/Unreal Projects/TeamPain/Saved/xbot_T_Skeleton_Auto1E64CBE1042CF982A4AFF8D8DEAA0C1A8.tmp' to '../../../../../../Users/namur/Documents/Unreal Projects/TeamPain/Saved/Autosaves/Game/StarterContent/Materials/xbot_T_Skeleton_Auto1.uasset'
[2017.10.18-19.39.00:728][428]LogSavePackage: Display: Finished SavePackage ../../../../../../Users/namur/Documents/Unreal Projects/TeamPain/Saved/Autosaves/Game/StarterContent/Materials/xbot_T_Skeleton_Auto1.uasset
[2017.10.18-19.39.00:730][428]OBJ SavePackage: Generating thumbnails for [0] asset(s) in package [/Game/StarterContent/Materials/xbot_T_PhysicsAsset] ([1] browsable assets)...
[2017.10.18-19.39.00:730][428]OBJ SavePackage: Finished generating thumbnails for package [/Game/StarterContent/Materials/xbot_T_PhysicsAsset]
[2017.10.18-19.39.00:745][428]LogSavePackage: Save=12.62ms
[2017.10.18-19.39.00:745][428]LogSavePackage: Moving '../../../../../../Users/namur/Documents/Unreal Projects/TeamPain/Saved/xbot_T_PhysicsAsset_Auto14C6D556D47473369B147CA9DD4BCB38A.tmp' to '../../../../../../Users/namur/Documents/Unreal Projects/TeamPain/Saved/Autosaves/Game/StarterContent/Materials/xbot_T_PhysicsAsset_Auto1.uasset'
[2017.10.18-19.39.00:757][428]LogSavePackage: Display: Finished SavePackage ../../../../../../Users/namur/Documents/Unreal Projects/TeamPain/Saved/Autosaves/Game/StarterContent/Materials/xbot_T_PhysicsAsset_Auto1.uasset
[2017.10.18-19.39.00:757][428]LogFileHelpers: Auto-saving content packages took 0.275
[2017.10.18-19.41.51:389][ 46]LogSavePackage: Save=17.50ms
[2017.10.18-19.41.51:389][ 46]LogSavePackage: Moving '../../../../../../Users/namur/Documents/Unreal Projects/TeamPain/Saved/Beta_HighLimbsGeoSG2E08440FD46EEA31BD0061994D1AEE886.tmp' to '../../../../../../Users/namur/Documents/Unreal Projects/TeamPain/Content/StarterContent/Materials/Beta_HighLimbsGeoSG2.uasset'
[2017.10.18-19.41.51:400][ 46]LogSavePackage: Display: Finished SavePackage ../../../../../../Users/namur/Documents/Unreal Projects/TeamPain/Content/StarterContent/Materials/Beta_HighLimbsGeoSG2.uasset
[2017.10.18-19.41.51:464][ 46]LogSavePackage: Save=18.89ms
[2017.10.18-19.41.51:464][ 46]LogSavePackage: Moving '../../../../../../Users/namur/Documents/Unreal Projects/TeamPain/Saved/Beta_Joints_MAT97CA619A4CC820421DE134A898CE1A52.tmp' to '../../../../../../Users/namur/Documents/Unreal Projects/TeamPain/Content/StarterContent/Materials/Beta_Joints_MAT.uasset'
[2017.10.18-19.41.51:468][ 46]LogSavePackage: Display: Finished SavePackage ../../../../../../Users/namur/Documents/Unreal Projects/TeamPain/Content/StarterContent/Materials/Beta_Joints_MAT.uasset
[2017.10.18-19.41.51:494][ 46]Cmd: OBJ SAVEPACKAGE PACKAGE="/Game/StarterContent/Materials/xbot_T" FILE="../../../../../../Users/namur/Documents/Unreal Projects/TeamPain/Content/StarterContent/Materials/xbot_T.uasset" SILENT=true
[2017.10.18-19.41.51:577][ 46]LogSavePackage: Save=77.42ms
[2017.10.18-19.41.51:577][ 46]LogSavePackage: Moving '../../../../../../Users/namur/Documents/Unreal Projects/TeamPain/Saved/xbot_T2ECCB43A44C3B1F834D636B57DAF5ECC.tmp' to '../../../../../../Users/namur/Documents/Unreal Projects/TeamPain/Content/StarterContent/Materials/xbot_T.uasset'
[2017.10.18-19.41.51:582][ 46]LogSavePackage: Display: Finished SavePackage ../../../../../../Users/namur/Documents/Unreal Projects/TeamPain/Content/StarterContent/Materials/xbot_T.uasset
[2017.10.18-19.41.51:613][ 46]LogSavePackage: Save=13.14ms
[2017.10.18-19.41.51:613][ 46]LogSavePackage: Moving '../../../../../../Users/namur/Documents/Unreal Projects/TeamPain/Saved/xbot_T_PhysicsAssetD5E9EAA044C576EE22BBC48F9039F38C.tmp' to '../../../../../../Users/namur/Documents/Unreal Projects/TeamPain/Content/StarterContent/Materials/xbot_T_PhysicsAsset.uasset'
[2017.10.18-19.41.51:617][ 46]LogSavePackage: Display: Finished SavePackage ../../../../../../Users/namur/Documents/Unreal Projects/TeamPain/Content/StarterContent/Materials/xbot_T_PhysicsAsset.uasset
[2017.10.18-19.41.51:632][ 46]LogSavePackage: Save=3.16ms
[2017.10.18-19.41.51:632][ 46]LogSavePackage: Moving '../../../../../../Users/namur/Documents/Unreal Projects/TeamPain/Saved/xbot_T_SkeletonEC8912F748549750EC0BC3B40C9B13E6.tmp' to '../../../../../../Users/namur/Documents/Unreal Projects/TeamPain/Content/StarterContent/Materials/xbot_T_Skeleton.uasset'
[2017.10.18-19.41.51:638][ 46]LogSavePackage: Display: Finished SavePackage ../../../../../../Users/namur/Documents/Unreal Projects/TeamPain/Content/StarterContent/Materials/xbot_T_Skeleton.uasset
[2017.10.18-19.41.52:167][ 47]Cmd: QUIT_EDITOR
[2017.10.18-19.41.52:204][ 47]LogWindowsTextInputMethodSystem: Display: IME system now deactivated.
[2017.10.18-19.41.52:222][ 47]LogExit: Preparing to exit.
[2017.10.18-19.41.53:120][ 47]LogDirectoryWatcher: A directory notification for 'C:/Users/namur/Documents/Unreal Projects/TeamPain/Content/' was aborted.
[2017.10.18-19.41.53:159][ 47]LogExit: Editor shut down
[2017.10.18-19.41.53:179][ 47]LogExit: Transaction tracking system shut down
[2017.10.18-19.41.53:392][ 47]LogDirectoryWatcher: A directory notification for '../../../Engine/Content/' was aborted.
[2017.10.18-19.41.53:392][ 47]LogDirectoryWatcher: A directory notification for '../../../../../../Users/namur/Documents/Unreal Projects/TeamPain/Content/' was aborted.
[2017.10.18-19.41.53:392][ 47]LogDirectoryWatcher: A directory notification for '../../../Engine/Plugins/2D/Paper2D/Content/' was aborted.
[2017.10.18-19.41.53:392][ 47]LogDirectoryWatcher: A directory notification for '../../../Engine/Plugins/Runtime/Oculus/OculusVR/Content/' was aborted.
[2017.10.18-19.41.53:392][ 47]LogDirectoryWatcher: A directory notification for '../../../Engine/Plugins/Runtime/Steam/SteamVR/Content/' was aborted.
[2017.10.18-19.41.53:484][ 47]LogExit: Object subsystem successfully closed.
[2017.10.18-19.41.53:503][ 47]LogD3D11RHI: Shutdown
[2017.10.18-19.41.53:503][ 47]LogD3D11RHI: CleanupD3DDevice
[2017.10.18-19.41.53:699][ 47]LogD3D11RHI: ~FD3D11DynamicRHI
[2017.10.18-19.41.53:734][ 47]LogModuleManager: Shutting down and abandoning module HierarchicalLODOutliner (530)
[2017.10.18-19.41.53:734][ 47]LogModuleManager: Shutting down and abandoning module SceneOutliner (528)
[2017.10.18-19.41.53:734][ 47]LogModuleManager: Shutting down and abandoning module AddContentDialog (526)
[2017.10.18-19.41.53:734][ 47]LogDirectoryWatcher: A directory notification for 'C:/Program Files/Epic Games/UE_4.17/FeaturePacks/' was aborted.
[2017.10.18-19.41.53:735][ 47]LogModuleManager: Shutting down and abandoning module WidgetCarousel (525)
[2017.10.18-19.41.53:735][ 47]LogModuleManager: Shutting down and abandoning module EditorWidgets (522)
[2017.10.18-19.41.53:735][ 47]LogModuleManager: Shutting down and abandoning module CollectionManager (520)
[2017.10.18-19.41.53:735][ 47]LogDirectoryWatcher: A directory notification for 'C:/Users/namur/Documents/Unreal Projects/TeamPain/Content/Collections/' was aborted.
[2017.10.18-19.41.53:735][ 47]LogDirectoryWatcher: A directory notification for 'C:/Users/namur/Documents/Unreal Projects/TeamPain/Content/Developers/Aaron/Collections/' was aborted.
[2017.10.18-19.41.53:735][ 47]LogDirectoryWatcher: A directory notification for 'C:/Users/namur/Documents/Unreal Projects/TeamPain/Saved/Collections/' was aborted.
[2017.10.18-19.41.53:737][ 47]LogModuleManager: Shutting down and abandoning module StatsViewer (518)
[2017.10.18-19.41.53:737][ 47]LogModuleManager: Shutting down and abandoning module FoliageEdit (516)
[2017.10.18-19.41.53:737][ 47]LogModuleManager: Shutting down and abandoning module LandscapeEditor (514)
[2017.10.18-19.41.53:737][ 47]LogModuleManager: Shutting down and abandoning module MeshPaintMode (512)
[2017.10.18-19.41.53:737][ 47]LogModuleManager: Shutting down and abandoning module SceneDepthPickerMode (510)
[2017.10.18-19.41.53:737][ 47]LogModuleManager: Shutting down and abandoning module ActorPickerMode (508)
[2017.10.18-19.41.53:737][ 47]LogModuleManager: Shutting down and abandoning module GeometryMode (506)
[2017.10.18-19.41.53:737][ 47]LogModuleManager: Shutting down and abandoning module TextureAlignMode (504)
[2017.10.18-19.41.53:737][ 47]LogModuleManager: Shutting down and abandoning module BspMode (502)
[2017.10.18-19.41.53:737][ 47]LogModuleManager: Shutting down and abandoning module PIEPreviewDeviceProfileSelector (500)
[2017.10.18-19.41.53:737][ 47]LogModuleManager: Shutting down and abandoning module HardwareSurvey (498)
[2017.10.18-19.41.53:737][ 47]LogModuleManager: Shutting down and abandoning module SequenceRecorderSections (496)
[2017.10.18-19.41.53:737][ 47]LogModuleManager: Shutting down and abandoning module AutomationWorker (494)
[2017.10.18-19.41.53:737][ 47]LogModuleManager: Shutting down and abandoning module MatineeToLevelSequence (492)
[2017.10.18-19.41.53:737][ 47]LogModuleManager: Shutting down and abandoning module LevelSequenceEditor (490)
[2017.10.18-19.41.53:737][ 47]LogModuleManager: Shutting down and abandoning module PlacementMode (489)
[2017.10.18-19.41.53:737][ 47]LogModuleManager: Shutting down and abandoning module WmfMediaFactory (486)
[2017.10.18-19.41.53:737][ 47]LogModuleManager: Shutting down and abandoning module WmfMediaEditor (484)
[2017.10.18-19.41.53:737][ 47]LogModuleManager: Shutting down and abandoning module AvfMediaFactory (482)
[2017.10.18-19.41.53:737][ 47]LogModuleManager: Shutting down and abandoning module AvfMediaEditor (480)
[2017.10.18-19.41.53:737][ 47]LogModuleManager: Shutting down and abandoning module AndroidMediaFactory (478)
[2017.10.18-19.41.53:737][ 47]LogModuleManager: Shutting down and abandoning module Media (477)
[2017.10.18-19.41.53:737][ 47]LogModuleManager: Shutting down and abandoning module AndroidMediaEditor (474)
[2017.10.18-19.41.53:737][ 47]LogModuleManager: Shutting down and abandoning module CharacterAI (472)
[2017.10.18-19.41.53:737][ 47]LogModuleManager: Shutting down and abandoning module AudioCapture (470)
[2017.10.18-19.41.53:737][ 47]LogModuleManager: Shutting down and abandoning module SequenceRecorder (469)
[2017.10.18-19.41.53:737][ 47]LogModuleManager: Shutting down and abandoning module SmartSnapping (466)
[2017.10.18-19.41.53:737][ 47]LogModuleManager: Shutting down and abandoning module SessionServices (464)
[2017.10.18-19.41.53:737][ 47]LogModuleManager: Shutting down and abandoning module ViewportSnapping (462)
[2017.10.18-19.41.53:737][ 47]LogModuleManager: Shutting down and abandoning module ViewportInteraction (460)
[2017.10.18-19.41.53:737][ 47]LogModuleManager: Shutting down and abandoning module ClothPainter (458)
[2017.10.18-19.41.53:738][ 47]LogModuleManager: Shutting down and abandoning module LogVisualizer (456)
[2017.10.18-19.41.53:738][ 47]LogModuleManager: Shutting down and abandoning module IntroTutorials (454)
[2017.10.18-19.41.53:738][ 47]LogModuleManager: Shutting down and abandoning module GameProjectGeneration (453)
[2017.10.18-19.41.53:738][ 47]LogModuleManager: Shutting down and abandoning module IOSPlatformEditor (450)
[2017.10.18-19.41.53:738][ 47]LogModuleManager: Shutting down and abandoning module HTML5PlatformEditor (448)
[2017.10.18-19.41.53:738][ 47]LogModuleManager: Shutting down and abandoning module AndroidPlatformEditor (446)
[2017.10.18-19.41.53:738][ 47]LogModuleManager: Shutting down and abandoning module AndroidDeviceDetection (445)
[2017.10.18-19.41.54:082][ 47]LogModuleManager: Shutting down and abandoning module WindowsPlatformEditor (442)
[2017.10.18-19.41.54:082][ 47]LogModuleManager: Shutting down and abandoning module IOSRuntimeSettings (440)
[2017.10.18-19.41.54:082][ 47]LogModuleManager: Shutting down and abandoning module AndroidRuntimeSettings (438)
[2017.10.18-19.41.54:082][ 47]LogModuleManager: Shutting down and abandoning module InputBindingEditor (436)
[2017.10.18-19.41.54:082][ 47]LogModuleManager: Shutting down and abandoning module MergeActors (434)
[2017.10.18-19.41.54:082][ 47]LogModuleManager: Shutting down and abandoning module SizeMap (432)
[2017.10.18-19.41.54:082][ 47]LogModuleManager: Shutting down and abandoning module TreeMap (430)
[2017.10.18-19.41.54:082][ 47]LogModuleManager: Shutting down and abandoning module ReferenceViewer (428)
[2017.10.18-19.41.54:082][ 47]LogModuleManager: Shutting down and abandoning module LocalizationDashboard (426)
[2017.10.18-19.41.54:082][ 47]LogModuleManager: Shutting down and abandoning module LocalizationService (425)
[2017.10.18-19.41.54:082][ 47]LogModuleManager: Shutting down and abandoning module HardwareTargeting (422)
[2017.10.18-19.41.54:082][ 47]LogModuleManager: Shutting down and abandoning module DeviceProfileEditor (420)
[2017.10.18-19.41.54:082][ 47]LogModuleManager: Shutting down and abandoning module UndoHistory (418)
[2017.10.18-19.41.54:082][ 47]LogModuleManager: Shutting down and abandoning module XmlParser (416)
[2017.10.18-19.41.54:082][ 47]LogModuleManager: Shutting down and abandoning module Blutility (414)
[2017.10.18-19.41.54:082][ 47]LogModuleManager: Shutting down and abandoning module ProjectSettingsViewer (412)
[2017.10.18-19.41.54:082][ 47]LogModuleManager: Shutting down and abandoning module ProjectTargetPlatformEditor (411)
[2017.10.18-19.41.54:082][ 47]LogModuleManager: Shutting down and abandoning module EditorSettingsViewer (408)
[2017.10.18-19.41.54:083][ 47]LogModuleManager: Shutting down and abandoning module SettingsEditor (406)
[2017.10.18-19.41.54:083][ 47]LogModuleManager: Shutting down and abandoning module ProjectLauncher (404)
[2017.10.18-19.41.54:083][ 47]LogModuleManager: Shutting down and abandoning module SessionFrontend (402)
[2017.10.18-19.41.54:083][ 47]LogModuleManager: Shutting down and abandoning module ProfilerClient (400)
[2017.10.18-19.41.54:083][ 47]LogModuleManager: Shutting down and abandoning module DeviceManager (398)
[2017.10.18-19.41.54:083][ 47]LogModuleManager: Shutting down and abandoning module TargetDeviceServices (397)
[2017.10.18-19.41.54:127][ 47]LogModuleManager: Shutting down and abandoning module AutomationController (394)
[2017.10.18-19.41.54:127][ 47]LogModuleManager: Shutting down and abandoning module AutomationWindow (392)
[2017.10.18-19.41.54:127][ 47]LogModuleManager: Shutting down and abandoning module Layers (390)
[2017.10.18-19.41.54:127][ 47]LogModuleManager: Shutting down and abandoning module ComponentVisualizers (388)
[2017.10.18-19.41.54:127][ 47]LogModuleManager: Shutting down and abandoning module DetailCustomizations (386)
[2017.10.18-19.41.54:127][ 47]LogModuleManager: Shutting down and abandoning module PackagesDialog (384)
[2017.10.18-19.41.54:127][ 47]LogModuleManager: Shutting down and abandoning module Persona (382)
[2017.10.18-19.41.54:127][ 47]LogModuleManager: Shutting down and abandoning module AdvancedPreviewScene (381)
[2017.10.18-19.41.54:127][ 47]LogModuleManager: Shutting down and abandoning module AnimGraph (379)
[2017.10.18-19.41.54:127][ 47]LogModuleManager: Shutting down and abandoning module Kismet (376)
[2017.10.18-19.41.54:128][ 47]LogModuleManager: Shutting down and abandoning module ClassViewer (374)
[2017.10.18-19.41.54:128][ 47]LogModuleManager: Shutting down and abandoning module Toolbox (372)
[2017.10.18-19.41.54:128][ 47]LogModuleManager: Shutting down and abandoning module ModuleUI (370)
[2017.10.18-19.41.54:128][ 47]LogModuleManager: Shutting down and abandoning module MovieSceneTools (368)
[2017.10.18-19.41.54:128][ 47]LogModuleManager: Shutting down and abandoning module OutputLog (366)
[2017.10.18-19.41.54:128][ 47]LogModuleManager: Shutting down and abandoning module GammaUI (364)
[2017.10.18-19.41.54:128][ 47]LogModuleManager: Shutting down and abandoning module Documentation (362)
[2017.10.18-19.41.54:128][ 47]LogModuleManager: Shutting down and abandoning module MovieSceneTracks (360)
[2017.10.18-19.41.54:128][ 47]LogModuleManager: Shutting down and abandoning module MovieScene (358)
[2017.10.18-19.41.54:128][ 47]LogModuleManager: Shutting down and abandoning module Niagara (356)
[2017.10.18-19.41.54:128][ 47]LogModuleManager: Shutting down and abandoning module NiagaraEditor (355)
[2017.10.18-19.41.54:128][ 47]LogModuleManager: Shutting down and abandoning module StreamingPauseRendering (352)
[2017.10.18-19.41.54:128][ 47]LogModuleManager: Shutting down and abandoning module LauncherPlatform (350)
[2017.10.18-19.41.54:128][ 47]LogModuleManager: Shutting down and abandoning module AnalyticsET (348)
[2017.10.18-19.41.54:128][ 47]LogModuleManager: Shutting down and abandoning module PortalServices (346)
[2017.10.18-19.41.54:128][ 47]LogModuleManager: Shutting down and abandoning module PortalRpc (344)
[2017.10.18-19.41.54:128][ 47]LogModuleManager: Shutting down and abandoning module MessagingRpc (342)
[2017.10.18-19.41.54:128][ 47]LogModuleManager: Shutting down and abandoning module AIModule (340)
[2017.10.18-19.41.54:128][ 47]LogModuleManager: Shutting down and abandoning module GameplayDebugger (339)
[2017.10.18-19.41.54:128][ 47]LogModuleManager: Shutting down and abandoning module AITestSuite (337)
[2017.10.18-19.41.54:128][ 47]LogModuleManager: Shutting down and abandoning module ProfilerService (334)
[2017.10.18-19.41.54:169][ 47]LogModuleManager: Shutting down and abandoning module TaskGraph (332)
[2017.10.18-19.41.54:169][ 47]LogModuleManager: Shutting down and abandoning module SteamVRController (330)
[2017.10.18-19.41.54:170][ 47]LogModuleManager: Shutting down and abandoning module ProceduralMeshComponentEditor (328)
[2017.10.18-19.41.54:170][ 47]LogModuleManager: Shutting down and abandoning module ProceduralMeshComponent (326)
[2017.10.18-19.41.54:170][ 47]LogModuleManager: Shutting down and abandoning module OculusInput (324)
[2017.10.18-19.41.54:170][ 47]LogModuleManager: Shutting down and abandoning module MobilePatchingUtils (322)
[2017.10.18-19.41.54:170][ 47]LogModuleManager: Shutting down and abandoning module CustomMeshComponent (320)
[2017.10.18-19.41.54:170][ 47]LogModuleManager: Shutting down and abandoning module CableComponent (318)
[2017.10.18-19.41.54:170][ 47]LogModuleManager: Shutting down and abandoning module ArchVisCharacter (316)
[2017.10.18-19.41.54:170][ 47]LogModuleManager: Shutting down and abandoning module AndroidPermission (314)
[2017.10.18-19.41.54:170][ 47]LogModuleManager: Shutting down and abandoning module MediaPlayerEditor (310)
[2017.10.18-19.41.54:170][ 47]LogModuleManager: Shutting down and abandoning module HTML5Networking (308)
[2017.10.18-19.41.54:170][ 47]LogModuleManager: Shutting down and abandoning module AlembicImporter (306)
[2017.10.18-19.41.54:170][ 47]LogModuleManager: Shutting down and abandoning module AlembicLibrary (305)
[2017.10.18-19.41.54:170][ 47]LogModuleManager: Shutting down and abandoning module GeometryCache (304)
[2017.10.18-19.41.54:170][ 47]LogModuleManager: Shutting down and abandoning module GeometryCacheEd (303)
[2017.10.18-19.41.54:170][ 47]LogModuleManager: Shutting down and abandoning module SpeedTreeImporter (298)
[2017.10.18-19.41.54:170][ 47]LogModuleManager: Shutting down and abandoning module PluginBrowser (296)
[2017.10.18-19.41.54:170][ 47]LogModuleManager: Shutting down and abandoning module MobileLauncherProfileWizard (294)
[2017.10.18-19.41.54:170][ 47]LogModuleManager: Shutting down and abandoning module VisualStudioSourceCodeAccess (292)
[2017.10.18-19.41.54:170][ 47]LogModuleManager: Shutting down and abandoning module DesktopPlatform (291)
[2017.10.18-19.41.54:170][ 47]LogModuleManager: Shutting down and abandoning module UObjectPlugin (288)
[2017.10.18-19.41.54:170][ 47]LogModuleManager: Shutting down and abandoning module SubversionSourceControl (286)
[2017.10.18-19.41.54:170][ 47]LogModuleManager: Shutting down and abandoning module PerforceSourceControl (284)
[2017.10.18-19.41.54:170][ 47]LogModuleManager: Shutting down and abandoning module GitSourceControl (282)
[2017.10.18-19.41.54:170][ 47]LogModuleManager: Shutting down and abandoning module SourceControl (281)
[2017.10.18-19.41.54:170][ 47]LogModuleManager: Shutting down and abandoning module LightPropagationVolumeEditor (278)
[2017.10.18-19.41.54:170][ 47]LogModuleManager: Shutting down and abandoning module PaperTiledImporter (276)
[2017.10.18-19.41.54:170][ 47]LogModuleManager: Shutting down and abandoning module PaperSpriteSheetImporter (274)
[2017.10.18-19.41.54:170][ 47]LogModuleManager: Shutting down and abandoning module Paper2DEditor (272)
[2017.10.18-19.41.54:170][ 47]LogModuleManager: Shutting down and abandoning module MeshPaint (271)
[2017.10.18-19.41.54:170][ 47]LogModuleManager: Shutting down and abandoning module LevelEditor (269)
[2017.10.18-19.41.54:171][ 47]LogModuleManager: Shutting down and abandoning module PixelInspectorModule (268)
[2017.10.18-19.41.54:171][ 47]LogModuleManager: Shutting down and abandoning module MainFrame (266)
[2017.10.18-19.41.54:171][ 47]LogModuleManager: Shutting down and abandoning module HotReload (265)
[2017.10.18-19.41.54:172][ 47]LogModuleManager: Shutting down and abandoning module RuntimePhysXCooking (260)
[2017.10.18-19.41.54:172][ 47]LogModuleManager: Shutting down and abandoning module PhysXVehiclesEditor (258)
[2017.10.18-19.41.54:172][ 47]LogModuleManager: Shutting down and abandoning module PhysXVehicles (256)
[2017.10.18-19.41.54:172][ 47]LogModuleManager: Shutting down and abandoning module OculusEditor (254)
[2017.10.18-19.41.54:172][ 47]LogModuleManager: Shutting down and abandoning module LocationServicesBPLibrary (252)
[2017.10.18-19.41.54:172][ 47]LogModuleManager: Shutting down and abandoning module ImmediatePhysicsEditor (250)
[2017.10.18-19.41.54:172][ 47]LogModuleManager: Shutting down and abandoning module ImmediatePhysics (248)
[2017.10.18-19.41.54:172][ 47]LogModuleManager: Shutting down and abandoning module UdpMessaging (246)
[2017.10.18-19.41.54:273][ 47]LogModuleManager: Shutting down and abandoning module TcpMessaging (244)
[2017.10.18-19.41.54:375][ 47]LogModuleManager: Shutting down and abandoning module GameplayTagsEditor (242)
[2017.10.18-19.41.54:375][ 47]LogModuleManager: Shutting down and abandoning module FacialAnimationEditor (240)
[2017.10.18-19.41.54:375][ 47]LogModuleManager: Shutting down and abandoning module FacialAnimation (238)
[2017.10.18-19.41.54:375][ 47]LogModuleManager: Shutting down and abandoning module AssetManagerEditor (236)
[2017.10.18-19.41.54:376][ 47]LogModuleManager: Shutting down and abandoning module GraphEditor (235)
[2017.10.18-19.41.54:376][ 47]LogModuleManager: Shutting down and abandoning module ContentBrowser (233)
[2017.10.18-19.41.54:382][ 47]LogModuleManager: Shutting down and abandoning module LightPropagationVolumeRuntime (230)
[2017.10.18-19.41.54:382][ 47]LogModuleManager: Shutting down and abandoning module Paper2D (228)
[2017.10.18-19.41.54:382][ 47]LogModuleManager: Shutting down and abandoning module WindowsMoviePlayer (226)
[2017.10.18-19.41.54:382][ 47]LogModuleManager: Shutting down and abandoning module WmfMedia (224)
[2017.10.18-19.41.54:383][ 47]LogModuleManager: Shutting down and abandoning module PacketHandler (222)
[2017.10.18-19.41.54:383][ 47]LogModuleManager: Shutting down and abandoning module ClothingSystemEditor (220)
[2017.10.18-19.41.54:383][ 47]LogModuleManager: Shutting down and abandoning module ClothingSystemRuntime (218)
[2017.10.18-19.41.54:383][ 47]LogModuleManager: Shutting down and abandoning module Overlay (216)
[2017.10.18-19.41.54:383][ 47]LogModuleManager: Shutting down and abandoning module OverlayEditor (215)
[2017.10.18-19.41.54:383][ 47]LogModuleManager: Shutting down and abandoning module MediaAssets (212)
[2017.10.18-19.41.54:383][ 47]LogModuleManager: Shutting down and abandoning module VREditor (210)
[2017.10.18-19.41.54:383][ 47]LogModuleManager: Shutting down and abandoning module StringTableEditor (208)
[2017.10.18-19.41.54:383][ 47]LogModuleManager: Shutting down and abandoning module GameplayTasksEditor (206)
[2017.10.18-19.41.54:383][ 47]LogModuleManager: Shutting down and abandoning module BehaviorTreeEditor (204)
[2017.10.18-19.41.54:383][ 47]LogModuleManager: Shutting down and abandoning module FunctionalTesting (202)
[2017.10.18-19.41.54:383][ 47]LogModuleManager: Shutting down and abandoning module CollisionAnalyzer (200)
[2017.10.18-19.41.54:383][ 47]LogModuleManager: Shutting down and abandoning module WorkspaceMenuStructure (199)
[2017.10.18-19.41.54:383][ 47]LogModuleManager: Shutting down and abandoning module UMG (196)
[2017.10.18-19.41.54:383][ 47]LogModuleManager: Shutting down and abandoning module UMGEditor (195)
[2017.10.18-19.41.54:383][ 47]LogModuleManager: Shutting down and abandoning module Sequencer (194)
[2017.10.18-19.41.54:384][ 47]LogModuleManager: Shutting down and abandoning module MessageLog (191)
[2017.10.18-19.41.54:384][ 47]LogModuleManager: Shutting down and abandoning module SlateReflector (186)
[2017.10.18-19.41.54:384][ 47]LogModuleManager: Shutting down and abandoning module Slate (184)
[2017.10.18-19.41.54:384][ 47]LogModuleManager: Shutting down and abandoning module EditorStyle (182)
[2017.10.18-19.41.54:389][ 47]LogModuleManager: Shutting down and abandoning module MRMesh (180)
[2017.10.18-19.41.54:389][ 47]LogModuleManager: Shutting down and abandoning module SourceCodeAccess (178)
[2017.10.18-19.41.54:389][ 47]LogModuleManager: Shutting down and abandoning module HeadMountedDisplay (176)
[2017.10.18-19.41.54:389][ 47]LogModuleManager: Shutting down and abandoning module XAudio2 (174)
[2017.10.18-19.41.54:389][ 47]LogModuleManager: Shutting down and abandoning module Networking (172)
[2017.10.18-19.41.54:389][ 47]LogModuleManager: Shutting down and abandoning module Core (168)
[2017.10.18-19.41.54:389][ 47]LogModuleManager: Shutting down and abandoning module KismetCompiler (164)
[2017.10.18-19.41.54:389][ 47]LogModuleManager: Shutting down and abandoning module LevelSequence (162)
[2017.10.18-19.41.54:390][ 47]LogModuleManager: Shutting down and abandoning module MeshUtilities (160)
[2017.10.18-19.41.54:390][ 47]LogModuleManager: Shutting down and abandoning module MeshMergeUtilities (159)
[2017.10.18-19.41.54:390][ 47]LogModuleManager: Shutting down and abandoning module MeshReductionInterface (158)
[2017.10.18-19.41.54:390][ 47]LogModuleManager: Shutting down and abandoning module SimplygonSwarm (157)
[2017.10.18-19.41.54:390][ 47]LogModuleManager: Shutting down and abandoning module SimplygonMeshReduction (155)
[2017.10.18-19.41.54:390][ 47]LogModuleManager: Shutting down and abandoning module QuadricMeshReduction (153)
[2017.10.18-19.41.54:390][ 47]LogModuleManager: Shutting down and abandoning module MaterialBaking (149)
[2017.10.18-19.41.54:390][ 47]LogModuleManager: Shutting down and abandoning module DirectoryWatcher (146)
[2017.10.18-19.41.54:397][ 47]LogModuleManager: Shutting down and abandoning module DerivedDataCache (144)
[2017.10.18-19.41.54:404][ 47]LogDerivedDataCache: Shutdown
[2017.10.18-19.41.54:404][ 47]LogModuleManager: Shutting down and abandoning module TargetPlatform (142)
[2017.10.18-19.41.54:404][ 47]LogModuleManager: Shutting down and abandoning module VulkanShaderFormat (141)
[2017.10.18-19.41.54:405][ 47]LogModuleManager: Shutting down and abandoning module ShaderFormatVectorVM (139)
[2017.10.18-19.41.54:405][ 47]LogModuleManager: Shutting down and abandoning module ShaderFormatOpenGL (137)
[2017.10.18-19.41.54:405][ 47]LogModuleManager: Shutting down and abandoning module ShaderFormatD3D (135)
[2017.10.18-19.41.54:405][ 47]LogModuleManager: Shutting down and abandoning module MetalShaderFormat (133)
[2017.10.18-19.41.54:405][ 47]LogModuleManager: Shutting down and abandoning module TextureFormatUncompressed (131)
[2017.10.18-19.41.54:405][ 47]LogModuleManager: Shutting down and abandoning module TextureFormatPVR (129)
[2017.10.18-19.41.54:405][ 47]LogModuleManager: Shutting down and abandoning module TextureFormatDXT (127)
[2017.10.18-19.41.54:405][ 47]LogModuleManager: Shutting down and abandoning module TextureFormatIntelISPCTexComp (125)
[2017.10.18-19.41.54:405][ 47]LogModuleManager: Shutting down and abandoning module TextureFormatASTC (123)
[2017.10.18-19.41.54:405][ 47]LogModuleManager: Shutting down and abandoning module ImageWrapper (122)
[2017.10.18-19.41.54:405][ 47]LogModuleManager: Shutting down and abandoning module TextureFormatAndroid (119)
[2017.10.18-19.41.54:405][ 47]LogModuleManager: Shutting down and abandoning module AudioFormatOpus (117)
[2017.10.18-19.41.54:405][ 47]LogModuleManager: Shutting down and abandoning module AudioFormatOgg (115)
[2017.10.18-19.41.54:405][ 47]LogModuleManager: Shutting down and abandoning module AudioFormatADPCM (113)
[2017.10.18-19.41.54:405][ 47]LogModuleManager: Shutting down and abandoning module LinuxTargetPlatform (111)
[2017.10.18-19.41.54:405][ 47]LogModuleManager: Shutting down and abandoning module LinuxServerTargetPlatform (109)
[2017.10.18-19.41.54:405][ 47]LogModuleManager: Shutting down and abandoning module LinuxNoEditorTargetPlatform (107)
[2017.10.18-19.41.54:405][ 47]LogModuleManager: Shutting down and abandoning module LinuxClientTargetPlatform (105)
[2017.10.18-19.41.54:405][ 47]LogModuleManager: Shutting down and abandoning module TVOSTargetPlatform (103)
[2017.10.18-19.41.54:405][ 47]LogModuleManager: Shutting down and abandoning module Messaging (101)
[2017.10.18-19.41.54:405][ 47]LogModuleManager: Shutting down and abandoning module IOSTargetPlatform (99)
[2017.10.18-19.41.54:405][ 47]LogModuleManager: Shutting down and abandoning module HTML5TargetPlatform (97)
[2017.10.18-19.41.54:405][ 47]LogModuleManager: Shutting down and abandoning module Android_PVRTCTargetPlatform (95)
[2017.10.18-19.41.54:405][ 47]LogModuleManager: Shutting down and abandoning module Android_MultiTargetPlatform (93)
[2017.10.18-19.41.54:405][ 47]LogModuleManager: Shutting down and abandoning module Android_ETC2TargetPlatform (91)
[2017.10.18-19.41.54:405][ 47]LogModuleManager: Shutting down and abandoning module Android_ETC1TargetPlatform (89)
[2017.10.18-19.41.54:405][ 47]LogModuleManager: Shutting down and abandoning module Android_DXTTargetPlatform (87)
[2017.10.18-19.41.54:405][ 47]LogModuleManager: Shutting down and abandoning module Android_ATCTargetPlatform (85)
[2017.10.18-19.41.54:405][ 47]LogModuleManager: Shutting down and abandoning module Android_ASTCTargetPlatform (83)
[2017.10.18-19.41.54:405][ 47]LogModuleManager: Shutting down and abandoning module AndroidTargetPlatform (81)
[2017.10.18-19.41.54:405][ 47]LogModuleManager: Shutting down and abandoning module WindowsTargetPlatform (79)
[2017.10.18-19.41.54:406][ 47]LogModuleManager: Shutting down and abandoning module WindowsServerTargetPlatform (77)
[2017.10.18-19.41.54:406][ 47]LogModuleManager: Shutting down and abandoning module WindowsNoEditorTargetPlatform (75)
[2017.10.18-19.41.54:406][ 47]LogModuleManager: Shutting down and abandoning module WindowsClientTargetPlatform (73)
[2017.10.18-19.41.54:406][ 47]LogModuleManager: Shutting down and abandoning module MacTargetPlatform (71)
[2017.10.18-19.41.54:406][ 47]LogModuleManager: Shutting down and abandoning module MacServerTargetPlatform (69)
[2017.10.18-19.41.54:406][ 47]LogModuleManager: Shutting down and abandoning module MacNoEditorTargetPlatform (67)
[2017.10.18-19.41.54:406][ 47]LogModuleManager: Shutting down and abandoning module MacClientTargetPlatform (65)
[2017.10.18-19.41.54:406][ 47]LogModuleManager: Shutting down and abandoning module AllDesktopTargetPlatform (63)
[2017.10.18-19.41.54:406][ 47]LogModuleManager: Shutting down and abandoning module InputCore (60)
[2017.10.18-19.41.54:406][ 47]LogModuleManager: Shutting down and abandoning module Settings (58)
[2017.10.18-19.41.54:406][ 47]LogModuleManager: Shutting down and abandoning module PhysXCooking (56)
[2017.10.18-19.41.54:406][ 47]LogModuleManager: Shutting down and abandoning module SteamVR (54)
[2017.10.18-19.41.54:406][ 47]LogModuleManager: Shutting down and abandoning module OculusHMD (52)
[2017.10.18-19.41.54:406][ 47]LogModuleManager: Shutting down and abandoning module ExampleDeviceProfileSelector (50)
[2017.10.18-19.41.54:406][ 47]LogModuleManager: Shutting down and abandoning module OnlineBlueprintSupport (48)
[2017.10.18-19.41.54:406][ 47]LogModuleManager: Shutting down and abandoning module OnlineSubsystem (44)
[2017.10.18-19.41.54:406][ 47]LogOnline: Display: Unloading online subsystem: NULL
[2017.10.18-19.41.54:406][ 47]LogModuleManager: Shutting down and abandoning module XMPP (43)
[2017.10.18-19.41.54:406][ 47]LogModuleManager: Shutting down and abandoning module HTTP (41)
[2017.10.18-19.41.54:406][ 47]LogHttp: Display: Http module shutting down, but needs to wait on 1 outstanding Http requests:
[2017.10.18-19.41.54:406][ 47]LogHttp: Display: 	verb=[POST] url=[https://datarouter.ol.epicgames.com/datarouter/api/v1/public/data?SessionID=%7B3128E566-4516-648B-0AC9-49B4A1B54130%7D&AppID=UEEditor.Rocket.Release&AppVersion=4.17.1-3586342%2B%2B%2BUE4%2BRelease-4.17&UserID=3dcaa2f44273f293b8620e9ccceda48f%7Cc4c73b6a20b2478486b3cf4699d32010%7Ce735a183-8601-4563-9834-2f41d75de82f&AppEnvironment=datacollector-binary&UploadType=eteventstream] status=Processing
[2017.10.18-19.41.54:431][ 47]LogModuleManager: Shutting down and abandoning module SSL (40)
[2017.10.18-19.41.54:433][ 47]LogModuleManager: Shutting down and abandoning module AnimationModifiers (36)
[2017.10.18-19.41.54:433][ 47]LogModuleManager: Shutting down and abandoning module PropertyEditor (35)
[2017.10.18-19.41.54:433][ 47]LogModuleManager: Shutting down and abandoning module AudioEditor (32)
[2017.10.18-19.41.54:433][ 47]LogModuleManager: Shutting down and abandoning module TextureCompressor (30)
[2017.10.18-19.41.54:433][ 47]LogModuleManager: Shutting down and abandoning module ShaderCore (28)
[2017.10.18-19.41.54:433][ 47]LogModuleManager: Shutting down and abandoning module Landscape (26)
[2017.10.18-19.41.54:433][ 47]LogModuleManager: Shutting down and abandoning module SlateRHIRenderer (24)
[2017.10.18-19.41.54:434][ 47]LogModuleManager: Shutting down and abandoning module OpenGLDrv (22)
[2017.10.18-19.41.54:434][ 47]LogModuleManager: Shutting down and abandoning module D3D11RHI (20)
[2017.10.18-19.41.54:434][ 47]LogModuleManager: Shutting down and abandoning module AnimGraphRuntime (18)
[2017.10.18-19.41.54:435][ 47]LogModuleManager: Shutting down and abandoning module Renderer (16)
[2017.10.18-19.41.54:435][ 47]LogModuleManager: Shutting down and abandoning module Engine (14)
[2017.10.18-19.41.54:435][ 47]LogModuleManager: Shutting down and abandoning module CoreUObject (12)
[2017.10.18-19.41.54:435][ 47]LogModuleManager: Shutting down and abandoning module NetworkFile (10)
[2017.10.18-19.41.54:435][ 47]LogModuleManager: Shutting down and abandoning module CookedIterativeFile (8)
[2017.10.18-19.41.54:435][ 47]LogModuleManager: Shutting down and abandoning module StreamingFile (6)
[2017.10.18-19.41.54:435][ 47]LogModuleManager: Shutting down and abandoning module SandboxFile (4)
[2017.10.18-19.41.54:435][ 47]LogModuleManager: Shutting down and abandoning module PakFile (2)
[2017.10.18-19.41.54:439][ 47]LogExit: Exiting.
[2017.10.18-19.41.54:453][ 47]Log file closed, 10/18/17 13:41:54
