Log file open, 11/06/17 20:47:12
LogWindows: Failed to load 'aqProf.dll' (GetLastError=126)
LogWindows: File 'aqProf.dll' does not exist
LogWindows: Failed to load 'VSPerf140.dll' (GetLastError=126)
LogWindows: File 'VSPerf140.dll' does not exist
LogWindows: Failed to load 'VtuneApi.dll' (GetLastError=126)
LogWindows: File 'VtuneApi.dll' does not exist
LogWindows: Failed to load 'VtuneApi32e.dll' (GetLastError=126)
LogWindows: File 'VtuneApi32e.dll' does not exist
LogInit: Display: Running engine for game: TeamPain
LogPlatformFile: Not using cached read wrapper
LogInit: Display: RandInit(232873179) SRandInit(232873179).
LogTaskGraph: Started task graph with 5 named threads and 14 total threads with 3 sets of task threads.
LogStats: Stats thread started at 0.248421
LogD3D11RHI: Aftermath initialized
LogPluginManager: Mounting plugin Paper2D
LogPluginManager: Mounting plugin LightPropagationVolume
LogPluginManager: Mounting plugin CodeLiteSourceCodeAccess
LogPluginManager: Mounting plugin GitSourceControl
LogPluginManager: Mounting plugin KDevelopSourceCodeAccess
LogPluginManager: Mounting plugin NullSourceCodeAccess
LogPluginManager: Mounting plugin PerforceSourceControl
LogPluginManager: Mounting plugin SubversionSourceControl
LogPluginManager: Mounting plugin UObjectPlugin
LogPluginManager: Mounting plugin VisualStudioSourceCodeAccess
LogPluginManager: Mounting plugin XCodeSourceCodeAccess
LogPluginManager: Mounting plugin AssetManagerEditor
LogPluginManager: Mounting plugin AudioCapture
LogPluginManager: Mounting plugin FacialAnimation
LogPluginManager: Mounting plugin GameplayTagsEditor
LogPluginManager: Mounting plugin MobileLauncherProfileWizard
LogPluginManager: Mounting plugin PluginBrowser
LogPluginManager: Mounting plugin SpeedTreeImporter
LogPluginManager: Mounting plugin AlembicImporter
LogPluginManager: Mounting plugin CharacterAI
LogPluginManager: Mounting plugin HTML5Networking
LogPluginManager: Mounting plugin AndroidMedia
LogPluginManager: Mounting plugin AvfMedia
LogPluginManager: Mounting plugin MediaPlayerEditor
LogPluginManager: Mounting plugin WmfMedia
LogPluginManager: Mounting plugin TcpMessaging
LogPluginManager: Mounting plugin UdpMessaging
LogPluginManager: Mounting plugin LevelSequenceEditor
LogPluginManager: Mounting plugin MatineeToLevelSequence
LogPluginManager: Mounting plugin OnlineSubsystemGooglePlay
LogPluginManager: Mounting plugin OnlineSubsystemIOS
LogPluginManager: Mounting plugin OnlineSubsystem
LogPluginManager: Mounting plugin OnlineSubsystemNull
LogPluginManager: Mounting plugin OnlineSubsystemUtils
LogPluginManager: Mounting plugin AndroidDeviceProfileSelector
LogPluginManager: Mounting plugin AndroidMoviePlayer
LogPluginManager: Mounting plugin AndroidPermission
LogPluginManager: Mounting plugin AppleMoviePlayer
LogPluginManager: Mounting plugin ArchVisCharacter
LogPluginManager: Mounting plugin CableComponent
LogPluginManager: Mounting plugin CustomMeshComponent
LogPluginManager: Mounting plugin ExampleDeviceProfileSelector
LogPluginManager: Mounting plugin GoogleCloudMessaging
LogPluginManager: Mounting plugin ImmediatePhysics
LogPluginManager: Mounting plugin IOSDeviceProfileSelector
LogPluginManager: Mounting plugin LinuxDeviceProfileSelector
LogPluginManager: Mounting plugin LocationServicesBPLibrary
LogPluginManager: Mounting plugin MobilePatchingUtils
LogPluginManager: Mounting plugin OculusVR
LogPluginManager: Mounting plugin PhysXVehicles
LogPluginManager: Mounting plugin ProceduralMeshComponent
LogPluginManager: Mounting plugin RuntimePhysXCooking
LogPluginManager: Mounting plugin SteamVR
LogPluginManager: Mounting plugin WindowsMoviePlayer
LogInit: Using libcurl 7.47.1
LogInit:  - built for x86_64-pc-win32
LogInit:  - supports SSL with OpenSSL/1.0.2g
LogInit:  - supports HTTP deflate (compression) using libz 1.2.8
LogInit:  - other features:
LogInit:      CURL_VERSION_SSL
LogInit:      CURL_VERSION_LIBZ
LogInit:      CURL_VERSION_IPV6
LogInit:      CURL_VERSION_ASYNCHDNS
LogInit:      CURL_VERSION_LARGEFILE
LogInit:      CURL_VERSION_IDN
LogInit:  CurlRequestOptions (configurable via config and command line):
LogInit:  - bVerifyPeer = false  - Libcurl will NOT verify peer certificate
LogInit:  - bUseHttpProxy = false  - Libcurl will NOT use HTTP proxy
LogInit:  - bDontReuseConnections = false  - Libcurl will reuse connections
LogInit:  - CertBundlePath = nullptr  - Libcurl will use whatever was configured at build time.
LogInit: Build: ++UE4+Release-4.17-CL-3658906
LogInit: Engine Version: 4.17.2-3658906+++UE4+Release-4.17
LogInit: Compatible Engine Version: 4.17.0-3573198+++UE4+Release-4.17
LogInit: Net CL: 3573198
LogDevObjectVersion: Number of dev versions registered: 16
LogDevObjectVersion:   Dev-Blueprints (B0D832E4-1F89-4F0D-ACCF-7EB736FD4AA2): 10
LogDevObjectVersion:   Dev-Build (E1C64328-A22C-4D53-A36C-8E866417BD8C): 0
LogDevObjectVersion:   Dev-Core (375EC13C-06E4-48FB-B500-84F0262A717E): 2
LogDevObjectVersion:   Dev-Editor (E4B068ED-F494-42E9-A231-DA0B2E46BB41): 20
LogDevObjectVersion:   Dev-Framework (CFFC743F-43B0-4480-9391-14DF171D2073): 28
LogDevObjectVersion:   Dev-Mobile (B02B49B5-BB20-44E9-A304-32B752E40360): 0
LogDevObjectVersion:   Dev-Networking (A4E4105C-59A1-49B5-A7C5-40C4547EDFEE): 0
LogDevObjectVersion:   Dev-Online (39C831C9-5AE6-47DC-9A44-9C173E1C8E7C): 0
LogDevObjectVersion:   Dev-Physics (78F01B33-EBEA-4F98-B9B4-84EACCB95AA2): 0
LogDevObjectVersion:   Dev-Platform (6631380F-2D4D-43E0-8009-CF276956A95A): 0
LogDevObjectVersion:   Dev-Rendering (12F88B9F-8875-4AFC-A67C-D90C383ABD29): 19
LogDevObjectVersion:   Dev-Sequencer (7B5AE74C-D270-4C10-A958-57980B212A5A): 4
LogDevObjectVersion:   Dev-VR (D7296918-1DD6-4BDD-9DE2-64A83CC13884): 0
LogDevObjectVersion:   Dev-LoadTimes (C2A15278-BFE7-4AFE-6C17-90FF531DF755): 1
LogDevObjectVersion:   Private-Geometry (6EACA3D4-40EC-4CC1-B786-8BED09428FC5): 1
LogDevObjectVersion:   Dev-AnimPhys (29E575DD-E0A3-4627-9D10-D276232CDCEA): 7
LogInit: Compiled (64-bit): Sep 22 2017 13:47:16
LogInit: Compiled with Visual C++: 19.00.24215.01
LogInit: Build Configuration: Development
LogInit: Branch Name: ++UE4+Release-4.17
LogInit: Command line:  
LogInit: Base directory: C:/Program Files/Epic Games/UE_4.17/Engine/Binaries/Win64/
LogInit: Installed Engine Build: 1
LogInit: Presizing for max 8388607 objects, including 0 objects not considered by GC, pre-allocating 0 bytes for permanent pool.
LogInit: Object subsystem initialized
[2017.11.07-03.47.12:615][  0]LogInit: Selected Device Profile: [Windows]
[2017.11.07-03.47.12:615][  0]LogInit: Applying CVar settings loaded from the selected device profile: [Windows]
[2017.11.07-03.47.12:640][  0]LogInit: Computer: DESKTOP-4VQ6PI2
[2017.11.07-03.47.12:640][  0]LogInit: User: Matthew
[2017.11.07-03.47.12:640][  0]LogInit: CPU Page size=4096, Cores=4
[2017.11.07-03.47.12:640][  0]LogInit: High frequency timer resolution =3.914069 MHz
[2017.11.07-03.47.12:640][  0]LogMemory: Memory total: Physical=31.9GB (32GB approx)
[2017.11.07-03.47.12:640][  0]LogMemory: Platform Memory Stats for Windows
[2017.11.07-03.47.12:640][  0]LogMemory: Process Physical Memory: 277.56 MB used, 277.56 MB peak
[2017.11.07-03.47.12:640][  0]LogMemory: Process Virtual Memory: 274.04 MB used, 274.04 MB peak
[2017.11.07-03.47.12:640][  0]LogMemory: Physical Memory: 2170.81 MB used,  30477.52 MB free, 32648.33 MB total
[2017.11.07-03.47.12:640][  0]LogMemory: Virtual Memory: 702.11 MB used,  30477.52 MB free, 134217728.00 MB total
[2017.11.07-03.47.12:959][  0]LogInit: Using OS detected language (en-US).
[2017.11.07-03.47.12:959][  0]LogInit: Using OS detected locale (en-US).
[2017.11.07-03.47.13:011][  0]LogTextLocalizationManager: No specific localization for 'en-US' exists, so the 'en' localization will be used.
[2017.11.07-03.47.14:949][  0]LogD3D11RHI: D3D11 adapters:
[2017.11.07-03.47.14:955][  0]LogD3D11RHI:    0. 'Intel(R) HD Graphics 530' (Feature Level 11_0)
[2017.11.07-03.47.14:955][  0]LogD3D11RHI:       128/0/16324 MB DedicatedVideo/DedicatedSystem/SharedSystem, Outputs:1, VendorId:0x8086
[2017.11.07-03.47.14:957][  0]LogD3D11RHI:    1. 'Microsoft Basic Render Driver' (Feature Level 11_0)
[2017.11.07-03.47.14:957][  0]LogD3D11RHI:       0/0/16324 MB DedicatedVideo/DedicatedSystem/SharedSystem, Outputs:0, VendorId:0x1414
[2017.11.07-03.47.14:957][  0]LogD3D11RHI: Chosen D3D11 Adapter: 0
[2017.11.07-03.47.14:960][  0]LogD3D11RHI: Creating new Direct3DDevice
[2017.11.07-03.47.14:960][  0]LogD3D11RHI:     GPU DeviceId: 0x1912 (for the marketing name, search the web for "GPU Device Id")
[2017.11.07-03.47.14:960][  0]LogWindows: EnumDisplayDevices:
[2017.11.07-03.47.14:960][  0]LogWindows:    0. 'Intel(R) HD Graphics 530' (P:1 D:1)
[2017.11.07-03.47.14:961][  0]LogWindows:    1. 'Intel(R) HD Graphics 530' (P:0 D:0)
[2017.11.07-03.47.14:961][  0]LogWindows:    2. 'Intel(R) HD Graphics 530' (P:0 D:0)
[2017.11.07-03.47.14:961][  0]LogWindows: DebugString: GetVideoDriverDetailsInvalid PrimaryIsNotTheChoosenAdapter GetVideoDriverDetailsInvalid PrimaryIsNotTheChoosenAdapter GetVideoDriverDetailsInvalid PrimaryIsNotTheChoosenAdapter FoundDriverCount:0 
[2017.11.07-03.47.14:961][  0]LogD3D11RHI:     Adapter Name: Intel(R) HD Graphics 530
[2017.11.07-03.47.14:961][  0]LogD3D11RHI:   Driver Version: Unknown (internal:Unknown, unified:Unknown)
[2017.11.07-03.47.14:961][  0]LogD3D11RHI:      Driver Date: Unknown
[2017.11.07-03.47.14:961][  0]LogRHI: Texture pool is 1361 MB (70% of 1945 MB)
[2017.11.07-03.47.14:966][  0]LogD3D11RHI: Async texture creation enabled
[2017.11.07-03.47.14:971][  0]LogD3D11RHI: GPU Timing Frequency: 12.000000 (Debug: 2 0)
[2017.11.07-03.47.14:971][  0]LogShaderCompilers: Guid format shader working directory is -27 characters bigger than the processId version (../../../../../../Users/Matthew/Documents/GitHub2/EAE3660-TeamPain/TeamPain/Intermediate/Shaders/WorkingDirectory/9036/).
[2017.11.07-03.47.14:971][  0]LogShaderCompilers: Cleaned the shader compiler working directory 'C:/Users/Matthew/AppData/Local/Temp/UnrealShaderWorkingDir/85D714F34CEC785574E8F5ADD867313D/'.
[2017.11.07-03.47.14:971][  0]LogShaderCompilers: Display: Using Local Shader Compiler.
[2017.11.07-03.47.16:808][  0]LogTemp: Display: Loaded TP AllDesktopTargetPlatform
[2017.11.07-03.47.16:844][  0]LogTemp: Display: Loaded TP MacClientTargetPlatform
[2017.11.07-03.47.16:877][  0]LogTemp: Display: Loaded TP MacNoEditorTargetPlatform
[2017.11.07-03.47.16:911][  0]LogTemp: Display: Loaded TP MacServerTargetPlatform
[2017.11.07-03.47.16:948][  0]LogTemp: Display: Loaded TP MacTargetPlatform
[2017.11.07-03.47.16:981][  0]LogTemp: Display: Loaded TP WindowsClientTargetPlatform
[2017.11.07-03.47.17:015][  0]LogTemp: Display: Loaded TP WindowsNoEditorTargetPlatform
[2017.11.07-03.47.17:049][  0]LogTemp: Display: Loaded TP WindowsServerTargetPlatform
[2017.11.07-03.47.17:077][  0]LogTemp: Display: Loaded TP WindowsTargetPlatform
[2017.11.07-03.47.17:113][  0]LogTemp: Display: Loaded TP AndroidTargetPlatform
[2017.11.07-03.47.17:147][  0]LogTemp: Display: Loaded TP Android_ASTCTargetPlatform
[2017.11.07-03.47.17:180][  0]LogTemp: Display: Loaded TP Android_ATCTargetPlatform
[2017.11.07-03.47.17:212][  0]LogTemp: Display: Loaded TP Android_DXTTargetPlatform
[2017.11.07-03.47.17:245][  0]LogTemp: Display: Loaded TP Android_ETC1TargetPlatform
[2017.11.07-03.47.17:277][  0]LogTemp: Display: Loaded TP Android_ETC2TargetPlatform
[2017.11.07-03.47.17:343][  0]LogTemp: Display: Loaded TP Android_MultiTargetPlatform
[2017.11.07-03.47.17:343][  0]LogTemp: Display: Loaded TP Android_PVRTCTargetPlatform
[2017.11.07-03.47.17:367][  0]LogTemp: Display: Loaded TP HTML5TargetPlatform
[2017.11.07-03.47.17:466][  0]LogTemp: Display: Loaded TP IOSTargetPlatform
[2017.11.07-03.47.17:486][  0]LogTemp: Display: Loaded TP TVOSTargetPlatform
[2017.11.07-03.47.17:519][  0]LogTemp: Display: Loaded TP LinuxClientTargetPlatform
[2017.11.07-03.47.17:553][  0]LogTemp: Display: Loaded TP LinuxNoEditorTargetPlatform
[2017.11.07-03.47.17:585][  0]LogTemp: Display: Loaded TP LinuxServerTargetPlatform
[2017.11.07-03.47.17:621][  0]LogTemp: Display: Loaded TP LinuxTargetPlatform
[2017.11.07-03.47.17:621][  0]LogTargetPlatformManager: Display: Building Assets For Windows
[2017.11.07-03.47.18:354][  0]LogDerivedDataCache: Display: Max Cache Size: 512 MB
[2017.11.07-03.47.18:531][  0]LogDerivedDataCache: Loaded boot cache 0.18s 93MB C:/Users/Matthew/AppData/Local/UnrealEngine/4.17/DerivedDataCache/Boot.ddc.
[2017.11.07-03.47.18:532][  0]LogDerivedDataCache: Display: Loaded Boot cache: C:/Users/Matthew/AppData/Local/UnrealEngine/4.17/DerivedDataCache/Boot.ddc
[2017.11.07-03.47.18:532][  0]LogDerivedDataCache: FDerivedDataBackendGraph:  Pak pak cache file ../../../../../../Users/Matthew/Documents/GitHub2/EAE3660-TeamPain/TeamPain/DerivedDataCache/DDC.ddp not found, will not use a pak cache.
[2017.11.07-03.47.18:532][  0]LogDerivedDataCache: Unable to find inner node Pak for hierarchical cache Hierarchy.
[2017.11.07-03.47.18:532][  0]LogDerivedDataCache: FDerivedDataBackendGraph:  CompressedPak pak cache file ../../../../../../Users/Matthew/Documents/GitHub2/EAE3660-TeamPain/TeamPain/DerivedDataCache/Compressed.ddp not found, will not use a pak cache.
[2017.11.07-03.47.18:532][  0]LogDerivedDataCache: Unable to find inner node CompressedPak for hierarchical cache Hierarchy.
[2017.11.07-03.47.18:556][  0]LogDerivedDataCache: Display: Pak cache opened for reading ../../../Engine/DerivedDataCache/Compressed.ddp.
[2017.11.07-03.47.18:568][  0]LogDerivedDataCache: Using Local data cache path C:/Users/Matthew/AppData/Local/UnrealEngine/Common/DerivedDataCache: Writable
[2017.11.07-03.47.18:575][  0]LogMaterial: Verifying Global Shaders for PCD3D_SM5
[2017.11.07-03.47.18:576][  0]LogSlate: Using Freetype 2.6.0
[2017.11.07-03.47.18:589][  0]LogSlate: SlateFontCache - WITH_FREETYPE: 1, WITH_HARFBUZZ: 1
[2017.11.07-03.47.18:589][  0]LogSlate: SlateFontCache - WITH_FREETYPE: 1, WITH_HARFBUZZ: 1
[2017.11.07-03.47.22:227][  0]LogAssetRegistry: FAssetRegistry took 0.0238 seconds to start up
[2017.11.07-03.47.22:315][  0]LogInit: Selected Device Profile: [Windows]
[2017.11.07-03.47.22:586][  0]LogContentStreaming: Texture pool size is 0.00 MB
[2017.11.07-03.47.22:891][  0]LogSimplygon: Simplygon DLL not present - disabling.
[2017.11.07-03.47.22:919][  0]LogMeshReduction: Using SimplygonSwarm for distributed automatic mesh merging
[2017.11.07-03.47.22:919][  0]LogMeshReduction: Using QuadricMeshReduction for automatic static mesh reduction
[2017.11.07-03.47.22:919][  0]LogMeshReduction: No automatic skeletal mesh reduction module available
[2017.11.07-03.47.22:919][  0]LogMeshReduction: No automatic mesh merging module available
[2017.11.07-03.47.22:919][  0]LogMeshMerging: No automatic mesh merging module available
[2017.11.07-03.47.23:372][  0]LogNetVersion: TeamPain , NetCL: 3573198, EngineNetVer: 2, GameNetVer: 0 (Checksum: 1519948437)
[2017.11.07-03.47.23:618][  0]LogPackageLocalizationCache: Processed 5 localized package path(s) for 2 prioritized culture(s) in 0.043014 seconds
[2017.11.07-03.47.23:623][  0]LogUObjectArray: 35825 objects as part of root set at end of initial load.
[2017.11.07-03.47.23:623][  0]LogUObjectAllocator: 7529112 out of 0 bytes used by permanent object pool.
[2017.11.07-03.47.23:623][  0]LogUObjectArray: CloseDisregardForGC: 0/0 objects in disregard for GC pool
[2017.11.07-03.47.23:664][  0]LogInit: WinSock: version 1.1 (2.2), MaxSocks=32767, MaxUdp=65467
[2017.11.07-03.47.27:037][  0]LogTcpMessaging: Initializing TcpMessaging bridge
[2017.11.07-03.47.27:066][  0]LogUdpMessaging: Initializing bridge on interface 0.0.0.0:0 to multicast group 230.0.0.1:6666.
[2017.11.07-03.47.27:533][  0]LogMaterial: Uniform references updated for custom material expression Custom.
[2017.11.07-03.47.27:814][  0]SourceControl: Source control is disabled
[2017.11.07-03.47.27:814][  0]SourceControl: Source control is disabled
[2017.11.07-03.47.27:845][  0]SourceControl: Source control is disabled
[2017.11.07-03.47.27:875][  0]SourceControl: Source control is disabled
[2017.11.07-03.47.28:274][  0]LogAndroidPermission: UAndroidPermissionCallbackProxy::GetInstance
[2017.11.07-03.47.28:433][  0]LogOcInput: OculusInput pre-init called
[2017.11.07-03.47.28:609][  0]LogEngine: Initializing Engine...
[2017.11.07-03.47.28:611][  0]LogHMD: Failed to initialize OpenVR with code 110
[2017.11.07-03.47.28:788][  0]LogStats: UGameplayTagsManager::ConstructGameplayTagTree: Construct from data asset -  0.000 s
[2017.11.07-03.47.28:789][  0]LogStats: UGameplayTagsManager::ConstructGameplayTagTree: GameplayTagTreeChangedEvent.Broadcast -  0.000 s
[2017.11.07-03.47.28:884][  0]LogAIModule: Creating AISystem for world Untitled
[2017.11.07-03.47.28:895][  0]LogInit: XAudio2 using 'XG2401 SERIES (Intel(R) Display Audio)' : 2 channels at 48 kHz using 16 bits per sample (channel mask 0x3)
[2017.11.07-03.47.28:912][  0]LogInit: FAudioDevice initialized.
[2017.11.07-03.47.28:973][  0]LogDerivedDataCache: Saved boot cache 0.06s 93MB C:/Users/Matthew/AppData/Local/UnrealEngine/4.17/DerivedDataCache/Boot.ddc.
[2017.11.07-03.47.28:982][  0]LogInit: Texture streaming: Enabled
[2017.11.07-03.47.29:057][  0]LogEngineSessionManager: EngineSessionManager initialized
[2017.11.07-03.47.29:209][  0]LogWindowsTextInputMethodSystem: Display: IME system now deactivated.
[2017.11.07-03.47.29:594][  0]LogInit: Transaction tracking system initialized
[2017.11.07-03.47.29:815][  0]BlueprintLog: New page: Editor Load
[2017.11.07-03.47.30:436][  0]LocalizationService: Localization service is disabled
[2017.11.07-03.47.30:922][  0]LogConsoleResponse: Display: 
[2017.11.07-03.47.31:070][  0]LogCook: Display: Max memory allowance for cook 16384mb min free memory 0mb
[2017.11.07-03.47.31:070][  0]LogCook: Display: Mobile HDR setting 1
[2017.11.07-03.47.31:070][  0]LogGameplayTags: Display: UGameplayTagsManager::DoneAddingNativeTags. DelegateIsBound: 0
[2017.11.07-03.47.31:218][  0]LogFileCache: Scanning file cache for directory 'C:/Users/Matthew/Documents/GitHub2/EAE3660-TeamPain/TeamPain/Content/' took 0.02s
[2017.11.07-03.47.31:779][  0]SourceControl: Source control is disabled
[2017.11.07-03.47.31:779][  0]Cmd: MAP LOAD FILE="../../../../../../Users/Matthew/Documents/GitHub2/EAE3660-TeamPain/TeamPain/Content/Apartment.umap" TEMPLATE=0 SHOWPROGRESS=1 FEATURELEVEL=3
[2017.11.07-03.47.31:780][  0]LightingResults: New page: Lighting Build
[2017.11.07-03.47.31:811][  0]MapCheck: New page: Map Check
[2017.11.07-03.47.31:811][  0]LightingResults: New page: Lighting Build
[2017.11.07-03.47.31:899][  0]LogLinker: Warning: Can't find file '/Game/Apartment_BuiltData'
[2017.11.07-03.47.31:899][  0]LogLinker: Warning: Can't find file for asset '/Game/Apartment_BuiltData' while loading ../../../../../../Users/Matthew/Documents/GitHub2/EAE3660-TeamPain/TeamPain/Content/Apartment.umap.
[2017.11.07-03.47.31:899][  0]LoadErrors: Error: /Game/Apartment : Can't find file for asset. /Game/Apartment_BuiltData
[2017.11.07-03.47.32:117][  0]LogLinker: Warning: Can't find file '/Game/Apartment_BuiltData'
[2017.11.07-03.47.32:117][  0]LogLinker: Warning: Can't find file for asset '/Game/Apartment_BuiltData' while loading ../../../../../../Users/Matthew/Documents/GitHub2/EAE3660-TeamPain/TeamPain/Content/Apartment.umap.
[2017.11.07-03.47.32:117][  0]LoadErrors: Error: /Game/Apartment : Can't find file for asset. /Game/Apartment_BuiltData
[2017.11.07-03.47.32:330][  0]LogLinker: Warning: Can't find file '/Game/Apartment_BuiltData'
[2017.11.07-03.47.32:331][  0]LogLinker: Warning: Can't find file for asset '/Game/Apartment_BuiltData' while loading NULL.
[2017.11.07-03.47.32:331][  0]LogLinker: Warning: Can't find file '/Game/Apartment_BuiltData'
[2017.11.07-03.47.32:331][  0]LogLinker: Warning: Can't find file for asset '/Game/Apartment_BuiltData' while loading NULL.
[2017.11.07-03.47.32:427][  0]LogLinker: Warning: Can't find file '/Game/Apartment_BuiltData'
[2017.11.07-03.47.32:427][  0]LoadErrors: Failed to load /Game/Apartment_BuiltData.Apartment_BuiltData Referenced by PersistentLevel
[2017.11.07-03.47.32:427][  0]LogLinker: Warning: Can't find file for asset '/Game/Apartment_BuiltData' while loading NULL.
[2017.11.07-03.47.32:427][  0]LoadErrors: Failed to load /Game/Apartment_BuiltData.Apartment_BuiltData Referenced by PersistentLevel
[2017.11.07-03.47.33:530][  0]LogAIModule: Creating AISystem for world Apartment
[2017.11.07-03.47.33:549][  0]LogEditorServer: Finished looking for orphan Actors (0.000 secs)
[2017.11.07-03.47.33:563][  0]Cmd: MAP CHECKDEP NOCLEARLOG
[2017.11.07-03.47.33:614][  0]MapCheck: Map check complete: 0 Error(s), 0 Warning(s), took 50.929ms to complete.
[2017.11.07-03.47.33:614][  0]LogFileHelpers: Loading map 'Apartment' took 1.835
[2017.11.07-03.47.33:787][  0]LogCollectionManager: Loaded 0 collections in 0.001309 seconds
[2017.11.07-03.47.33:853][  0]LogFileCache: Scanning file cache for directory 'C:/Users/Matthew/Documents/GitHub2/EAE3660-TeamPain/TeamPain/Saved/Collections/' took 0.01s
[2017.11.07-03.47.33:853][  0]LogFileCache: Scanning file cache for directory 'C:/Users/Matthew/Documents/GitHub2/EAE3660-TeamPain/TeamPain/Content/Developers/Matthew/Collections/' took 0.01s
[2017.11.07-03.47.33:853][  0]LogFileCache: Scanning file cache for directory 'C:/Users/Matthew/Documents/GitHub2/EAE3660-TeamPain/TeamPain/Content/Collections/' took 0.01s
[2017.11.07-03.47.33:853][  0]LogCollectionManager: Rebuilt the GUID cache for 0 collections in 0.000001 seconds
[2017.11.07-03.47.33:860][  0]LogContentBrowser: Native class hierarchy populated in 0.0069 seconds. Added 2386 classes and 500 folders.
[2017.11.07-03.47.33:909][  0]LogContentBrowser: Native class hierarchy updated for 'WidgetCarousel' in 0.0005 seconds. Added 0 classes and 0 folders.
[2017.11.07-03.47.34:184][  0]LogContentBrowser: Native class hierarchy updated for 'AddContentDialog' in 0.0005 seconds. Added 0 classes and 0 folders.
[2017.11.07-03.47.34:213][  0]LogContentBrowser: Native class hierarchy updated for 'SceneOutliner' in 0.0007 seconds. Added 1 classes and 2 folders.
[2017.11.07-03.47.34:277][  0]LogSlate: Took 0.003584 seconds to synchronously load lazily loaded font '../../../Engine/Content/Slate/Fonts/Roboto-Regular.ttf' (155K)
[2017.11.07-03.47.34:282][  0]LogSlate: Took 0.003633 seconds to synchronously load lazily loaded font '../../../Engine/Content/Slate/Fonts/Roboto-Bold.ttf' (160K)
[2017.11.07-03.47.34:289][  0]LogSlate: Took 0.003439 seconds to synchronously load lazily loaded font '../../../Engine/Content/Editor/Slate/Fonts/FontAwesome.ttf' (139K)
[2017.11.07-03.47.34:400][  0]LogRenderer: Reallocating scene render targets to support 1208x576 Format 10 NumSamples 1 (Frame:1).
[2017.11.07-03.47.35:323][  0]LogSlate: Took 0.004312 seconds to synchronously load lazily loaded font '../../../Engine/Content/Slate/Fonts/Roboto-Light.ttf' (159K)
[2017.11.07-03.47.35:442][  0]LogContentBrowser: Native class hierarchy updated for 'HierarchicalLODOutliner' in 0.0005 seconds. Added 1 classes and 2 folders.
[2017.11.07-03.47.35:442][  0]LogLoad: (Engine Initialization) Total time: 26.00 seconds
[2017.11.07-03.47.35:442][  0]LogLoad: (Engine Initialization) Total Blueprint compile time: 0.00 seconds
[2017.11.07-03.47.35:442][  0]LogExternalProfiler: No external profilers were discovered.  External profiling features will not be available.
[2017.11.07-03.47.35:467][  0]LogAssetRegistry: Asset discovery search completed in 13.2614 seconds
[2017.11.07-03.47.35:469][  0]LogCollectionManager: Rebuilt the object cache for 0 collections in 0.000001 seconds (found 0 objects)
[2017.11.07-03.47.35:469][  0]LogCollectionManager: Fixed up redirectors for 0 collections in 0.000036 seconds (updated 0 objects)
[2017.11.07-03.47.35:472][  0]LogContentStreaming: Texture pool size now 1000 MB
[2017.11.07-03.47.55:003][177]MapCheck: New page: Map Check
[2017.11.07-03.47.55:125][177]Cmd: MAP REBUILD ALLVISIBLE
[2017.11.07-03.47.55:125][177]LogEditorServer: Rebuildmap Clear paths rebuilt
[2017.11.07-03.47.55:846][177]LogMaterial: Missing cached shader map for material FDebugViewModeMaterialProxy WorldGridMaterial, compiling. Is special engine material.
[2017.11.07-03.47.55:852][177]LogMaterial: Missing cached shader map for material FDebugViewModeMaterialProxy MaterialInstanceDynamic_1, compiling. 
[2017.11.07-03.47.55:856][177]LogMaterial: Missing cached shader map for material FDebugViewModeMaterialProxy M_Basic_Wall, compiling. 
[2017.11.07-03.47.55:861][177]LogMaterial: Missing cached shader map for material FDebugViewModeMaterialProxy M_Curtain_MAT_Inst, compiling. 
[2017.11.07-03.47.55:866][177]LogMaterial: Missing cached shader map for material FDebugViewModeMaterialProxy M_Wood_Floor_Walnut_Polished, compiling. 
[2017.11.07-03.47.55:871][177]LogMaterial: Missing cached shader map for material FDebugViewModeMaterialProxy M_Rock_Marble_Polished, compiling. 
[2017.11.07-03.47.55:876][177]LogMaterial: Missing cached shader map for material FDebugViewModeMaterialProxy M_FloorTiles2, compiling. 
[2017.11.07-03.47.55:881][177]LogMaterial: Missing cached shader map for material FDebugViewModeMaterialProxy M_Tech_Hex_Tile, compiling. 
[2017.11.07-03.47.55:885][177]LogMaterial: Missing cached shader map for material FDebugViewModeMaterialProxy M_Metal_Copper, compiling. 
[2017.11.07-03.47.55:891][177]LogMaterial: Missing cached shader map for material FDebugViewModeMaterialProxy bluematte, compiling. 
[2017.11.07-03.47.55:898][177]LogMaterial: Missing cached shader map for material FDebugViewModeMaterialProxy M_Metal_Gold, compiling. 
[2017.11.07-03.47.55:904][177]LogMaterial: Missing cached shader map for material FDebugViewModeMaterialProxy M_Metal_Brushed_Nickel, compiling. 
[2017.11.07-03.47.55:909][177]LogMaterial: Missing cached shader map for material FDebugViewModeMaterialProxy M_Concrete_Panels, compiling. 
[2017.11.07-03.47.55:915][177]LogMaterial: Missing cached shader map for material FDebugViewModeMaterialProxy M_Concrete_Grime, compiling. 
[2017.11.07-03.47.55:922][177]LogMaterial: Missing cached shader map for material FDebugViewModeMaterialProxy M_Rock_Slate, compiling. 
[2017.11.07-03.47.55:928][177]LogMaterial: Missing cached shader map for material FDebugViewModeMaterialProxy M_Rock_Sandstone, compiling. 
[2017.11.07-03.47.55:933][177]LogMaterial: Missing cached shader map for material FDebugViewModeMaterialProxy Beta_Joints_MAT, compiling. 
[2017.11.07-03.47.55:937][177]LogMaterial: Missing cached shader map for material FDebugViewModeMaterialProxy Beta_HighLimbsGeoSG2, compiling. 
[2017.11.07-03.47.55:942][177]LogMaterial: Missing cached shader map for material FDebugViewModeMaterialProxy MI_Couch_NOSSS_Mat_Inst, compiling. 
[2017.11.07-03.47.55:947][177]LogMaterial: Missing cached shader map for material FDebugViewModeMaterialProxy M_CoffeTable_MAT_Inst, compiling. 
[2017.11.07-03.47.55:952][177]LogMaterial: Missing cached shader map for material FDebugViewModeMaterialProxy M_Concrete_Tiles, compiling. 
[2017.11.07-03.47.55:956][177]LogMaterial: Missing cached shader map for material FDebugViewModeMaterialProxy M_Tech_Hex_Tile_Pulse, compiling. 
[2017.11.07-03.47.55:961][177]LogMaterial: Missing cached shader map for material FDebugViewModeMaterialProxy MI_CineMat_CameraBody, compiling. 
[2017.11.07-03.47.55:965][177]LogMaterial: Missing cached shader map for material FDebugViewModeMaterialProxy MI_CineMat_CamViewFinder, compiling. 
[2017.11.07-03.47.55:970][177]LogMaterial: Missing cached shader map for material FDebugViewModeMaterialProxy M_Railing_MAT_Inst, compiling. 
[2017.11.07-03.47.55:974][177]LogMaterial: Missing cached shader map for material FDebugViewModeMaterialProxy M_Chair, compiling. 
[2017.11.07-03.47.55:980][177]LogMaterial: Missing cached shader map for material FDebugViewModeMaterialProxy M_Frame, compiling. 
[2017.11.07-03.47.55:986][177]LogMaterial: Missing cached shader map for material FDebugViewModeMaterialProxy M_Wood_Floor_Walnut_Worn, compiling. 
[2017.11.07-03.47.55:992][177]LogMaterial: Missing cached shader map for material FDebugViewModeMaterialProxy M_TV_Inst, compiling. 
[2017.11.07-03.47.55:999][177]LogMaterial: Missing cached shader map for material FDebugViewModeMaterialProxy M_Shelving_Inst, compiling. 
[2017.11.07-03.47.56:004][177]LogMaterial: Missing cached shader map for material FDebugViewModeMaterialProxy M_Glass, compiling. 
[2017.11.07-03.47.56:011][177]LogMaterial: Missing cached shader map for material FDebugViewModeMaterialProxy M_TableRound, compiling. 
[2017.11.07-03.47.56:016][177]LogMaterial: Missing cached shader map for material FDebugViewModeMaterialProxy wood_chair, compiling. 
[2017.11.07-03.47.56:021][177]LogMaterial: Missing cached shader map for material FDebugViewModeMaterialProxy M_Wood_Pine, compiling. 
[2017.11.07-03.47.56:025][177]LogMaterial: Missing cached shader map for material FDebugViewModeMaterialProxy white_matte, compiling. 
[2017.11.07-03.47.56:029][177]LogMaterial: Missing cached shader map for material FDebugViewModeMaterialProxy M_Metal_Chrome, compiling. 
[2017.11.07-03.47.56:033][177]LogMaterial: Missing cached shader map for material FDebugViewModeMaterialProxy M_DeskLamp_Mat_Inst, compiling. 
[2017.11.07-03.47.56:038][177]LogMaterial: Missing cached shader map for material FDebugViewModeMaterialProxy M_FloorLamp_Mat_Inst, compiling. 
[2017.11.07-03.47.56:043][177]LogMaterial: Missing cached shader map for material FDebugViewModeMaterialProxy neutral, compiling. 
[2017.11.07-03.47.56:047][177]LogMaterial: Missing cached shader map for material FDebugViewModeMaterialProxy M_Mug, compiling. 
[2017.11.07-03.47.56:051][177]LogMaterial: Missing cached shader map for material FDebugViewModeMaterialProxy prop_whiteboard_a, compiling. 
[2017.11.07-03.47.58:276][177]TextureStreamingBuild: Display: Compiling optional shaders took 2.435 seconds.
[2017.11.07-03.47.58:584][177]LogLevel: Display: Export Material TexCoord Scales took 0.308 seconds.
[2017.11.07-03.47.58:619][177]TextureStreamingBuild: Display: Build Texture Streaming took 0.035 seconds.
[2017.11.07-03.47.58:628][177]LightingResults: New page: Lighting Build - Nov 6, 2017, 1:47:58 PM
[2017.11.07-03.47.58:722][177]LogSwarmInterface: [OpenConnection] Registering TCP channel ...
[2017.11.07-03.47.58:854][177]LogSwarmInterface: [OpenConnection] Connecting to agent ...
[2017.11.07-03.47.58:887][177]LogSwarmInterface: [TryOpenConnection] Testing the Agent
[2017.11.07-03.47.59:928][177]LogSwarmInterface: [TryOpenConnection] Opening Connection to Agent
[2017.11.07-03.47.59:928][177]LogSwarmInterface: [TryOpenConnection] Local Process ID is 9036
[2017.11.07-03.48.32:350][177]LogStaticLightingSystem: Warning: No importance volume found, so the scene bounding box was used.  You can optimize your scene's quality and lighting build times by adding importance volumes.
[2017.11.07-03.48.32:351][177]LogStaticLightingSystem: Running Lightmass w/ ImmediateImport mode ENABLED
[2017.11.07-03.48.32:351][177]LogStaticLightingSystem: Running Lightmass w/ ImmediateProcess mode ENABLED
[2017.11.07-03.48.32:351][177]LogStaticLightingSystem: Running Lightmass w/ Sorting mode ENABLED
[2017.11.07-03.48.32:351][177]LogStaticLightingSystem: Running Lightmass w/ Mapping paddings ENABLED
[2017.11.07-03.48.32:351][177]LogStaticLightingSystem: Running Lightmass w/ Mapping debug paddings DISABLED
[2017.11.07-03.48.32:467][177]Cmd: MAP CHECK DONTDISPLAYDIALOG
[2017.11.07-03.48.32:467][177]MapCheck: New page: Apartment - Nov 6, 2017, 1:48:32 PM
[2017.11.07-03.48.32:520][177]MapCheck: Map check complete: 0 Error(s), 0 Warning(s), took 52.85ms to complete.
[2017.11.07-03.48.32:542][177]LogEditorBuildUtils: Build time 0:37
[2017.11.07-03.48.52:048][354]Job is a success!
[2017.11.07-03.48.52:342][355]LogSlate: Took 0.000470 seconds to synchronously load lazily loaded font '../../../Engine/Content/Slate/Fonts/Roboto-Light.ttf' (159K)
[2017.11.07-03.48.53:225][355]LogTexture: Display: Building textures: HQ_Lightmap0_1 (AutoDXT, 1024X1024)
[2017.11.07-03.48.53:225][355]LogTexture: Display: Building textures: LQ_Lightmap_0_1 (DXT1, 1024X1024)
[2017.11.07-03.48.53:225][355]LogTexture: Display: Building textures: HQ_Lightmap0_2 (AutoDXT, 1024X1024)
[2017.11.07-03.48.53:225][355]LogTexture: Display: Building textures: LQ_Lightmap_0_3 (DXT1, 64X64)
[2017.11.07-03.48.53:225][355]LogTexture: Display: Building textures: HQ_Lightmap0_3 (AutoDXT, 64X64)
[2017.11.07-03.48.53:225][355]LogTexture: Display: Building textures: LQ_Lightmap_0_2 (DXT1, 1024X1024)
[2017.11.07-03.48.53:256][355]Lightmass on DESKTOP-4VQ6PI2: 11.3 sec total, 635 ms importing, 846 ms setup, 1.02 sec photons, 8.01 sec processing, 0 ms extra exporting [606/606 mappings]. Threads: 55.9 sec total, 35.7 sec processing.
[2017.11.07-03.48.53:310][355]LogStaticLightingSystem: Illumination: 54.4 sec (571 ms encoding lightmaps, 0 ms encoding shadowmaps)
[2017.11.07-03.48.53:310][355]LogStaticLightingSystem: Lightmap texture memory:  4.0 MB (2.0 MB streaming, 2.0 MB non-streaming), 6 textures
[2017.11.07-03.48.53:310][355]LogStaticLightingSystem: Shadowmap texture memory: 0.0 MB (0.0 MB streaming, 0.0 MB non-streaming), 0 textures
[2017.11.07-03.48.53:361][355]DumpUnbuiltLightIteractions
[2017.11.07-03.48.53:361][355]Lights with unbuilt interactions: 0
[2017.11.07-03.48.53:361][355]
[2017.11.07-03.48.53:361][355]Primitives with unbuilt interactions: 0
[2017.11.07-03.48.53:367][356]Cmd: MAP CHECK NOTIFYRESULTS
[2017.11.07-03.48.53:367][356]MapCheck: New page: Apartment - Nov 6, 2017, 1:48:53 PM
[2017.11.07-03.48.53:442][356]MapCheck: Map check complete: 0 Error(s), 0 Warning(s), took 74.894ms to complete.
[2017.11.07-03.49.09:916][519]MapCheck: New page: Map Check
[2017.11.07-03.49.09:931][519]Cmd: MAP REBUILD ALLVISIBLE
[2017.11.07-03.49.09:931][519]LogEditorServer: Rebuildmap Clear paths rebuilt
[2017.11.07-03.49.10:616][519]LogMaterial: Missing cached shader map for material FDebugViewModeMaterialProxy WorldGridMaterial, compiling. Is special engine material.
[2017.11.07-03.49.10:621][519]LogMaterial: Missing cached shader map for material FDebugViewModeMaterialProxy MaterialInstanceDynamic_2, compiling. 
[2017.11.07-03.49.10:625][519]LogMaterial: Missing cached shader map for material FDebugViewModeMaterialProxy M_Basic_Wall, compiling. 
[2017.11.07-03.49.10:630][519]LogMaterial: Missing cached shader map for material FDebugViewModeMaterialProxy M_Curtain_MAT_Inst, compiling. 
[2017.11.07-03.49.10:634][519]LogMaterial: Missing cached shader map for material FDebugViewModeMaterialProxy M_Wood_Floor_Walnut_Polished, compiling. 
[2017.11.07-03.49.10:640][519]LogMaterial: Missing cached shader map for material FDebugViewModeMaterialProxy M_Rock_Marble_Polished, compiling. 
[2017.11.07-03.49.10:645][519]LogMaterial: Missing cached shader map for material FDebugViewModeMaterialProxy M_FloorTiles2, compiling. 
[2017.11.07-03.49.10:651][519]LogMaterial: Missing cached shader map for material FDebugViewModeMaterialProxy M_Tech_Hex_Tile, compiling. 
[2017.11.07-03.49.10:658][519]LogMaterial: Missing cached shader map for material FDebugViewModeMaterialProxy M_Metal_Copper, compiling. 
[2017.11.07-03.49.10:663][519]LogMaterial: Missing cached shader map for material FDebugViewModeMaterialProxy bluematte, compiling. 
[2017.11.07-03.49.10:667][519]LogMaterial: Missing cached shader map for material FDebugViewModeMaterialProxy M_Metal_Gold, compiling. 
[2017.11.07-03.49.10:672][519]LogMaterial: Missing cached shader map for material FDebugViewModeMaterialProxy M_Metal_Brushed_Nickel, compiling. 
[2017.11.07-03.49.10:676][519]LogMaterial: Missing cached shader map for material FDebugViewModeMaterialProxy M_Concrete_Panels, compiling. 
[2017.11.07-03.49.10:681][519]LogMaterial: Missing cached shader map for material FDebugViewModeMaterialProxy M_Concrete_Grime, compiling. 
[2017.11.07-03.49.10:685][519]LogMaterial: Missing cached shader map for material FDebugViewModeMaterialProxy M_Rock_Slate, compiling. 
[2017.11.07-03.49.10:690][519]LogMaterial: Missing cached shader map for material FDebugViewModeMaterialProxy M_Rock_Sandstone, compiling. 
[2017.11.07-03.49.10:694][519]LogMaterial: Missing cached shader map for material FDebugViewModeMaterialProxy Beta_Joints_MAT, compiling. 
[2017.11.07-03.49.10:698][519]LogMaterial: Missing cached shader map for material FDebugViewModeMaterialProxy Beta_HighLimbsGeoSG2, compiling. 
[2017.11.07-03.49.10:702][519]LogMaterial: Missing cached shader map for material FDebugViewModeMaterialProxy MI_Couch_NOSSS_Mat_Inst, compiling. 
[2017.11.07-03.49.10:707][519]LogMaterial: Missing cached shader map for material FDebugViewModeMaterialProxy M_CoffeTable_MAT_Inst, compiling. 
[2017.11.07-03.49.10:711][519]LogMaterial: Missing cached shader map for material FDebugViewModeMaterialProxy M_Concrete_Tiles, compiling. 
[2017.11.07-03.49.10:715][519]LogMaterial: Missing cached shader map for material FDebugViewModeMaterialProxy M_Tech_Hex_Tile_Pulse, compiling. 
[2017.11.07-03.49.10:719][519]LogMaterial: Missing cached shader map for material FDebugViewModeMaterialProxy MI_CineMat_CameraBody, compiling. 
[2017.11.07-03.49.10:723][519]LogMaterial: Missing cached shader map for material FDebugViewModeMaterialProxy MI_CineMat_CamViewFinder, compiling. 
[2017.11.07-03.49.10:728][519]LogMaterial: Missing cached shader map for material FDebugViewModeMaterialProxy M_Railing_MAT_Inst, compiling. 
[2017.11.07-03.49.10:732][519]LogMaterial: Missing cached shader map for material FDebugViewModeMaterialProxy M_Chair, compiling. 
[2017.11.07-03.49.10:737][519]LogMaterial: Missing cached shader map for material FDebugViewModeMaterialProxy M_Frame, compiling. 
[2017.11.07-03.49.10:743][519]LogMaterial: Missing cached shader map for material FDebugViewModeMaterialProxy M_Wood_Floor_Walnut_Worn, compiling. 
[2017.11.07-03.49.10:749][519]LogMaterial: Missing cached shader map for material FDebugViewModeMaterialProxy M_TV_Inst, compiling. 
[2017.11.07-03.49.10:754][519]LogMaterial: Missing cached shader map for material FDebugViewModeMaterialProxy M_Shelving_Inst, compiling. 
[2017.11.07-03.49.10:758][519]LogMaterial: Missing cached shader map for material FDebugViewModeMaterialProxy M_Glass, compiling. 
[2017.11.07-03.49.10:764][519]LogMaterial: Missing cached shader map for material FDebugViewModeMaterialProxy M_TableRound, compiling. 
[2017.11.07-03.49.10:768][519]LogMaterial: Missing cached shader map for material FDebugViewModeMaterialProxy wood_chair, compiling. 
[2017.11.07-03.49.10:773][519]LogMaterial: Missing cached shader map for material FDebugViewModeMaterialProxy M_Wood_Pine, compiling. 
[2017.11.07-03.49.10:777][519]LogMaterial: Missing cached shader map for material FDebugViewModeMaterialProxy white_matte, compiling. 
[2017.11.07-03.49.10:781][519]LogMaterial: Missing cached shader map for material FDebugViewModeMaterialProxy M_Metal_Chrome, compiling. 
[2017.11.07-03.49.10:785][519]LogMaterial: Missing cached shader map for material FDebugViewModeMaterialProxy M_DeskLamp_Mat_Inst, compiling. 
[2017.11.07-03.49.10:790][519]LogMaterial: Missing cached shader map for material FDebugViewModeMaterialProxy M_FloorLamp_Mat_Inst, compiling. 
[2017.11.07-03.49.10:795][519]LogMaterial: Missing cached shader map for material FDebugViewModeMaterialProxy neutral, compiling. 
[2017.11.07-03.49.10:799][519]LogMaterial: Missing cached shader map for material FDebugViewModeMaterialProxy M_Mug, compiling. 
[2017.11.07-03.49.10:805][519]LogMaterial: Missing cached shader map for material FDebugViewModeMaterialProxy prop_whiteboard_a, compiling. 
[2017.11.07-03.49.12:760][519]TextureStreamingBuild: Display: Compiling optional shaders took 2.146 seconds.
[2017.11.07-03.49.13:040][519]LogLevel: Display: Export Material TexCoord Scales took 0.280 seconds.
[2017.11.07-03.49.13:075][519]TextureStreamingBuild: Display: Build Texture Streaming took 0.035 seconds.
[2017.11.07-03.49.13:083][519]LightingResults: New page: Lighting Build - Nov 6, 2017, 1:49:13 PM
[2017.11.07-03.49.13:097][519]LogSwarmInterface: [OpenConnection] Registering TCP channel ...
[2017.11.07-03.49.13:098][519]LogSwarmInterface: [OpenConnection] Connecting to agent ...
[2017.11.07-03.49.13:098][519]LogSwarmInterface: [TryOpenConnection] Testing the Agent
[2017.11.07-03.49.13:099][519]LogSwarmInterface: [TryOpenConnection] Opening Connection to Agent
[2017.11.07-03.49.13:099][519]LogSwarmInterface: [TryOpenConnection] Local Process ID is 9036
[2017.11.07-03.49.17:636][519]LogStaticLightingSystem: Warning: No importance volume found, so the scene bounding box was used.  You can optimize your scene's quality and lighting build times by adding importance volumes.
[2017.11.07-03.49.17:638][519]LogStaticLightingSystem: Running Lightmass w/ ImmediateImport mode ENABLED
[2017.11.07-03.49.17:638][519]LogStaticLightingSystem: Running Lightmass w/ ImmediateProcess mode ENABLED
[2017.11.07-03.49.17:638][519]LogStaticLightingSystem: Running Lightmass w/ Sorting mode ENABLED
[2017.11.07-03.49.17:638][519]LogStaticLightingSystem: Running Lightmass w/ Mapping paddings ENABLED
[2017.11.07-03.49.17:638][519]LogStaticLightingSystem: Running Lightmass w/ Mapping debug paddings DISABLED
[2017.11.07-03.49.17:722][519]Cmd: MAP CHECK DONTDISPLAYDIALOG
[2017.11.07-03.49.17:722][519]MapCheck: New page: Apartment - Nov 6, 2017, 1:49:17 PM
[2017.11.07-03.49.17:770][519]MapCheck: Map check complete: 0 Error(s), 0 Warning(s), took 47.586ms to complete.
[2017.11.07-03.49.17:792][519]LogEditorBuildUtils: Build time 0:07
[2017.11.07-03.49.27:595][624]Job is a success!
[2017.11.07-03.49.28:720][625]LogTexture: Display: Building textures: AOMaterialMask0_1 (BC4, 1024X512)
[2017.11.07-03.49.28:720][625]LogTexture: Display: Building textures: HQ_Lightmap1_1 (AutoDXT, 1024X1024)
[2017.11.07-03.49.28:720][625]LogTexture: Display: Building textures: LQ_Lightmap_1_1 (DXT1, 1024X1024)
[2017.11.07-03.49.28:720][625]LogTexture: Display: Building textures: AOMaterialMask0_2 (BC4, 1024X512)
[2017.11.07-03.49.28:720][625]LogTexture: Display: Building textures: HQ_Lightmap1_2 (AutoDXT, 1024X1024)
[2017.11.07-03.49.28:720][625]LogTexture: Display: Building textures: LQ_Lightmap_1_2 (DXT1, 1024X1024)
[2017.11.07-03.49.28:720][625]LogTexture: Display: Building textures: AOMaterialMask0_3 (BC4, 64X32)
[2017.11.07-03.49.28:720][625]LogTexture: Display: Building textures: HQ_Lightmap1_3 (AutoDXT, 64X64)
[2017.11.07-03.49.28:720][625]LogTexture: Display: Building textures: LQ_Lightmap_1_3 (DXT1, 64X64)
[2017.11.07-03.49.28:734][625]Lightmass on DESKTOP-4VQ6PI2: 10.2 sec total, 406 ms importing, 840 ms setup, 1.06 sec photons, 7.93 sec processing, 0 ms extra exporting [606/606 mappings]. Threads: 55.3 sec total, 36.4 sec processing.
[2017.11.07-03.49.28:781][625]LogStaticLightingSystem: Illumination: 15.4 sec (497 ms encoding lightmaps, 0 ms encoding shadowmaps)
[2017.11.07-03.49.28:781][625]LogStaticLightingSystem: Lightmap texture memory:  4.7 MB (2.3 MB streaming, 2.3 MB non-streaming), 6 textures
[2017.11.07-03.49.28:781][625]LogStaticLightingSystem: Shadowmap texture memory: 0.0 MB (0.0 MB streaming, 0.0 MB non-streaming), 0 textures
[2017.11.07-03.49.29:652][625]DumpUnbuiltLightIteractions
[2017.11.07-03.49.29:652][625]Lights with unbuilt interactions: 0
[2017.11.07-03.49.29:652][625]
[2017.11.07-03.49.29:652][625]Primitives with unbuilt interactions: 0
[2017.11.07-03.49.29:670][626]Cmd: MAP CHECK NOTIFYRESULTS
[2017.11.07-03.49.29:671][626]MapCheck: New page: Apartment - Nov 6, 2017, 1:49:29 PM
[2017.11.07-03.49.29:753][626]MapCheck: Map check complete: 0 Error(s), 0 Warning(s), took 83.036ms to complete.
[2017.11.07-03.50.25:544][905]Cmd: QUIT_EDITOR
[2017.11.07-03.50.25:566][905]LogWindowsTextInputMethodSystem: Display: IME system now deactivated.
[2017.11.07-03.50.25:580][905]LogExit: Preparing to exit.
[2017.11.07-03.50.26:297][905]LogDirectoryWatcher: A directory notification for 'C:/Users/Matthew/Documents/GitHub2/EAE3660-TeamPain/TeamPain/Content/' was aborted.
[2017.11.07-03.50.26:319][905]LogExit: Editor shut down
[2017.11.07-03.50.26:322][905]LogExit: Transaction tracking system shut down
[2017.11.07-03.50.26:467][905]LogDirectoryWatcher: A directory notification for '../../../Engine/Content/' was aborted.
[2017.11.07-03.50.26:467][905]LogDirectoryWatcher: A directory notification for '../../../../../../Users/Matthew/Documents/GitHub2/EAE3660-TeamPain/TeamPain/Content/' was aborted.
[2017.11.07-03.50.26:467][905]LogDirectoryWatcher: A directory notification for '../../../Engine/Plugins/2D/Paper2D/Content/' was aborted.
[2017.11.07-03.50.26:467][905]LogDirectoryWatcher: A directory notification for '../../../Engine/Plugins/Runtime/Oculus/OculusVR/Content/' was aborted.
[2017.11.07-03.50.26:467][905]LogDirectoryWatcher: A directory notification for '../../../Engine/Plugins/Runtime/Steam/SteamVR/Content/' was aborted.
[2017.11.07-03.50.26:509][905]LogExit: Object subsystem successfully closed.
[2017.11.07-03.50.26:533][905]LogD3D11RHI: Shutdown
[2017.11.07-03.50.26:533][905]LogD3D11RHI: CleanupD3DDevice
[2017.11.07-03.50.26:543][905]LogD3D11RHI: ~FD3D11DynamicRHI
[2017.11.07-03.50.26:552][905]LogModuleManager: Shutting down and abandoning module HierarchicalLODUtilities (532)
[2017.11.07-03.50.26:552][905]LogModuleManager: Shutting down and abandoning module HierarchicalLODOutliner (530)
[2017.11.07-03.50.26:552][905]LogModuleManager: Shutting down and abandoning module SceneOutliner (528)
[2017.11.07-03.50.26:552][905]LogModuleManager: Shutting down and abandoning module AddContentDialog (526)
[2017.11.07-03.50.26:553][905]LogDirectoryWatcher: A directory notification for 'C:/Program Files/Epic Games/UE_4.17/FeaturePacks/' was aborted.
[2017.11.07-03.50.26:556][905]LogModuleManager: Shutting down and abandoning module WidgetCarousel (525)
[2017.11.07-03.50.26:556][905]LogModuleManager: Shutting down and abandoning module EditorWidgets (522)
[2017.11.07-03.50.26:556][905]LogModuleManager: Shutting down and abandoning module CollectionManager (520)
[2017.11.07-03.50.26:556][905]LogDirectoryWatcher: A directory notification for 'C:/Users/Matthew/Documents/GitHub2/EAE3660-TeamPain/TeamPain/Content/Collections/' was aborted.
[2017.11.07-03.50.26:556][905]LogDirectoryWatcher: A directory notification for 'C:/Users/Matthew/Documents/GitHub2/EAE3660-TeamPain/TeamPain/Content/Developers/Matthew/Collections/' was aborted.
[2017.11.07-03.50.26:556][905]LogDirectoryWatcher: A directory notification for 'C:/Users/Matthew/Documents/GitHub2/EAE3660-TeamPain/TeamPain/Saved/Collections/' was aborted.
[2017.11.07-03.50.26:556][905]LogModuleManager: Shutting down and abandoning module StatsViewer (518)
[2017.11.07-03.50.26:556][905]LogModuleManager: Shutting down and abandoning module FoliageEdit (516)
[2017.11.07-03.50.26:556][905]LogModuleManager: Shutting down and abandoning module LandscapeEditor (514)
[2017.11.07-03.50.26:556][905]LogModuleManager: Shutting down and abandoning module MeshPaintMode (512)
[2017.11.07-03.50.26:556][905]LogModuleManager: Shutting down and abandoning module SceneDepthPickerMode (510)
[2017.11.07-03.50.26:556][905]LogModuleManager: Shutting down and abandoning module ActorPickerMode (508)
[2017.11.07-03.50.26:556][905]LogModuleManager: Shutting down and abandoning module GeometryMode (506)
[2017.11.07-03.50.26:556][905]LogModuleManager: Shutting down and abandoning module TextureAlignMode (504)
[2017.11.07-03.50.26:556][905]LogModuleManager: Shutting down and abandoning module BspMode (502)
[2017.11.07-03.50.26:556][905]LogModuleManager: Shutting down and abandoning module PIEPreviewDeviceProfileSelector (500)
[2017.11.07-03.50.26:556][905]LogModuleManager: Shutting down and abandoning module HardwareSurvey (498)
[2017.11.07-03.50.26:556][905]LogModuleManager: Shutting down and abandoning module SequenceRecorderSections (496)
[2017.11.07-03.50.26:556][905]LogModuleManager: Shutting down and abandoning module AutomationWorker (494)
[2017.11.07-03.50.26:556][905]LogModuleManager: Shutting down and abandoning module MatineeToLevelSequence (492)
[2017.11.07-03.50.26:556][905]LogModuleManager: Shutting down and abandoning module LevelSequenceEditor (490)
[2017.11.07-03.50.26:556][905]LogModuleManager: Shutting down and abandoning module PlacementMode (489)
[2017.11.07-03.50.26:556][905]LogModuleManager: Shutting down and abandoning module WmfMediaFactory (486)
[2017.11.07-03.50.26:556][905]LogModuleManager: Shutting down and abandoning module WmfMediaEditor (484)
[2017.11.07-03.50.26:556][905]LogModuleManager: Shutting down and abandoning module AvfMediaFactory (482)
[2017.11.07-03.50.26:556][905]LogModuleManager: Shutting down and abandoning module AvfMediaEditor (480)
[2017.11.07-03.50.26:556][905]LogModuleManager: Shutting down and abandoning module AndroidMediaFactory (478)
[2017.11.07-03.50.26:557][905]LogModuleManager: Shutting down and abandoning module Media (477)
[2017.11.07-03.50.26:557][905]LogModuleManager: Shutting down and abandoning module AndroidMediaEditor (474)
[2017.11.07-03.50.26:557][905]LogModuleManager: Shutting down and abandoning module CharacterAI (472)
[2017.11.07-03.50.26:557][905]LogModuleManager: Shutting down and abandoning module AudioCapture (470)
[2017.11.07-03.50.26:557][905]LogModuleManager: Shutting down and abandoning module SequenceRecorder (469)
[2017.11.07-03.50.26:557][905]LogModuleManager: Shutting down and abandoning module SmartSnapping (466)
[2017.11.07-03.50.26:557][905]LogModuleManager: Shutting down and abandoning module SessionServices (464)
[2017.11.07-03.50.26:557][905]LogModuleManager: Shutting down and abandoning module ViewportSnapping (462)
[2017.11.07-03.50.26:557][905]LogModuleManager: Shutting down and abandoning module ViewportInteraction (460)
[2017.11.07-03.50.26:557][905]LogModuleManager: Shutting down and abandoning module ClothPainter (458)
[2017.11.07-03.50.26:557][905]LogModuleManager: Shutting down and abandoning module LogVisualizer (456)
[2017.11.07-03.50.26:557][905]LogModuleManager: Shutting down and abandoning module IntroTutorials (454)
[2017.11.07-03.50.26:557][905]LogModuleManager: Shutting down and abandoning module GameProjectGeneration (453)
[2017.11.07-03.50.26:557][905]LogModuleManager: Shutting down and abandoning module IOSPlatformEditor (450)
[2017.11.07-03.50.26:557][905]LogModuleManager: Shutting down and abandoning module HTML5PlatformEditor (448)
[2017.11.07-03.50.26:557][905]LogModuleManager: Shutting down and abandoning module AndroidPlatformEditor (446)
[2017.11.07-03.50.26:557][905]LogModuleManager: Shutting down and abandoning module AndroidDeviceDetection (445)
[2017.11.07-03.50.26:773][905]LogModuleManager: Shutting down and abandoning module WindowsPlatformEditor (442)
[2017.11.07-03.50.26:773][905]LogModuleManager: Shutting down and abandoning module IOSRuntimeSettings (440)
[2017.11.07-03.50.26:773][905]LogModuleManager: Shutting down and abandoning module AndroidRuntimeSettings (438)
[2017.11.07-03.50.26:773][905]LogModuleManager: Shutting down and abandoning module InputBindingEditor (436)
[2017.11.07-03.50.26:773][905]LogModuleManager: Shutting down and abandoning module MergeActors (434)
[2017.11.07-03.50.26:773][905]LogModuleManager: Shutting down and abandoning module SizeMap (432)
[2017.11.07-03.50.26:774][905]LogModuleManager: Shutting down and abandoning module TreeMap (430)
[2017.11.07-03.50.26:774][905]LogModuleManager: Shutting down and abandoning module ReferenceViewer (428)
[2017.11.07-03.50.26:774][905]LogModuleManager: Shutting down and abandoning module LocalizationDashboard (426)
[2017.11.07-03.50.26:774][905]LogModuleManager: Shutting down and abandoning module LocalizationService (425)
[2017.11.07-03.50.26:774][905]LogModuleManager: Shutting down and abandoning module HardwareTargeting (422)
[2017.11.07-03.50.26:774][905]LogModuleManager: Shutting down and abandoning module DeviceProfileEditor (420)
[2017.11.07-03.50.26:774][905]LogModuleManager: Shutting down and abandoning module UndoHistory (418)
[2017.11.07-03.50.26:774][905]LogModuleManager: Shutting down and abandoning module XmlParser (416)
[2017.11.07-03.50.26:774][905]LogModuleManager: Shutting down and abandoning module Blutility (414)
[2017.11.07-03.50.26:774][905]LogModuleManager: Shutting down and abandoning module ProjectSettingsViewer (412)
[2017.11.07-03.50.26:774][905]LogModuleManager: Shutting down and abandoning module ProjectTargetPlatformEditor (411)
[2017.11.07-03.50.26:775][905]LogModuleManager: Shutting down and abandoning module EditorSettingsViewer (408)
[2017.11.07-03.50.26:775][905]LogModuleManager: Shutting down and abandoning module SettingsEditor (406)
[2017.11.07-03.50.26:775][905]LogModuleManager: Shutting down and abandoning module ProjectLauncher (404)
[2017.11.07-03.50.26:775][905]LogModuleManager: Shutting down and abandoning module SessionFrontend (402)
[2017.11.07-03.50.26:775][905]LogModuleManager: Shutting down and abandoning module ProfilerClient (400)
[2017.11.07-03.50.26:775][905]LogModuleManager: Shutting down and abandoning module DeviceManager (398)
[2017.11.07-03.50.26:775][905]LogModuleManager: Shutting down and abandoning module TargetDeviceServices (397)
[2017.11.07-03.50.26:829][905]LogModuleManager: Shutting down and abandoning module AutomationController (394)
[2017.11.07-03.50.26:829][905]LogModuleManager: Shutting down and abandoning module AutomationWindow (392)
[2017.11.07-03.50.26:829][905]LogModuleManager: Shutting down and abandoning module Layers (390)
[2017.11.07-03.50.26:829][905]LogModuleManager: Shutting down and abandoning module ComponentVisualizers (388)
[2017.11.07-03.50.26:829][905]LogModuleManager: Shutting down and abandoning module DetailCustomizations (386)
[2017.11.07-03.50.26:829][905]LogModuleManager: Shutting down and abandoning module PackagesDialog (384)
[2017.11.07-03.50.26:829][905]LogModuleManager: Shutting down and abandoning module Persona (382)
[2017.11.07-03.50.26:829][905]LogModuleManager: Shutting down and abandoning module AdvancedPreviewScene (381)
[2017.11.07-03.50.26:829][905]LogModuleManager: Shutting down and abandoning module AnimGraph (379)
[2017.11.07-03.50.26:829][905]LogModuleManager: Shutting down and abandoning module Kismet (376)
[2017.11.07-03.50.26:829][905]LogModuleManager: Shutting down and abandoning module ClassViewer (374)
[2017.11.07-03.50.26:829][905]LogModuleManager: Shutting down and abandoning module Toolbox (372)
[2017.11.07-03.50.26:829][905]LogModuleManager: Shutting down and abandoning module ModuleUI (370)
[2017.11.07-03.50.26:829][905]LogModuleManager: Shutting down and abandoning module MovieSceneTools (368)
[2017.11.07-03.50.26:829][905]LogModuleManager: Shutting down and abandoning module OutputLog (366)
[2017.11.07-03.50.26:829][905]LogModuleManager: Shutting down and abandoning module GammaUI (364)
[2017.11.07-03.50.26:829][905]LogModuleManager: Shutting down and abandoning module Documentation (362)
[2017.11.07-03.50.26:829][905]LogModuleManager: Shutting down and abandoning module MovieSceneTracks (360)
[2017.11.07-03.50.26:830][905]LogModuleManager: Shutting down and abandoning module MovieScene (358)
[2017.11.07-03.50.26:830][905]LogModuleManager: Shutting down and abandoning module Niagara (356)
[2017.11.07-03.50.26:830][905]LogModuleManager: Shutting down and abandoning module NiagaraEditor (355)
[2017.11.07-03.50.26:830][905]LogModuleManager: Shutting down and abandoning module StreamingPauseRendering (352)
[2017.11.07-03.50.26:830][905]LogModuleManager: Shutting down and abandoning module LauncherPlatform (350)
[2017.11.07-03.50.26:830][905]LogModuleManager: Shutting down and abandoning module AnalyticsET (348)
[2017.11.07-03.50.26:830][905]LogModuleManager: Shutting down and abandoning module PortalServices (346)
[2017.11.07-03.50.26:830][905]LogModuleManager: Shutting down and abandoning module PortalRpc (344)
[2017.11.07-03.50.26:830][905]LogModuleManager: Shutting down and abandoning module MessagingRpc (342)
[2017.11.07-03.50.26:830][905]LogModuleManager: Shutting down and abandoning module AIModule (340)
[2017.11.07-03.50.26:830][905]LogModuleManager: Shutting down and abandoning module GameplayDebugger (339)
[2017.11.07-03.50.26:830][905]LogModuleManager: Shutting down and abandoning module AITestSuite (337)
[2017.11.07-03.50.26:830][905]LogModuleManager: Shutting down and abandoning module ProfilerService (334)
[2017.11.07-03.50.27:049][905]LogModuleManager: Shutting down and abandoning module TaskGraph (332)
[2017.11.07-03.50.27:049][905]LogModuleManager: Shutting down and abandoning module SteamVRController (330)
[2017.11.07-03.50.27:049][905]LogModuleManager: Shutting down and abandoning module ProceduralMeshComponentEditor (328)
[2017.11.07-03.50.27:049][905]LogModuleManager: Shutting down and abandoning module ProceduralMeshComponent (326)
[2017.11.07-03.50.27:049][905]LogModuleManager: Shutting down and abandoning module OculusInput (324)
[2017.11.07-03.50.27:049][905]LogModuleManager: Shutting down and abandoning module MobilePatchingUtils (322)
[2017.11.07-03.50.27:049][905]LogModuleManager: Shutting down and abandoning module CustomMeshComponent (320)
[2017.11.07-03.50.27:049][905]LogModuleManager: Shutting down and abandoning module CableComponent (318)
[2017.11.07-03.50.27:049][905]LogModuleManager: Shutting down and abandoning module ArchVisCharacter (316)
[2017.11.07-03.50.27:049][905]LogModuleManager: Shutting down and abandoning module AndroidPermission (314)
[2017.11.07-03.50.27:049][905]LogModuleManager: Shutting down and abandoning module MediaPlayerEditor (310)
[2017.11.07-03.50.27:049][905]LogModuleManager: Shutting down and abandoning module HTML5Networking (308)
[2017.11.07-03.50.27:049][905]LogModuleManager: Shutting down and abandoning module AlembicImporter (306)
[2017.11.07-03.50.27:049][905]LogModuleManager: Shutting down and abandoning module AlembicLibrary (305)
[2017.11.07-03.50.27:049][905]LogModuleManager: Shutting down and abandoning module GeometryCache (304)
[2017.11.07-03.50.27:049][905]LogModuleManager: Shutting down and abandoning module GeometryCacheEd (303)
[2017.11.07-03.50.27:049][905]LogModuleManager: Shutting down and abandoning module SpeedTreeImporter (298)
[2017.11.07-03.50.27:049][905]LogModuleManager: Shutting down and abandoning module PluginBrowser (296)
[2017.11.07-03.50.27:049][905]LogModuleManager: Shutting down and abandoning module MobileLauncherProfileWizard (294)
[2017.11.07-03.50.27:049][905]LogModuleManager: Shutting down and abandoning module VisualStudioSourceCodeAccess (292)
[2017.11.07-03.50.27:049][905]LogModuleManager: Shutting down and abandoning module DesktopPlatform (291)
[2017.11.07-03.50.27:049][905]LogModuleManager: Shutting down and abandoning module UObjectPlugin (288)
[2017.11.07-03.50.27:049][905]LogModuleManager: Shutting down and abandoning module SubversionSourceControl (286)
[2017.11.07-03.50.27:049][905]LogModuleManager: Shutting down and abandoning module PerforceSourceControl (284)
[2017.11.07-03.50.27:049][905]LogModuleManager: Shutting down and abandoning module GitSourceControl (282)
[2017.11.07-03.50.27:049][905]LogModuleManager: Shutting down and abandoning module SourceControl (281)
[2017.11.07-03.50.27:049][905]LogModuleManager: Shutting down and abandoning module LightPropagationVolumeEditor (278)
[2017.11.07-03.50.27:049][905]LogModuleManager: Shutting down and abandoning module PaperTiledImporter (276)
[2017.11.07-03.50.27:049][905]LogModuleManager: Shutting down and abandoning module PaperSpriteSheetImporter (274)
[2017.11.07-03.50.27:049][905]LogModuleManager: Shutting down and abandoning module Paper2DEditor (272)
[2017.11.07-03.50.27:049][905]LogModuleManager: Shutting down and abandoning module MeshPaint (271)
[2017.11.07-03.50.27:049][905]LogModuleManager: Shutting down and abandoning module LevelEditor (269)
[2017.11.07-03.50.27:049][905]LogModuleManager: Shutting down and abandoning module PixelInspectorModule (268)
[2017.11.07-03.50.27:050][905]LogModuleManager: Shutting down and abandoning module MainFrame (266)
[2017.11.07-03.50.27:050][905]LogModuleManager: Shutting down and abandoning module HotReload (265)
[2017.11.07-03.50.27:050][905]LogModuleManager: Shutting down and abandoning module RuntimePhysXCooking (260)
[2017.11.07-03.50.27:050][905]LogModuleManager: Shutting down and abandoning module PhysXVehiclesEditor (258)
[2017.11.07-03.50.27:050][905]LogModuleManager: Shutting down and abandoning module PhysXVehicles (256)
[2017.11.07-03.50.27:050][905]LogModuleManager: Shutting down and abandoning module OculusEditor (254)
[2017.11.07-03.50.27:050][905]LogModuleManager: Shutting down and abandoning module LocationServicesBPLibrary (252)
[2017.11.07-03.50.27:050][905]LogModuleManager: Shutting down and abandoning module ImmediatePhysicsEditor (250)
[2017.11.07-03.50.27:050][905]LogModuleManager: Shutting down and abandoning module ImmediatePhysics (248)
[2017.11.07-03.50.27:050][905]LogModuleManager: Shutting down and abandoning module UdpMessaging (246)
[2017.11.07-03.50.27:152][905]LogModuleManager: Shutting down and abandoning module TcpMessaging (244)
[2017.11.07-03.50.27:253][905]LogModuleManager: Shutting down and abandoning module GameplayTagsEditor (242)
[2017.11.07-03.50.27:253][905]LogModuleManager: Shutting down and abandoning module FacialAnimationEditor (240)
[2017.11.07-03.50.27:253][905]LogModuleManager: Shutting down and abandoning module FacialAnimation (238)
[2017.11.07-03.50.27:253][905]LogModuleManager: Shutting down and abandoning module AssetManagerEditor (236)
[2017.11.07-03.50.27:253][905]LogModuleManager: Shutting down and abandoning module GraphEditor (235)
[2017.11.07-03.50.27:253][905]LogModuleManager: Shutting down and abandoning module ContentBrowser (233)
[2017.11.07-03.50.27:255][905]LogModuleManager: Shutting down and abandoning module LightPropagationVolumeRuntime (230)
[2017.11.07-03.50.27:255][905]LogModuleManager: Shutting down and abandoning module Paper2D (228)
[2017.11.07-03.50.27:255][905]LogModuleManager: Shutting down and abandoning module WindowsMoviePlayer (226)
[2017.11.07-03.50.27:255][905]LogModuleManager: Shutting down and abandoning module WmfMedia (224)
[2017.11.07-03.50.27:257][905]LogModuleManager: Shutting down and abandoning module PacketHandler (222)
[2017.11.07-03.50.27:257][905]LogModuleManager: Shutting down and abandoning module ClothingSystemEditor (220)
[2017.11.07-03.50.27:258][905]LogModuleManager: Shutting down and abandoning module ClothingSystemRuntime (218)
[2017.11.07-03.50.27:258][905]LogModuleManager: Shutting down and abandoning module Overlay (216)
[2017.11.07-03.50.27:258][905]LogModuleManager: Shutting down and abandoning module OverlayEditor (215)
[2017.11.07-03.50.27:258][905]LogModuleManager: Shutting down and abandoning module MediaAssets (212)
[2017.11.07-03.50.27:258][905]LogModuleManager: Shutting down and abandoning module VREditor (210)
[2017.11.07-03.50.27:258][905]LogModuleManager: Shutting down and abandoning module StringTableEditor (208)
[2017.11.07-03.50.27:258][905]LogModuleManager: Shutting down and abandoning module GameplayTasksEditor (206)
[2017.11.07-03.50.27:258][905]LogModuleManager: Shutting down and abandoning module BehaviorTreeEditor (204)
[2017.11.07-03.50.27:258][905]LogModuleManager: Shutting down and abandoning module FunctionalTesting (202)
[2017.11.07-03.50.27:258][905]LogModuleManager: Shutting down and abandoning module CollisionAnalyzer (200)
[2017.11.07-03.50.27:258][905]LogModuleManager: Shutting down and abandoning module WorkspaceMenuStructure (199)
[2017.11.07-03.50.27:258][905]LogModuleManager: Shutting down and abandoning module UMG (196)
[2017.11.07-03.50.27:258][905]LogModuleManager: Shutting down and abandoning module UMGEditor (195)
[2017.11.07-03.50.27:259][905]LogModuleManager: Shutting down and abandoning module Sequencer (194)
[2017.11.07-03.50.27:259][905]LogModuleManager: Shutting down and abandoning module MessageLog (191)
[2017.11.07-03.50.27:259][905]LogModuleManager: Shutting down and abandoning module SlateReflector (186)
[2017.11.07-03.50.27:259][905]LogModuleManager: Shutting down and abandoning module Slate (184)
[2017.11.07-03.50.27:259][905]LogModuleManager: Shutting down and abandoning module EditorStyle (182)
[2017.11.07-03.50.27:263][905]LogModuleManager: Shutting down and abandoning module MRMesh (180)
[2017.11.07-03.50.27:263][905]LogModuleManager: Shutting down and abandoning module SourceCodeAccess (178)
[2017.11.07-03.50.27:263][905]LogModuleManager: Shutting down and abandoning module HeadMountedDisplay (176)
[2017.11.07-03.50.27:263][905]LogModuleManager: Shutting down and abandoning module XAudio2 (174)
[2017.11.07-03.50.27:263][905]LogModuleManager: Shutting down and abandoning module Networking (172)
[2017.11.07-03.50.27:263][905]LogModuleManager: Shutting down and abandoning module Core (168)
[2017.11.07-03.50.27:263][905]LogModuleManager: Shutting down and abandoning module KismetCompiler (164)
[2017.11.07-03.50.27:263][905]LogModuleManager: Shutting down and abandoning module LevelSequence (162)
[2017.11.07-03.50.27:263][905]LogModuleManager: Shutting down and abandoning module MeshUtilities (160)
[2017.11.07-03.50.27:263][905]LogModuleManager: Shutting down and abandoning module MeshMergeUtilities (159)
[2017.11.07-03.50.27:263][905]LogModuleManager: Shutting down and abandoning module MeshReductionInterface (158)
[2017.11.07-03.50.27:263][905]LogModuleManager: Shutting down and abandoning module SimplygonSwarm (157)
[2017.11.07-03.50.27:263][905]LogModuleManager: Shutting down and abandoning module SimplygonMeshReduction (155)
[2017.11.07-03.50.27:263][905]LogModuleManager: Shutting down and abandoning module QuadricMeshReduction (153)
[2017.11.07-03.50.27:263][905]LogModuleManager: Shutting down and abandoning module MaterialBaking (149)
[2017.11.07-03.50.27:263][905]LogModuleManager: Shutting down and abandoning module DirectoryWatcher (146)
[2017.11.07-03.50.27:264][905]LogModuleManager: Shutting down and abandoning module DerivedDataCache (144)
[2017.11.07-03.50.27:268][905]LogDerivedDataCache: Shutdown
[2017.11.07-03.50.27:268][905]LogModuleManager: Shutting down and abandoning module TargetPlatform (142)
[2017.11.07-03.50.27:268][905]LogModuleManager: Shutting down and abandoning module VulkanShaderFormat (141)
[2017.11.07-03.50.27:268][905]LogModuleManager: Shutting down and abandoning module ShaderFormatVectorVM (139)
[2017.11.07-03.50.27:268][905]LogModuleManager: Shutting down and abandoning module ShaderFormatOpenGL (137)
[2017.11.07-03.50.27:268][905]LogModuleManager: Shutting down and abandoning module ShaderFormatD3D (135)
[2017.11.07-03.50.27:268][905]LogModuleManager: Shutting down and abandoning module MetalShaderFormat (133)
[2017.11.07-03.50.27:268][905]LogModuleManager: Shutting down and abandoning module TextureFormatUncompressed (131)
[2017.11.07-03.50.27:268][905]LogModuleManager: Shutting down and abandoning module TextureFormatPVR (129)
[2017.11.07-03.50.27:268][905]LogModuleManager: Shutting down and abandoning module TextureFormatDXT (127)
[2017.11.07-03.50.27:268][905]LogModuleManager: Shutting down and abandoning module TextureFormatIntelISPCTexComp (125)
[2017.11.07-03.50.27:268][905]LogModuleManager: Shutting down and abandoning module TextureFormatASTC (123)
[2017.11.07-03.50.27:268][905]LogModuleManager: Shutting down and abandoning module ImageWrapper (122)
[2017.11.07-03.50.27:268][905]LogModuleManager: Shutting down and abandoning module TextureFormatAndroid (119)
[2017.11.07-03.50.27:268][905]LogModuleManager: Shutting down and abandoning module AudioFormatOpus (117)
[2017.11.07-03.50.27:268][905]LogModuleManager: Shutting down and abandoning module AudioFormatOgg (115)
[2017.11.07-03.50.27:268][905]LogModuleManager: Shutting down and abandoning module AudioFormatADPCM (113)
[2017.11.07-03.50.27:268][905]LogModuleManager: Shutting down and abandoning module LinuxTargetPlatform (111)
[2017.11.07-03.50.27:268][905]LogModuleManager: Shutting down and abandoning module LinuxServerTargetPlatform (109)
[2017.11.07-03.50.27:268][905]LogModuleManager: Shutting down and abandoning module LinuxNoEditorTargetPlatform (107)
[2017.11.07-03.50.27:268][905]LogModuleManager: Shutting down and abandoning module LinuxClientTargetPlatform (105)
[2017.11.07-03.50.27:269][905]LogModuleManager: Shutting down and abandoning module TVOSTargetPlatform (103)
[2017.11.07-03.50.27:269][905]LogModuleManager: Shutting down and abandoning module Messaging (101)
[2017.11.07-03.50.27:269][905]LogModuleManager: Shutting down and abandoning module IOSTargetPlatform (99)
[2017.11.07-03.50.27:269][905]LogModuleManager: Shutting down and abandoning module HTML5TargetPlatform (97)
[2017.11.07-03.50.27:269][905]LogModuleManager: Shutting down and abandoning module Android_PVRTCTargetPlatform (95)
[2017.11.07-03.50.27:269][905]LogModuleManager: Shutting down and abandoning module Android_MultiTargetPlatform (93)
[2017.11.07-03.50.27:269][905]LogModuleManager: Shutting down and abandoning module Android_ETC2TargetPlatform (91)
[2017.11.07-03.50.27:269][905]LogModuleManager: Shutting down and abandoning module Android_ETC1TargetPlatform (89)
[2017.11.07-03.50.27:269][905]LogModuleManager: Shutting down and abandoning module Android_DXTTargetPlatform (87)
[2017.11.07-03.50.27:269][905]LogModuleManager: Shutting down and abandoning module Android_ATCTargetPlatform (85)
[2017.11.07-03.50.27:269][905]LogModuleManager: Shutting down and abandoning module Android_ASTCTargetPlatform (83)
[2017.11.07-03.50.27:269][905]LogModuleManager: Shutting down and abandoning module AndroidTargetPlatform (81)
[2017.11.07-03.50.27:269][905]LogModuleManager: Shutting down and abandoning module WindowsTargetPlatform (79)
[2017.11.07-03.50.27:269][905]LogModuleManager: Shutting down and abandoning module WindowsServerTargetPlatform (77)
[2017.11.07-03.50.27:269][905]LogModuleManager: Shutting down and abandoning module WindowsNoEditorTargetPlatform (75)
[2017.11.07-03.50.27:269][905]LogModuleManager: Shutting down and abandoning module WindowsClientTargetPlatform (73)
[2017.11.07-03.50.27:269][905]LogModuleManager: Shutting down and abandoning module MacTargetPlatform (71)
[2017.11.07-03.50.27:269][905]LogModuleManager: Shutting down and abandoning module MacServerTargetPlatform (69)
[2017.11.07-03.50.27:269][905]LogModuleManager: Shutting down and abandoning module MacNoEditorTargetPlatform (67)
[2017.11.07-03.50.27:269][905]LogModuleManager: Shutting down and abandoning module MacClientTargetPlatform (65)
[2017.11.07-03.50.27:269][905]LogModuleManager: Shutting down and abandoning module AllDesktopTargetPlatform (63)
[2017.11.07-03.50.27:269][905]LogModuleManager: Shutting down and abandoning module InputCore (60)
[2017.11.07-03.50.27:269][905]LogModuleManager: Shutting down and abandoning module Settings (58)
[2017.11.07-03.50.27:269][905]LogModuleManager: Shutting down and abandoning module PhysXCooking (56)
[2017.11.07-03.50.27:269][905]LogModuleManager: Shutting down and abandoning module SteamVR (54)
[2017.11.07-03.50.27:269][905]LogModuleManager: Shutting down and abandoning module OculusHMD (52)
[2017.11.07-03.50.27:269][905]LogModuleManager: Shutting down and abandoning module ExampleDeviceProfileSelector (50)
[2017.11.07-03.50.27:269][905]LogModuleManager: Shutting down and abandoning module OnlineBlueprintSupport (48)
[2017.11.07-03.50.27:269][905]LogModuleManager: Shutting down and abandoning module OnlineSubsystem (44)
[2017.11.07-03.50.27:269][905]LogOnline: Display: Unloading online subsystem: NULL
[2017.11.07-03.50.27:269][905]LogModuleManager: Shutting down and abandoning module XMPP (43)
[2017.11.07-03.50.27:270][905]LogModuleManager: Shutting down and abandoning module HTTP (41)
[2017.11.07-03.50.27:270][905]LogHttp: Display: Http module shutting down, but needs to wait on 1 outstanding Http requests:
[2017.11.07-03.50.27:270][905]LogHttp: Display: 	verb=[POST] url=[https://datarouter.ol.epicgames.com/datarouter/api/v1/public/data?SessionID=%7BB2047A03-4EDD-02A0-FE78-D69EDF30CC54%7D&AppID=UEEditor.Rocket.Release&AppVersion=4.17.2-3658906%2B%2B%2BUE4%2BRelease-4.17&UserID=4e5d4eea41eddfc97897f0b6e31b04c4%7C34cdca6607a142f2b2a8b413f787d7a6%7C64985f2c-e194-41cf-bb41-5e9619f34378&AppEnvironment=datacollector-binary&UploadType=eteventstream] status=Processing
[2017.11.07-03.50.27:299][905]LogModuleManager: Shutting down and abandoning module SSL (40)
[2017.11.07-03.50.27:300][905]LogModuleManager: Shutting down and abandoning module AnimationModifiers (36)
[2017.11.07-03.50.27:300][905]LogModuleManager: Shutting down and abandoning module PropertyEditor (35)
[2017.11.07-03.50.27:300][905]LogModuleManager: Shutting down and abandoning module AudioEditor (32)
[2017.11.07-03.50.27:300][905]LogModuleManager: Shutting down and abandoning module TextureCompressor (30)
[2017.11.07-03.50.27:300][905]LogModuleManager: Shutting down and abandoning module ShaderCore (28)
[2017.11.07-03.50.27:300][905]LogModuleManager: Shutting down and abandoning module Landscape (26)
[2017.11.07-03.50.27:300][905]LogModuleManager: Shutting down and abandoning module SlateRHIRenderer (24)
[2017.11.07-03.50.27:301][905]LogModuleManager: Shutting down and abandoning module OpenGLDrv (22)
[2017.11.07-03.50.27:301][905]LogModuleManager: Shutting down and abandoning module D3D11RHI (20)
[2017.11.07-03.50.27:301][905]LogModuleManager: Shutting down and abandoning module AnimGraphRuntime (18)
[2017.11.07-03.50.27:301][905]LogModuleManager: Shutting down and abandoning module Renderer (16)
[2017.11.07-03.50.27:301][905]LogModuleManager: Shutting down and abandoning module Engine (14)
[2017.11.07-03.50.27:301][905]LogModuleManager: Shutting down and abandoning module CoreUObject (12)
[2017.11.07-03.50.27:301][905]LogModuleManager: Shutting down and abandoning module NetworkFile (10)
[2017.11.07-03.50.27:301][905]LogModuleManager: Shutting down and abandoning module CookedIterativeFile (8)
[2017.11.07-03.50.27:301][905]LogModuleManager: Shutting down and abandoning module StreamingFile (6)
[2017.11.07-03.50.27:301][905]LogModuleManager: Shutting down and abandoning module SandboxFile (4)
[2017.11.07-03.50.27:301][905]LogModuleManager: Shutting down and abandoning module PakFile (2)
[2017.11.07-03.50.27:306][905]LogExit: Exiting.
[2017.11.07-03.50.27:321][905]Log file closed, 11/06/17 20:50:27
