Log file open, 11/27/17 18:30:51
LogWindows: Failed to load 'aqProf.dll' (GetLastError=126)
LogWindows: File 'aqProf.dll' does not exist
LogWindows: Failed to load 'VtuneApi.dll' (GetLastError=126)
LogWindows: File 'VtuneApi.dll' does not exist
LogWindows: Failed to load 'VtuneApi32e.dll' (GetLastError=126)
LogWindows: File 'VtuneApi32e.dll' does not exist
LogInit: Display: Running engine for game: TeamPain
LogPlatformFile: Not using cached read wrapper
LogInit: Display: RandInit(-1497592394) SRandInit(-1497592394).
LogTaskGraph: Started task graph with 5 named threads and 14 total threads with 3 sets of task threads.
LogStats: Stats thread started at 0.200015
LogD3D11RHI: Aftermath initialized
LogPluginManager: Mounting plugin Paper2D
LogPluginManager: Mounting plugin LightPropagationVolume
LogPluginManager: Mounting plugin CodeLiteSourceCodeAccess
LogPluginManager: Mounting plugin GitSourceControl
LogPluginManager: Mounting plugin KDevelopSourceCodeAccess
LogPluginManager: Mounting plugin NullSourceCodeAccess
LogPluginManager: Mounting plugin PerforceSourceControl
LogPluginManager: Mounting plugin SubversionSourceControl
LogPluginManager: Mounting plugin UObjectPlugin
LogPluginManager: Mounting plugin VisualStudioSourceCodeAccess
LogPluginManager: Mounting plugin XCodeSourceCodeAccess
LogPluginManager: Mounting plugin AssetManagerEditor
LogPluginManager: Mounting plugin AudioCapture
LogPluginManager: Mounting plugin FacialAnimation
LogPluginManager: Mounting plugin GameplayTagsEditor
LogPluginManager: Mounting plugin MobileLauncherProfileWizard
LogPluginManager: Mounting plugin PluginBrowser
LogPluginManager: Mounting plugin SpeedTreeImporter
LogPluginManager: Mounting plugin AlembicImporter
LogPluginManager: Mounting plugin CharacterAI
LogPluginManager: Mounting plugin HTML5Networking
LogPluginManager: Mounting plugin AndroidMedia
LogPluginManager: Mounting plugin AvfMedia
LogPluginManager: Mounting plugin MediaPlayerEditor
LogPluginManager: Mounting plugin WmfMedia
LogPluginManager: Mounting plugin TcpMessaging
LogPluginManager: Mounting plugin UdpMessaging
LogPluginManager: Mounting plugin LevelSequenceEditor
LogPluginManager: Mounting plugin MatineeToLevelSequence
LogPluginManager: Mounting plugin OnlineSubsystemGooglePlay
LogPluginManager: Mounting plugin OnlineSubsystemIOS
LogPluginManager: Mounting plugin OnlineSubsystem
LogPluginManager: Mounting plugin OnlineSubsystemNull
LogPluginManager: Mounting plugin OnlineSubsystemUtils
LogPluginManager: Mounting plugin AndroidDeviceProfileSelector
LogPluginManager: Mounting plugin AndroidMoviePlayer
LogPluginManager: Mounting plugin AndroidPermission
LogPluginManager: Mounting plugin AppleMoviePlayer
LogPluginManager: Mounting plugin ArchVisCharacter
LogPluginManager: Mounting plugin CableComponent
LogPluginManager: Mounting plugin CustomMeshComponent
LogPluginManager: Mounting plugin ExampleDeviceProfileSelector
LogPluginManager: Mounting plugin GoogleCloudMessaging
LogPluginManager: Mounting plugin ImmediatePhysics
LogPluginManager: Mounting plugin IOSDeviceProfileSelector
LogPluginManager: Mounting plugin LinuxDeviceProfileSelector
LogPluginManager: Mounting plugin LocationServicesBPLibrary
LogPluginManager: Mounting plugin MobilePatchingUtils
LogPluginManager: Mounting plugin OculusVR
LogPluginManager: Mounting plugin PhysXVehicles
LogPluginManager: Mounting plugin ProceduralMeshComponent
LogPluginManager: Mounting plugin RuntimePhysXCooking
LogPluginManager: Mounting plugin SteamVR
LogPluginManager: Mounting plugin WindowsMoviePlayer
LogInit: Using libcurl 7.47.1
LogInit:  - built for x86_64-pc-win32
LogInit:  - supports SSL with OpenSSL/1.0.2g
LogInit:  - supports HTTP deflate (compression) using libz 1.2.8
LogInit:  - other features:
LogInit:      CURL_VERSION_SSL
LogInit:      CURL_VERSION_LIBZ
LogInit:      CURL_VERSION_IPV6
LogInit:      CURL_VERSION_ASYNCHDNS
LogInit:      CURL_VERSION_LARGEFILE
LogInit:      CURL_VERSION_IDN
LogInit:  CurlRequestOptions (configurable via config and command line):
LogInit:  - bVerifyPeer = false  - Libcurl will NOT verify peer certificate
LogInit:  - bUseHttpProxy = false  - Libcurl will NOT use HTTP proxy
LogInit:  - bDontReuseConnections = false  - Libcurl will reuse connections
LogInit:  - CertBundlePath = nullptr  - Libcurl will use whatever was configured at build time.
LogInit: Build: ++UE4+Release-4.17-CL-3658906
LogInit: Engine Version: 4.17.2-3658906+++UE4+Release-4.17
LogInit: Compatible Engine Version: 4.17.0-3573198+++UE4+Release-4.17
LogInit: Net CL: 3573198
LogDevObjectVersion: Number of dev versions registered: 16
LogDevObjectVersion:   Dev-Blueprints (B0D832E4-1F89-4F0D-ACCF-7EB736FD4AA2): 10
LogDevObjectVersion:   Dev-Build (E1C64328-A22C-4D53-A36C-8E866417BD8C): 0
LogDevObjectVersion:   Dev-Core (375EC13C-06E4-48FB-B500-84F0262A717E): 2
LogDevObjectVersion:   Dev-Editor (E4B068ED-F494-42E9-A231-DA0B2E46BB41): 20
LogDevObjectVersion:   Dev-Framework (CFFC743F-43B0-4480-9391-14DF171D2073): 28
LogDevObjectVersion:   Dev-Mobile (B02B49B5-BB20-44E9-A304-32B752E40360): 0
LogDevObjectVersion:   Dev-Networking (A4E4105C-59A1-49B5-A7C5-40C4547EDFEE): 0
LogDevObjectVersion:   Dev-Online (39C831C9-5AE6-47DC-9A44-9C173E1C8E7C): 0
LogDevObjectVersion:   Dev-Physics (78F01B33-EBEA-4F98-B9B4-84EACCB95AA2): 0
LogDevObjectVersion:   Dev-Platform (6631380F-2D4D-43E0-8009-CF276956A95A): 0
LogDevObjectVersion:   Dev-Rendering (12F88B9F-8875-4AFC-A67C-D90C383ABD29): 19
LogDevObjectVersion:   Dev-Sequencer (7B5AE74C-D270-4C10-A958-57980B212A5A): 4
LogDevObjectVersion:   Dev-VR (D7296918-1DD6-4BDD-9DE2-64A83CC13884): 0
LogDevObjectVersion:   Dev-LoadTimes (C2A15278-BFE7-4AFE-6C17-90FF531DF755): 1
LogDevObjectVersion:   Private-Geometry (6EACA3D4-40EC-4CC1-B786-8BED09428FC5): 1
LogDevObjectVersion:   Dev-AnimPhys (29E575DD-E0A3-4627-9D10-D276232CDCEA): 7
LogInit: Compiled (64-bit): Sep 22 2017 13:47:16
LogInit: Compiled with Visual C++: 19.00.24215.01
LogInit: Build Configuration: Development
LogInit: Branch Name: ++UE4+Release-4.17
LogInit: Command line:  
LogInit: Base directory: C:/Program Files/Epic Games/UE_4.17/Engine/Binaries/Win64/
LogInit: Installed Engine Build: 1
LogInit: Presizing for max 8388607 objects, including 0 objects not considered by GC, pre-allocating 0 bytes for permanent pool.
LogInit: Object subsystem initialized
[2017.11.28-01.30.52:927][  0]LogInit: Selected Device Profile: [Windows]
[2017.11.28-01.30.52:927][  0]LogInit: Applying CVar settings loaded from the selected device profile: [Windows]
[2017.11.28-01.30.53:136][  0]LogInit: Computer: DESKTOP-22D293Q
[2017.11.28-01.30.53:136][  0]LogInit: User: brose
[2017.11.28-01.30.53:136][  0]LogInit: CPU Page size=4096, Cores=4
[2017.11.28-01.30.53:136][  0]LogInit: High frequency timer resolution =2.531247 MHz
[2017.11.28-01.30.53:137][  0]LogMemory: Memory total: Physical=11.9GB (12GB approx)
[2017.11.28-01.30.53:137][  0]LogMemory: Platform Memory Stats for Windows
[2017.11.28-01.30.53:137][  0]LogMemory: Process Physical Memory: 278.04 MB used, 278.04 MB peak
[2017.11.28-01.30.53:137][  0]LogMemory: Process Virtual Memory: 274.39 MB used, 274.39 MB peak
[2017.11.28-01.30.53:137][  0]LogMemory: Physical Memory: 5578.34 MB used,  6632.44 MB free, 12210.78 MB total
[2017.11.28-01.30.53:137][  0]LogMemory: Virtual Memory: 707.22 MB used,  6632.44 MB free, 134217728.00 MB total
[2017.11.28-01.30.53:401][  0]LogInit: Using OS detected language (en-US).
[2017.11.28-01.30.53:401][  0]LogInit: Using OS detected locale (en-US).
[2017.11.28-01.30.53:404][  0]LogTextLocalizationManager: No specific localization for 'en-US' exists, so the 'en' localization will be used.
[2017.11.28-01.31.05:434][  0]LogD3D11RHI: D3D11 adapters:
[2017.11.28-01.31.05:494][  0]LogD3D11RHI:    0. 'NVIDIA GeForce GTX 950M' (Feature Level 11_0)
[2017.11.28-01.31.05:494][  0]LogD3D11RHI:       4065/0/6105 MB DedicatedVideo/DedicatedSystem/SharedSystem, Outputs:1, VendorId:0x10de
[2017.11.28-01.31.05:503][  0]LogD3D11RHI:    1. 'Intel(R) HD Graphics 530' (Feature Level 11_0)
[2017.11.28-01.31.05:503][  0]LogD3D11RHI:       128/0/6105 MB DedicatedVideo/DedicatedSystem/SharedSystem, Outputs:0, VendorId:0x8086
[2017.11.28-01.31.05:506][  0]LogD3D11RHI:    2. 'Microsoft Basic Render Driver' (Feature Level 11_0)
[2017.11.28-01.31.05:506][  0]LogD3D11RHI:       0/0/6105 MB DedicatedVideo/DedicatedSystem/SharedSystem, Outputs:0, VendorId:0x1414
[2017.11.28-01.31.05:506][  0]LogD3D11RHI: Chosen D3D11 Adapter: 0
[2017.11.28-01.31.05:515][  0]LogD3D11RHI: Creating new Direct3DDevice
[2017.11.28-01.31.05:515][  0]LogD3D11RHI:     GPU DeviceId: 0x139a (for the marketing name, search the web for "GPU Device Id")
[2017.11.28-01.31.05:515][  0]LogWindows: EnumDisplayDevices:
[2017.11.28-01.31.05:515][  0]LogWindows:    0. 'Intel(R) HD Graphics 530' (P:1 D:1)
[2017.11.28-01.31.05:515][  0]LogWindows:    1. 'Intel(R) HD Graphics 530' (P:0 D:0)
[2017.11.28-01.31.05:516][  0]LogWindows:    2. 'Intel(R) HD Graphics 530' (P:0 D:0)
[2017.11.28-01.31.05:516][  0]LogWindows: DebugString: GetVideoDriverDetailsInvalid PrimaryIsNotTheChoosenAdapter GetVideoDriverDetailsInvalid PrimaryIsNotTheChoosenAdapter GetVideoDriverDetailsInvalid PrimaryIsNotTheChoosenAdapter FoundDriverCount:0 
[2017.11.28-01.31.05:516][  0]LogD3D11RHI:     Adapter Name: NVIDIA GeForce GTX 950M
[2017.11.28-01.31.05:516][  0]LogD3D11RHI:   Driver Version: Unknown (internal:Unknown, unified:Unknown)
[2017.11.28-01.31.05:516][  0]LogD3D11RHI:      Driver Date: Unknown
[2017.11.28-01.31.05:516][  0]LogRHI: Texture pool is 1361 MB (70% of 1945 MB)
[2017.11.28-01.31.05:552][  0]LogD3D11RHI: Async texture creation enabled
[2017.11.28-01.31.05:565][  0]LogD3D11RHI: GPU Timing Frequency: 1000.000000 (Debug: 2 1)
[2017.11.28-01.31.05:566][  0]LogShaderCompilers: Guid format shader working directory is -27 characters bigger than the processId version (../../../../../../Users/brose/Documents/GitHub/EAE3660-TeamPain/TeamPain/Intermediate/Shaders/WorkingDirectory/20764/).
[2017.11.28-01.31.05:566][  0]LogShaderCompilers: Cleaned the shader compiler working directory 'C:/Users/brose/AppData/Local/Temp/UnrealShaderWorkingDir/3C0D959A44BA214962B1AC85DF72E03C/'.
[2017.11.28-01.31.05:566][  0]LogShaderCompilers: Display: Using Local Shader Compiler.
[2017.11.28-01.31.15:297][  0]LogTemp: Display: Loaded TP AllDesktopTargetPlatform
[2017.11.28-01.31.15:372][  0]LogTemp: Display: Loaded TP MacClientTargetPlatform
[2017.11.28-01.31.15:453][  0]LogTemp: Display: Loaded TP MacNoEditorTargetPlatform
[2017.11.28-01.31.15:528][  0]LogTemp: Display: Loaded TP MacServerTargetPlatform
[2017.11.28-01.31.15:634][  0]LogTemp: Display: Loaded TP MacTargetPlatform
[2017.11.28-01.31.15:714][  0]LogTemp: Display: Loaded TP WindowsClientTargetPlatform
[2017.11.28-01.31.15:798][  0]LogTemp: Display: Loaded TP WindowsNoEditorTargetPlatform
[2017.11.28-01.31.15:872][  0]LogTemp: Display: Loaded TP WindowsServerTargetPlatform
[2017.11.28-01.31.15:934][  0]LogTemp: Display: Loaded TP WindowsTargetPlatform
[2017.11.28-01.31.16:037][  0]LogTemp: Display: Loaded TP AndroidTargetPlatform
[2017.11.28-01.31.16:112][  0]LogTemp: Display: Loaded TP Android_ASTCTargetPlatform
[2017.11.28-01.31.16:189][  0]LogTemp: Display: Loaded TP Android_ATCTargetPlatform
[2017.11.28-01.31.16:263][  0]LogTemp: Display: Loaded TP Android_DXTTargetPlatform
[2017.11.28-01.31.16:338][  0]LogTemp: Display: Loaded TP Android_ETC1TargetPlatform
[2017.11.28-01.31.16:420][  0]LogTemp: Display: Loaded TP Android_ETC2TargetPlatform
[2017.11.28-01.31.16:566][  0]LogTemp: Display: Loaded TP Android_MultiTargetPlatform
[2017.11.28-01.31.16:566][  0]LogTemp: Display: Loaded TP Android_PVRTCTargetPlatform
[2017.11.28-01.31.16:620][  0]LogTemp: Display: Loaded TP HTML5TargetPlatform
[2017.11.28-01.31.16:764][  0]LogTemp: Display: Loaded TP IOSTargetPlatform
[2017.11.28-01.31.16:812][  0]LogTemp: Display: Loaded TP TVOSTargetPlatform
[2017.11.28-01.31.16:883][  0]LogTemp: Display: Loaded TP LinuxClientTargetPlatform
[2017.11.28-01.31.16:956][  0]LogTemp: Display: Loaded TP LinuxNoEditorTargetPlatform
[2017.11.28-01.31.17:027][  0]LogTemp: Display: Loaded TP LinuxServerTargetPlatform
[2017.11.28-01.31.17:176][  0]LogTemp: Display: Loaded TP LinuxTargetPlatform
[2017.11.28-01.31.17:176][  0]LogTargetPlatformManager: Display: Building Assets For Windows
[2017.11.28-01.31.17:925][  0]LogDerivedDataCache: Display: Max Cache Size: 512 MB
[2017.11.28-01.31.20:539][  0]LogDerivedDataCache: Loaded boot cache 2.61s 93MB C:/Users/brose/AppData/Local/UnrealEngine/4.17/DerivedDataCache/Boot.ddc.
[2017.11.28-01.31.20:539][  0]LogDerivedDataCache: Display: Loaded Boot cache: C:/Users/brose/AppData/Local/UnrealEngine/4.17/DerivedDataCache/Boot.ddc
[2017.11.28-01.31.20:539][  0]LogDerivedDataCache: FDerivedDataBackendGraph:  Pak pak cache file ../../../../../../Users/brose/Documents/GitHub/EAE3660-TeamPain/TeamPain/DerivedDataCache/DDC.ddp not found, will not use a pak cache.
[2017.11.28-01.31.20:540][  0]LogDerivedDataCache: Unable to find inner node Pak for hierarchical cache Hierarchy.
[2017.11.28-01.31.20:540][  0]LogDerivedDataCache: FDerivedDataBackendGraph:  CompressedPak pak cache file ../../../../../../Users/brose/Documents/GitHub/EAE3660-TeamPain/TeamPain/DerivedDataCache/Compressed.ddp not found, will not use a pak cache.
[2017.11.28-01.31.20:540][  0]LogDerivedDataCache: Unable to find inner node CompressedPak for hierarchical cache Hierarchy.
[2017.11.28-01.31.20:561][  0]LogDerivedDataCache: Display: Pak cache opened for reading ../../../Engine/DerivedDataCache/Compressed.ddp.
[2017.11.28-01.31.20:572][  0]LogDerivedDataCache: Using Local data cache path C:/Users/brose/AppData/Local/UnrealEngine/Common/DerivedDataCache: Writable
[2017.11.28-01.31.20:586][  0]LogMaterial: Verifying Global Shaders for PCD3D_SM5
[2017.11.28-01.31.20:587][  0]LogSlate: Using Freetype 2.6.0
[2017.11.28-01.31.20:587][  0]LogSlate: SlateFontCache - WITH_FREETYPE: 1, WITH_HARFBUZZ: 1
[2017.11.28-01.31.20:587][  0]LogSlate: SlateFontCache - WITH_FREETYPE: 1, WITH_HARFBUZZ: 1
[2017.11.28-01.31.20:966][  0]LogAssetRegistry: FAssetRegistry took 0.0298 seconds to start up
[2017.11.28-01.31.21:135][  0]LogInit: Selected Device Profile: [Windows]
[2017.11.28-01.31.21:338][  0]LogContentStreaming: Texture pool size is 0.00 MB
[2017.11.28-01.31.21:785][  0]LogSimplygon: Simplygon DLL not present - disabling.
[2017.11.28-01.31.21:841][  0]LogMeshReduction: Using SimplygonSwarm for distributed automatic mesh merging
[2017.11.28-01.31.21:841][  0]LogMeshReduction: Using QuadricMeshReduction for automatic static mesh reduction
[2017.11.28-01.31.21:842][  0]LogMeshReduction: No automatic skeletal mesh reduction module available
[2017.11.28-01.31.21:842][  0]LogMeshReduction: No automatic mesh merging module available
[2017.11.28-01.31.21:842][  0]LogMeshMerging: No automatic mesh merging module available
[2017.11.28-01.31.22:370][  0]LogNetVersion: TeamPain , NetCL: 3573198, EngineNetVer: 2, GameNetVer: 0 (Checksum: 1519948437)
[2017.11.28-01.31.22:721][  0]LogPackageLocalizationCache: Processed 5 localized package path(s) for 2 prioritized culture(s) in 0.091287 seconds
[2017.11.28-01.31.22:730][  0]LogUObjectArray: 35825 objects as part of root set at end of initial load.
[2017.11.28-01.31.22:730][  0]LogUObjectAllocator: 7529112 out of 0 bytes used by permanent object pool.
[2017.11.28-01.31.22:730][  0]LogUObjectArray: CloseDisregardForGC: 0/0 objects in disregard for GC pool
[2017.11.28-01.31.22:824][  0]LogInit: WinSock: version 1.1 (2.2), MaxSocks=32767, MaxUdp=65467
[2017.11.28-01.32.24:300][  0]LogTcpMessaging: Initializing TcpMessaging bridge
[2017.11.28-01.32.24:366][  0]LogUdpMessaging: Initializing bridge on interface 0.0.0.0:0 to multicast group 230.0.0.1:6666.
[2017.11.28-01.32.26:358][  0]LogMaterial: Uniform references updated for custom material expression Custom.
[2017.11.28-01.32.27:022][  0]SourceControl: Source control is disabled
[2017.11.28-01.32.27:022][  0]SourceControl: Source control is disabled
[2017.11.28-01.32.27:101][  0]SourceControl: Source control is disabled
[2017.11.28-01.32.27:177][  0]SourceControl: Source control is disabled
[2017.11.28-01.32.28:716][  0]LogAndroidPermission: UAndroidPermissionCallbackProxy::GetInstance
[2017.11.28-01.32.29:073][  0]LogOcInput: OculusInput pre-init called
[2017.11.28-01.32.29:540][  0]LogEngine: Initializing Engine...
[2017.11.28-01.32.29:542][  0]LogHMD: Failed to initialize OpenVR with code 110
[2017.11.28-01.32.29:877][  0]LogStats: UGameplayTagsManager::ConstructGameplayTagTree: Construct from data asset -  0.000 s
[2017.11.28-01.32.29:877][  0]LogStats: UGameplayTagsManager::ConstructGameplayTagTree: GameplayTagTreeChangedEvent.Broadcast -  0.000 s
[2017.11.28-01.32.30:095][  0]LogAIModule: Creating AISystem for world Untitled
[2017.11.28-01.32.30:104][  0]LogInit: XAudio2 using 'Speaker/HP (Realtek High Definition Audio)' : 2 channels at 48 kHz using 32 bits per sample (channel mask 0x3)
[2017.11.28-01.32.30:124][  0]LogInit: FAudioDevice initialized.
[2017.11.28-01.32.31:190][  0]LogDerivedDataCache: Saved boot cache 1.07s 93MB C:/Users/brose/AppData/Local/UnrealEngine/4.17/DerivedDataCache/Boot.ddc.
[2017.11.28-01.32.31:218][  0]LogInit: Texture streaming: Enabled
[2017.11.28-01.32.31:410][  0]LogEngineSessionManager: EngineSessionManager initialized
[2017.11.28-01.32.31:448][  0]LogEngineSessionManager: EngineSessionManager sent abnormal shutdown report. Type=Crashed, SessionId={C927B3B2-4F99-9B57-F024-3EA2A84ACE60}
[2017.11.28-01.32.33:219][  0]LogInit: Transaction tracking system initialized
[2017.11.28-01.32.33:690][  0]BlueprintLog: New page: Editor Load
[2017.11.28-01.32.34:969][  0]LocalizationService: Localization service is disabled
[2017.11.28-01.32.36:373][  0]LogConsoleResponse: Display: 
[2017.11.28-01.32.36:640][  0]LogCook: Display: Max memory allowance for cook 16384mb min free memory 0mb
[2017.11.28-01.32.36:640][  0]LogCook: Display: Mobile HDR setting 1
[2017.11.28-01.32.36:640][  0]LogGameplayTags: Display: UGameplayTagsManager::DoneAddingNativeTags. DelegateIsBound: 0
[2017.11.28-01.32.37:124][  0]LogFileCache: Scanning file cache for directory 'C:/Users/brose/Documents/GitHub/EAE3660-TeamPain/TeamPain/Content/' took 0.03s
[2017.11.28-01.32.38:742][  0]SourceControl: Source control is disabled
[2017.11.28-01.32.38:742][  0]Cmd: MAP LOAD FILE="../../../../../../Users/brose/Documents/GitHub/EAE3660-TeamPain/TeamPain/Content/Apartment.umap" TEMPLATE=0 SHOWPROGRESS=1 FEATURELEVEL=3
[2017.11.28-01.32.38:743][  0]LightingResults: New page: Lighting Build
[2017.11.28-01.32.38:799][  0]MapCheck: New page: Map Check
[2017.11.28-01.32.38:799][  0]LightingResults: New page: Lighting Build
[2017.11.28-01.32.38:943][  0]LogLinker: Warning: Can't find file '/Game/Apartment_BuiltData'
[2017.11.28-01.32.38:944][  0]LogLinker: Warning: Can't find file for asset '/Game/Apartment_BuiltData' while loading ../../../../../../Users/brose/Documents/GitHub/EAE3660-TeamPain/TeamPain/Content/Apartment.umap.
[2017.11.28-01.32.38:944][  0]LoadErrors: Error: /Game/Apartment : Can't find file for asset. /Game/Apartment_BuiltData
[2017.11.28-01.32.39:315][  0]LogLinker: Warning: Can't find file '/Game/Apartment_BuiltData'
[2017.11.28-01.32.39:316][  0]LogLinker: Warning: Can't find file for asset '/Game/Apartment_BuiltData' while loading ../../../../../../Users/brose/Documents/GitHub/EAE3660-TeamPain/TeamPain/Content/Apartment.umap.
[2017.11.28-01.32.39:316][  0]LoadErrors: Error: /Game/Apartment : Can't find file for asset. /Game/Apartment_BuiltData
[2017.11.28-01.32.39:686][  0]LogLinker: Warning: Can't find file '/Game/Assets/Textures/SnowMound_01_N'
[2017.11.28-01.32.39:686][  0]LogLinker: Warning: Can't find file for asset '/Game/Assets/Textures/SnowMound_01_N' while loading ../../../../../../Users/brose/Documents/GitHub/EAE3660-TeamPain/TeamPain/Content/Assets/Materials/M_Rock_Snowy.uasset.
[2017.11.28-01.32.39:686][  0]LoadErrors: Error: /Game/Assets/Materials/M_Rock_Snowy : Can't find file for asset. /Game/Assets/Textures/SnowMound_01_N
[2017.11.28-01.32.39:690][  0]LogLinker: Warning: Can't find file '/Game/Assets/Textures/T_LS_Snow_01_D_Disp'
[2017.11.28-01.32.39:690][  0]LogLinker: Warning: Can't find file for asset '/Game/Assets/Textures/T_LS_Snow_01_D_Disp' while loading ../../../../../../Users/brose/Documents/GitHub/EAE3660-TeamPain/TeamPain/Content/Assets/Materials/M_Rock_Snowy.uasset.
[2017.11.28-01.32.39:690][  0]LoadErrors: Error: /Game/Assets/Materials/M_Rock_Snowy : Can't find file for asset. /Game/Assets/Textures/T_LS_Snow_01_D_Disp
[2017.11.28-01.32.39:693][  0]LogLinker: Warning: Can't find file '/Game/Assets/Textures/SnowMound_01_N'
[2017.11.28-01.32.39:693][  0]LogLinker: Warning: Can't find file for asset '/Game/Assets/Textures/SnowMound_01_N' while loading ../../../../../../Users/brose/Documents/GitHub/EAE3660-TeamPain/TeamPain/Content/Assets/Materials/M_Rock_Snowy.uasset.
[2017.11.28-01.32.39:693][  0]LoadErrors: Error: /Game/Assets/Materials/M_Rock_Snowy : Can't find file for asset. /Game/Assets/Textures/SnowMound_01_N
[2017.11.28-01.32.39:694][  0]LogLinker: Warning: Can't find file '/Game/Assets/Textures/T_LS_Snow_01_D_Disp'
[2017.11.28-01.32.39:694][  0]LogLinker: Warning: Can't find file for asset '/Game/Assets/Textures/T_LS_Snow_01_D_Disp' while loading ../../../../../../Users/brose/Documents/GitHub/EAE3660-TeamPain/TeamPain/Content/Assets/Materials/M_Rock_Snowy.uasset.
[2017.11.28-01.32.39:694][  0]LoadErrors: Error: /Game/Assets/Materials/M_Rock_Snowy : Can't find file for asset. /Game/Assets/Textures/T_LS_Snow_01_D_Disp
[2017.11.28-01.32.39:700][  0]LogLinker: Warning: Can't find file '/Game/Assets/Textures/T_FullGrass_N'
[2017.11.28-01.32.39:700][  0]LogLinker: Warning: Can't find file for asset '/Game/Assets/Textures/T_FullGrass_N' while loading ../../../../../../Users/brose/Documents/GitHub/EAE3660-TeamPain/TeamPain/Content/Assets/Materials/MI_Rock_Grassy_Inst.uasset.
[2017.11.28-01.32.39:700][  0]LoadErrors: Error: /Game/Assets/Materials/MI_Rock_Grassy_Inst : Can't find file for asset. /Game/Assets/Textures/T_FullGrass_N
[2017.11.28-01.32.39:701][  0]LogLinker: Warning: Can't find file '/Game/Assets/Textures/T_FullGrass_N'
[2017.11.28-01.32.39:701][  0]LogLinker: Warning: Can't find file for asset '/Game/Assets/Textures/T_FullGrass_N' while loading ../../../../../../Users/brose/Documents/GitHub/EAE3660-TeamPain/TeamPain/Content/Assets/Materials/MI_Rock_Grassy_Inst.uasset.
[2017.11.28-01.32.39:701][  0]LoadErrors: Error: /Game/Assets/Materials/MI_Rock_Grassy_Inst : Can't find file for asset. /Game/Assets/Textures/T_FullGrass_N
[2017.11.28-01.32.39:721][  0]LogLinker: Warning: Can't find file '/Game/Assets/Textures/T_Noise_M'
[2017.11.28-01.32.39:721][  0]LogLinker: Warning: Can't find file for asset '/Game/Assets/Textures/T_Noise_M' while loading ../../../../../../Users/brose/Documents/GitHub/EAE3660-TeamPain/TeamPain/Content/Assets/Materials/M_Rock_Foliage.uasset.
[2017.11.28-01.32.39:721][  0]LoadErrors: Error: /Game/Assets/Materials/M_Rock_Foliage : Can't find file for asset. /Game/Assets/Textures/T_Noise_M
[2017.11.28-01.32.39:722][  0]LogLinker: Warning: Can't find file '/Game/Assets/Textures/T_Noise_M'
[2017.11.28-01.32.39:723][  0]LogLinker: Warning: Can't find file for asset '/Game/Assets/Textures/T_Noise_M' while loading ../../../../../../Users/brose/Documents/GitHub/EAE3660-TeamPain/TeamPain/Content/Assets/Materials/M_Rock_Foliage.uasset.
[2017.11.28-01.32.39:723][  0]LoadErrors: Error: /Game/Assets/Materials/M_Rock_Foliage : Can't find file for asset. /Game/Assets/Textures/T_Noise_M
[2017.11.28-01.32.40:115][  0]LogLinker: Warning: Can't find file '/Game/Apartment_BuiltData'
[2017.11.28-01.32.40:115][  0]LogLinker: Warning: Can't find file for asset '/Game/Apartment_BuiltData' while loading NULL.
[2017.11.28-01.32.40:115][  0]LogLinker: Warning: Can't find file '/Game/Apartment_BuiltData'
[2017.11.28-01.32.40:115][  0]LogLinker: Warning: Can't find file for asset '/Game/Apartment_BuiltData' while loading NULL.
[2017.11.28-01.32.40:351][  0]LogLinker: Warning: Can't find file '/Game/Assets/Textures/T_Noise_M'
[2017.11.28-01.32.40:351][  0]LoadErrors: Failed to load /Game/Assets/Textures/T_Noise_M.T_Noise_M Referenced by MaterialExpressionTextureSample_2
[2017.11.28-01.32.40:351][  0]LogLinker: Warning: Can't find file for asset '/Game/Assets/Textures/T_Noise_M' while loading NULL.
[2017.11.28-01.32.40:351][  0]LoadErrors: Failed to load /Game/Assets/Textures/T_Noise_M.T_Noise_M Referenced by MaterialExpressionTextureSample_2
[2017.11.28-01.32.40:358][  0]LogLinker: Warning: Can't find file '/Game/Assets/Textures/T_LS_Snow_01_D_Disp'
[2017.11.28-01.32.40:358][  0]LoadErrors: Failed to load /Game/Assets/Textures/T_LS_Snow_01_D_Disp.T_LS_Snow_01_D_Disp Referenced by MaterialExpressionTextureSampleParameter2D_1
[2017.11.28-01.32.40:358][  0]LogLinker: Warning: Can't find file for asset '/Game/Assets/Textures/T_LS_Snow_01_D_Disp' while loading NULL.
[2017.11.28-01.32.40:358][  0]LoadErrors: Failed to load /Game/Assets/Textures/T_LS_Snow_01_D_Disp.T_LS_Snow_01_D_Disp Referenced by MaterialExpressionTextureSampleParameter2D_1
[2017.11.28-01.32.40:358][  0]LogLinker: Warning: Can't find file '/Game/Assets/Textures/SnowMound_01_N'
[2017.11.28-01.32.40:358][  0]LoadErrors: Failed to load /Game/Assets/Textures/SnowMound_01_N.SnowMound_01_N Referenced by MaterialExpressionTextureSampleParameter2D_2
[2017.11.28-01.32.40:358][  0]LogLinker: Warning: Can't find file for asset '/Game/Assets/Textures/SnowMound_01_N' while loading NULL.
[2017.11.28-01.32.40:359][  0]LoadErrors: Failed to load /Game/Assets/Textures/SnowMound_01_N.SnowMound_01_N Referenced by MaterialExpressionTextureSampleParameter2D_2
[2017.11.28-01.32.40:359][  0]LogLinker: Warning: Can't find file '/Game/Assets/Textures/T_FullGrass_N'
[2017.11.28-01.32.40:359][  0]LoadErrors: Failed to load /Game/Assets/Textures/T_FullGrass_N.T_FullGrass_N Referenced by MI_Rock_Grassy_Inst
[2017.11.28-01.32.40:359][  0]LogLinker: Warning: Can't find file for asset '/Game/Assets/Textures/T_FullGrass_N' while loading NULL.
[2017.11.28-01.32.40:359][  0]LoadErrors: Failed to load /Game/Assets/Textures/T_FullGrass_N.T_FullGrass_N Referenced by MI_Rock_Grassy_Inst
[2017.11.28-01.32.40:513][  0]LogLinker: Warning: Can't find file '/Game/Apartment_BuiltData'
[2017.11.28-01.32.40:514][  0]LoadErrors: Failed to load /Game/Apartment_BuiltData.Apartment_BuiltData Referenced by PersistentLevel
[2017.11.28-01.32.40:514][  0]LogLinker: Warning: Can't find file for asset '/Game/Apartment_BuiltData' while loading NULL.
[2017.11.28-01.32.40:514][  0]LoadErrors: Failed to load /Game/Apartment_BuiltData.Apartment_BuiltData Referenced by PersistentLevel
[2017.11.28-01.32.54:476][  0]LogMaterial: Missing cached shader map for material M_Rock_Foliage, compiling. 
[2017.11.28-01.32.54:477][  0]LogMaterial: Warning: Failed to compile Material /Game/Assets/Materials/M_Rock_Foliage.M_Rock_Foliage for platform PCD3D_SM5, Default Material will be used in game.
[2017.11.28-01.32.54:477][  0]LogMaterial: Warning: 	(Node TextureSample) Texture Sample> Missing input texture
[2017.11.28-01.32.54:568][  0]LogMaterial: Missing cached shader map for material M_Rock_Snowy, compiling. 
[2017.11.28-01.32.54:569][  0]LogMaterial: Warning: Failed to compile Material /Game/Assets/Materials/M_Rock_Snowy.M_Rock_Snowy for platform PCD3D_SM5, Default Material will be used in game.
[2017.11.28-01.32.54:570][  0]LogMaterial: Warning: 	(Node TextureSampleParameter2D) Param2D> Requires Texture2D
[2017.11.28-01.32.56:219][  0]LogMaterial: Missing cached shader map for material M_Infil1_City_Deco_lightpole, compiling. 
[2017.11.28-01.32.56:221][  0]LogMaterial: Warning: Failed to compile Material /Game/Env/Infil1_City_Decos/M_Infil1_City_Deco_lightpole.M_Infil1_City_Deco_lightpole for platform PCD3D_SM5, Default Material will be used in game.
[2017.11.28-01.32.56:221][  0]LogMaterial: Warning: 	Function ML_Infil1_Metal_Base_Light: (Node TextureSample) BASE COLOR AND ROUGHNESS> Missing input texture
[2017.11.28-01.32.56:221][  0]LogMaterial: Warning: 	Function ML_Infil1_Metal_Base_Light: (Node MakeMaterialAttributes) Error on property BaseColor
[2017.11.28-01.32.56:221][  0]LogMaterial: Warning: 	Function ML_Infil1_Metal_Base_Light: (Node MakeMaterialAttributes) Error on property Roughness
[2017.11.28-01.33.01:660][  0]LogAIModule: Creating AISystem for world Apartment
[2017.11.28-01.33.01:714][  0]LogEditorServer: Finished looking for orphan Actors (0.000 secs)
[2017.11.28-01.33.01:741][  0]Cmd: MAP CHECKDEP NOCLEARLOG
[2017.11.28-01.33.01:886][  0]MapCheck: Map check complete: 0 Error(s), 0 Warning(s), took 145.526ms to complete.
[2017.11.28-01.33.01:886][  0]LogFileHelpers: Loading map 'Apartment' took 23.144
[2017.11.28-01.33.02:326][  0]LogCollectionManager: Loaded 0 collections in 0.003180 seconds
[2017.11.28-01.33.02:432][  0]LogFileCache: Scanning file cache for directory 'C:/Users/brose/Documents/GitHub/EAE3660-TeamPain/TeamPain/Saved/Collections/' took 0.01s
[2017.11.28-01.33.02:432][  0]LogFileCache: Scanning file cache for directory 'C:/Users/brose/Documents/GitHub/EAE3660-TeamPain/TeamPain/Content/Developers/brose/Collections/' took 0.01s
[2017.11.28-01.33.02:432][  0]LogFileCache: Scanning file cache for directory 'C:/Users/brose/Documents/GitHub/EAE3660-TeamPain/TeamPain/Content/Collections/' took 0.01s
[2017.11.28-01.33.02:432][  0]LogCollectionManager: Rebuilt the GUID cache for 0 collections in 0.000001 seconds
[2017.11.28-01.33.02:446][  0]LogContentBrowser: Native class hierarchy populated in 0.0129 seconds. Added 2386 classes and 500 folders.
[2017.11.28-01.33.02:549][  0]LogContentBrowser: Native class hierarchy updated for 'WidgetCarousel' in 0.0011 seconds. Added 0 classes and 0 folders.
[2017.11.28-01.33.04:665][  0]LogContentBrowser: Native class hierarchy updated for 'AddContentDialog' in 0.0008 seconds. Added 0 classes and 0 folders.
[2017.11.28-01.33.04:730][  0]LogContentBrowser: Native class hierarchy updated for 'SceneOutliner' in 0.0010 seconds. Added 1 classes and 2 folders.
[2017.11.28-01.33.04:806][  0]LogSlate: Took 0.000443 seconds to synchronously load lazily loaded font '../../../Engine/Content/Slate/Fonts/Roboto-Regular.ttf' (155K)
[2017.11.28-01.33.04:810][  0]LogSlate: Took 0.000360 seconds to synchronously load lazily loaded font '../../../Engine/Content/Slate/Fonts/Roboto-Bold.ttf' (160K)
[2017.11.28-01.33.05:004][  0]LogRenderer: Reallocating scene render targets to support 480x432 Format 9 NumSamples 1 (Frame:1).
[2017.11.28-01.33.05:391][  0]LogContentBrowser: Native class hierarchy updated for 'HierarchicalLODOutliner' in 0.0010 seconds. Added 1 classes and 2 folders.
[2017.11.28-01.33.05:392][  0]LogLoad: (Engine Initialization) Total time: 135.77 seconds
[2017.11.28-01.33.05:392][  0]LogLoad: (Engine Initialization) Total Blueprint compile time: 0.00 seconds
[2017.11.28-01.33.05:392][  0]LogExternalProfiler: Found external profiler: VSPerf
[2017.11.28-01.33.05:392][  0]LogExternalProfiler: Using external profiler: VSPerf
[2017.11.28-01.33.05:765][  0]LogContentStreaming: Texture pool size now 800 MB
[2017.11.28-01.33.06:065][  1]LogFileCache: Retrieving MD5 hashes for directory 'C:/Users/brose/Documents/GitHub/EAE3660-TeamPain/TeamPain/Content/' took 0.32s
[2017.11.28-01.33.06:085][  1]LogAssetRegistry: Asset discovery search completed in 105.1411 seconds
[2017.11.28-01.33.06:088][  1]LogCollectionManager: Rebuilt the object cache for 0 collections in 0.000001 seconds (found 0 objects)
[2017.11.28-01.33.06:088][  1]LogCollectionManager: Fixed up redirectors for 0 collections in 0.000119 seconds (updated 0 objects)
[2017.11.28-01.33.06:746][  3]LogSlate: Took 0.000285 seconds to synchronously load lazily loaded font '../../../Engine/Content/Slate/Fonts/Roboto-Light.ttf' (159K)
[2017.11.28-01.35.04:848][389]LogSlate: Took 0.125996 seconds to synchronously load lazily loaded font '../../../Engine/Content/Editor/Slate/Fonts/FontAwesome.ttf' (139K)
[2017.11.28-01.35.04:932][389]LogSlate: Took 0.000218 seconds to synchronously load lazily loaded font '../../../Engine/Content/Slate/Fonts/Roboto-Light.ttf' (159K)
[2017.11.28-01.35.06:218][422]LogSlate: Took 0.000193 seconds to synchronously load lazily loaded font '../../../Engine/Content/Slate/Fonts/Roboto-Light.ttf' (159K)
[2017.11.28-01.58.44:681][555]LogSlate: Took 0.032560 seconds to synchronously load lazily loaded font '../../../Engine/Content/Editor/Slate/Fonts/Roboto-BoldCondensed.ttf' (158K)
[2017.11.28-02.00.53:831][128]LogFileHelpers: Editor autosave (incl. sublevels) for '/Game/Apartment' took 0.026
[2017.11.28-02.00.53:834][128]OBJ SavePackage: Generating thumbnails for [0] asset(s) in package [/Game/Sequences/scene2] ([1] browsable assets)...
[2017.11.28-02.00.53:834][128]OBJ SavePackage: Finished generating thumbnails for package [/Game/Sequences/scene2]
[2017.11.28-02.00.54:787][128]LogSavePackage: Save=61.93ms
[2017.11.28-02.00.54:787][128]LogSavePackage: Moving '../../../../../../Users/brose/Documents/GitHub/EAE3660-TeamPain/TeamPain/Saved/scene2_Auto118FEBC264C41D784A50760A96D5654A9.tmp' to '../../../../../../Users/brose/Documents/GitHub/EAE3660-TeamPain/TeamPain/Saved/Autosaves/Game/Sequences/scene2_Auto1.uasset'
[2017.11.28-02.00.54:796][128]LogSavePackage: Display: Finished SavePackage ../../../../../../Users/brose/Documents/GitHub/EAE3660-TeamPain/TeamPain/Saved/Autosaves/Game/Sequences/scene2_Auto1.uasset
[2017.11.28-02.00.54:796][128]LogFileHelpers: Auto-saving content packages took 0.964
[2017.11.28-02.00.54:800][128]LogSlate: Took 0.000992 seconds to synchronously load lazily loaded font '../../../Engine/Content/Slate/Fonts/Roboto-Regular.ttf' (155K)
[2017.11.28-02.14.14:312][887]Cmd: OBJ SAVEPACKAGE PACKAGE="/Game/Sequences/sleeping_seq" FILE="../../../../../../Users/brose/Documents/GitHub/EAE3660-TeamPain/TeamPain/Content/Sequences/sleeping_seq.uasset" SILENT=true
[2017.11.28-02.14.14:355][887]LogSavePackage: Save=23.99ms
[2017.11.28-02.14.14:355][887]LogSavePackage: Moving '../../../../../../Users/brose/Documents/GitHub/EAE3660-TeamPain/TeamPain/Saved/sleeping_seq0B8E294146991BDEF3A81CBD0C5A4D37.tmp' to '../../../../../../Users/brose/Documents/GitHub/EAE3660-TeamPain/TeamPain/Content/Sequences/sleeping_seq.uasset'
[2017.11.28-02.14.14:360][887]LogSavePackage: Display: Finished SavePackage ../../../../../../Users/brose/Documents/GitHub/EAE3660-TeamPain/TeamPain/Content/Sequences/sleeping_seq.uasset
[2017.11.28-02.15.49:598][725]LogContentBrowser: Native class hierarchy updated for 'SkeletonEditor' in 0.0018 seconds. Added 1 classes and 2 folders.
[2017.11.28-02.15.50:208][725]LogActorComponent: RegisterComponentWithWorld: (/Engine/Transient.World_3:PersistentLevel.Actor_0.DebugSkelMeshComponent_0) Already registered. Aborting.
[2017.11.28-02.15.51:023][725]LogSkeletalMesh: USkeletalMeshComponent::InitArticulated : Bodies already created (/Engine/Transient.World_3:PersistentLevel.Actor_0.DebugSkelMeshComponent_0) - call TermArticulated first.
[2017.11.28-02.15.52:415][725]LogSlate: Took 0.016386 seconds to synchronously load lazily loaded font '../../../Engine/Content/Editor/Slate/Fonts/Roboto-Italic.ttf' (157K)
[2017.11.28-02.15.52:511][725]LogContentBrowser: Native class hierarchy updated for 'ClothingSystemEditorInterface' in 0.0008 seconds. Added 1 classes and 0 folders.
[2017.11.28-02.15.52:628][725]LogRenderer: Reallocating scene render targets to support 912x672 Format 9 NumSamples 1 (Frame:1).
[2017.11.28-02.15.54:247][772]LogActorComponent: RegisterComponentWithWorld: (/Engine/Transient.World_4:PersistentLevel.Actor_1.DebugSkelMeshComponent_1) Already registered. Aborting.
[2017.11.28-02.15.54:317][772]LogSkeletalMesh: USkeletalMeshComponent::InitArticulated : Bodies already created (/Engine/Transient.World_4:PersistentLevel.Actor_1.DebugSkelMeshComponent_1) - call TermArticulated first.
[2017.11.28-02.15.54:962][772]LogContentBrowser: Verbose: The majority of assets in the view are of type: AnimSequence
[2017.11.28-02.18.05:471][420]Cmd: TRANSACTION UNDO
[2017.11.28-02.18.05:471][420]LogEditorTransaction: Undo Resize section
[2017.11.28-02.20.42:750][859]Cmd: TRANSACTION UNDO
[2017.11.28-02.20.42:750][859]LogEditorTransaction: Undo Resize section
[2017.11.28-02.20.55:910][417]LogEditorViewport: Clicking on Actor (LMB): SkeletalMeshActor (Main_Character_Model)
[2017.11.28-02.21.26:601][702]LogEditorViewport: Clicking on Actor (LMB): SkeletalMeshActor (Main_Character_Model)
[2017.11.28-02.22.58:415][251]Cmd: TRANSACTION UNDO
[2017.11.28-02.22.58:415][251]LogEditorTransaction: Undo Move Keys
[2017.11.28-02.25.02:040][791]LogEditorViewport: Clicking on Actor (LMB): SkeletalMeshActor (Main_Character_Model)
[2017.11.28-02.30.21:076][169]Cmd: TRANSACTION UNDO
[2017.11.28-02.30.21:076][169]LogEditorTransaction: Undo Resize section
[2017.11.28-02.30.21:933][194]Cmd: TRANSACTION UNDO
[2017.11.28-02.30.21:933][194]LogEditorTransaction: Undo Animatable Property Changed
[2017.11.28-02.33.41:176][781]Cmd: TRANSACTION UNDO
[2017.11.28-02.33.41:176][781]LogEditorTransaction: Undo Set Camera Cut
[2017.11.28-02.35.26:328][615]Cmd: OBJ SAVEPACKAGE PACKAGE="/Game/Sequences/sleeping_seq" FILE="../../../../../../Users/brose/Documents/GitHub/EAE3660-TeamPain/TeamPain/Content/Sequences/sleeping_seq.uasset" SILENT=true
[2017.11.28-02.35.26:377][615]LogSavePackage: Save=27.90ms
[2017.11.28-02.35.26:378][615]LogSavePackage: Moving '../../../../../../Users/brose/Documents/GitHub/EAE3660-TeamPain/TeamPain/Saved/sleeping_seq7A91D3C848F9521022EA109B13B234B1.tmp' to '../../../../../../Users/brose/Documents/GitHub/EAE3660-TeamPain/TeamPain/Content/Sequences/sleeping_seq.uasset'
[2017.11.28-02.35.26:382][615]LogSavePackage: Display: Finished SavePackage ../../../../../../Users/brose/Documents/GitHub/EAE3660-TeamPain/TeamPain/Content/Sequences/sleeping_seq.uasset
[2017.11.28-02.35.29:242][739]Cmd: OBJ SAVEPACKAGE PACKAGE="/Game/Sequences/sleeping_seq" FILE="../../../../../../Users/brose/Documents/GitHub/EAE3660-TeamPain/TeamPain/Content/Sequences/sleeping_seq.uasset" SILENT=true
[2017.11.28-02.35.29:281][739]LogSavePackage: Save=32.30ms
[2017.11.28-02.35.29:282][739]LogSavePackage: Moving '../../../../../../Users/brose/Documents/GitHub/EAE3660-TeamPain/TeamPain/Saved/sleeping_seq5C9680A2449E090BCF1045B12B9D1B94.tmp' to '../../../../../../Users/brose/Documents/GitHub/EAE3660-TeamPain/TeamPain/Content/Sequences/sleeping_seq.uasset'
[2017.11.28-02.35.29:284][739]LogSavePackage: Display: Finished SavePackage ../../../../../../Users/brose/Documents/GitHub/EAE3660-TeamPain/TeamPain/Content/Sequences/sleeping_seq.uasset
[2017.11.28-02.35.57:756][903]LogSavePackage: Save=2492.48ms
[2017.11.28-02.35.57:756][903]LogSavePackage: Moving '../../../../../../Users/brose/Documents/GitHub/EAE3660-TeamPain/TeamPain/Saved/Apartment_Auto295C77ABA45D5D6A5E1AADE908749AA4A.tmp' to '../../../../../../Users/brose/Documents/GitHub/EAE3660-TeamPain/TeamPain/Saved/Autosaves/Game/Apartment_Auto2.umap'
[2017.11.28-02.35.57:759][903]LogSavePackage: Display: Finished SavePackage ../../../../../../Users/brose/Documents/GitHub/EAE3660-TeamPain/TeamPain/Saved/Autosaves/Game/Apartment_Auto2.umap
[2017.11.28-02.35.57:819][903]LogFileHelpers: Editor autosave (incl. sublevels) for '/Game/Apartment' took 2.697
[2017.11.28-02.35.57:819][903]LogFileHelpers: Editor autosave (incl. sublevels) for all levels took 2.697
[2017.11.28-02.42.11:005][618]LogSavePackage: Save=10.41ms
[2017.11.28-02.42.11:005][618]LogSavePackage: Moving '../../../../../../Users/brose/Documents/GitHub/EAE3660-TeamPain/TeamPain/Saved/from_dining_to_bedroomBA3EB3B449C19E14161ECF965BC3DA3C.tmp' to '../../../../../../Users/brose/Documents/GitHub/EAE3660-TeamPain/TeamPain/Content/Sequences/from_dining_to_bedroom.uasset'
[2017.11.28-02.42.11:009][618]LogSavePackage: Display: Finished SavePackage ../../../../../../Users/brose/Documents/GitHub/EAE3660-TeamPain/TeamPain/Content/Sequences/from_dining_to_bedroom.uasset
[2017.11.28-02.42.31:014][696]LogEditorViewport: Clicking on Actor (LMB): SkeletalMeshActor (Main_Character_Model)
[2017.11.28-02.43.35:865][797]LogEditorViewport: Clicking on Actor (LMB): SkeletalMeshActor (Main_Character_Model)
[2017.11.28-02.43.37:344][865]LogEditorViewport: Clicking on Actor (context menu): SkeletalMeshActor (Main_Character_Model)
[2017.11.28-02.43.38:679][925]LogEditorViewport: Clicking on Actor (LMB): SkeletalMeshActor (Main_Character_Model)
[2017.11.28-02.45.37:234][439]LogEditorViewport: Clicking on Actor (LMB): CineCameraActor (CineCameraActor7)
[2017.11.28-02.47.01:711][245]LogEditorViewport: Clicking on Actor (LMB): CineCameraActor (CineCameraActor22)
[2017.11.28-02.49.44:948][963]LogSavePackage: Save=31.24ms
[2017.11.28-02.49.44:948][963]LogSavePackage: Moving '../../../../../../Users/brose/Documents/GitHub/EAE3660-TeamPain/TeamPain/Saved/from_dining_to_bedroomE3D67EA7416B7835960E788EC314EE59.tmp' to '../../../../../../Users/brose/Documents/GitHub/EAE3660-TeamPain/TeamPain/Content/Sequences/from_dining_to_bedroom.uasset'
[2017.11.28-02.49.44:958][963]LogSavePackage: Display: Finished SavePackage ../../../../../../Users/brose/Documents/GitHub/EAE3660-TeamPain/TeamPain/Content/Sequences/from_dining_to_bedroom.uasset
[2017.11.28-02.50.23:049][754]LogSavePackage: Save=1771.00ms
[2017.11.28-02.50.23:050][754]LogSavePackage: Moving '../../../../../../Users/brose/Documents/GitHub/EAE3660-TeamPain/TeamPain/Saved/Apartment_Auto317F5BD114687132C39E51AA8E8413A32.tmp' to '../../../../../../Users/brose/Documents/GitHub/EAE3660-TeamPain/TeamPain/Saved/Autosaves/Game/Apartment_Auto3.umap'
[2017.11.28-02.50.23:053][754]LogSavePackage: Display: Finished SavePackage ../../../../../../Users/brose/Documents/GitHub/EAE3660-TeamPain/TeamPain/Saved/Autosaves/Game/Apartment_Auto3.umap
[2017.11.28-02.50.23:060][754]LogFileHelpers: Editor autosave (incl. sublevels) for '/Game/Apartment' took 1.854
[2017.11.28-02.50.23:060][754]LogFileHelpers: Editor autosave (incl. sublevels) for all levels took 1.854
[2017.11.28-03.20.29:434][540]Cmd: OBJ SAVEPACKAGE PACKAGE="/Game/Apartment" FILE="../../../../../../Users/brose/Documents/GitHub/EAE3660-TeamPain/TeamPain/Content/Apartment.umap" SILENT=true AUTOSAVING=false KEEPDIRTY=false
[2017.11.28-03.20.31:223][540]LogSavePackage: Save=1708.48ms
[2017.11.28-03.20.31:223][540]LogSavePackage: Moving '../../../../../../Users/brose/Documents/GitHub/EAE3660-TeamPain/TeamPain/Saved/Apartment24106D6B4730E6B57E65BCB7BCA1A3F9.tmp' to '../../../../../../Users/brose/Documents/GitHub/EAE3660-TeamPain/TeamPain/Content/Apartment.umap'
[2017.11.28-03.20.31:233][540]LogSavePackage: Display: Finished SavePackage ../../../../../../Users/brose/Documents/GitHub/EAE3660-TeamPain/TeamPain/Content/Apartment.umap
[2017.11.28-03.20.31:419][540]LogFileHelpers: Saving map 'Apartment' took 6.735
[2017.11.28-03.20.31:427][540]Cmd: OBJ SAVEPACKAGE PACKAGE="/Game/Sequences/scene2" FILE="../../../../../../Users/brose/Documents/GitHub/EAE3660-TeamPain/TeamPain/Content/Sequences/scene2.uasset" SILENT=true
[2017.11.28-03.20.31:464][540]LogSavePackage: Save=25.04ms
[2017.11.28-03.20.31:464][540]LogSavePackage: Moving '../../../../../../Users/brose/Documents/GitHub/EAE3660-TeamPain/TeamPain/Saved/scene2AF0EB3584048711AE0EF33B3C9BF7034.tmp' to '../../../../../../Users/brose/Documents/GitHub/EAE3660-TeamPain/TeamPain/Content/Sequences/scene2.uasset'
[2017.11.28-03.20.31:473][540]LogSavePackage: Display: Finished SavePackage ../../../../../../Users/brose/Documents/GitHub/EAE3660-TeamPain/TeamPain/Content/Sequences/scene2.uasset
[2017.11.28-03.20.32:281][541]Cmd: QUIT_EDITOR
[2017.11.28-03.20.32:310][541]LogWindowsTextInputMethodSystem: Display: IME system now deactivated.
[2017.11.28-03.20.32:310][541]LogWindowsTextInputMethodSystem: Display: IME system now deactivated.
[2017.11.28-03.20.32:355][541]LogExit: Preparing to exit.
[2017.11.28-03.20.33:350][541]LogDirectoryWatcher: A directory notification for 'C:/Users/brose/Documents/GitHub/EAE3660-TeamPain/TeamPain/Content/' was aborted.
[2017.11.28-03.20.33:495][541]LogExit: Editor shut down
[2017.11.28-03.20.33:533][541]LogExit: Transaction tracking system shut down
[2017.11.28-03.20.33:925][541]LogDirectoryWatcher: A directory notification for '../../../Engine/Content/' was aborted.
[2017.11.28-03.20.33:925][541]LogDirectoryWatcher: A directory notification for '../../../../../../Users/brose/Documents/GitHub/EAE3660-TeamPain/TeamPain/Content/' was aborted.
[2017.11.28-03.20.33:925][541]LogDirectoryWatcher: A directory notification for '../../../Engine/Plugins/2D/Paper2D/Content/' was aborted.
[2017.11.28-03.20.33:926][541]LogDirectoryWatcher: A directory notification for '../../../Engine/Plugins/Runtime/Oculus/OculusVR/Content/' was aborted.
[2017.11.28-03.20.33:926][541]LogDirectoryWatcher: A directory notification for '../../../Engine/Plugins/Runtime/Steam/SteamVR/Content/' was aborted.
[2017.11.28-03.20.35:926][541]LogExit: Object subsystem successfully closed.
[2017.11.28-03.20.36:043][541]LogD3D11RHI: Shutdown
[2017.11.28-03.20.36:043][541]LogD3D11RHI: CleanupD3DDevice
[2017.11.28-03.20.36:660][541]LogD3D11RHI: ~FD3D11DynamicRHI
[2017.11.28-03.20.36:748][541]LogModuleManager: Shutting down and abandoning module AnimationEditor (540)
[2017.11.28-03.20.36:748][541]LogModuleManager: Shutting down and abandoning module ClothingSystemEditorInterface (538)
[2017.11.28-03.20.36:748][541]LogModuleManager: Shutting down and abandoning module SkeletonEditor (536)
[2017.11.28-03.20.36:748][541]LogModuleManager: Shutting down and abandoning module SkeletalMeshEditor (534)
[2017.11.28-03.20.36:748][541]LogModuleManager: Shutting down and abandoning module SequencerWidgets (532)
[2017.11.28-03.20.36:748][541]LogModuleManager: Shutting down and abandoning module HierarchicalLODOutliner (530)
[2017.11.28-03.20.36:748][541]LogModuleManager: Shutting down and abandoning module SceneOutliner (528)
[2017.11.28-03.20.36:748][541]LogModuleManager: Shutting down and abandoning module AddContentDialog (526)
[2017.11.28-03.20.36:749][541]LogDirectoryWatcher: A directory notification for 'C:/Program Files/Epic Games/UE_4.17/FeaturePacks/' was aborted.
[2017.11.28-03.20.36:757][541]LogModuleManager: Shutting down and abandoning module WidgetCarousel (525)
[2017.11.28-03.20.36:757][541]LogModuleManager: Shutting down and abandoning module EditorWidgets (522)
[2017.11.28-03.20.36:757][541]LogModuleManager: Shutting down and abandoning module CollectionManager (520)
[2017.11.28-03.20.36:757][541]LogDirectoryWatcher: A directory notification for 'C:/Users/brose/Documents/GitHub/EAE3660-TeamPain/TeamPain/Content/Collections/' was aborted.
[2017.11.28-03.20.36:757][541]LogDirectoryWatcher: A directory notification for 'C:/Users/brose/Documents/GitHub/EAE3660-TeamPain/TeamPain/Content/Developers/brose/Collections/' was aborted.
[2017.11.28-03.20.36:757][541]LogDirectoryWatcher: A directory notification for 'C:/Users/brose/Documents/GitHub/EAE3660-TeamPain/TeamPain/Saved/Collections/' was aborted.
[2017.11.28-03.20.36:757][541]LogModuleManager: Shutting down and abandoning module StatsViewer (518)
[2017.11.28-03.20.36:757][541]LogModuleManager: Shutting down and abandoning module FoliageEdit (516)
[2017.11.28-03.20.36:757][541]LogModuleManager: Shutting down and abandoning module LandscapeEditor (514)
[2017.11.28-03.20.36:757][541]LogModuleManager: Shutting down and abandoning module MeshPaintMode (512)
[2017.11.28-03.20.36:757][541]LogModuleManager: Shutting down and abandoning module SceneDepthPickerMode (510)
[2017.11.28-03.20.36:757][541]LogModuleManager: Shutting down and abandoning module ActorPickerMode (508)
[2017.11.28-03.20.36:757][541]LogModuleManager: Shutting down and abandoning module GeometryMode (506)
[2017.11.28-03.20.36:757][541]LogModuleManager: Shutting down and abandoning module TextureAlignMode (504)
[2017.11.28-03.20.36:757][541]LogModuleManager: Shutting down and abandoning module BspMode (502)
[2017.11.28-03.20.36:757][541]LogModuleManager: Shutting down and abandoning module PIEPreviewDeviceProfileSelector (500)
[2017.11.28-03.20.36:757][541]LogModuleManager: Shutting down and abandoning module HardwareSurvey (498)
[2017.11.28-03.20.36:757][541]LogModuleManager: Shutting down and abandoning module SequenceRecorderSections (496)
[2017.11.28-03.20.36:757][541]LogModuleManager: Shutting down and abandoning module AutomationWorker (494)
[2017.11.28-03.20.36:757][541]LogModuleManager: Shutting down and abandoning module MatineeToLevelSequence (492)
[2017.11.28-03.20.36:757][541]LogModuleManager: Shutting down and abandoning module LevelSequenceEditor (490)
[2017.11.28-03.20.36:757][541]LogModuleManager: Shutting down and abandoning module PlacementMode (489)
[2017.11.28-03.20.36:758][541]LogModuleManager: Shutting down and abandoning module WmfMediaFactory (486)
[2017.11.28-03.20.36:758][541]LogModuleManager: Shutting down and abandoning module WmfMediaEditor (484)
[2017.11.28-03.20.36:758][541]LogModuleManager: Shutting down and abandoning module AvfMediaFactory (482)
[2017.11.28-03.20.36:758][541]LogModuleManager: Shutting down and abandoning module AvfMediaEditor (480)
[2017.11.28-03.20.36:758][541]LogModuleManager: Shutting down and abandoning module AndroidMediaFactory (478)
[2017.11.28-03.20.36:758][541]LogModuleManager: Shutting down and abandoning module Media (477)
[2017.11.28-03.20.36:758][541]LogModuleManager: Shutting down and abandoning module AndroidMediaEditor (474)
[2017.11.28-03.20.36:758][541]LogModuleManager: Shutting down and abandoning module CharacterAI (472)
[2017.11.28-03.20.36:758][541]LogModuleManager: Shutting down and abandoning module AudioCapture (470)
[2017.11.28-03.20.36:758][541]LogModuleManager: Shutting down and abandoning module SequenceRecorder (469)
[2017.11.28-03.20.36:758][541]LogModuleManager: Shutting down and abandoning module SmartSnapping (466)
[2017.11.28-03.20.36:758][541]LogModuleManager: Shutting down and abandoning module SessionServices (464)
[2017.11.28-03.20.36:758][541]LogModuleManager: Shutting down and abandoning module ViewportSnapping (462)
[2017.11.28-03.20.36:758][541]LogModuleManager: Shutting down and abandoning module ViewportInteraction (460)
[2017.11.28-03.20.36:758][541]LogModuleManager: Shutting down and abandoning module ClothPainter (458)
[2017.11.28-03.20.36:758][541]LogModuleManager: Shutting down and abandoning module LogVisualizer (456)
[2017.11.28-03.20.36:758][541]LogModuleManager: Shutting down and abandoning module IntroTutorials (454)
[2017.11.28-03.20.36:758][541]LogModuleManager: Shutting down and abandoning module GameProjectGeneration (453)
[2017.11.28-03.20.36:758][541]LogModuleManager: Shutting down and abandoning module IOSPlatformEditor (450)
[2017.11.28-03.20.36:758][541]LogModuleManager: Shutting down and abandoning module HTML5PlatformEditor (448)
[2017.11.28-03.20.36:758][541]LogModuleManager: Shutting down and abandoning module AndroidPlatformEditor (446)
[2017.11.28-03.20.36:758][541]LogModuleManager: Shutting down and abandoning module AndroidDeviceDetection (445)
[2017.11.28-03.20.37:526][541]LogModuleManager: Shutting down and abandoning module WindowsPlatformEditor (442)
[2017.11.28-03.20.37:526][541]LogModuleManager: Shutting down and abandoning module IOSRuntimeSettings (440)
[2017.11.28-03.20.37:526][541]LogModuleManager: Shutting down and abandoning module AndroidRuntimeSettings (438)
[2017.11.28-03.20.37:526][541]LogModuleManager: Shutting down and abandoning module InputBindingEditor (436)
[2017.11.28-03.20.37:527][541]LogModuleManager: Shutting down and abandoning module MergeActors (434)
[2017.11.28-03.20.37:527][541]LogModuleManager: Shutting down and abandoning module SizeMap (432)
[2017.11.28-03.20.37:527][541]LogModuleManager: Shutting down and abandoning module TreeMap (430)
[2017.11.28-03.20.37:527][541]LogModuleManager: Shutting down and abandoning module ReferenceViewer (428)
[2017.11.28-03.20.37:527][541]LogModuleManager: Shutting down and abandoning module LocalizationDashboard (426)
[2017.11.28-03.20.37:527][541]LogModuleManager: Shutting down and abandoning module LocalizationService (425)
[2017.11.28-03.20.37:527][541]LogModuleManager: Shutting down and abandoning module HardwareTargeting (422)
[2017.11.28-03.20.37:527][541]LogModuleManager: Shutting down and abandoning module DeviceProfileEditor (420)
[2017.11.28-03.20.37:527][541]LogModuleManager: Shutting down and abandoning module UndoHistory (418)
[2017.11.28-03.20.37:527][541]LogModuleManager: Shutting down and abandoning module XmlParser (416)
[2017.11.28-03.20.37:527][541]LogModuleManager: Shutting down and abandoning module Blutility (414)
[2017.11.28-03.20.37:527][541]LogModuleManager: Shutting down and abandoning module ProjectSettingsViewer (412)
[2017.11.28-03.20.37:527][541]LogModuleManager: Shutting down and abandoning module ProjectTargetPlatformEditor (411)
[2017.11.28-03.20.37:528][541]LogModuleManager: Shutting down and abandoning module EditorSettingsViewer (408)
[2017.11.28-03.20.37:528][541]LogModuleManager: Shutting down and abandoning module SettingsEditor (406)
[2017.11.28-03.20.37:528][541]LogModuleManager: Shutting down and abandoning module ProjectLauncher (404)
[2017.11.28-03.20.37:528][541]LogModuleManager: Shutting down and abandoning module SessionFrontend (402)
[2017.11.28-03.20.37:528][541]LogModuleManager: Shutting down and abandoning module ProfilerClient (400)
[2017.11.28-03.20.37:528][541]LogModuleManager: Shutting down and abandoning module DeviceManager (398)
[2017.11.28-03.20.37:528][541]LogModuleManager: Shutting down and abandoning module TargetDeviceServices (397)
[2017.11.28-03.20.37:593][541]LogModuleManager: Shutting down and abandoning module AutomationController (394)
[2017.11.28-03.20.37:593][541]LogModuleManager: Shutting down and abandoning module AutomationWindow (392)
[2017.11.28-03.20.37:593][541]LogModuleManager: Shutting down and abandoning module Layers (390)
[2017.11.28-03.20.37:593][541]LogModuleManager: Shutting down and abandoning module ComponentVisualizers (388)
[2017.11.28-03.20.37:593][541]LogModuleManager: Shutting down and abandoning module DetailCustomizations (386)
[2017.11.28-03.20.37:594][541]LogModuleManager: Shutting down and abandoning module PackagesDialog (384)
[2017.11.28-03.20.37:594][541]LogModuleManager: Shutting down and abandoning module Persona (382)
[2017.11.28-03.20.37:594][541]LogModuleManager: Shutting down and abandoning module AdvancedPreviewScene (381)
[2017.11.28-03.20.37:594][541]LogModuleManager: Shutting down and abandoning module AnimGraph (379)
[2017.11.28-03.20.37:594][541]LogModuleManager: Shutting down and abandoning module Kismet (376)
[2017.11.28-03.20.37:596][541]LogModuleManager: Shutting down and abandoning module ClassViewer (374)
[2017.11.28-03.20.37:597][541]LogModuleManager: Shutting down and abandoning module Toolbox (372)
[2017.11.28-03.20.37:597][541]LogModuleManager: Shutting down and abandoning module ModuleUI (370)
[2017.11.28-03.20.37:597][541]LogModuleManager: Shutting down and abandoning module MovieSceneTools (368)
[2017.11.28-03.20.37:597][541]LogModuleManager: Shutting down and abandoning module OutputLog (366)
[2017.11.28-03.20.37:597][541]LogModuleManager: Shutting down and abandoning module GammaUI (364)
[2017.11.28-03.20.37:600][541]LogModuleManager: Shutting down and abandoning module Documentation (362)
[2017.11.28-03.20.37:601][541]LogModuleManager: Shutting down and abandoning module MovieSceneTracks (360)
[2017.11.28-03.20.37:601][541]LogModuleManager: Shutting down and abandoning module MovieScene (358)
[2017.11.28-03.20.37:601][541]LogModuleManager: Shutting down and abandoning module Niagara (356)
[2017.11.28-03.20.37:601][541]LogModuleManager: Shutting down and abandoning module NiagaraEditor (355)
[2017.11.28-03.20.37:601][541]LogModuleManager: Shutting down and abandoning module StreamingPauseRendering (352)
[2017.11.28-03.20.37:601][541]LogModuleManager: Shutting down and abandoning module LauncherPlatform (350)
[2017.11.28-03.20.37:601][541]LogModuleManager: Shutting down and abandoning module AnalyticsET (348)
[2017.11.28-03.20.37:601][541]LogModuleManager: Shutting down and abandoning module PortalServices (346)
[2017.11.28-03.20.37:601][541]LogModuleManager: Shutting down and abandoning module PortalRpc (344)
[2017.11.28-03.20.37:601][541]LogModuleManager: Shutting down and abandoning module MessagingRpc (342)
[2017.11.28-03.20.37:602][541]LogModuleManager: Shutting down and abandoning module AIModule (340)
[2017.11.28-03.20.37:602][541]LogModuleManager: Shutting down and abandoning module GameplayDebugger (339)
[2017.11.28-03.20.37:602][541]LogModuleManager: Shutting down and abandoning module AITestSuite (337)
[2017.11.28-03.20.37:602][541]LogModuleManager: Shutting down and abandoning module ProfilerService (334)
[2017.11.28-03.20.37:702][541]LogModuleManager: Shutting down and abandoning module TaskGraph (332)
[2017.11.28-03.20.37:703][541]LogModuleManager: Shutting down and abandoning module SteamVRController (330)
[2017.11.28-03.20.37:703][541]LogModuleManager: Shutting down and abandoning module ProceduralMeshComponentEditor (328)
[2017.11.28-03.20.37:703][541]LogModuleManager: Shutting down and abandoning module ProceduralMeshComponent (326)
[2017.11.28-03.20.37:703][541]LogModuleManager: Shutting down and abandoning module OculusInput (324)
[2017.11.28-03.20.37:703][541]LogModuleManager: Shutting down and abandoning module MobilePatchingUtils (322)
[2017.11.28-03.20.37:703][541]LogModuleManager: Shutting down and abandoning module CustomMeshComponent (320)
[2017.11.28-03.20.37:703][541]LogModuleManager: Shutting down and abandoning module CableComponent (318)
[2017.11.28-03.20.37:703][541]LogModuleManager: Shutting down and abandoning module ArchVisCharacter (316)
[2017.11.28-03.20.37:703][541]LogModuleManager: Shutting down and abandoning module AndroidPermission (314)
[2017.11.28-03.20.37:703][541]LogModuleManager: Shutting down and abandoning module MediaPlayerEditor (310)
[2017.11.28-03.20.37:703][541]LogModuleManager: Shutting down and abandoning module HTML5Networking (308)
[2017.11.28-03.20.37:703][541]LogModuleManager: Shutting down and abandoning module AlembicImporter (306)
[2017.11.28-03.20.37:703][541]LogModuleManager: Shutting down and abandoning module AlembicLibrary (305)
[2017.11.28-03.20.37:703][541]LogModuleManager: Shutting down and abandoning module GeometryCache (304)
[2017.11.28-03.20.37:703][541]LogModuleManager: Shutting down and abandoning module GeometryCacheEd (303)
[2017.11.28-03.20.37:703][541]LogModuleManager: Shutting down and abandoning module SpeedTreeImporter (298)
[2017.11.28-03.20.37:703][541]LogModuleManager: Shutting down and abandoning module PluginBrowser (296)
[2017.11.28-03.20.37:703][541]LogModuleManager: Shutting down and abandoning module MobileLauncherProfileWizard (294)
[2017.11.28-03.20.37:703][541]LogModuleManager: Shutting down and abandoning module VisualStudioSourceCodeAccess (292)
[2017.11.28-03.20.37:703][541]LogModuleManager: Shutting down and abandoning module DesktopPlatform (291)
[2017.11.28-03.20.37:703][541]LogModuleManager: Shutting down and abandoning module UObjectPlugin (288)
[2017.11.28-03.20.37:703][541]LogModuleManager: Shutting down and abandoning module SubversionSourceControl (286)
[2017.11.28-03.20.37:703][541]LogModuleManager: Shutting down and abandoning module PerforceSourceControl (284)
[2017.11.28-03.20.37:703][541]LogModuleManager: Shutting down and abandoning module GitSourceControl (282)
[2017.11.28-03.20.37:703][541]LogModuleManager: Shutting down and abandoning module SourceControl (281)
[2017.11.28-03.20.37:703][541]LogModuleManager: Shutting down and abandoning module LightPropagationVolumeEditor (278)
[2017.11.28-03.20.37:703][541]LogModuleManager: Shutting down and abandoning module PaperTiledImporter (276)
[2017.11.28-03.20.37:703][541]LogModuleManager: Shutting down and abandoning module PaperSpriteSheetImporter (274)
[2017.11.28-03.20.37:703][541]LogModuleManager: Shutting down and abandoning module Paper2DEditor (272)
[2017.11.28-03.20.37:703][541]LogModuleManager: Shutting down and abandoning module MeshPaint (271)
[2017.11.28-03.20.37:704][541]LogModuleManager: Shutting down and abandoning module LevelEditor (269)
[2017.11.28-03.20.37:704][541]LogModuleManager: Shutting down and abandoning module PixelInspectorModule (268)
[2017.11.28-03.20.37:704][541]LogModuleManager: Shutting down and abandoning module MainFrame (266)
[2017.11.28-03.20.37:704][541]LogModuleManager: Shutting down and abandoning module HotReload (265)
[2017.11.28-03.20.37:705][541]LogModuleManager: Shutting down and abandoning module RuntimePhysXCooking (260)
[2017.11.28-03.20.37:705][541]LogModuleManager: Shutting down and abandoning module PhysXVehiclesEditor (258)
[2017.11.28-03.20.37:705][541]LogModuleManager: Shutting down and abandoning module PhysXVehicles (256)
[2017.11.28-03.20.37:705][541]LogModuleManager: Shutting down and abandoning module OculusEditor (254)
[2017.11.28-03.20.37:705][541]LogModuleManager: Shutting down and abandoning module LocationServicesBPLibrary (252)
[2017.11.28-03.20.37:705][541]LogModuleManager: Shutting down and abandoning module ImmediatePhysicsEditor (250)
[2017.11.28-03.20.37:705][541]LogModuleManager: Shutting down and abandoning module ImmediatePhysics (248)
[2017.11.28-03.20.37:705][541]LogModuleManager: Shutting down and abandoning module UdpMessaging (246)
[2017.11.28-03.20.37:806][541]LogModuleManager: Shutting down and abandoning module TcpMessaging (244)
[2017.11.28-03.20.37:906][541]LogModuleManager: Shutting down and abandoning module GameplayTagsEditor (242)
[2017.11.28-03.20.37:906][541]LogModuleManager: Shutting down and abandoning module FacialAnimationEditor (240)
[2017.11.28-03.20.37:906][541]LogModuleManager: Shutting down and abandoning module FacialAnimation (238)
[2017.11.28-03.20.37:906][541]LogModuleManager: Shutting down and abandoning module AssetManagerEditor (236)
[2017.11.28-03.20.37:906][541]LogModuleManager: Shutting down and abandoning module GraphEditor (235)
[2017.11.28-03.20.37:906][541]LogModuleManager: Shutting down and abandoning module ContentBrowser (233)
[2017.11.28-03.20.37:908][541]LogModuleManager: Shutting down and abandoning module LightPropagationVolumeRuntime (230)
[2017.11.28-03.20.37:908][541]LogModuleManager: Shutting down and abandoning module Paper2D (228)
[2017.11.28-03.20.37:908][541]LogModuleManager: Shutting down and abandoning module WindowsMoviePlayer (226)
[2017.11.28-03.20.37:909][541]LogModuleManager: Shutting down and abandoning module WmfMedia (224)
[2017.11.28-03.20.37:914][541]LogModuleManager: Shutting down and abandoning module PacketHandler (222)
[2017.11.28-03.20.37:914][541]LogModuleManager: Shutting down and abandoning module ClothingSystemEditor (220)
[2017.11.28-03.20.37:915][541]LogModuleManager: Shutting down and abandoning module ClothingSystemRuntime (218)
[2017.11.28-03.20.37:915][541]LogModuleManager: Shutting down and abandoning module Overlay (216)
[2017.11.28-03.20.37:915][541]LogModuleManager: Shutting down and abandoning module OverlayEditor (215)
[2017.11.28-03.20.37:915][541]LogModuleManager: Shutting down and abandoning module MediaAssets (212)
[2017.11.28-03.20.37:915][541]LogModuleManager: Shutting down and abandoning module VREditor (210)
[2017.11.28-03.20.37:915][541]LogModuleManager: Shutting down and abandoning module StringTableEditor (208)
[2017.11.28-03.20.37:915][541]LogModuleManager: Shutting down and abandoning module GameplayTasksEditor (206)
[2017.11.28-03.20.37:915][541]LogModuleManager: Shutting down and abandoning module BehaviorTreeEditor (204)
[2017.11.28-03.20.37:916][541]LogModuleManager: Shutting down and abandoning module FunctionalTesting (202)
[2017.11.28-03.20.37:916][541]LogModuleManager: Shutting down and abandoning module CollisionAnalyzer (200)
[2017.11.28-03.20.37:916][541]LogModuleManager: Shutting down and abandoning module WorkspaceMenuStructure (199)
[2017.11.28-03.20.37:916][541]LogModuleManager: Shutting down and abandoning module UMG (196)
[2017.11.28-03.20.37:916][541]LogModuleManager: Shutting down and abandoning module UMGEditor (195)
[2017.11.28-03.20.37:916][541]LogModuleManager: Shutting down and abandoning module Sequencer (194)
[2017.11.28-03.20.37:916][541]LogModuleManager: Shutting down and abandoning module MessageLog (191)
[2017.11.28-03.20.37:916][541]LogModuleManager: Shutting down and abandoning module SlateReflector (186)
[2017.11.28-03.20.37:916][541]LogModuleManager: Shutting down and abandoning module Slate (184)
[2017.11.28-03.20.37:916][541]LogModuleManager: Shutting down and abandoning module EditorStyle (182)
[2017.11.28-03.20.37:923][541]LogModuleManager: Shutting down and abandoning module MRMesh (180)
[2017.11.28-03.20.37:923][541]LogModuleManager: Shutting down and abandoning module SourceCodeAccess (178)
[2017.11.28-03.20.37:923][541]LogModuleManager: Shutting down and abandoning module HeadMountedDisplay (176)
[2017.11.28-03.20.37:923][541]LogModuleManager: Shutting down and abandoning module XAudio2 (174)
[2017.11.28-03.20.37:923][541]LogModuleManager: Shutting down and abandoning module Networking (172)
[2017.11.28-03.20.37:923][541]LogModuleManager: Shutting down and abandoning module Core (168)
[2017.11.28-03.20.37:923][541]LogModuleManager: Shutting down and abandoning module KismetCompiler (164)
[2017.11.28-03.20.37:923][541]LogModuleManager: Shutting down and abandoning module LevelSequence (162)
[2017.11.28-03.20.37:923][541]LogModuleManager: Shutting down and abandoning module MeshUtilities (160)
[2017.11.28-03.20.37:923][541]LogModuleManager: Shutting down and abandoning module MeshMergeUtilities (159)
[2017.11.28-03.20.37:923][541]LogModuleManager: Shutting down and abandoning module MeshReductionInterface (158)
[2017.11.28-03.20.37:923][541]LogModuleManager: Shutting down and abandoning module SimplygonSwarm (157)
[2017.11.28-03.20.37:923][541]LogModuleManager: Shutting down and abandoning module SimplygonMeshReduction (155)
[2017.11.28-03.20.37:923][541]LogModuleManager: Shutting down and abandoning module QuadricMeshReduction (153)
[2017.11.28-03.20.37:923][541]LogModuleManager: Shutting down and abandoning module MaterialBaking (149)
[2017.11.28-03.20.37:923][541]LogModuleManager: Shutting down and abandoning module DirectoryWatcher (146)
[2017.11.28-03.20.37:938][541]LogModuleManager: Shutting down and abandoning module DerivedDataCache (144)
[2017.11.28-03.20.38:012][541]LogDerivedDataCache: Shutdown
[2017.11.28-03.20.38:013][541]LogModuleManager: Shutting down and abandoning module TargetPlatform (142)
[2017.11.28-03.20.38:013][541]LogModuleManager: Shutting down and abandoning module VulkanShaderFormat (141)
[2017.11.28-03.20.38:013][541]LogModuleManager: Shutting down and abandoning module ShaderFormatVectorVM (139)
[2017.11.28-03.20.38:013][541]LogModuleManager: Shutting down and abandoning module ShaderFormatOpenGL (137)
[2017.11.28-03.20.38:013][541]LogModuleManager: Shutting down and abandoning module ShaderFormatD3D (135)
[2017.11.28-03.20.38:013][541]LogModuleManager: Shutting down and abandoning module MetalShaderFormat (133)
[2017.11.28-03.20.38:013][541]LogModuleManager: Shutting down and abandoning module TextureFormatUncompressed (131)
[2017.11.28-03.20.38:014][541]LogModuleManager: Shutting down and abandoning module TextureFormatPVR (129)
[2017.11.28-03.20.38:014][541]LogModuleManager: Shutting down and abandoning module TextureFormatDXT (127)
[2017.11.28-03.20.38:014][541]LogModuleManager: Shutting down and abandoning module TextureFormatIntelISPCTexComp (125)
[2017.11.28-03.20.38:014][541]LogModuleManager: Shutting down and abandoning module TextureFormatASTC (123)
[2017.11.28-03.20.38:014][541]LogModuleManager: Shutting down and abandoning module ImageWrapper (122)
[2017.11.28-03.20.38:014][541]LogModuleManager: Shutting down and abandoning module TextureFormatAndroid (119)
[2017.11.28-03.20.38:014][541]LogModuleManager: Shutting down and abandoning module AudioFormatOpus (117)
[2017.11.28-03.20.38:014][541]LogModuleManager: Shutting down and abandoning module AudioFormatOgg (115)
[2017.11.28-03.20.38:015][541]LogModuleManager: Shutting down and abandoning module AudioFormatADPCM (113)
[2017.11.28-03.20.38:015][541]LogModuleManager: Shutting down and abandoning module LinuxTargetPlatform (111)
[2017.11.28-03.20.38:015][541]LogModuleManager: Shutting down and abandoning module LinuxServerTargetPlatform (109)
[2017.11.28-03.20.38:015][541]LogModuleManager: Shutting down and abandoning module LinuxNoEditorTargetPlatform (107)
[2017.11.28-03.20.38:015][541]LogModuleManager: Shutting down and abandoning module LinuxClientTargetPlatform (105)
[2017.11.28-03.20.38:015][541]LogModuleManager: Shutting down and abandoning module TVOSTargetPlatform (103)
[2017.11.28-03.20.38:015][541]LogModuleManager: Shutting down and abandoning module Messaging (101)
[2017.11.28-03.20.38:015][541]LogModuleManager: Shutting down and abandoning module IOSTargetPlatform (99)
[2017.11.28-03.20.38:015][541]LogModuleManager: Shutting down and abandoning module HTML5TargetPlatform (97)
[2017.11.28-03.20.38:015][541]LogModuleManager: Shutting down and abandoning module Android_PVRTCTargetPlatform (95)
[2017.11.28-03.20.38:015][541]LogModuleManager: Shutting down and abandoning module Android_MultiTargetPlatform (93)
[2017.11.28-03.20.38:015][541]LogModuleManager: Shutting down and abandoning module Android_ETC2TargetPlatform (91)
[2017.11.28-03.20.38:015][541]LogModuleManager: Shutting down and abandoning module Android_ETC1TargetPlatform (89)
[2017.11.28-03.20.38:015][541]LogModuleManager: Shutting down and abandoning module Android_DXTTargetPlatform (87)
[2017.11.28-03.20.38:016][541]LogModuleManager: Shutting down and abandoning module Android_ATCTargetPlatform (85)
[2017.11.28-03.20.38:016][541]LogModuleManager: Shutting down and abandoning module Android_ASTCTargetPlatform (83)
[2017.11.28-03.20.38:016][541]LogModuleManager: Shutting down and abandoning module AndroidTargetPlatform (81)
[2017.11.28-03.20.38:016][541]LogModuleManager: Shutting down and abandoning module WindowsTargetPlatform (79)
[2017.11.28-03.20.38:016][541]LogModuleManager: Shutting down and abandoning module WindowsServerTargetPlatform (77)
[2017.11.28-03.20.38:016][541]LogModuleManager: Shutting down and abandoning module WindowsNoEditorTargetPlatform (75)
[2017.11.28-03.20.38:016][541]LogModuleManager: Shutting down and abandoning module WindowsClientTargetPlatform (73)
[2017.11.28-03.20.38:016][541]LogModuleManager: Shutting down and abandoning module MacTargetPlatform (71)
[2017.11.28-03.20.38:016][541]LogModuleManager: Shutting down and abandoning module MacServerTargetPlatform (69)
[2017.11.28-03.20.38:016][541]LogModuleManager: Shutting down and abandoning module MacNoEditorTargetPlatform (67)
[2017.11.28-03.20.38:016][541]LogModuleManager: Shutting down and abandoning module MacClientTargetPlatform (65)
[2017.11.28-03.20.38:016][541]LogModuleManager: Shutting down and abandoning module AllDesktopTargetPlatform (63)
[2017.11.28-03.20.38:016][541]LogModuleManager: Shutting down and abandoning module InputCore (60)
[2017.11.28-03.20.38:016][541]LogModuleManager: Shutting down and abandoning module Settings (58)
[2017.11.28-03.20.38:016][541]LogModuleManager: Shutting down and abandoning module PhysXCooking (56)
[2017.11.28-03.20.38:016][541]LogModuleManager: Shutting down and abandoning module SteamVR (54)
[2017.11.28-03.20.38:016][541]LogModuleManager: Shutting down and abandoning module OculusHMD (52)
[2017.11.28-03.20.38:016][541]LogModuleManager: Shutting down and abandoning module ExampleDeviceProfileSelector (50)
[2017.11.28-03.20.38:016][541]LogModuleManager: Shutting down and abandoning module OnlineBlueprintSupport (48)
[2017.11.28-03.20.38:016][541]LogModuleManager: Shutting down and abandoning module OnlineSubsystem (44)
[2017.11.28-03.20.38:016][541]LogOnline: Display: Unloading online subsystem: NULL
[2017.11.28-03.20.38:016][541]LogModuleManager: Shutting down and abandoning module XMPP (43)
[2017.11.28-03.20.38:016][541]LogModuleManager: Shutting down and abandoning module HTTP (41)
[2017.11.28-03.20.38:016][541]LogHttp: Display: Http module shutting down, but needs to wait on 1 outstanding Http requests:
[2017.11.28-03.20.38:016][541]LogHttp: Display: 	verb=[POST] url=[https://datarouter.ol.epicgames.com/datarouter/api/v1/public/data?SessionID=%7BA2FA32D3-4E2E-6E8C-C989-0081D4804144%7D&AppID=UEEditor.Rocket.Release&AppVersion=4.17.2-3658906%2B%2B%2BUE4%2BRelease-4.17&UserID=72cfea6e44b42f5b1d6eb2a23395115f%7C25d049517c7e4b93a7a244a8e1a99ecc%7Cc6a959c1-ab55-4726-b36f-abe17059bbd2&AppEnvironment=datacollector-binary&UploadType=eteventstream] status=Processing
[2017.11.28-03.20.38:053][541]LogModuleManager: Shutting down and abandoning module SSL (40)
[2017.11.28-03.20.38:056][541]LogModuleManager: Shutting down and abandoning module AnimationModifiers (36)
[2017.11.28-03.20.38:075][541]LogModuleManager: Shutting down and abandoning module PropertyEditor (35)
[2017.11.28-03.20.38:076][541]LogModuleManager: Shutting down and abandoning module AudioEditor (32)
[2017.11.28-03.20.38:076][541]LogModuleManager: Shutting down and abandoning module TextureCompressor (30)
[2017.11.28-03.20.38:076][541]LogModuleManager: Shutting down and abandoning module ShaderCore (28)
[2017.11.28-03.20.38:076][541]LogModuleManager: Shutting down and abandoning module Landscape (26)
[2017.11.28-03.20.38:076][541]LogModuleManager: Shutting down and abandoning module SlateRHIRenderer (24)
[2017.11.28-03.20.38:084][541]LogModuleManager: Shutting down and abandoning module OpenGLDrv (22)
[2017.11.28-03.20.38:084][541]LogModuleManager: Shutting down and abandoning module D3D11RHI (20)
[2017.11.28-03.20.38:084][541]LogModuleManager: Shutting down and abandoning module AnimGraphRuntime (18)
[2017.11.28-03.20.38:084][541]LogModuleManager: Shutting down and abandoning module Renderer (16)
[2017.11.28-03.20.38:084][541]LogModuleManager: Shutting down and abandoning module Engine (14)
[2017.11.28-03.20.38:084][541]LogModuleManager: Shutting down and abandoning module CoreUObject (12)
[2017.11.28-03.20.38:084][541]LogModuleManager: Shutting down and abandoning module NetworkFile (10)
[2017.11.28-03.20.38:084][541]LogModuleManager: Shutting down and abandoning module CookedIterativeFile (8)
[2017.11.28-03.20.38:084][541]LogModuleManager: Shutting down and abandoning module StreamingFile (6)
[2017.11.28-03.20.38:084][541]LogModuleManager: Shutting down and abandoning module SandboxFile (4)
[2017.11.28-03.20.38:084][541]LogModuleManager: Shutting down and abandoning module PakFile (2)
[2017.11.28-03.20.38:088][541]LogExit: Exiting.
[2017.11.28-03.20.38:128][541]Log file closed, 11/27/17 20:20:38
